Log file open, 03/24/17 16:49:41
LogInit:Display: Running engine for game: nonamed
LogPlatformFile: Not using cached read wrapper
LogInit:Display: RandInit(213493026) SRandInit(213493026).
LogTaskGraph: Started task graph with 5 named threads and 8 total threads with 1 sets of task threads.
LogStats: Stats thread started at 0.071265
LogInit: Using libcurl 7.47.1
LogInit:  - built for x86_64-pc-win32
LogInit:  - supports SSL with OpenSSL/1.0.2g
LogInit:  - supports HTTP deflate (compression) using libz 1.2.8
LogInit:  - other features:
LogInit:      CURL_VERSION_SSL
LogInit:      CURL_VERSION_LIBZ
LogInit:      CURL_VERSION_IPV6
LogInit:      CURL_VERSION_ASYNCHDNS
LogInit:      CURL_VERSION_LARGEFILE
LogInit:      CURL_VERSION_IDN
LogInit:  CurlRequestOptions (configurable via config and command line):
LogInit:  - bVerifyPeer = false  - Libcurl will NOT verify peer certificate
LogInit:  - bUseHttpProxy = false  - Libcurl will NOT use HTTP proxy
LogInit:  - bDontReuseConnections = false  - Libcurl will reuse connections
LogInit:  - CertBundlePath = nullptr  - Libcurl will use whatever was configured at build time.
OCULUS: Info: [CAPI] LibOVR module is located at C:\Program Files\Oculus\Support\oculus-runtime\LibOVRRT64_1.dll
OCULUS: Debug: Connected to the server running version (prod = 1).1.12.0(build = 347531) feature version = 0. Client runs version (prod = 1).1.12.0(build = 347531) feature version = 0
OCULUS: Debug: [HMDState] Using default profile default
OCULUS: Info: IAD changed to 64.8mm
OCULUS: Debug: [SharedMemory] Creating factory
LogHMD: GearVR: Emulating GearVR using Oculus Rift!
LogInit: Build: ++UE4+Release-4.15-CL-3348071
LogInit: Engine Version: 4.15.1-3348071+++UE4+Release-4.15
LogInit: Compatible Engine Version: 4.15.0-3299760+++UE4+Release-4.15
LogInit: Net CL: 3299760
LogDevObjectVersion: Number of dev versions registered: 14
LogDevObjectVersion:   Dev-Blueprints (B0D832E4-1F89-4F0D-ACCF-7EB736FD4AA2): 8
LogDevObjectVersion:   Dev-Build (E1C64328-A22C-4D53-A36C-8E866417BD8C): 0
LogDevObjectVersion:   Dev-Core (375EC13C-06E4-48FB-B500-84F0262A717E): 2
LogDevObjectVersion:   Dev-Editor (E4B068ED-F494-42E9-A231-DA0B2E46BB41): 14
LogDevObjectVersion:   Dev-Framework (CFFC743F-43B0-4480-9391-14DF171D2073): 22
LogDevObjectVersion:   Dev-Mobile (B02B49B5-BB20-44E9-A304-32B752E40360): 0
LogDevObjectVersion:   Dev-Networking (A4E4105C-59A1-49B5-A7C5-40C4547EDFEE): 0
LogDevObjectVersion:   Dev-Online (39C831C9-5AE6-47DC-9A44-9C173E1C8E7C): 0
LogDevObjectVersion:   Dev-Physics (78F01B33-EBEA-4F98-B9B4-84EACCB95AA2): 0
LogDevObjectVersion:   Dev-Platform (6631380F-2D4D-43E0-8009-CF276956A95A): 0
LogDevObjectVersion:   Dev-Rendering (12F88B9F-8875-4AFC-A67C-D90C383ABD29): 12
LogDevObjectVersion:   Dev-Sequencer (7B5AE74C-D270-4C10-A958-57980B212A5A): 3
LogDevObjectVersion:   Dev-VR (D7296918-1DD6-4BDD-9DE2-64A83CC13884): 0
LogDevObjectVersion:   Dev-LoadTimes (C2A15278-BFE7-4AFE-6C17-90FF531DF755): 1
LogInit: Compiled (64-bit): Mar 15 2017 16:52:47
LogInit: Compiled with Visual C++: 19.00.23026.00
LogInit: Build Configuration: Development
LogInit: Branch Name: ++UE4+Release-4.15
LogInit: Command line: -EpicPortal 
LogInit: Base directory: C:/Program Files/Epic Games/UE_4.15/Engine/Binaries/Win64/
LogInit: Installed Engine Build: 1
LogInit: Presizing for max 8388607 objects, including 0 objects not considered by GC, pre-allocating 0 bytes for permanent pool.
LogInit: Object subsystem initialized
[2017.03.24-07.49.42:703][  0]LogInit: Selected Device Profile: [Windows]
[2017.03.24-07.49.42:703][  0]LogInit: Applying CVar settings loaded from the selected device profile: [Windows]
[2017.03.24-07.49.42:711][  0]LogInit: Computer: DESKTOP-HM7CSNG
[2017.03.24-07.49.42:711][  0]LogInit: User: thtjd
[2017.03.24-07.49.42:711][  0]LogInit: CPU Page size=65536, Cores=4
[2017.03.24-07.49.42:711][  0]LogInit: High frequency timer resolution =3.328128 MHz
[2017.03.24-07.49.42:711][  0]LogMemory: Memory total: Physical=31.9GB (32GB approx)
[2017.03.24-07.49.42:711][  0]LogMemory: Platform Memory Stats for Windows
[2017.03.24-07.49.42:711][  0]LogMemory: Process Physical Memory: 269.79 MB used, 269.79 MB peak
[2017.03.24-07.49.42:711][  0]LogMemory: Process Virtual Memory: 265.45 MB used, 265.45 MB peak
[2017.03.24-07.49.42:711][  0]LogMemory: Physical Memory: 11183.78 MB used,  21518.93 MB free, 32702.71 MB total
[2017.03.24-07.49.42:711][  0]LogMemory: Virtual Memory: 680.35 MB used,  21518.93 MB free, 134217728.00 MB total
[2017.03.24-07.49.42:775][  0]LogInit: Overriding culture en with editor configuration.
[2017.03.24-07.49.43:347][  0]LogD3D11RHI: D3D11 adapters:
[2017.03.24-07.49.43:851][  0]LogD3D11RHI:    0. 'NVIDIA GeForce GTX 1070' (Feature Level 11_0)
[2017.03.24-07.49.43:851][  0]LogD3D11RHI:       8119/0/16351 MB DedicatedVideo/DedicatedSystem/SharedSystem, Outputs:2, VendorId:0x10de
[2017.03.24-07.49.43:852][  0]LogD3D11RHI:    1. 'Microsoft Basic Render Driver' (Feature Level 11_0)
[2017.03.24-07.49.43:852][  0]LogD3D11RHI:       0/0/16351 MB DedicatedVideo/DedicatedSystem/SharedSystem, Outputs:0, VendorId:0x1414
[2017.03.24-07.49.43:852][  0]LogD3D11RHI: Chosen D3D11 Adapter: 0
[2017.03.24-07.49.43:855][  0]LogD3D11RHI: Creating new Direct3DDevice
[2017.03.24-07.49.43:855][  0]LogD3D11RHI:     GPU DeviceId: 0x1b81 (for the marketing name, search the web for "GPU Device Id")
[2017.03.24-07.49.43:855][  0]LogWindows: EnumDisplayDevices:
[2017.03.24-07.49.43:855][  0]LogWindows:    0. 'NVIDIA GeForce GTX 1070' (P:0 D:1)
[2017.03.24-07.49.43:855][  0]LogWindows:    1. 'NVIDIA GeForce GTX 1070' (P:1 D:1)
[2017.03.24-07.49.43:856][  0]LogWindows:    2. 'NVIDIA GeForce GTX 1070' (P:0 D:0)
[2017.03.24-07.49.43:856][  0]LogWindows:    3. 'NVIDIA GeForce GTX 1070' (P:0 D:0)
[2017.03.24-07.49.43:856][  0]LogWindows: DebugString: FoundDriverCount:4 
[2017.03.24-07.49.43:856][  0]LogD3D11RHI:     Adapter Name: NVIDIA GeForce GTX 1070
[2017.03.24-07.49.43:856][  0]LogD3D11RHI:   Driver Version: 378.92 (internal:21.21.13.7892, unified:378.92)
[2017.03.24-07.49.43:856][  0]LogD3D11RHI:      Driver Date: 3-16-2017
[2017.03.24-07.49.43:856][  0]LogRHI: Texture pool is 1361 MB (70% of 1945 MB)
[2017.03.24-07.49.44:327][  0]LogD3D11RHI: Async texture creation enabled
[2017.03.24-07.49.44:351][  0]LogD3D11RHI: GPU Timing Frequency: 1000.000000 (Debug: 2 1)
[2017.03.24-07.49.44:442][  0]LogShaderCompilers: Guid format shader working directory is 2 characters bigger than the processId version (D:/UnrealProjects/PrototypingBackupp/nonamed/Intermediate/Shaders/WorkingDirectory/6416/).
[2017.03.24-07.49.44:443][  0]LogShaderCompilers: Cleaned the shader compiler working directory 'C:/Users/thtjd/AppData/Local/Temp/UnrealShaderWorkingDir/48DE09EF4028A92552822AB2C44F4F4F/'.
[2017.03.24-07.49.44:443][  0]LogShaderCompilers:Display: Using Local Shader Compiler.
[2017.03.24-07.49.45:328][  0]LogTemp:Display: Loaded TP AllDesktopTargetPlatform
[2017.03.24-07.49.45:378][  0]LogTemp:Display: Loaded TP MacClientTargetPlatform
[2017.03.24-07.49.45:426][  0]LogTemp:Display: Loaded TP MacNoEditorTargetPlatform
[2017.03.24-07.49.45:472][  0]LogTemp:Display: Loaded TP MacServerTargetPlatform
[2017.03.24-07.49.45:519][  0]LogTemp:Display: Loaded TP MacTargetPlatform
[2017.03.24-07.49.45:565][  0]LogTemp:Display: Loaded TP WindowsClientTargetPlatform
[2017.03.24-07.49.45:611][  0]LogTemp:Display: Loaded TP WindowsNoEditorTargetPlatform
[2017.03.24-07.49.45:657][  0]LogTemp:Display: Loaded TP WindowsServerTargetPlatform
[2017.03.24-07.49.45:695][  0]LogTemp:Display: Loaded TP WindowsTargetPlatform
[2017.03.24-07.49.45:740][  0]LogTemp:Display: Loaded TP AndroidTargetPlatform
[2017.03.24-07.49.45:785][  0]LogTemp:Display: Loaded TP Android_ASTCTargetPlatform
[2017.03.24-07.49.45:829][  0]LogTemp:Display: Loaded TP Android_ATCTargetPlatform
[2017.03.24-07.49.45:874][  0]LogTemp:Display: Loaded TP Android_DXTTargetPlatform
[2017.03.24-07.49.45:918][  0]LogTemp:Display: Loaded TP Android_ETC1TargetPlatform
[2017.03.24-07.49.45:962][  0]LogTemp:Display: Loaded TP Android_ETC2TargetPlatform
[2017.03.24-07.49.46:052][  0]LogTemp:Display: Loaded TP Android_MultiTargetPlatform
[2017.03.24-07.49.46:052][  0]LogTemp:Display: Loaded TP Android_PVRTCTargetPlatform
[2017.03.24-07.49.46:084][  0]LogTemp:Display: Loaded TP HTML5TargetPlatform
[2017.03.24-07.49.46:167][  0]LogTemp:Display: Loaded TP IOSTargetPlatform
[2017.03.24-07.49.46:197][  0]LogTemp:Display: Loaded TP TVOSTargetPlatform
[2017.03.24-07.49.46:241][  0]LogTemp:Display: Loaded TP LinuxClientTargetPlatform
[2017.03.24-07.49.46:286][  0]LogTemp:Display: Loaded TP LinuxNoEditorTargetPlatform
[2017.03.24-07.49.46:331][  0]LogTemp:Display: Loaded TP LinuxServerTargetPlatform
[2017.03.24-07.49.46:376][  0]LogTemp:Display: Loaded TP LinuxTargetPlatform
[2017.03.24-07.49.46:376][  0]LogTargetPlatformManager:Display: Building Assets For Windows
[2017.03.24-07.49.46:761][  0]LogDerivedDataCache:Display: Max Cache Size: 512 MB
[2017.03.24-07.49.46:804][  0]LogDerivedDataCache: Loaded boot cache 0.04s 50MB C:/Users/thtjd/AppData/Local/UnrealEngine/4.15/DerivedDataCache/Boot.ddc.
[2017.03.24-07.49.46:804][  0]LogDerivedDataCache:Display: Loaded Boot cache: C:/Users/thtjd/AppData/Local/UnrealEngine/4.15/DerivedDataCache/Boot.ddc
[2017.03.24-07.49.46:805][  0]LogDerivedDataCache: FDerivedDataBackendGraph:  Pak pak cache file D:/UnrealProjects/PrototypingBackupp/nonamed/DerivedDataCache/DDC.ddp not found, will not use a pak cache.
[2017.03.24-07.49.46:805][  0]LogDerivedDataCache: Unable to find inner node Pak for hierarchical cache Hierarchy.
[2017.03.24-07.49.46:805][  0]LogDerivedDataCache: FDerivedDataBackendGraph:  CompressedPak pak cache file D:/UnrealProjects/PrototypingBackupp/nonamed/DerivedDataCache/Compressed.ddp not found, will not use a pak cache.
[2017.03.24-07.49.46:805][  0]LogDerivedDataCache: Unable to find inner node CompressedPak for hierarchical cache Hierarchy.
[2017.03.24-07.49.46:820][  0]LogDerivedDataCache:Display: Pak cache opened for reading ../../../Engine/DerivedDataCache/Compressed.ddp.
[2017.03.24-07.49.46:832][  0]LogDerivedDataCache: Using Local data cache path C:/Users/thtjd/AppData/Local/UnrealEngine/Common/DerivedDataCache: Writable
[2017.03.24-07.49.46:840][  0]LogSlate: Using Freetype 2.6.0
[2017.03.24-07.49.46:840][  0]LogSlate: SlateFontCache - WITH_FREETYPE: 1, WITH_HARFBUZZ: 1
[2017.03.24-07.49.46:840][  0]LogSlate: SlateFontCache - WITH_FREETYPE: 1, WITH_HARFBUZZ: 1
[2017.03.24-07.49.47:062][  0]LogInit: Selected Device Profile: [Windows]
[2017.03.24-07.49.47:064][  0]LogContentStreaming: Texture pool size is 0.00 MB
[2017.03.24-07.49.47:243][  0]LogMeshUtilities: Using QuadricMeshReduction for automatic static mesh reduction
[2017.03.24-07.49.47:281][  0]LogSimplygon: Simplygon DLL not present - disabling.
[2017.03.24-07.49.47:320][  0]LogMeshUtilities: Using SimplygonSwarm for distributed automatic mesh merging
[2017.03.24-07.49.47:320][  0]LogMeshUtilities: No automatic skeletal mesh reduction module available
[2017.03.24-07.49.47:320][  0]LogMeshUtilities: No automatic mesh merging module available
[2017.03.24-07.49.47:786][  0]LogNetVersion: GetLocalNetworkVersion: CL: 3299760, ProjectName: nonamed, ProjectVersion: , EngineNetworkVersion: 2, GameNetworkVersion: 0, NetworkChecksum: 1112449053
[2017.03.24-07.49.47:828][  0]LogAssetRegistry: FAssetRegistry took 0.0219 seconds to start up
[2017.03.24-07.49.47:855][  0]LogPackageLocalizationCache: Processed 3 localized package path(s) for 1 prioritized culture(s) in 0.009129 seconds
[2017.03.24-07.49.47:860][  0]LogUObjectArray: 32493 objects as part of root set at end of initial load.
[2017.03.24-07.49.47:860][  0]LogUObjectAllocator: 7077032 out of 0 bytes used by permanent object pool.
[2017.03.24-07.49.47:860][  0]LogUObjectArray: CloseDisregardForGC: 0/0 objects in disregard for GC pool
[2017.03.24-07.49.47:914][  0]LogInit: WinSock: version 1.1 (2.2), MaxSocks=32767, MaxUdp=65467
[2017.03.24-07.49.49:259][  0]LogTcpMessaging: Initializing TcpMessaging bridge
[2017.03.24-07.49.49:292][  0]LogUdpMessaging: Initializing bridge on interface 0.0.0.0:0 to multicast group 230.0.0.1:6666.
[2017.03.24-07.49.49:672][  0]LogMaterial: Uniform references updated for custom material expression Custom.
[2017.03.24-07.49.49:991][  0]SourceControl: Info Source control is disabled
[2017.03.24-07.49.49:992][  0]SourceControl: Info Source control is disabled
[2017.03.24-07.49.50:032][  0]SourceControl: Info Source control is disabled
[2017.03.24-07.49.50:071][  0]SourceControl: Info Source control is disabled
[2017.03.24-07.49.51:136][  0]LogEngine: Initializing Engine...
[2017.03.24-07.49.51:136][  0]LogHMD: Oculus plugin initialized. Version: 4.15.1-3348071+++UE4+Release-4.15, LibOVR: 1.12.0, SDK: 1.10.0, built Mar 15 2017, 16:59:09
[2017.03.24-07.49.51:268][  0]OCULUS: Debug: [HMDState] Using default profile default
[2017.03.24-07.49.51:268][  0]OCULUS: Info: IAD changed to 64.8mm
[2017.03.24-07.49.51:375][  0]LogAIModule: Creating AISystem for world Untitled
[2017.03.24-07.49.51:390][  0]LogInit: XAudio2 using '스피커(Realtek High Definition Audio)' : 2 channels at 48 kHz using 32 bits per sample (channel mask 0x3)
[2017.03.24-07.49.51:402][  0]LogInit: FAudioDevice initialized.
[2017.03.24-07.49.51:424][  0]LogDerivedDataCache: Saved boot cache 0.02s 50MB C:/Users/thtjd/AppData/Local/UnrealEngine/4.15/DerivedDataCache/Boot.ddc.
[2017.03.24-07.49.51:430][  0]LogInit: Texture streaming: Enabled
[2017.03.24-07.49.51:512][  0]LogEngineSessionManager: EngineSessionManager initialized
[2017.03.24-07.49.51:588][  0]LogInit: Transaction tracking system initialized
[2017.03.24-07.49.51:879][  0]BlueprintLog: New page: Editor Load
[2017.03.24-07.49.52:681][  0]LocalizationService: Info Localization service is disabled
[2017.03.24-07.49.53:238][  0]LogConsoleResponse:Display: 
[2017.03.24-07.49.53:356][  0]LogCook:Display: Max memory allowance for cook 16384mb min free memory 0mb
[2017.03.24-07.49.53:356][  0]LogCook:Display: Mobile HDR setting 1
[2017.03.24-07.49.53:378][  0]LogFileCache: Scanning file cache for directory 'D:/UnrealProjects/PrototypingBackupp/nonamed/Content/' took 0.01s
[2017.03.24-07.49.54:230][  0]SourceControl: Info Source control is disabled
[2017.03.24-07.49.54:230][  0]Cmd: MAP LOAD FILE="../../../Engine/Content/Maps/Templates/Template_Default.umap" TEMPLATE=1 SHOWPROGRESS=1 FEATURELEVEL=3
[2017.03.24-07.49.54:230][  0]LightingResults: New page: Lighting Build
[2017.03.24-07.49.54:264][  0]MapCheck: New page: Map Check
[2017.03.24-07.49.54:264][  0]LightingResults: New page: Lighting Build
[2017.03.24-07.49.54:434][  0]LogAIModule: Creating AISystem for world Untitled_1
[2017.03.24-07.49.54:450][  0]LogActorComponent: RegisterComponentWithWorld: (/Temp/Untitled_1.Untitled_1:PersistentLevel.WorldSettings_1.StaticMeshComponent0) Trying to register component with IsPendingKill() == true. Aborting.
[2017.03.24-07.49.54:453][  0]LogEditorServer: Finished looking for orphan Actors (0.000 secs)
[2017.03.24-07.49.54:456][  0]Cmd: MAP CHECKDEP NOCLEARLOG
[2017.03.24-07.49.54:489][  0]MapCheck: Info Map check complete: 0 Error(s), 0 Warning(s), took 32.326ms to complete.
[2017.03.24-07.49.54:489][  0]LogFileHelpers: Loading map 'Template_Default' took 0.259
[2017.03.24-07.49.54:566][  0]LogWindowsTextInputMethodSystem:Display: IME system now activated using TSF (Microsoft 입력기).
[2017.03.24-07.49.54:674][  0]LogCollectionManager: Loaded 0 collections in 0.001187 seconds
[2017.03.24-07.49.54:753][  0]LogFileCache: Scanning file cache for directory 'D:/UnrealProjects/PrototypingBackupp/nonamed/Saved/Collections/' took 0.01s
[2017.03.24-07.49.54:753][  0]LogFileCache: Scanning file cache for directory 'D:/UnrealProjects/PrototypingBackupp/nonamed/Content/Developers/thtjd/Collections/' took 0.01s
[2017.03.24-07.49.54:754][  0]LogFileCache: Scanning file cache for directory 'D:/UnrealProjects/PrototypingBackupp/nonamed/Content/Collections/' took 0.01s
[2017.03.24-07.49.54:754][  0]LogCollectionManager: Rebuilt the GUID cache for 0 collections in 0.000002 seconds
[2017.03.24-07.49.54:761][  0]LogContentBrowser: Native class hierarchy populated in 0.0074 seconds. Added 2245 classes and 453 folders.
[2017.03.24-07.49.54:765][  0]LogStats: UGameplayTagsManager::ConstructGameplayTagTree: Construct from data asset -  0.000 s
[2017.03.24-07.49.54:765][  0]LogStats: UGameplayTagsManager::ConstructGameplayTagTree: GameplayTagTreeChangedEvent.Broadcast -  0.000 s
[2017.03.24-07.49.54:813][  0]LogContentBrowser: Native class hierarchy updated for 'WidgetCarousel' in 0.0004 seconds. Added 0 classes and 0 folders.
[2017.03.24-07.49.54:839][  0]LogContentBrowser: Native class hierarchy updated for 'AddContentDialog' in 0.0004 seconds. Added 0 classes and 0 folders.
[2017.03.24-07.49.54:892][  0]LogContentBrowser: Native class hierarchy updated for 'SceneOutliner' in 0.0004 seconds. Added 1 classes and 2 folders.
[2017.03.24-07.49.54:984][  0]LogCrashTracker: Crashtracker disabled due to settings.
[2017.03.24-07.49.54:989][  0]LogUObjectGlobals:Warning: Failed to find object 'Class None.'
[2017.03.24-07.49.55:046][  0]LogContentBrowser: Native class hierarchy updated for 'HierarchicalLODOutliner' in 0.0004 seconds. Added 1 classes and 2 folders.
[2017.03.24-07.49.55:046][  0]LogLoad: (Engine Initialization) Total time: 13.89 seconds
[2017.03.24-07.49.55:046][  0]LogLoad: (Engine Initialization) Total Blueprint compile time: 0.07 seconds
[2017.03.24-07.49.55:046][  0]LogExternalProfiler: Found external profiler: VSPerf
[2017.03.24-07.49.55:046][  0]LogExternalProfiler: Using external profiler: VSPerf
[2017.03.24-07.49.55:057][  0]LogOcInput: OculusInput pre-init called
[2017.03.24-07.49.55:067][  0]LogOcInput: OculusInput is initialized. Init status 0. Runtime version: 1.12.0
[2017.03.24-07.49.55:089][  0]LogContentStreaming: Texture pool size now 1000 MB
[2017.03.24-07.49.55:090][  0]LogSlate: Took 0.000157 seconds to synchronously load lazily loaded font '../../../Engine/Content/Slate/Fonts/Roboto-Regular.ttf' (155K)
[2017.03.24-07.49.55:093][  0]LogSlate: Took 0.000249 seconds to synchronously load lazily loaded font '../../../Engine/Content/Slate/Fonts/Roboto-Bold.ttf' (160K)
[2017.03.24-07.49.55:097][  0]LogSlate: Took 0.000172 seconds to synchronously load lazily loaded font '../../../Engine/Content/Editor/Slate/Fonts/FontAwesome.ttf' (139K)
[2017.03.24-07.49.55:099][  0]LogSlate: Took 0.000158 seconds to synchronously load lazily loaded font '../../../Engine/Content/Editor/Slate/Fonts/DroidSansMono.ttf' (77K)
[2017.03.24-07.49.55:110][  0]LogSlate: Took 0.002051 seconds to synchronously load lazily loaded font '../../../Engine/Content/Slate/Fonts/DroidSansFallback.ttf' (3848K)
[2017.03.24-07.49.55:216][  0]LogSlate: Took 0.000175 seconds to synchronously load lazily loaded font '../../../Engine/Content/Slate/Fonts/Roboto-Light.ttf' (159K)
[2017.03.24-07.49.55:312][  0]LogRenderer: Reallocating scene render targets to support 1208x576 NumSamples 1 (Frame:2).
[2017.03.24-07.49.55:345][  1]LogAssetRegistry: Asset discovery search completed in 7.5389 seconds
[2017.03.24-07.49.55:345][  1]LogCollectionManager: Rebuilt the object cache for 0 collections in 0.000006 seconds (found 0 objects)
[2017.03.24-07.49.55:345][  1]LogCollectionManager: Fixed up redirectors for 0 collections in 0.000118 seconds (updated 0 objects)
[2017.03.24-07.49.56:663][  5]LogSlate: Took 0.000227 seconds to synchronously load lazily loaded font '../../../Engine/Content/Slate/Fonts/Roboto-Light.ttf' (159K)
[2017.03.24-07.49.59:990][ 15]LogEditorViewport: Clicking on Actor (context menu): StaticMeshActor (Floor)
[2017.03.24-07.50.03:080][248]LogLinker:Warning: Can't find file '/Engine/EditorSounds/GamePreview/S_BasicAttackSound'
[2017.03.24-07.50.03:080][248]LogLinker:Warning: Can't find file for asset '/Engine/EditorSounds/GamePreview/S_BasicAttackSound' while loading D:/UnrealProjects/PrototypingBackupp/nonamed/Content/Widget/W_BattleResult.uasset.
[2017.03.24-07.50.03:080][248]LoadErrors:Error: Error /Game/Widget/W_BattleResult : Can't find file for asset. /Engine/EditorSounds/GamePreview/S_BasicAttackSound
[2017.03.24-07.50.03:099][248]LogLinker:Warning: Can't find file '/Engine/EditorSounds/GamePreview/S_BasicAttackSound'
[2017.03.24-07.50.03:099][248]LogLinker:Warning: Can't find file for asset '/Engine/EditorSounds/GamePreview/S_BasicAttackSound' while loading D:/UnrealProjects/PrototypingBackupp/nonamed/Content/Widget/W_BattleResult.uasset.
[2017.03.24-07.50.03:137][248]LogLinker:Warning: Can't find file '/Engine/EditorSounds/GamePreview/S_BasicAttackSound'
[2017.03.24-07.50.03:137][248]LogLinker:Warning: Can't find file for asset '/Engine/EditorSounds/GamePreview/S_BasicAttackSound' while loading D:/UnrealProjects/PrototypingBackupp/nonamed/Content/Battle_Zone_Blueprint.uasset.
[2017.03.24-07.50.03:137][248]LoadErrors:Error: Error /Game/Battle_Zone_Blueprint : Can't find file for asset. /Engine/EditorSounds/GamePreview/S_BasicAttackSound
[2017.03.24-07.50.03:138][248]LogLinker:Warning: Can't find file '/Engine/EditorSounds/GamePreview/S_BasicAttackSound'
[2017.03.24-07.50.03:138][248]LogLinker:Warning: Can't find file for asset '/Engine/EditorSounds/GamePreview/S_BasicAttackSound' while loading D:/UnrealProjects/PrototypingBackupp/nonamed/Content/Battle_Zone_Blueprint.uasset.
[2017.03.24-07.50.03:138][248]LogLinker:Warning: Can't find file '/Engine/EditorSounds/GamePreview/S_BasicAttackSound'
[2017.03.24-07.50.03:139][248]LoadErrors: Info Failed to load /Engine/EditorSounds/GamePreview/S_BasicAttackSound.S_BasicAttackSound Referenced by K2Node_CallFunction_154
[2017.03.24-07.50.03:139][248]LogLinker:Warning: Can't find file for asset '/Engine/EditorSounds/GamePreview/S_BasicAttackSound' while loading D:/UnrealProjects/PrototypingBackupp/nonamed/Content/Battle_Zone_Blueprint.uasset.
[2017.03.24-07.50.03:301][248]LogLinker:Warning: Can't find file '/Engine/EditorSounds/GamePreview/S_BasicAttackSound'
[2017.03.24-07.50.03:301][248]LogLinker:Warning: Can't find file for asset '/Engine/EditorSounds/GamePreview/S_BasicAttackSound' while loading D:/UnrealProjects/PrototypingBackupp/nonamed/Content/Blueprint/Projectile/Pr_Arrow_Blueprint.uasset.
[2017.03.24-07.50.03:301][248]LoadErrors:Error: Error /Game/Blueprint/Projectile/Pr_Arrow_Blueprint : Can't find file for asset. /Engine/EditorSounds/GamePreview/S_BasicAttackSound
[2017.03.24-07.50.03:311][248]LogLinker:Warning: Can't find file '/Engine/EditorSounds/GamePreview/S_BasicAttackSound'
[2017.03.24-07.50.03:311][248]LogLinker:Warning: Can't find file for asset '/Engine/EditorSounds/GamePreview/S_BasicAttackSound' while loading D:/UnrealProjects/PrototypingBackupp/nonamed/Content/Blueprint/Projectile/Pr_Arrow_Blueprint.uasset.
[2017.03.24-07.50.03:312][248]LogLinker:Warning: Can't find file '/Engine/EditorSounds/GamePreview/S_BasicAttackSound'
[2017.03.24-07.50.03:312][248]LogLinker:Warning: Can't find file for asset '/Engine/EditorSounds/GamePreview/S_BasicAttackSound' while loading D:/UnrealProjects/PrototypingBackupp/nonamed/Content/Blueprint/Unit/U_MiniArcher.uasset.
[2017.03.24-07.50.03:312][248]LoadErrors:Error: Error /Game/Blueprint/Unit/U_MiniArcher : Can't find file for asset. /Engine/EditorSounds/GamePreview/S_BasicAttackSound
[2017.03.24-07.50.03:313][248]LogLinker:Warning: Can't find file '/Engine/EditorSounds/GamePreview/S_BasicAttackSound'
[2017.03.24-07.50.03:313][248]LogLinker:Warning: Can't find file for asset '/Engine/EditorSounds/GamePreview/S_BasicAttackSound' while loading D:/UnrealProjects/PrototypingBackupp/nonamed/Content/Blueprint/Unit/U_MiniArcher.uasset.
[2017.03.24-07.50.03:315][248]LogLinker:Warning: Can't find file '/Engine/EditorSounds/GamePreview/S_BasicAttackSound'
[2017.03.24-07.50.03:315][248]LoadErrors: Info Failed to load /Engine/EditorSounds/GamePreview/S_BasicAttackSound.S_BasicAttackSound Referenced by K2Node_CallFunction_49
[2017.03.24-07.50.03:315][248]LogLinker:Warning: Can't find file for asset '/Engine/EditorSounds/GamePreview/S_BasicAttackSound' while loading D:/UnrealProjects/PrototypingBackupp/nonamed/Content/Blueprint/Unit/U_MiniArcher.uasset.
[2017.03.24-07.50.03:326][248]LogClass:Warning: Type mismatch in ProjectileDamage of Pr_Arrow_Blueprint_C - Previous (FloatProperty) Current(IntProperty) for package:  FObjectReader
[2017.03.24-07.50.03:328][248]LogLinker:Warning: Can't find file '/Engine/EditorSounds/GamePreview/S_ProjectileAttackSound'
[2017.03.24-07.50.03:328][248]LogLinker:Warning: Can't find file for asset '/Engine/EditorSounds/GamePreview/S_ProjectileAttackSound' while loading D:/UnrealProjects/PrototypingBackupp/nonamed/Content/Blueprint/Unit/U_MiniArcher.uasset.
[2017.03.24-07.50.03:328][248]LoadErrors:Error: Error /Game/Blueprint/Unit/U_MiniArcher : Can't find file for asset. /Engine/EditorSounds/GamePreview/S_ProjectileAttackSound
[2017.03.24-07.50.03:329][248]LogLinker:Warning: Can't find file '/Engine/EditorSounds/GamePreview/S_ProjectileAttackSound'
[2017.03.24-07.50.03:329][248]LogLinker:Warning: Can't find file for asset '/Engine/EditorSounds/GamePreview/S_ProjectileAttackSound' while loading D:/UnrealProjects/PrototypingBackupp/nonamed/Content/Blueprint/Unit/U_MiniArcher.uasset.
[2017.03.24-07.50.03:333][248]LogLinker:Warning: Can't find file '/Engine/EditorSounds/GamePreview/S_BasicAttackSound'
[2017.03.24-07.50.03:333][248]LogLinker:Warning: Can't find file for asset '/Engine/EditorSounds/GamePreview/S_BasicAttackSound' while loading D:/UnrealProjects/PrototypingBackupp/nonamed/Content/Core/MyGameBase.uasset.
[2017.03.24-07.50.03:333][248]LoadErrors:Error: Error /Game/Core/MyGameBase : Can't find file for asset. /Engine/EditorSounds/GamePreview/S_BasicAttackSound
[2017.03.24-07.50.03:334][248]LogLinker:Warning: Can't find file '/Engine/EditorSounds/GamePreview/S_BasicAttackSound'
[2017.03.24-07.50.03:334][248]LogLinker:Warning: Can't find file for asset '/Engine/EditorSounds/GamePreview/S_BasicAttackSound' while loading D:/UnrealProjects/PrototypingBackupp/nonamed/Content/Core/MyGameBase.uasset.
[2017.03.24-07.50.03:345][248]LogLinker:Warning: Can't find file '/Engine/EditorSounds/GamePreview/S_BasicAttackSound'
[2017.03.24-07.50.03:345][248]LoadErrors: Info Failed to load /Engine/EditorSounds/GamePreview/S_BasicAttackSound.S_BasicAttackSound Referenced by K2Node_CallFunction_225
[2017.03.24-07.50.03:345][248]LogLinker:Warning: Can't find file for asset '/Engine/EditorSounds/GamePreview/S_BasicAttackSound' while loading D:/UnrealProjects/PrototypingBackupp/nonamed/Content/Core/MyGameBase.uasset.
[2017.03.24-07.50.03:393][248]LogBlueprint:Warning: [Compiler Unit] Warning InputAction Event references unknown Action 'Mouse Right Button Click' for  InputAction Mouse Right Button Click
[2017.03.24-07.50.03:394][248]LogBlueprint:Warning: [Compiler Unit] Warning InputAction Event references unknown Action 'Mouse Left Button Click' for  InputAction Mouse Left Button Click
[2017.03.24-07.50.03:433][248]LogBlueprint:Warning: [Compiler Unit] Warning [0022.28] Compile of Unit successful, but with 2 Warning(s) [in 52 ms] (/Game/Blueprint/Unit/Unit.Unit)
[2017.03.24-07.50.03:437][248]LogBlueprint:Warning: [Compiler Unit] Warning [0022.28] Compile of Unit successful, but with 3 Warning(s) [in 3 ms] (/Game/Blueprint/Unit/Unit.Unit)
[2017.03.24-07.50.03:437][248]LogBlueprint:Warning: [Compiler Unit] Warning [0022.29] Compile of Unit successful, but with 4 Warning(s) [in 0 ms] (/Game/Blueprint/Unit/Unit.Unit)
[2017.03.24-07.50.03:438][248]LogLinker:Warning: Can't find file '/Engine/EditorSounds/GamePreview/S_ProjectileAttackSound'
[2017.03.24-07.50.03:439][248]LogLinker:Warning: Can't find file for asset '/Engine/EditorSounds/GamePreview/S_ProjectileAttackSound' while loading D:/UnrealProjects/PrototypingBackupp/nonamed/Content/Core/MyGameBase.uasset.
[2017.03.24-07.50.03:439][248]LoadErrors:Error: Error /Game/Core/MyGameBase : Can't find file for asset. /Engine/EditorSounds/GamePreview/S_ProjectileAttackSound
[2017.03.24-07.50.03:439][248]LogLinker:Warning: Can't find file '/Engine/EditorSounds/GamePreview/S_ProjectileAttackSound'
[2017.03.24-07.50.03:439][248]LogLinker:Warning: Can't find file for asset '/Engine/EditorSounds/GamePreview/S_ProjectileAttackSound' while loading D:/UnrealProjects/PrototypingBackupp/nonamed/Content/Core/MyGameBase.uasset.
[2017.03.24-07.50.03:441][248]LogLinker:Warning: Can't find file '/Engine/EditorSounds/GamePreview/S_ProjectileAttackSound'
[2017.03.24-07.50.03:441][248]LoadErrors: Info Failed to load /Engine/EditorSounds/GamePreview/S_ProjectileAttackSound.S_ProjectileAttackSound Referenced by K2Node_CallFunction_324
[2017.03.24-07.50.03:441][248]LogLinker:Warning: Can't find file for asset '/Engine/EditorSounds/GamePreview/S_ProjectileAttackSound' while loading D:/UnrealProjects/PrototypingBackupp/nonamed/Content/Core/MyGameBase.uasset.
[2017.03.24-07.50.03:482][248]LogLinker:Warning: Can't find file '/Engine/EditorSounds/GamePreview/S_ProjectileAttackSound'
[2017.03.24-07.50.03:482][248]LogLinker:Warning: Can't find file for asset '/Engine/EditorSounds/GamePreview/S_ProjectileAttackSound' while loading D:/UnrealProjects/PrototypingBackupp/nonamed/Content/Blueprint/Unit/U_Archer.uasset.
[2017.03.24-07.50.03:482][248]LoadErrors:Error: Error /Game/Blueprint/Unit/U_Archer : Can't find file for asset. /Engine/EditorSounds/GamePreview/S_ProjectileAttackSound
[2017.03.24-07.50.03:483][248]LogLinker:Warning: Can't find file '/Engine/EditorSounds/GamePreview/S_ProjectileAttackSound'
[2017.03.24-07.50.03:483][248]LogLinker:Warning: Can't find file for asset '/Engine/EditorSounds/GamePreview/S_ProjectileAttackSound' while loading D:/UnrealProjects/PrototypingBackupp/nonamed/Content/Blueprint/Unit/U_Archer.uasset.
[2017.03.24-07.50.03:484][248]LogLinker:Warning: Can't find file '/Engine/EditorSounds/GamePreview/S_ProjectileAttackSound'
[2017.03.24-07.50.03:484][248]LogLinker:Warning: Can't find file for asset '/Engine/EditorSounds/GamePreview/S_ProjectileAttackSound' while loading D:/UnrealProjects/PrototypingBackupp/nonamed/Content/Blueprint/Unit/Unit.uasset.
[2017.03.24-07.50.03:484][248]LoadErrors:Error: Error /Game/Blueprint/Unit/Unit : Can't find file for asset. /Engine/EditorSounds/GamePreview/S_ProjectileAttackSound
[2017.03.24-07.50.03:484][248]LogLinker:Warning: Can't find file '/Engine/EditorSounds/GamePreview/S_ProjectileAttackSound'
[2017.03.24-07.50.03:484][248]LogLinker:Warning: Can't find file for asset '/Engine/EditorSounds/GamePreview/S_ProjectileAttackSound' while loading D:/UnrealProjects/PrototypingBackupp/nonamed/Content/Blueprint/Unit/Unit.uasset.
[2017.03.24-07.50.03:486][248]LogLinker:Warning: Can't find file '/Engine/EditorSounds/GamePreview/S_ProjectileAttackSound'
[2017.03.24-07.50.03:486][248]LogLinker:Warning: Can't find file for asset '/Engine/EditorSounds/GamePreview/S_ProjectileAttackSound' while loading D:/UnrealProjects/PrototypingBackupp/nonamed/Content/Blueprint/Unit/Unit.uasset.
[2017.03.24-07.50.03:497][248]LogLinker:Warning: Can't find file '/Engine/EditorSounds/GamePreview/S_BasicAttackSound'
[2017.03.24-07.50.03:497][248]LogLinker:Warning: Can't find file for asset '/Engine/EditorSounds/GamePreview/S_BasicAttackSound' while loading D:/UnrealProjects/PrototypingBackupp/nonamed/Content/Blueprint/Unit/U_Bomber.uasset.
[2017.03.24-07.50.03:497][248]LoadErrors:Error: Error /Game/Blueprint/Unit/U_Bomber : Can't find file for asset. /Engine/EditorSounds/GamePreview/S_BasicAttackSound
[2017.03.24-07.50.03:504][248]LogLinker:Warning: Can't find file '/Engine/EditorSounds/GamePreview/S_BasicAttackSound'
[2017.03.24-07.50.03:504][248]LogLinker:Warning: Can't find file for asset '/Engine/EditorSounds/GamePreview/S_BasicAttackSound' while loading D:/UnrealProjects/PrototypingBackupp/nonamed/Content/Blueprint/Unit/U_Bomber.uasset.
[2017.03.24-07.50.03:505][248]LogLinker:Warning: Can't find file '/Engine/EditorSounds/GamePreview/S_BasicAttackSound'
[2017.03.24-07.50.03:505][248]LogLinker:Warning: Can't find file for asset '/Engine/EditorSounds/GamePreview/S_BasicAttackSound' while loading D:/UnrealProjects/PrototypingBackupp/nonamed/Content/Blueprint/Unit/Unit.uasset.
[2017.03.24-07.50.03:506][248]LoadErrors:Error: Error /Game/Blueprint/Unit/Unit : Can't find file for asset. /Engine/EditorSounds/GamePreview/S_BasicAttackSound
[2017.03.24-07.50.03:506][248]LogLinker:Warning: Can't find file '/Engine/EditorSounds/GamePreview/S_BasicAttackSound'
[2017.03.24-07.50.03:506][248]LogLinker:Warning: Can't find file for asset '/Engine/EditorSounds/GamePreview/S_BasicAttackSound' while loading D:/UnrealProjects/PrototypingBackupp/nonamed/Content/Blueprint/Unit/Unit.uasset.
[2017.03.24-07.50.03:507][248]LogLinker:Warning: Can't find file '/Engine/EditorSounds/GamePreview/S_BasicAttackSound'
[2017.03.24-07.50.03:507][248]LoadErrors: Info Failed to load /Engine/EditorSounds/GamePreview/S_BasicAttackSound.S_BasicAttackSound Referenced by K2Node_CallFunction_18
[2017.03.24-07.50.03:508][248]LogLinker:Warning: Can't find file for asset '/Engine/EditorSounds/GamePreview/S_BasicAttackSound' while loading D:/UnrealProjects/PrototypingBackupp/nonamed/Content/Blueprint/Unit/Unit.uasset.
[2017.03.24-07.50.03:579][248]LogBlueprint:Warning: [PlayerBP] 'NearestOverlappingActor' variable not found. Base class was probably changed.
[2017.03.24-07.50.03:579][248]LogBlueprint:Warning: [PlayerBP] 'NearestOverlap' variable not found. Base class was probably changed.
[2017.03.24-07.50.03:580][248]LogBlueprint:Warning: [PlayerBP] 'NearestOverlap' variable not found. Base class was probably changed.
[2017.03.24-07.50.03:580][248]LogBlueprint:Warning: [PlayerBP] 'NearestOverlap' variable not found. Base class was probably changed.
[2017.03.24-07.50.03:580][248]LogBlueprint:Warning: [PlayerBP] 'NearestOverlappingActor' variable not found. Base class was probably changed.
[2017.03.24-07.50.03:580][248]LogBlueprint:Warning: [PlayerBP] 'NearestOverlappingActor' variable not found. Base class was probably changed.
[2017.03.24-07.50.03:644][248]LogBlueprint:Warning: [Compiler Unit] Warning InputAction Event references unknown Action 'Mouse Right Button Click' for  InputAction Mouse Right Button Click
[2017.03.24-07.50.03:645][248]LogBlueprint:Warning: [Compiler Unit] Warning InputAction Event references unknown Action 'Mouse Left Button Click' for  InputAction Mouse Left Button Click
[2017.03.24-07.50.03:683][248]LogBlueprint:Warning: [Compiler Unit] Warning [0022.53] Compile of Unit successful, but with 2 Warning(s) [in 52 ms] (/Game/Blueprint/Unit/Unit.Unit)
[2017.03.24-07.50.03:683][248]LogBlueprint:Warning: [Compiler Unit] Warning [0022.53] Compile of Unit successful, but with 3 Warning(s) [in 0 ms] (/Game/Blueprint/Unit/Unit.Unit)
[2017.03.24-07.50.03:690][248]LogBlueprint:Warning: [Compiler Unit] Warning [0022.54] Compile of Unit successful, but with 4 Warning(s) [in 6 ms] (/Game/Blueprint/Unit/Unit.Unit)
[2017.03.24-07.50.03:954][248]LogLinker:Warning: Can't find file '/Engine/EditorSounds/GamePreview/S_BasicAttackSound'
[2017.03.24-07.50.03:954][248]LogLinker:Warning: Can't find file for asset '/Engine/EditorSounds/GamePreview/S_BasicAttackSound' while loading D:/UnrealProjects/PrototypingBackupp/nonamed/Content/Blueprint/Unit/Unit.uasset.
[2017.03.24-07.50.03:955][248]LogLinker:Warning: Can't find file '/Engine/EditorSounds/GamePreview/S_BasicAttackSound'
[2017.03.24-07.50.03:955][248]LogLinker:Warning: Can't find file for asset '/Engine/EditorSounds/GamePreview/S_BasicAttackSound' while loading D:/UnrealProjects/PrototypingBackupp/nonamed/Content/Blueprint/Unit/Unit.uasset.
[2017.03.24-07.50.04:512][248]LogSlate: Took 0.000139 seconds to synchronously load lazily loaded font '../../../Engine/Content/Slate/Fonts/Roboto-Light.ttf' (159K)
[2017.03.24-07.50.04:958][248]LogClass:Warning: Enum '/Game/KY_MagicEffects02/DemoRoomData/Blueprints/BP_DemoDisplay_Enum.BP_DemoDisplay_Enum' was upgraded to use FText to store its display name data. Please re-save this asset to avoid issues with localization and determinstic cooking.
[2017.03.24-07.50.04:961][248]LogEnum:Warning: Enum name collision: 'BP_DemoDisplay_Enum::ROund' is in both '/Game/KY_MagicEffects03/DemoRoomData/Blueprints/BP_DemoDisplay_Enum.BP_DemoDisplay_Enum' and '/Game/KY_MagicEffects02/DemoRoomData/Blueprints/BP_DemoDisplay_Enum.BP_DemoDisplay_Enum'
[2017.03.24-07.50.04:961][248]LogEnum:Warning: Enum name collision: 'BP_DemoDisplay_Enum::SquareL' is in both '/Game/KY_MagicEffects03/DemoRoomData/Blueprints/BP_DemoDisplay_Enum.BP_DemoDisplay_Enum' and '/Game/KY_MagicEffects02/DemoRoomData/Blueprints/BP_DemoDisplay_Enum.BP_DemoDisplay_Enum'
[2017.03.24-07.50.04:961][248]LogEnum:Warning: Enum name collision: 'BP_DemoDisplay_Enum::RoomL' is in both '/Game/KY_MagicEffects03/DemoRoomData/Blueprints/BP_DemoDisplay_Enum.BP_DemoDisplay_Enum' and '/Game/KY_MagicEffects02/DemoRoomData/Blueprints/BP_DemoDisplay_Enum.BP_DemoDisplay_Enum'
[2017.03.24-07.50.04:962][248]LogEnum:Warning: Enum name collision: 'BP_DemoDisplay_Enum::DescriptionOnly' is in both '/Game/KY_MagicEffects03/DemoRoomData/Blueprints/BP_DemoDisplay_Enum.BP_DemoDisplay_Enum' and '/Game/KY_MagicEffects02/DemoRoomData/Blueprints/BP_DemoDisplay_Enum.BP_DemoDisplay_Enum'
[2017.03.24-07.50.04:962][248]LogEnum:Warning: Enum name collision: 'BP_DemoDisplay_Enum::NewEnumerator0' is in both '/Game/KY_MagicEffects03/DemoRoomData/Blueprints/BP_DemoDisplay_Enum.BP_DemoDisplay_Enum' and '/Game/KY_MagicEffects02/DemoRoomData/Blueprints/BP_DemoDisplay_Enum.BP_DemoDisplay_Enum'
[2017.03.24-07.50.04:962][248]LogEnum:Warning: Enum name collision: 'BP_DemoDisplay_Enum::BP_DemoDisplay_MAX' is in both '/Game/KY_MagicEffects03/DemoRoomData/Blueprints/BP_DemoDisplay_Enum.BP_DemoDisplay_Enum' and '/Game/KY_MagicEffects02/DemoRoomData/Blueprints/BP_DemoDisplay_Enum.BP_DemoDisplay_Enum'
[2017.03.24-07.50.04:962][248]LogEnum:Warning: Enum name collision: 'BP_DemoDisplay_Enum::ROund' is in both '/Game/KY_MagicEffects03/DemoRoomData/Blueprints/BP_DemoDisplay_Enum.BP_DemoDisplay_Enum' and '/Game/KY_MagicEffects02/DemoRoomData/Blueprints/BP_DemoDisplay_Enum.BP_DemoDisplay_Enum'
[2017.03.24-07.50.04:963][248]LogEnum:Warning: Enum name collision: 'BP_DemoDisplay_Enum::SquareL' is in both '/Game/KY_MagicEffects03/DemoRoomData/Blueprints/BP_DemoDisplay_Enum.BP_DemoDisplay_Enum' and '/Game/KY_MagicEffects02/DemoRoomData/Blueprints/BP_DemoDisplay_Enum.BP_DemoDisplay_Enum'
[2017.03.24-07.50.04:963][248]LogEnum:Warning: Enum name collision: 'BP_DemoDisplay_Enum::RoomL' is in both '/Game/KY_MagicEffects03/DemoRoomData/Blueprints/BP_DemoDisplay_Enum.BP_DemoDisplay_Enum' and '/Game/KY_MagicEffects02/DemoRoomData/Blueprints/BP_DemoDisplay_Enum.BP_DemoDisplay_Enum'
[2017.03.24-07.50.04:963][248]LogEnum:Warning: Enum name collision: 'BP_DemoDisplay_Enum::DescriptionOnly' is in both '/Game/KY_MagicEffects03/DemoRoomData/Blueprints/BP_DemoDisplay_Enum.BP_DemoDisplay_Enum' and '/Game/KY_MagicEffects02/DemoRoomData/Blueprints/BP_DemoDisplay_Enum.BP_DemoDisplay_Enum'
[2017.03.24-07.50.04:963][248]LogEnum:Warning: Enum name collision: 'BP_DemoDisplay_Enum::NewEnumerator0' is in both '/Game/KY_MagicEffects03/DemoRoomData/Blueprints/BP_DemoDisplay_Enum.BP_DemoDisplay_Enum' and '/Game/KY_MagicEffects02/DemoRoomData/Blueprints/BP_DemoDisplay_Enum.BP_DemoDisplay_Enum'
[2017.03.24-07.50.04:963][248]LogClass:Warning: Enum '/Game/KY_MagicEffects03/DemoRoomData/Blueprints/BP_DemoDisplay_Enum.BP_DemoDisplay_Enum' was upgraded to use FText to store its display name data. Please re-save this asset to avoid issues with localization and determinstic cooking.
[2017.03.24-07.50.04:965][248]LogEnum:Warning: Enum name collision: 'BP_DemoRoom_Enum::Standard' is in both '/Game/KY_MagicEffects03/DemoRoomData/Blueprints/BP_DemoRoom_Enum.BP_DemoRoom_Enum' and '/Game/KY_MagicEffects02/DemoRoomData/Blueprints/BP_DemoRoom_Enum.BP_DemoRoom_Enum'
[2017.03.24-07.50.04:965][248]LogEnum:Warning: Enum name collision: 'BP_DemoRoom_Enum::RoofwithHole' is in both '/Game/KY_MagicEffects03/DemoRoomData/Blueprints/BP_DemoRoom_Enum.BP_DemoRoom_Enum' and '/Game/KY_MagicEffects02/DemoRoomData/Blueprints/BP_DemoRoom_Enum.BP_DemoRoom_Enum'
[2017.03.24-07.50.04:965][248]LogEnum:Warning: Enum name collision: 'BP_DemoRoom_Enum::RoofOpen' is in both '/Game/KY_MagicEffects03/DemoRoomData/Blueprints/BP_DemoRoom_Enum.BP_DemoRoom_Enum' and '/Game/KY_MagicEffects02/DemoRoomData/Blueprints/BP_DemoRoom_Enum.BP_DemoRoom_Enum'
[2017.03.24-07.50.04:965][248]LogEnum:Warning: Enum name collision: 'BP_DemoRoom_Enum::BP_DemoRoom_MAX' is in both '/Game/KY_MagicEffects03/DemoRoomData/Blueprints/BP_DemoRoom_Enum.BP_DemoRoom_Enum' and '/Game/KY_MagicEffects02/DemoRoomData/Blueprints/BP_DemoRoom_Enum.BP_DemoRoom_Enum'
[2017.03.24-07.50.04:966][248]LogEnum:Warning: Enum name collision: 'BP_DemoRoom_Enum::Standard' is in both '/Game/KY_MagicEffects03/DemoRoomData/Blueprints/BP_DemoRoom_Enum.BP_DemoRoom_Enum' and '/Game/KY_MagicEffects02/DemoRoomData/Blueprints/BP_DemoRoom_Enum.BP_DemoRoom_Enum'
[2017.03.24-07.50.04:966][248]LogEnum:Warning: Enum name collision: 'BP_DemoRoom_Enum::RoofwithHole' is in both '/Game/KY_MagicEffects03/DemoRoomData/Blueprints/BP_DemoRoom_Enum.BP_DemoRoom_Enum' and '/Game/KY_MagicEffects02/DemoRoomData/Blueprints/BP_DemoRoom_Enum.BP_DemoRoom_Enum'
[2017.03.24-07.50.04:966][248]LogEnum:Warning: Enum name collision: 'BP_DemoRoom_Enum::RoofOpen' is in both '/Game/KY_MagicEffects03/DemoRoomData/Blueprints/BP_DemoRoom_Enum.BP_DemoRoom_Enum' and '/Game/KY_MagicEffects02/DemoRoomData/Blueprints/BP_DemoRoom_Enum.BP_DemoRoom_Enum'
[2017.03.24-07.50.05:047][248]LogContentBrowser: Native class hierarchy updated for 'BlueprintGraph' in 0.0008 seconds. Added 112 classes and 0 folders.
[2017.03.24-07.50.05:735][248]LogSlate: Took 0.000152 seconds to synchronously load lazily loaded font '../../../Engine/Content/Editor/Slate/Fonts/Roboto-BoldCondensed.ttf' (158K)
[2017.03.24-07.50.06:057][249]LogSlate: Took 0.000207 seconds to synchronously load lazily loaded font '../../../Engine/Content/Editor/Slate/Fonts/Roboto-Italic.ttf' (157K)
[2017.03.24-07.50.06:826][272]LogAIModule: Creating AISystem for world L_Battle_Stage
[2017.03.24-07.50.06:901][272]Cmd: MAP LOAD FILE="D:/UnrealProjects/PrototypingBackupp/nonamed/Content/L_Battle_Stage.umap" TEMPLATE=0 SHOWPROGRESS=1 FEATURELEVEL=3
[2017.03.24-07.50.06:901][272]LightingResults: New page: Lighting Build
[2017.03.24-07.50.06:903][272]LoadErrors: New page: Loading map: L_Battle_Stage.umap
[2017.03.24-07.50.06:903][272]MapCheck: New page: Map Check
[2017.03.24-07.50.06:904][272]LightingResults: New page: Lighting Build
[2017.03.24-07.50.07:039][272]LogEditorServer: Finished looking for orphan Actors (0.000 secs)
[2017.03.24-07.50.07:072][272]Cmd: MAP CHECKDEP NOCLEARLOG
[2017.03.24-07.50.07:118][272]MapCheck: Info Map check complete: 0 Error(s), 0 Warning(s), took 45.228ms to complete.
[2017.03.24-07.50.07:118][272]LogFileHelpers: Loading map 'L_Battle_Stage' took 0.218
[2017.03.24-07.50.10:731][467]LogEditorViewport: Clicking Background
[2017.03.24-07.50.10:914][476]Cmd: OBJ SAVEPACKAGE PACKAGE="/Game/L_Battle_Stage" FILE="D:/UnrealProjects/PrototypingBackupp/nonamed/Content/L_Battle_Stage.umap" SILENT=true AUTOSAVING=false KEEPDIRTY=false
[2017.03.24-07.50.11:082][476]LogSavePackage: Save=142.13ms
[2017.03.24-07.50.11:082][476]LogSavePackage: Moving 'D:/UnrealProjects/PrototypingBackupp/nonamed/Saved/L_Battle_Stage8E3F55824019A796566387A2F8033E56.tmp' to 'D:/UnrealProjects/PrototypingBackupp/nonamed/Content/L_Battle_Stage.umap'
[2017.03.24-07.50.11:083][476]LogSavePackage:Display: Finished SavePackage D:/UnrealProjects/PrototypingBackupp/nonamed/Content/L_Battle_Stage.umap
[2017.03.24-07.50.11:118][476]Cmd: OBJ SAVEPACKAGE PACKAGE="/Game/L_Battle_Stage_BuiltData" FILE="D:/UnrealProjects/PrototypingBackupp/nonamed/Content/L_Battle_Stage_BuiltData.uasset" SILENT=true
[2017.03.24-07.50.11:197][476]LogSavePackage: Save=66.91ms
[2017.03.24-07.50.11:197][476]LogSavePackage: Moving 'D:/UnrealProjects/PrototypingBackupp/nonamed/Saved/L_Battle_Stage_BuiltDataB5228888428BA3E8B561A68C62804AF0.tmp' to 'D:/UnrealProjects/PrototypingBackupp/nonamed/Content/L_Battle_Stage_BuiltData.uasset'
[2017.03.24-07.50.11:198][476]LogSavePackage:Display: Finished SavePackage D:/UnrealProjects/PrototypingBackupp/nonamed/Content/L_Battle_Stage_BuiltData.uasset
[2017.03.24-07.50.13:836][633]LogTemp: Repeting last play command: VR Preview
[2017.03.24-07.50.13:874][633]LogBlueprintUserMessages: Early PlayInEditor Detection: Level '/Game/L_Battle_Stage.L_Battle_Stage:PersistentLevel' has LevelScriptBlueprint '/Game/L_Battle_Stage.L_Battle_Stage:PersistentLevel.L_Battle_Stage' with GeneratedClass '/Game/L_Battle_Stage.L_Battle_Stage_C' with ClassGeneratedBy '/Game/L_Battle_Stage.L_Battle_Stage:PersistentLevel.L_Battle_Stage'
[2017.03.24-07.50.13:874][633]LogPlayLevel: PlayLevel: No blueprints needed recompiling
[2017.03.24-07.50.13:875][633]OCULUS: Debug: [HMDState] Using default profile default
[2017.03.24-07.50.13:875][633]OCULUS: Info: IAD changed to 64.8mm
[2017.03.24-07.50.13:875][633]LogHMD: New ovr session is created
[2017.03.24-07.50.13:876][633]LogHMD: HMD Oculus Rift CV1, res = 2160 x 1200
[2017.03.24-07.50.13:876][633]PIE: New page: PIE session: L_Battle_Stage (Mar 25, 2017, 1:50:13 AM)
[2017.03.24-07.50.13:876][633]LogPlayLevel: Creating play world package: /Game/UEDPIE_0_L_Battle_Stage
[2017.03.24-07.50.13:882][633]LogPlayLevel: PIE: StaticDuplicateObject took: (0.005518s)
[2017.03.24-07.50.13:883][633]LogAIModule: Creating AISystem for world L_Battle_Stage
[2017.03.24-07.50.13:883][633]LogPlayLevel: PIE: World Init took: (0.000918s)
[2017.03.24-07.50.13:884][633]LogPlayLevel: PIE: Created PIE world by copying editor world from /Game/L_Battle_Stage.L_Battle_Stage to /Game/UEDPIE_0_L_Battle_Stage.L_Battle_Stage (0.007044s)
[2017.03.24-07.50.13:905][633]LogInit: XAudio2 using '헤드폰(Rift Audio)' : 2 channels at 48 kHz using 16 bits per sample (channel mask 0x3)
[2017.03.24-07.50.13:912][633]LogInit: FAudioDevice initialized.
[2017.03.24-07.50.14:056][633]LogLoad: Game class is 'MyGameMode_C'
[2017.03.24-07.50.14:058][633]LogWorld: Bringing World /Game/UEDPIE_0_L_Battle_Stage.L_Battle_Stage up for play (max tick rate 0) at 2017.03.24-16.50.14
[2017.03.24-07.50.14:059][633]LogWorld: Bringing up level for play took: 0.001984
[2017.03.24-07.50.14:094][633]LogContentBrowser: Native class hierarchy updated for 'MovieSceneCapture' in 0.0005 seconds. Added 11 classes and 0 folders.
[2017.03.24-07.50.14:112][633]PIE: Info Play in editor start time for /Game/UEDPIE_0_L_Battle_Stage 1.123
[2017.03.24-07.50.14:113][633]LogBlueprintUserMessages: Late PlayInEditor Detection: Level '/Game/L_Battle_Stage.L_Battle_Stage:PersistentLevel' has LevelScriptBlueprint '/Game/L_Battle_Stage.L_Battle_Stage:PersistentLevel.L_Battle_Stage' with GeneratedClass '/Game/L_Battle_Stage.L_Battle_Stage_C' with ClassGeneratedBy '/Game/L_Battle_Stage.L_Battle_Stage:PersistentLevel.L_Battle_Stage'
[2017.03.24-07.50.14:123][633]LogHMD: Reallocation of eye buffer was requested
[2017.03.24-07.50.14:124][633]LogHMD: Allocated a new swap texture set (size 2720 x 1600, mipcount = 1), 0x0000028194CB47D0
[2017.03.24-07.50.14:456][633]LogHMD: Allocated a new mirror texture (size 1280 x 720)
[2017.03.24-07.50.14:456][633]LogRenderer: Reallocating scene render targets to support 2720x1600 NumSamples 1 (Frame:503).
[2017.03.24-07.50.14:562][640]LogBlueprintUserMessages: [Enemy_Blueprint] Enemy Deploy Start
[2017.03.24-07.50.18:094][861]LogHMD: Vision Tracking Acquired
[2017.03.24-07.50.18:951][915]OCULUS: Info: [HMDState] Requested to SetForegroundWindow(77060ell)
[2017.03.24-07.50.19:715][984]OCULUS: Error: Prediction interval too high: 65.266053 s, clamping at 0.100000 s
[2017.03.24-07.50.23:820][338]LogBlueprintUserMessages: Early EndPlayMap Detection: Level '/Game/L_Battle_Stage.L_Battle_Stage:PersistentLevel' has LevelScriptBlueprint '/Game/L_Battle_Stage.L_Battle_Stage:PersistentLevel.L_Battle_Stage' with GeneratedClass '/Game/L_Battle_Stage.L_Battle_Stage_C' with ClassGeneratedBy '/Game/L_Battle_Stage.L_Battle_Stage:PersistentLevel.L_Battle_Stage'
[2017.03.24-07.50.23:826][338]LogHMD: Destroying ovr session
[2017.03.24-07.50.23:827][338]LogHMD: Freeing textureSet 0x0000028194CB47D0
[2017.03.24-07.50.24:034][338]LogBlueprintUserMessages: Late EndPlayMap Detection: Level '/Game/L_Battle_Stage.L_Battle_Stage:PersistentLevel' has LevelScriptBlueprint '/Game/L_Battle_Stage.L_Battle_Stage:PersistentLevel.L_Battle_Stage' with GeneratedClass '/Game/L_Battle_Stage.L_Battle_Stage_C' with ClassGeneratedBy '/Game/L_Battle_Stage.L_Battle_Stage:PersistentLevel.L_Battle_Stage'
[2017.03.24-07.50.30:689][612]LogSlate: Only BGRA pngs, bmps or icos are supported in by External Image Picker
[2017.03.24-07.50.30:750][613]LogTemp:Display: Executing iPhonePackager certificates Engine -bundlename com.YourCompany.nonamed

[2017.03.24-07.50.30:750][613]LogTemp:Display: CWD: C:\Program Files\Epic Games\UE_4.15\Engine\Binaries\DotNET\IOS

[2017.03.24-07.50.30:750][613]LogTemp:Display: Initial Dir: C:\Program Files\Epic Games\UE_4.15

[2017.03.24-07.50.30:750][613]LogTemp:Display: Env CWD: C:\Program Files\Epic Games\UE_4.15\Engine\Binaries\DotNET\IOS

[2017.03.24-07.50.30:751][613]LogTemp:Display: BranchPath = DESKTOP-HM7CSNG/C/Program Files/Epic Games/UE_4.15/Engine/Binaries --- GameBranchPath = DESKTOP-HM7CSNG/C/Program Files/Epic Games/UE_4.15/Engine/Binaries

[2017.03.24-07.50.30:751][613]LogTemp:Display: IPP ERROR: Application exception: System.IO.DirectoryNotFoundException: 'C:\Users\thtjd\AppData\Local\Apple Computer\MobileDevice\Provisioning Profiles' ?????? ?Ϻθ? ã?? ?? ?????ϴ?.

[2017.03.24-07.50.30:757][613]LogTemp:Display: Executing iPhonePackager certificates Engine -bundlename com.YourCompany.nonamed

[2017.03.24-07.50.30:757][613]LogTemp:Display: CWD: C:\Program Files\Epic Games\UE_4.15\Engine\Binaries\DotNET\IOS

[2017.03.24-07.50.30:757][613]LogTemp:Display: Initial Dir: C:\Program Files\Epic Games\UE_4.15

[2017.03.24-07.50.30:758][613]LogTemp:Display: Env CWD: C:\Program Files\Epic Games\UE_4.15\Engine\Binaries\DotNET\IOS

[2017.03.24-07.50.30:758][613]LogTemp:Display: BranchPath = DESKTOP-HM7CSNG/C/Program Files/Epic Games/UE_4.15/Engine/Binaries --- GameBranchPath = DESKTOP-HM7CSNG/C/Program Files/Epic Games/UE_4.15/Engine/Binaries

[2017.03.24-07.50.30:758][613]LogTemp:Display: IPP ERROR: Application exception: System.IO.DirectoryNotFoundException: 'C:\Users\thtjd\AppData\Local\Apple Computer\MobileDevice\Provisioning Profiles' ?????? ?Ϻθ? ã?? ?? ?????ϴ?.

[2017.03.24-07.50.30:760][613]LogTemp:Display:    ??ġ: System.IO.__Error.WinIOError(Int32 errorCode, String maybeFullPath)

[2017.03.24-07.50.30:761][613]LogTemp:Display:    ??ġ: System.IO.FileSystemEnumerableIterator`1.CommonInit()

[2017.03.24-07.50.30:761][613]LogTemp:Display:    ??ġ: System.IO.Directory.EnumerateFiles(String path, String searchPattern)

[2017.03.24-07.50.30:761][613]LogTemp:Display:    ??ġ: iPhonePackager.CodeSignatureBuilder.FindProvisions(String CFBundleIdentifier)

[2017.03.24-07.50.30:761][613]LogTemp:Display:    ??ġ: iPhonePackager.Program.Main(String[] args)

[2017.03.24-07.50.30:761][613]LogSlate: Took 0.004222 seconds to synchronously load lazily loaded font '../../../Engine/Content/SlateDebug/Fonts/LastResort.ttf' (5269K)
[2017.03.24-07.51.10:528][ 50]Cmd: OBJ SAVEPACKAGE PACKAGE="/Game/Core/PlayerBP" FILE="D:/UnrealProjects/PrototypingBackupp/nonamed/Content/Core/PlayerBP.uasset" SILENT=true
[2017.03.24-07.51.10:680][ 50]LogSavePackage: Save=135.90ms
[2017.03.24-07.51.10:680][ 50]LogSavePackage: Moving 'D:/UnrealProjects/PrototypingBackupp/nonamed/Saved/PlayerBP688A7CB241D119113EFA359D530FD38E.tmp' to 'D:/UnrealProjects/PrototypingBackupp/nonamed/Content/Core/PlayerBP.uasset'
[2017.03.24-07.51.10:681][ 50]LogSavePackage:Display: Finished SavePackage D:/UnrealProjects/PrototypingBackupp/nonamed/Content/Core/PlayerBP.uasset
[2017.03.24-07.51.13:584][235]LogTemp: Repeting last play command: VR Preview
[2017.03.24-07.51.13:601][235]LogBlueprintUserMessages: Early PlayInEditor Detection: Level '/Game/L_Battle_Stage.L_Battle_Stage:PersistentLevel' has LevelScriptBlueprint '/Game/L_Battle_Stage.L_Battle_Stage:PersistentLevel.L_Battle_Stage' with GeneratedClass '/Game/L_Battle_Stage.L_Battle_Stage_C' with ClassGeneratedBy '/Game/L_Battle_Stage.L_Battle_Stage:PersistentLevel.L_Battle_Stage'
[2017.03.24-07.51.13:601][235]BlueprintLog: New page: Pre-Play auto-recompile
[2017.03.24-07.51.13:601][235]LogPlayLevel: [PlayLevel] Compiling PlayerBP before play...
[2017.03.24-07.51.13:809][235]LogBlueprint:Warning: [Compiler Unit] Warning InputAction Event references unknown Action 'Mouse Right Button Click' for  InputAction Mouse Right Button Click
[2017.03.24-07.51.13:810][235]LogBlueprint:Warning: [Compiler Unit] Warning InputAction Event references unknown Action 'Mouse Left Button Click' for  InputAction Mouse Left Button Click
[2017.03.24-07.51.14:260][235]LogPlayLevel: PlayLevel: Blueprint regeneration took 659 ms (1 blueprints)
[2017.03.24-07.51.14:261][235]OCULUS: Debug: [HMDState] Using default profile default
[2017.03.24-07.51.14:261][235]OCULUS: Info: IAD changed to 64.8mm
[2017.03.24-07.51.14:261][235]LogHMD: New ovr session is created
[2017.03.24-07.51.14:261][235]LogHMD: HMD Oculus Rift CV1, res = 2160 x 1200
[2017.03.24-07.51.14:262][235]PIE: New page: PIE session: L_Battle_Stage (Mar 25, 2017, 1:51:14 AM)
[2017.03.24-07.51.14:262][235]LogPlayLevel: Creating play world package: /Game/UEDPIE_0_L_Battle_Stage
[2017.03.24-07.51.14:268][235]LogPlayLevel: PIE: StaticDuplicateObject took: (0.005859s)
[2017.03.24-07.51.14:269][235]LogAIModule: Creating AISystem for world L_Battle_Stage
[2017.03.24-07.51.14:269][235]LogPlayLevel: PIE: World Init took: (0.001175s)
[2017.03.24-07.51.14:270][235]LogPlayLevel: PIE: Created PIE world by copying editor world from /Game/L_Battle_Stage.L_Battle_Stage to /Game/UEDPIE_0_L_Battle_Stage.L_Battle_Stage (0.007660s)
[2017.03.24-07.51.14:284][235]LogHMD: Lost Vision Tracking
[2017.03.24-07.51.14:292][235]LogInit: XAudio2 using '헤드폰(Rift Audio)' : 2 channels at 48 kHz using 16 bits per sample (channel mask 0x3)
[2017.03.24-07.51.14:298][235]LogInit: FAudioDevice initialized.
[2017.03.24-07.51.14:425][235]LogLoad: Game class is 'MyGameMode_C'
[2017.03.24-07.51.14:427][235]LogWorld: Bringing World /Game/UEDPIE_0_L_Battle_Stage.L_Battle_Stage up for play (max tick rate 0) at 2017.03.24-16.51.14
[2017.03.24-07.51.14:428][235]LogWorld: Bringing up level for play took: 0.002029
[2017.03.24-07.51.14:444][235]PIE: Info Play in editor start time for /Game/UEDPIE_0_L_Battle_Stage 1.455
[2017.03.24-07.51.14:445][235]LogBlueprintUserMessages: Late PlayInEditor Detection: Level '/Game/L_Battle_Stage.L_Battle_Stage:PersistentLevel' has LevelScriptBlueprint '/Game/L_Battle_Stage.L_Battle_Stage:PersistentLevel.L_Battle_Stage' with GeneratedClass '/Game/L_Battle_Stage.L_Battle_Stage_C' with ClassGeneratedBy '/Game/L_Battle_Stage.L_Battle_Stage:PersistentLevel.L_Battle_Stage'
[2017.03.24-07.51.14:450][235]LogHMD: Need to reallocate eye buffer, reason: no textureset was allocated
[2017.03.24-07.51.14:452][235]LogHMD: Allocated a new swap texture set (size 2720 x 1600, mipcount = 1), 0x00000281C9793560
[2017.03.24-07.51.14:778][235]LogHMD: Allocated a new mirror texture (size 1280 x 720)
[2017.03.24-07.51.14:892][241]LogBlueprintUserMessages: [Enemy_Blueprint] Enemy Deploy Start
[2017.03.24-07.51.16:608][347]LogHMD: Vision Tracking Acquired
[2017.03.24-07.51.16:895][367]OCULUS: Info: [HMDState] Requested to SetForegroundWindow(3007f4ll)
[2017.03.24-07.51.25:938][122]LogBlueprintUserMessages: Early EndPlayMap Detection: Level '/Game/L_Battle_Stage.L_Battle_Stage:PersistentLevel' has LevelScriptBlueprint '/Game/L_Battle_Stage.L_Battle_Stage:PersistentLevel.L_Battle_Stage' with GeneratedClass '/Game/L_Battle_Stage.L_Battle_Stage_C' with ClassGeneratedBy '/Game/L_Battle_Stage.L_Battle_Stage:PersistentLevel.L_Battle_Stage'
[2017.03.24-07.51.25:939][122]LogHMD: Destroying ovr session
[2017.03.24-07.51.25:939][122]LogHMD: Freeing textureSet 0x00000281C9793560
[2017.03.24-07.51.25:988][122]LogBlueprintUserMessages: Late EndPlayMap Detection: Level '/Game/L_Battle_Stage.L_Battle_Stage:PersistentLevel' has LevelScriptBlueprint '/Game/L_Battle_Stage.L_Battle_Stage:PersistentLevel.L_Battle_Stage' with GeneratedClass '/Game/L_Battle_Stage.L_Battle_Stage_C' with ClassGeneratedBy '/Game/L_Battle_Stage.L_Battle_Stage:PersistentLevel.L_Battle_Stage'
[2017.03.24-07.51.30:829][406]Cmd: OBJ SAVEPACKAGE PACKAGE="/Game/L_Battle_Stage" FILE="D:/UnrealProjects/PrototypingBackupp/nonamed/Content/L_Battle_Stage.umap" SILENT=true AUTOSAVING=false KEEPDIRTY=false
[2017.03.24-07.51.31:007][406]LogSavePackage: Save=151.28ms
[2017.03.24-07.51.31:007][406]LogSavePackage: Moving 'D:/UnrealProjects/PrototypingBackupp/nonamed/Saved/L_Battle_Stage7F4B292F4D0F4DA1EBD29E9B7B384D64.tmp' to 'D:/UnrealProjects/PrototypingBackupp/nonamed/Content/L_Battle_Stage.umap'
[2017.03.24-07.51.31:009][406]LogSavePackage:Display: Finished SavePackage D:/UnrealProjects/PrototypingBackupp/nonamed/Content/L_Battle_Stage.umap
[2017.03.24-07.51.31:044][406]LogFileHelpers: Saving map 'L_Battle_Stage' took 0.261
[2017.03.24-07.51.31:543][440]LogTemp: Repeting last play command: VR Preview
[2017.03.24-07.51.31:560][440]LogBlueprintUserMessages: Early PlayInEditor Detection: Level '/Game/L_Battle_Stage.L_Battle_Stage:PersistentLevel' has LevelScriptBlueprint '/Game/L_Battle_Stage.L_Battle_Stage:PersistentLevel.L_Battle_Stage' with GeneratedClass '/Game/L_Battle_Stage.L_Battle_Stage_C' with ClassGeneratedBy '/Game/L_Battle_Stage.L_Battle_Stage:PersistentLevel.L_Battle_Stage'
[2017.03.24-07.51.31:561][440]LogPlayLevel: PlayLevel: No blueprints needed recompiling
[2017.03.24-07.51.31:561][440]OCULUS: Debug: [HMDState] Using default profile default
[2017.03.24-07.51.31:561][440]OCULUS: Info: IAD changed to 64.8mm
[2017.03.24-07.51.31:561][440]LogHMD: New ovr session is created
[2017.03.24-07.51.31:562][440]LogHMD: HMD Oculus Rift CV1, res = 2160 x 1200
[2017.03.24-07.51.31:562][440]PIE: New page: PIE session: L_Battle_Stage (Mar 25, 2017, 1:51:31 AM)
[2017.03.24-07.51.31:562][440]LogPlayLevel: Creating play world package: /Game/UEDPIE_0_L_Battle_Stage
[2017.03.24-07.51.31:567][440]LogPlayLevel: PIE: StaticDuplicateObject took: (0.005235s)
[2017.03.24-07.51.31:568][440]LogAIModule: Creating AISystem for world L_Battle_Stage
[2017.03.24-07.51.31:568][440]LogPlayLevel: PIE: World Init took: (0.000840s)
[2017.03.24-07.51.31:568][440]LogPlayLevel: PIE: Created PIE world by copying editor world from /Game/L_Battle_Stage.L_Battle_Stage to /Game/UEDPIE_0_L_Battle_Stage.L_Battle_Stage (0.006465s)
[2017.03.24-07.51.31:592][440]LogInit: XAudio2 using '헤드폰(Rift Audio)' : 2 channels at 48 kHz using 16 bits per sample (channel mask 0x3)
[2017.03.24-07.51.31:598][440]LogInit: FAudioDevice initialized.
[2017.03.24-07.51.31:667][440]LogHMD: Need to reallocate eye buffer, reason: no textureset was allocated
[2017.03.24-07.51.31:669][440]LogHMD: Allocated a new swap texture set (size 2720 x 1600, mipcount = 1), 0x00000281BC476200
[2017.03.24-07.51.31:710][440]LogLoad: Game class is 'MyGameMode_C'
[2017.03.24-07.51.31:713][440]LogWorld: Bringing World /Game/UEDPIE_0_L_Battle_Stage.L_Battle_Stage up for play (max tick rate 0) at 2017.03.24-16.51.31
[2017.03.24-07.51.31:713][440]LogWorld: Bringing up level for play took: 0.002180
[2017.03.24-07.51.31:715][440]LogUnrealMath:Error: FMatrix::InverseFast(), trying to invert a NIL matrix, this results in NaNs! Use Inverse() instead.
[2017.03.24-07.51.31:715][440]LogOutputDevice:Warning: 

Script Stack:
BP_MotionController_C.SetupRoomScaleOutline
BP_MotionController_C.ExecuteUbergraph_BP_MotionController
BP_MotionController_C.ReceiveBeginPlay
PlayerBP_C.ExecuteUbergraph_PlayerBP
PlayerBP_C.ReceiveBeginPlay

[2017.03.24-07.51.31:758][440]LogStats: FPlatformStackWalk::StackWalkAndDump -  0.043 s
[2017.03.24-07.51.31:759][440]LogOutputDevice:Error: === Handled ensure: ===
[2017.03.24-07.51.31:759][440]LogOutputDevice:Error: 
[2017.03.24-07.51.31:759][440]LogOutputDevice:Error: Ensure condition failed: false [File:D:\Build\++UE4+Release-4.15+Compile\Sync\Engine\Source\Runtime\Core\Private\Math\Matrix.cpp] [Line: 8]
[2017.03.24-07.51.31:759][440]LogOutputDevice:Error: FMatrix::InverseFast(), trying to invert a NIL matrix, this results in NaNs! Use Inverse() instead.
[2017.03.24-07.51.31:759][440]LogOutputDevice:Error: Stack: 
[2017.03.24-07.51.31:759][440]LogOutputDevice:Error: UE4Editor-Core.dll!0x00000000133795E6
[2017.03.24-07.51.31:759][440]LogOutputDevice:Error: UE4Editor-Core.dll!0x0000000013129B82
[2017.03.24-07.51.31:759][440]LogOutputDevice:Error: UE4Editor-Core.dll!0x000000001313B666
[2017.03.24-07.51.31:759][440]LogOutputDevice:Error: UE4Editor-Core.dll!0x00000000130D2401
[2017.03.24-07.51.31:759][440]LogOutputDevice:Error: UE4Editor-Engine.dll!0x000000000DA94FBB
[2017.03.24-07.51.31:759][440]LogOutputDevice:Error: UE4Editor-Engine.dll!0x000000000E3A9626
[2017.03.24-07.51.31:759][440]LogOutputDevice:Error: UE4Editor-Engine.dll!0x000000000E3DFD14
[2017.03.24-07.51.31:759][440]LogOutputDevice:Error: UE4Editor-CoreUObject.dll!0x0000000012BA4C1A
[2017.03.24-07.51.31:760][440]LogOutputDevice:Error: UE4Editor-CoreUObject.dll!0x0000000012CD7A1E
[2017.03.24-07.51.31:760][440]LogOutputDevice:Error: UE4Editor-CoreUObject.dll!0x0000000012CF9A71
[2017.03.24-07.51.31:760][440]LogOutputDevice:Error: UE4Editor-CoreUObject.dll!0x0000000012CFBC72
[2017.03.24-07.51.31:760][440]LogOutputDevice:Error: UE4Editor-CoreUObject.dll!0x0000000012CD842E
[2017.03.24-07.51.31:760][440]LogOutputDevice:Error: UE4Editor-CoreUObject.dll!0x0000000012D21BC3
[2017.03.24-07.51.31:760][440]LogOutputDevice:Error: UE4Editor-CoreUObject.dll!0x0000000012CFBC72
[2017.03.24-07.51.31:760][440]LogOutputDevice:Error: UE4Editor-CoreUObject.dll!0x0000000012CD842E
[2017.03.24-07.51.31:760][440]LogOutputDevice:Error: UE4Editor-CoreUObject.dll!0x0000000012D21BC3
[2017.03.24-07.51.31:760][440]LogOutputDevice:Error: UE4Editor-CoreUObject.dll!0x0000000012CFBC72
[2017.03.24-07.51.31:760][440]LogOutputDevice:Error: UE4Editor-CoreUObject.dll!0x0000000012BA4C1A
[2017.03.24-07.51.31:760][440]LogOutputDevice:Error: UE4Editor-CoreUObject.dll!0x0000000012CFAFEB
[2017.03.24-07.51.31:760][440]LogOutputDevice:Error: UE4Editor-Engine.dll!0x000000000DB83922
[2017.03.24-07.51.31:760][440]LogOutputDevice:Error: UE4Editor-Engine.dll!0x000000000EE17977
[2017.03.24-07.51.31:760][440]LogOutputDevice:Error: UE4Editor-Engine.dll!0x000000000DB42CDF
[2017.03.24-07.51.31:761][440]LogOutputDevice:Error: UE4Editor-Engine.dll!0x000000000DB4FE2B
[2017.03.24-07.51.31:761][440]LogOutputDevice:Error: UE4Editor-Engine.dll!0x000000000DB7F398
[2017.03.24-07.51.31:761][440]LogOutputDevice:Error: UE4Editor-Engine.dll!0x000000000DB5F86B
[2017.03.24-07.51.31:761][440]LogOutputDevice:Error: UE4Editor-Engine.dll!0x000000000E234249
[2017.03.24-07.51.31:761][440]LogOutputDevice:Error: UE4Editor-Engine.dll!0x000000000DBBB056
[2017.03.24-07.51.31:761][440]LogOutputDevice:Error: UE4Editor-CoreUObject.dll!0x0000000012BA4C1A
[2017.03.24-07.51.31:761][440]LogOutputDevice:Error: UE4Editor-CoreUObject.dll!0x0000000012CD7A1E
[2017.03.24-07.51.31:761][440]LogOutputDevice:Error: UE4Editor-CoreUObject.dll!0x0000000012CF9A71
[2017.03.24-07.51.31:761][440]LogOutputDevice:Error: UE4Editor-CoreUObject.dll!0x0000000012D1F51B
[2017.03.24-07.51.31:761][440]LogOutputDevice:Error: UE4Editor-CoreUObject.dll!0x0000000012CFBC72
[2017.03.24-07.51.31:761][440]LogOutputDevice:Error: UE4Editor-CoreUObject.dll!0x0000000012CD842E
[2017.03.24-07.51.31:761][440]LogOutputDevice:Error: UE4Editor-CoreUObject.dll!0x0000000012D21BC3
[2017.03.24-07.51.31:761][440]LogOutputDevice:Error: UE4Editor-CoreUObject.dll!0x0000000012CFBC72
[2017.03.24-07.51.31:761][440]LogOutputDevice:Error: UE4Editor-CoreUObject.dll!0x0000000012BA4C1A
[2017.03.24-07.51.31:761][440]LogOutputDevice:Error: UE4Editor-CoreUObject.dll!0x0000000012CFAFEB
[2017.03.24-07.51.31:761][440]LogOutputDevice:Error: UE4Editor-Engine.dll!0x000000000DB83922
[2017.03.24-07.51.31:762][440]LogOutputDevice:Error: UE4Editor-Engine.dll!0x000000000EE17977
[2017.03.24-07.51.31:762][440]LogOutputDevice:Error: UE4Editor-Engine.dll!0x000000000DB42CDF
[2017.03.24-07.51.31:762][440]LogOutputDevice:Error: UE4Editor-Engine.dll!0x000000000DB4FE2B
[2017.03.24-07.51.31:762][440]LogOutputDevice:Error: UE4Editor-Engine.dll!0x000000000EC856C4
[2017.03.24-07.51.31:762][440]LogOutputDevice:Error: UE4Editor-Engine.dll!0x000000000E23D5F1
[2017.03.24-07.51.31:762][440]LogOutputDevice:Error: UE4Editor-Engine.dll!0x000000000EC72F6E
[2017.03.24-07.51.31:762][440]LogOutputDevice:Error: UE4Editor-Engine.dll!0x000000000E25C0E3
[2017.03.24-07.51.31:762][440]LogOutputDevice:Error: UE4Editor-UnrealEd.dll!0x000000000CA48AD7
[2017.03.24-07.51.31:763][440]LogOutputDevice:Error: UE4Editor-UnrealEd.dll!0x000000000CA752DD
[2017.03.24-07.51.31:763][440]LogOutputDevice:Error: UE4Editor-UnrealEd.dll!0x000000000CA91764
[2017.03.24-07.51.31:763][440]LogOutputDevice:Error: UE4Editor-UnrealEd.dll!0x000000000C57626B
[2017.03.24-07.51.31:763][440]LogOutputDevice:Error: UE4Editor-UnrealEd.dll!0x000000000CD82086
[2017.03.24-07.51.31:763][440]LogOutputDevice:Error: UE4Editor.exe!0x00000000C416DEE3
[2017.03.24-07.51.31:763][440]LogOutputDevice:Error: UE4Editor.exe!0x00000000C415EB40
[2017.03.24-07.51.31:763][440]LogOutputDevice:Error: UE4Editor.exe!0x00000000C415EBBA
[2017.03.24-07.51.31:763][440]LogOutputDevice:Error: UE4Editor.exe!0x00000000C4170A29
[2017.03.24-07.51.31:763][440]LogOutputDevice:Error: UE4Editor.exe!0x00000000C41722B6
[2017.03.24-07.51.31:763][440]LogOutputDevice:Error: KERNEL32.DLL!0x0000000051AB8364
[2017.03.24-07.51.31:763][440]LogOutputDevice:Error: ntdll.dll!0x0000000053DC5E91
[2017.03.24-07.51.31:763][440]LogOutputDevice:Error: 
[2017.03.24-07.51.31:766][440]LogStats:                SubmitErrorReport -  0.000 s
