Log file open, 03/19/17 23:19:48
LogInit:Display: Running engine for game: nonamed
LogPlatformFile: Not using cached read wrapper
LogInit:Display: RandInit(1252261915) SRandInit(1252261915).
LogTaskGraph: Started task graph with 5 named threads and 8 total threads with 1 sets of task threads.
LogStats: Stats thread started at 0.073117
LogInit: Using libcurl 7.47.1
LogInit:  - built for x86_64-pc-win32
LogInit:  - supports SSL with OpenSSL/1.0.2g
LogInit:  - supports HTTP deflate (compression) using libz 1.2.8
LogInit:  - other features:
LogInit:      CURL_VERSION_SSL
LogInit:      CURL_VERSION_LIBZ
LogInit:      CURL_VERSION_IPV6
LogInit:      CURL_VERSION_ASYNCHDNS
LogInit:      CURL_VERSION_LARGEFILE
LogInit:      CURL_VERSION_IDN
LogInit:  CurlRequestOptions (configurable via config and command line):
LogInit:  - bVerifyPeer = false  - Libcurl will NOT verify peer certificate
LogInit:  - bUseHttpProxy = false  - Libcurl will NOT use HTTP proxy
LogInit:  - bDontReuseConnections = false  - Libcurl will reuse connections
LogInit:  - CertBundlePath = nullptr  - Libcurl will use whatever was configured at build time.
LogInit: Build: ++UE4+Release-4.15-CL-3299760
LogInit: Engine Version: 4.15.0-3299760+++UE4+Release-4.15
LogInit: Compatible Engine Version: 4.15.0-3299760+++UE4+Release-4.15
LogInit: Net CL: 3299760
LogDevObjectVersion: Number of dev versions registered: 14
LogDevObjectVersion:   Dev-Blueprints (B0D832E4-1F89-4F0D-ACCF-7EB736FD4AA2): 8
LogDevObjectVersion:   Dev-Build (E1C64328-A22C-4D53-A36C-8E866417BD8C): 0
LogDevObjectVersion:   Dev-Core (375EC13C-06E4-48FB-B500-84F0262A717E): 2
LogDevObjectVersion:   Dev-Editor (E4B068ED-F494-42E9-A231-DA0B2E46BB41): 14
LogDevObjectVersion:   Dev-Framework (CFFC743F-43B0-4480-9391-14DF171D2073): 22
LogDevObjectVersion:   Dev-Mobile (B02B49B5-BB20-44E9-A304-32B752E40360): 0
LogDevObjectVersion:   Dev-Networking (A4E4105C-59A1-49B5-A7C5-40C4547EDFEE): 0
LogDevObjectVersion:   Dev-Online (39C831C9-5AE6-47DC-9A44-9C173E1C8E7C): 0
LogDevObjectVersion:   Dev-Physics (78F01B33-EBEA-4F98-B9B4-84EACCB95AA2): 0
LogDevObjectVersion:   Dev-Platform (6631380F-2D4D-43E0-8009-CF276956A95A): 0
LogDevObjectVersion:   Dev-Rendering (12F88B9F-8875-4AFC-A67C-D90C383ABD29): 12
LogDevObjectVersion:   Dev-Sequencer (7B5AE74C-D270-4C10-A958-57980B212A5A): 3
LogDevObjectVersion:   Dev-VR (D7296918-1DD6-4BDD-9DE2-64A83CC13884): 0
LogDevObjectVersion:   Dev-LoadTimes (C2A15278-BFE7-4AFE-6C17-90FF531DF755): 1
LogInit: Compiled (64-bit): Feb 14 2017 02:04:14
LogInit: Compiled with Visual C++: 19.00.23026.00
LogInit: Build Configuration: Development
LogInit: Branch Name: ++UE4+Release-4.15
LogInit: Command line: 
LogInit: Base directory: C:/Program Files/Epic Games/UE_4.15/Engine/Binaries/Win64/
LogInit: Installed Engine Build: 1
LogInit: Presizing for max 8388607 objects, including 0 objects not considered by GC, pre-allocating 0 bytes for permanent pool.
LogInit: Object subsystem initialized
[2017.03.19-14.19.49:487][  0]LogInit: Selected Device Profile: [Windows]
[2017.03.19-14.19.49:487][  0]LogInit: Applying CVar settings loaded from the selected device profile: [Windows]
[2017.03.19-14.19.49:497][  0]LogInit: Computer: DESKTOP-73DD3NB
[2017.03.19-14.19.49:497][  0]LogInit: User: shKim
[2017.03.19-14.19.49:497][  0]LogInit: CPU Page size=65536, Cores=4
[2017.03.19-14.19.49:497][  0]LogInit: High frequency timer resolution =3.328127 MHz
[2017.03.19-14.19.49:497][  0]LogMemory: Memory total: Physical=31.9GB (32GB approx)
[2017.03.19-14.19.49:497][  0]LogMemory: Platform Memory Stats for Windows
[2017.03.19-14.19.49:497][  0]LogMemory: Process Physical Memory: 263.00 MB used, 263.00 MB peak
[2017.03.19-14.19.49:497][  0]LogMemory: Process Virtual Memory: 262.41 MB used, 262.41 MB peak
[2017.03.19-14.19.49:497][  0]LogMemory: Physical Memory: 6824.81 MB used,  25805.90 MB free, 32630.71 MB total
[2017.03.19-14.19.49:497][  0]LogMemory: Virtual Memory: 643.05 MB used,  25805.90 MB free, 134217728.00 MB total
[2017.03.19-14.19.49:562][  0]LogInit: Overriding culture en with editor configuration.
[2017.03.19-14.19.50:097][  0]LogD3D11RHI: D3D11 adapters:
[2017.03.19-14.19.50:103][  0]LogD3D11RHI:    0. 'Intel(R) HD Graphics 630' (Feature Level 11_0)
[2017.03.19-14.19.50:103][  0]LogD3D11RHI:       128/0/16315 MB DedicatedVideo/DedicatedSystem/SharedSystem, Outputs:1, VendorId:0x8086
[2017.03.19-14.19.50:127][  0]LogD3D11RHI:    1. 'NVIDIA GeForce GTX 1070' (Feature Level 11_0)
[2017.03.19-14.19.50:127][  0]LogD3D11RHI:       8145/0/16315 MB DedicatedVideo/DedicatedSystem/SharedSystem, Outputs:1, VendorId:0x10de
[2017.03.19-14.19.50:128][  0]LogD3D11RHI:    2. 'Microsoft Basic Render Driver' (Feature Level 11_0)
[2017.03.19-14.19.50:128][  0]LogD3D11RHI:       0/0/16315 MB DedicatedVideo/DedicatedSystem/SharedSystem, Outputs:0, VendorId:0x1414
[2017.03.19-14.19.50:128][  0]LogD3D11RHI: Chosen D3D11 Adapter: 1
[2017.03.19-14.19.50:131][  0]LogD3D11RHI: Creating new Direct3DDevice
[2017.03.19-14.19.50:131][  0]LogD3D11RHI:     GPU DeviceId: 0x1b81 (for the marketing name, search the web for "GPU Device Id")
[2017.03.19-14.19.50:131][  0]LogWindows: EnumDisplayDevices:
[2017.03.19-14.19.50:132][  0]LogWindows:    0. 'Intel(R) HD Graphics 630' (P:1 D:1)
[2017.03.19-14.19.50:132][  0]LogWindows:    1. 'Intel(R) HD Graphics 630' (P:0 D:0)
[2017.03.19-14.19.50:132][  0]LogWindows:    2. 'Intel(R) HD Graphics 630' (P:0 D:0)
[2017.03.19-14.19.50:132][  0]LogWindows:    3. 'NVIDIA GeForce GTX 1070' (P:0 D:1)
[2017.03.19-14.19.50:132][  0]LogWindows:    4. 'NVIDIA GeForce GTX 1070' (P:0 D:0)
[2017.03.19-14.19.50:132][  0]LogWindows:    5. 'NVIDIA GeForce GTX 1070' (P:0 D:0)
[2017.03.19-14.19.50:133][  0]LogWindows:    6. 'NVIDIA GeForce GTX 1070' (P:0 D:0)
[2017.03.19-14.19.50:133][  0]LogWindows: DebugString: PrimaryIsNotTheChoosenAdapter PrimaryIsNotTheChoosenAdapter PrimaryIsNotTheChoosenAdapter FoundDriverCount:4 
[2017.03.19-14.19.50:133][  0]LogD3D11RHI:     Adapter Name: NVIDIA GeForce GTX 1070
[2017.03.19-14.19.50:133][  0]LogD3D11RHI:   Driver Version: 376.53 (internal:21.21.13.7653, unified:376.53)
[2017.03.19-14.19.50:133][  0]LogD3D11RHI:      Driver Date: 12-29-2016
[2017.03.19-14.19.50:133][  0]LogRHI: Texture pool is 1361 MB (70% of 1945 MB)
[2017.03.19-14.19.50:144][  0]LogD3D11RHI: Async texture creation enabled
[2017.03.19-14.19.50:154][  0]LogD3D11RHI: GPU Timing Frequency: 1000.000000 (Debug: 2 1)
[2017.03.19-14.19.50:202][  0]LogShaderCompilers: Guid format shader working directory is -27 characters bigger than the processId version (../../../../../../Users/sh Kim/Documents/GitHub/PrototypingBackup/nonamed/Intermediate/Shaders/WorkingDirectory/10168/).
[2017.03.19-14.19.50:202][  0]LogShaderCompilers: Cleaned the shader compiler working directory 'C:/Users/sh Kim/AppData/Local/Temp/UnrealShaderWorkingDir/5C0578C449A2E939E44A219ECF249EBC/'.
[2017.03.19-14.19.50:202][  0]LogShaderCompilers:Display: Using Local Shader Compiler.
[2017.03.19-14.19.51:080][  0]LogTemp:Display: Loaded TP AllDesktopTargetPlatform
[2017.03.19-14.19.51:129][  0]LogTemp:Display: Loaded TP MacClientTargetPlatform
[2017.03.19-14.19.51:177][  0]LogTemp:Display: Loaded TP MacNoEditorTargetPlatform
[2017.03.19-14.19.51:225][  0]LogTemp:Display: Loaded TP MacServerTargetPlatform
[2017.03.19-14.19.51:272][  0]LogTemp:Display: Loaded TP MacTargetPlatform
[2017.03.19-14.19.51:319][  0]LogTemp:Display: Loaded TP WindowsClientTargetPlatform
[2017.03.19-14.19.51:367][  0]LogTemp:Display: Loaded TP WindowsNoEditorTargetPlatform
[2017.03.19-14.19.51:414][  0]LogTemp:Display: Loaded TP WindowsServerTargetPlatform
[2017.03.19-14.19.51:452][  0]LogTemp:Display: Loaded TP WindowsTargetPlatform
[2017.03.19-14.19.51:497][  0]LogTemp:Display: Loaded TP AndroidTargetPlatform
[2017.03.19-14.19.51:544][  0]LogTemp:Display: Loaded TP Android_ASTCTargetPlatform
[2017.03.19-14.19.51:591][  0]LogTemp:Display: Loaded TP Android_ATCTargetPlatform
[2017.03.19-14.19.51:637][  0]LogTemp:Display: Loaded TP Android_DXTTargetPlatform
[2017.03.19-14.19.51:683][  0]LogTemp:Display: Loaded TP Android_ETC1TargetPlatform
[2017.03.19-14.19.51:729][  0]LogTemp:Display: Loaded TP Android_ETC2TargetPlatform
[2017.03.19-14.19.51:822][  0]LogTemp:Display: Loaded TP Android_MultiTargetPlatform
[2017.03.19-14.19.51:822][  0]LogTemp:Display: Loaded TP Android_PVRTCTargetPlatform
[2017.03.19-14.19.51:855][  0]LogTemp:Display: Loaded TP HTML5TargetPlatform
[2017.03.19-14.19.51:941][  0]LogTemp:Display: Loaded TP IOSTargetPlatform
[2017.03.19-14.19.51:972][  0]LogTemp:Display: Loaded TP TVOSTargetPlatform
[2017.03.19-14.19.52:019][  0]LogTemp:Display: Loaded TP LinuxClientTargetPlatform
[2017.03.19-14.19.52:064][  0]LogTemp:Display: Loaded TP LinuxNoEditorTargetPlatform
[2017.03.19-14.19.52:111][  0]LogTemp:Display: Loaded TP LinuxServerTargetPlatform
[2017.03.19-14.19.52:159][  0]LogTemp:Display: Loaded TP LinuxTargetPlatform
[2017.03.19-14.19.52:159][  0]LogTargetPlatformManager:Display: Building Assets For Windows
[2017.03.19-14.19.52:541][  0]LogDerivedDataCache:Display: Max Cache Size: 512 MB
[2017.03.19-14.19.52:585][  0]LogDerivedDataCache: Loaded boot cache 0.04s 50MB C:/Users/sh Kim/AppData/Local/UnrealEngine/4.15/DerivedDataCache/Boot.ddc.
[2017.03.19-14.19.52:585][  0]LogDerivedDataCache:Display: Loaded Boot cache: C:/Users/sh Kim/AppData/Local/UnrealEngine/4.15/DerivedDataCache/Boot.ddc
[2017.03.19-14.19.52:585][  0]LogDerivedDataCache: FDerivedDataBackendGraph:  Pak pak cache file ../../../../../../Users/sh Kim/Documents/GitHub/PrototypingBackup/nonamed/DerivedDataCache/DDC.ddp not found, will not use a pak cache.
[2017.03.19-14.19.52:585][  0]LogDerivedDataCache: Unable to find inner node Pak for hierarchical cache Hierarchy.
[2017.03.19-14.19.52:585][  0]LogDerivedDataCache: FDerivedDataBackendGraph:  CompressedPak pak cache file ../../../../../../Users/sh Kim/Documents/GitHub/PrototypingBackup/nonamed/DerivedDataCache/Compressed.ddp not found, will not use a pak cache.
[2017.03.19-14.19.52:585][  0]LogDerivedDataCache: Unable to find inner node CompressedPak for hierarchical cache Hierarchy.
[2017.03.19-14.19.52:601][  0]LogDerivedDataCache:Display: Pak cache opened for reading ../../../Engine/DerivedDataCache/Compressed.ddp.
[2017.03.19-14.19.52:613][  0]LogDerivedDataCache: Using Local data cache path C:/Users/sh Kim/AppData/Local/UnrealEngine/Common/DerivedDataCache: Writable
[2017.03.19-14.19.52:621][  0]LogSlate: Using Freetype 2.6.0
[2017.03.19-14.19.52:622][  0]LogSlate: SlateFontCache - WITH_FREETYPE: 1, WITH_HARFBUZZ: 1
[2017.03.19-14.19.52:622][  0]LogSlate: SlateFontCache - WITH_FREETYPE: 1, WITH_HARFBUZZ: 1
[2017.03.19-14.19.52:846][  0]LogInit: Selected Device Profile: [Windows]
[2017.03.19-14.19.52:849][  0]LogContentStreaming: Texture pool size is 0.00 MB
[2017.03.19-14.19.53:030][  0]LogMeshUtilities: Using QuadricMeshReduction for automatic static mesh reduction
[2017.03.19-14.19.53:071][  0]LogSimplygon: Simplygon DLL not present - disabling.
[2017.03.19-14.19.53:111][  0]LogMeshUtilities: Using SimplygonSwarm for distributed automatic mesh merging
[2017.03.19-14.19.53:111][  0]LogMeshUtilities: No automatic skeletal mesh reduction module available
[2017.03.19-14.19.53:111][  0]LogMeshUtilities: No automatic mesh merging module available
[2017.03.19-14.19.53:582][  0]LogNetVersion: GetLocalNetworkVersion: CL: 3299760, ProjectName: nonamed, ProjectVersion: , EngineNetworkVersion: 2, GameNetworkVersion: 0, NetworkChecksum: 1112449053
[2017.03.19-14.19.53:626][  0]LogAssetRegistry: FAssetRegistry took 0.0210 seconds to start up
[2017.03.19-14.19.53:657][  0]LogPackageLocalizationCache: Processed 3 localized package path(s) for 1 prioritized culture(s) in 0.011440 seconds
[2017.03.19-14.19.53:662][  0]LogUObjectArray: 32475 objects as part of root set at end of initial load.
[2017.03.19-14.19.53:662][  0]LogUObjectAllocator: 7073368 out of 0 bytes used by permanent object pool.
[2017.03.19-14.19.53:662][  0]LogUObjectArray: CloseDisregardForGC: 0/0 objects in disregard for GC pool
[2017.03.19-14.19.53:717][  0]LogInit: WinSock: version 1.1 (2.2), MaxSocks=32767, MaxUdp=65467
[2017.03.19-14.19.55:092][  0]LogTcpMessaging: Initializing TcpMessaging bridge
[2017.03.19-14.19.55:127][  0]LogUdpMessaging: Initializing bridge on interface 0.0.0.0:0 to multicast group 230.0.0.1:6666.
[2017.03.19-14.19.55:520][  0]LogMaterial: Uniform references updated for custom material expression Custom.
[2017.03.19-14.19.55:843][  0]SourceControl: Info Source control is disabled
[2017.03.19-14.19.55:844][  0]SourceControl: Info Source control is disabled
[2017.03.19-14.19.55:886][  0]SourceControl: Info Source control is disabled
[2017.03.19-14.19.55:924][  0]SourceControl: Info Source control is disabled
[2017.03.19-14.19.57:007][  0]LogEngine: Initializing Engine...
[2017.03.19-14.19.57:008][  0]LogHMD: Failed to initialize OpenVR with code 110
[2017.03.19-14.19.57:214][  0]LogAIModule: Creating AISystem for world Untitled
[2017.03.19-14.19.57:224][  0]LogInit: XAudio2 using '스피커(Realtek High Definition Audio)' : 2 channels at 48 kHz using 32 bits per sample (channel mask 0x3)
[2017.03.19-14.19.57:233][  0]LogInit: FAudioDevice initialized.
[2017.03.19-14.19.57:256][  0]LogDerivedDataCache: Saved boot cache 0.02s 50MB C:/Users/sh Kim/AppData/Local/UnrealEngine/4.15/DerivedDataCache/Boot.ddc.
[2017.03.19-14.19.57:261][  0]LogInit: Texture streaming: Enabled
[2017.03.19-14.19.57:340][  0]LogEngineSessionManager: EngineSessionManager initialized
[2017.03.19-14.19.57:340][  0]LogEngineSessionManager: EngineSessionManager sent abnormal shutdown report. Type=Crashed, SessionId={49918842-4291-2CD4-2E99-45B1903F3D9C}
[2017.03.19-14.19.57:416][  0]LogInit: Transaction tracking system initialized
[2017.03.19-14.19.57:721][  0]BlueprintLog: New page: Editor Load
[2017.03.19-14.19.58:523][  0]LocalizationService: Info Localization service is disabled
[2017.03.19-14.19.59:114][  0]LogConsoleResponse:Display: 
[2017.03.19-14.19.59:229][  0]LogCook:Display: Max memory allowance for cook 16384mb min free memory 0mb
[2017.03.19-14.19.59:229][  0]LogCook:Display: Mobile HDR setting 1
[2017.03.19-14.19.59:251][  0]LogFileCache: Scanning file cache for directory 'C:/Users/sh Kim/Documents/GitHub/PrototypingBackup/nonamed/Content/' took 0.01s
[2017.03.19-14.20.00:133][  0]SourceControl: Info Source control is disabled
[2017.03.19-14.20.00:133][  0]Cmd: MAP LOAD FILE="../../../Engine/Content/Maps/Templates/Template_Default.umap" TEMPLATE=1 SHOWPROGRESS=1 FEATURELEVEL=3
[2017.03.19-14.20.00:133][  0]LightingResults: New page: Lighting Build
[2017.03.19-14.20.00:170][  0]MapCheck: New page: Map Check
[2017.03.19-14.20.00:170][  0]LightingResults: New page: Lighting Build
[2017.03.19-14.20.00:341][  0]LogAIModule: Creating AISystem for world Untitled_1
[2017.03.19-14.20.00:342][  0]LogActorComponent: RegisterComponentWithWorld: (/Temp/Untitled_1.Untitled_1:PersistentLevel.WorldSettings_1.StaticMeshComponent0) Trying to register component with IsPendingKill() == true. Aborting.
[2017.03.19-14.20.00:346][  0]LogEditorServer: Finished looking for orphan Actors (0.000 secs)
[2017.03.19-14.20.00:349][  0]Cmd: MAP CHECKDEP NOCLEARLOG
[2017.03.19-14.20.00:383][  0]MapCheck: Info Map check complete: 0 Error(s), 0 Warning(s), took 33.944ms to complete.
[2017.03.19-14.20.00:383][  0]LogFileHelpers: Loading map 'Template_Default' took 0.250
[2017.03.19-14.20.00:554][  0]LogCollectionManager: Loaded 0 collections in 0.001310 seconds
[2017.03.19-14.20.00:629][  0]LogFileCache: Scanning file cache for directory 'C:/Users/sh Kim/Documents/GitHub/PrototypingBackup/nonamed/Saved/Collections/' took 0.01s
[2017.03.19-14.20.00:629][  0]LogFileCache: Scanning file cache for directory 'C:/Users/sh Kim/Documents/GitHub/PrototypingBackup/nonamed/Content/Developers/shKim/Collections/' took 0.01s
[2017.03.19-14.20.00:629][  0]LogFileCache: Scanning file cache for directory 'C:/Users/sh Kim/Documents/GitHub/PrototypingBackup/nonamed/Content/Collections/' took 0.01s
[2017.03.19-14.20.00:629][  0]LogCollectionManager: Rebuilt the GUID cache for 0 collections in 0.000001 seconds
[2017.03.19-14.20.00:637][  0]LogContentBrowser: Native class hierarchy populated in 0.0078 seconds. Added 2244 classes and 450 folders.
[2017.03.19-14.20.00:641][  0]LogStats: UGameplayTagsManager::ConstructGameplayTagTree: Construct from data asset -  0.000 s
[2017.03.19-14.20.00:641][  0]LogStats: UGameplayTagsManager::ConstructGameplayTagTree: GameplayTagTreeChangedEvent.Broadcast -  0.000 s
[2017.03.19-14.20.00:698][  0]LogContentBrowser: Native class hierarchy updated for 'WidgetCarousel' in 0.0005 seconds. Added 0 classes and 0 folders.
[2017.03.19-14.20.00:728][  0]LogContentBrowser: Native class hierarchy updated for 'AddContentDialog' in 0.0004 seconds. Added 0 classes and 0 folders.
[2017.03.19-14.20.00:779][  0]LogContentBrowser: Native class hierarchy updated for 'SceneOutliner' in 0.0004 seconds. Added 1 classes and 2 folders.
[2017.03.19-14.20.00:876][  0]LogCrashTracker: Crashtracker disabled due to settings.
[2017.03.19-14.20.00:884][  0]LogUObjectGlobals:Warning: Failed to find object 'Class None.'
[2017.03.19-14.20.00:946][  0]LogContentBrowser: Native class hierarchy updated for 'HierarchicalLODOutliner' in 0.0005 seconds. Added 1 classes and 2 folders.
[2017.03.19-14.20.00:946][  0]LogLoad: (Engine Initialization) Total time: 12.94 seconds
[2017.03.19-14.20.00:946][  0]LogLoad: (Engine Initialization) Total Blueprint compile time: 0.08 seconds
[2017.03.19-14.20.00:946][  0]LogExternalProfiler: No external profilers were discovered.  External profiling features will not be available.
[2017.03.19-14.20.01:288][  0]LogOcInput: OculusInput pre-init called
[2017.03.19-14.20.01:309][  0]LogContentStreaming: Texture pool size now 1000 MB
[2017.03.19-14.20.01:309][  0]LogSlate: Took 0.000154 seconds to synchronously load lazily loaded font '../../../Engine/Content/Slate/Fonts/Roboto-Regular.ttf' (155K)
[2017.03.19-14.20.01:313][  0]LogSlate: Took 0.000156 seconds to synchronously load lazily loaded font '../../../Engine/Content/Slate/Fonts/Roboto-Bold.ttf' (160K)
[2017.03.19-14.20.01:318][  0]LogSlate: Took 0.000192 seconds to synchronously load lazily loaded font '../../../Engine/Content/Editor/Slate/Fonts/FontAwesome.ttf' (139K)
[2017.03.19-14.20.01:462][  0]LogRenderer: Reallocating scene render targets to support 1208x564 NumSamples 1 (Frame:2).
[2017.03.19-14.20.01:636][  1]LogAssetRegistry: Asset discovery search completed in 8.0310 seconds
[2017.03.19-14.20.01:636][  1]LogCollectionManager: Rebuilt the object cache for 0 collections in 0.000006 seconds (found 0 objects)
[2017.03.19-14.20.01:636][  1]LogCollectionManager: Fixed up redirectors for 0 collections in 0.000023 seconds (updated 0 objects)
[2017.03.19-14.20.02:287][  3]LogSlate: Took 0.000178 seconds to synchronously load lazily loaded font '../../../Engine/Content/Slate/Fonts/Roboto-Light.ttf' (159K)
[2017.03.19-14.20.04:441][ 25]LogSlate: Took 0.000201 seconds to synchronously load lazily loaded font '../../../Engine/Content/Slate/Fonts/Roboto-Light.ttf' (159K)
[2017.03.19-14.20.05:273][ 25]LogSlate: Took 0.000205 seconds to synchronously load lazily loaded font '../../../Engine/Content/Slate/Fonts/Roboto-Regular.ttf' (155K)
[2017.03.19-14.20.05:298][ 25]LogBlueprint:Warning: [PlayerBP] 'NearestOverlappingActor' variable not found. Base class was probably changed.
[2017.03.19-14.20.05:298][ 25]LogBlueprint:Warning: [PlayerBP] 'NearestOverlap' variable not found. Base class was probably changed.
[2017.03.19-14.20.05:298][ 25]LogBlueprint:Warning: [PlayerBP] 'NearestOverlap' variable not found. Base class was probably changed.
[2017.03.19-14.20.05:298][ 25]LogBlueprint:Warning: [PlayerBP] 'NearestOverlap' variable not found. Base class was probably changed.
[2017.03.19-14.20.05:299][ 25]LogBlueprint:Warning: [PlayerBP] 'NearestOverlappingActor' variable not found. Base class was probably changed.
[2017.03.19-14.20.05:299][ 25]LogBlueprint:Warning: [PlayerBP] 'NearestOverlappingActor' variable not found. Base class was probably changed.
[2017.03.19-14.20.06:136][ 25]LogClass:Warning: Enum '/Game/KY_MagicEffects02/DemoRoomData/Blueprints/BP_DemoDisplay_Enum.BP_DemoDisplay_Enum' was upgraded to use FText to store its display name data. Please re-save this asset to avoid issues with localization and determinstic cooking.
[2017.03.19-14.20.06:138][ 25]LogEnum:Warning: Enum name collision: 'BP_DemoDisplay_Enum::ROund' is in both '/Game/KY_MagicEffects03/DemoRoomData/Blueprints/BP_DemoDisplay_Enum.BP_DemoDisplay_Enum' and '/Game/KY_MagicEffects02/DemoRoomData/Blueprints/BP_DemoDisplay_Enum.BP_DemoDisplay_Enum'
[2017.03.19-14.20.06:138][ 25]LogEnum:Warning: Enum name collision: 'BP_DemoDisplay_Enum::SquareL' is in both '/Game/KY_MagicEffects03/DemoRoomData/Blueprints/BP_DemoDisplay_Enum.BP_DemoDisplay_Enum' and '/Game/KY_MagicEffects02/DemoRoomData/Blueprints/BP_DemoDisplay_Enum.BP_DemoDisplay_Enum'
[2017.03.19-14.20.06:138][ 25]LogEnum:Warning: Enum name collision: 'BP_DemoDisplay_Enum::RoomL' is in both '/Game/KY_MagicEffects03/DemoRoomData/Blueprints/BP_DemoDisplay_Enum.BP_DemoDisplay_Enum' and '/Game/KY_MagicEffects02/DemoRoomData/Blueprints/BP_DemoDisplay_Enum.BP_DemoDisplay_Enum'
[2017.03.19-14.20.06:138][ 25]LogEnum:Warning: Enum name collision: 'BP_DemoDisplay_Enum::DescriptionOnly' is in both '/Game/KY_MagicEffects03/DemoRoomData/Blueprints/BP_DemoDisplay_Enum.BP_DemoDisplay_Enum' and '/Game/KY_MagicEffects02/DemoRoomData/Blueprints/BP_DemoDisplay_Enum.BP_DemoDisplay_Enum'
[2017.03.19-14.20.06:138][ 25]LogEnum:Warning: Enum name collision: 'BP_DemoDisplay_Enum::NewEnumerator0' is in both '/Game/KY_MagicEffects03/DemoRoomData/Blueprints/BP_DemoDisplay_Enum.BP_DemoDisplay_Enum' and '/Game/KY_MagicEffects02/DemoRoomData/Blueprints/BP_DemoDisplay_Enum.BP_DemoDisplay_Enum'
[2017.03.19-14.20.06:138][ 25]LogEnum:Warning: Enum name collision: 'BP_DemoDisplay_Enum::BP_DemoDisplay_MAX' is in both '/Game/KY_MagicEffects03/DemoRoomData/Blueprints/BP_DemoDisplay_Enum.BP_DemoDisplay_Enum' and '/Game/KY_MagicEffects02/DemoRoomData/Blueprints/BP_DemoDisplay_Enum.BP_DemoDisplay_Enum'
[2017.03.19-14.20.06:138][ 25]LogEnum:Warning: Enum name collision: 'BP_DemoDisplay_Enum::ROund' is in both '/Game/KY_MagicEffects03/DemoRoomData/Blueprints/BP_DemoDisplay_Enum.BP_DemoDisplay_Enum' and '/Game/KY_MagicEffects02/DemoRoomData/Blueprints/BP_DemoDisplay_Enum.BP_DemoDisplay_Enum'
[2017.03.19-14.20.06:138][ 25]LogEnum:Warning: Enum name collision: 'BP_DemoDisplay_Enum::SquareL' is in both '/Game/KY_MagicEffects03/DemoRoomData/Blueprints/BP_DemoDisplay_Enum.BP_DemoDisplay_Enum' and '/Game/KY_MagicEffects02/DemoRoomData/Blueprints/BP_DemoDisplay_Enum.BP_DemoDisplay_Enum'
[2017.03.19-14.20.06:138][ 25]LogEnum:Warning: Enum name collision: 'BP_DemoDisplay_Enum::RoomL' is in both '/Game/KY_MagicEffects03/DemoRoomData/Blueprints/BP_DemoDisplay_Enum.BP_DemoDisplay_Enum' and '/Game/KY_MagicEffects02/DemoRoomData/Blueprints/BP_DemoDisplay_Enum.BP_DemoDisplay_Enum'
[2017.03.19-14.20.06:139][ 25]LogEnum:Warning: Enum name collision: 'BP_DemoDisplay_Enum::DescriptionOnly' is in both '/Game/KY_MagicEffects03/DemoRoomData/Blueprints/BP_DemoDisplay_Enum.BP_DemoDisplay_Enum' and '/Game/KY_MagicEffects02/DemoRoomData/Blueprints/BP_DemoDisplay_Enum.BP_DemoDisplay_Enum'
[2017.03.19-14.20.06:139][ 25]LogEnum:Warning: Enum name collision: 'BP_DemoDisplay_Enum::NewEnumerator0' is in both '/Game/KY_MagicEffects03/DemoRoomData/Blueprints/BP_DemoDisplay_Enum.BP_DemoDisplay_Enum' and '/Game/KY_MagicEffects02/DemoRoomData/Blueprints/BP_DemoDisplay_Enum.BP_DemoDisplay_Enum'
[2017.03.19-14.20.06:139][ 25]LogClass:Warning: Enum '/Game/KY_MagicEffects03/DemoRoomData/Blueprints/BP_DemoDisplay_Enum.BP_DemoDisplay_Enum' was upgraded to use FText to store its display name data. Please re-save this asset to avoid issues with localization and determinstic cooking.
[2017.03.19-14.20.06:143][ 25]LogEnum:Warning: Enum name collision: 'BP_DemoRoom_Enum::Standard' is in both '/Game/KY_MagicEffects03/DemoRoomData/Blueprints/BP_DemoRoom_Enum.BP_DemoRoom_Enum' and '/Game/KY_MagicEffects02/DemoRoomData/Blueprints/BP_DemoRoom_Enum.BP_DemoRoom_Enum'
[2017.03.19-14.20.06:143][ 25]LogEnum:Warning: Enum name collision: 'BP_DemoRoom_Enum::RoofwithHole' is in both '/Game/KY_MagicEffects03/DemoRoomData/Blueprints/BP_DemoRoom_Enum.BP_DemoRoom_Enum' and '/Game/KY_MagicEffects02/DemoRoomData/Blueprints/BP_DemoRoom_Enum.BP_DemoRoom_Enum'
[2017.03.19-14.20.06:143][ 25]LogEnum:Warning: Enum name collision: 'BP_DemoRoom_Enum::RoofOpen' is in both '/Game/KY_MagicEffects03/DemoRoomData/Blueprints/BP_DemoRoom_Enum.BP_DemoRoom_Enum' and '/Game/KY_MagicEffects02/DemoRoomData/Blueprints/BP_DemoRoom_Enum.BP_DemoRoom_Enum'
[2017.03.19-14.20.06:143][ 25]LogEnum:Warning: Enum name collision: 'BP_DemoRoom_Enum::BP_DemoRoom_MAX' is in both '/Game/KY_MagicEffects03/DemoRoomData/Blueprints/BP_DemoRoom_Enum.BP_DemoRoom_Enum' and '/Game/KY_MagicEffects02/DemoRoomData/Blueprints/BP_DemoRoom_Enum.BP_DemoRoom_Enum'
[2017.03.19-14.20.06:143][ 25]LogEnum:Warning: Enum name collision: 'BP_DemoRoom_Enum::Standard' is in both '/Game/KY_MagicEffects03/DemoRoomData/Blueprints/BP_DemoRoom_Enum.BP_DemoRoom_Enum' and '/Game/KY_MagicEffects02/DemoRoomData/Blueprints/BP_DemoRoom_Enum.BP_DemoRoom_Enum'
[2017.03.19-14.20.06:143][ 25]LogEnum:Warning: Enum name collision: 'BP_DemoRoom_Enum::RoofwithHole' is in both '/Game/KY_MagicEffects03/DemoRoomData/Blueprints/BP_DemoRoom_Enum.BP_DemoRoom_Enum' and '/Game/KY_MagicEffects02/DemoRoomData/Blueprints/BP_DemoRoom_Enum.BP_DemoRoom_Enum'
[2017.03.19-14.20.06:143][ 25]LogEnum:Warning: Enum name collision: 'BP_DemoRoom_Enum::RoofOpen' is in both '/Game/KY_MagicEffects03/DemoRoomData/Blueprints/BP_DemoRoom_Enum.BP_DemoRoom_Enum' and '/Game/KY_MagicEffects02/DemoRoomData/Blueprints/BP_DemoRoom_Enum.BP_DemoRoom_Enum'
[2017.03.19-14.20.06:248][ 25]LogContentBrowser: Native class hierarchy updated for 'BlueprintGraph' in 0.0010 seconds. Added 112 classes and 0 folders.
[2017.03.19-14.20.09:939][ 25]LogSlate: Took 0.000181 seconds to synchronously load lazily loaded font '../../../Engine/Content/Editor/Slate/Fonts/Roboto-BoldCondensed.ttf' (158K)
[2017.03.19-14.20.09:957][ 25]LogSlate: Took 0.000210 seconds to synchronously load lazily loaded font '../../../Engine/Content/Slate/Fonts/Roboto-Light.ttf' (159K)
[2017.03.19-14.20.13:146][ 39]LogTemp: Repeting last play command: Selected Viewport
[2017.03.19-14.20.13:192][ 39]LogPlayLevel: PlayLevel: No blueprints needed recompiling
[2017.03.19-14.20.13:193][ 39]PIE: New page: PIE session: Untitled_1 (Mar 20, 2017, 8:20:13 AM)
[2017.03.19-14.20.13:193][ 39]LogPlayLevel: Creating play world package: /Temp/UEDPIE_0_Untitled_1
[2017.03.19-14.20.13:194][ 39]LogPlayLevel: PIE: StaticDuplicateObject took: (0.001418s)
[2017.03.19-14.20.13:195][ 39]LogAIModule: Creating AISystem for world Untitled_1
[2017.03.19-14.20.13:195][ 39]LogPlayLevel: PIE: World Init took: (0.000854s)
[2017.03.19-14.20.13:195][ 39]LogPlayLevel: PIE: Created PIE world by copying editor world from /Temp/Untitled_1.Untitled_1 to /Temp/UEDPIE_0_Untitled_1.Untitled_1 (0.002555s)
[2017.03.19-14.20.13:244][ 39]LogInit: XAudio2 using '스피커(Realtek High Definition Audio)' : 2 channels at 48 kHz using 32 bits per sample (channel mask 0x3)
[2017.03.19-14.20.13:252][ 39]LogInit: FAudioDevice initialized.
[2017.03.19-14.20.13:336][ 39]LogLoad: Game class is 'GameModeBase'
[2017.03.19-14.20.13:341][ 39]LogWorld: Bringing World /Temp/UEDPIE_0_Untitled_1.Untitled_1 up for play (max tick rate 0) at 2017.03.19-23.20.13
[2017.03.19-14.20.13:341][ 39]LogWorld: Bringing up level for play took: 0.002124
[2017.03.19-14.20.13:445][ 39]LogContentBrowser: Native class hierarchy updated for 'MovieSceneCapture' in 0.0007 seconds. Added 11 classes and 0 folders.
[2017.03.19-14.20.13:446][ 39]PIE: Info Play in editor start time for /Temp/UEDPIE_0_Untitled_1 0.651
[2017.03.19-14.20.18:243][317]LogAIModule: Creating AISystem for world NewWorld
[2017.03.19-14.20.18:269][317]Cmd: MAP LOAD FILE="../../../../../../Users/sh Kim/Documents/GitHub/PrototypingBackup/nonamed/Content/NewWorld.umap" TEMPLATE=0 SHOWPROGRESS=1 FEATURELEVEL=3
[2017.03.19-14.20.18:269][317]LightingResults: New page: Lighting Build
[2017.03.19-14.20.18:271][317]LoadErrors: New page: Loading map: NewWorld.umap
[2017.03.19-14.20.18:271][317]MapCheck: New page: Map Check
[2017.03.19-14.20.18:271][317]LightingResults: New page: Lighting Build
[2017.03.19-14.20.18:359][317]LogEditorServer: Finished looking for orphan Actors (0.000 secs)
[2017.03.19-14.20.18:395][317]Cmd: MAP CHECKDEP NOCLEARLOG
[2017.03.19-14.20.18:441][317]MapCheck: Info Map check complete: 0 Error(s), 0 Warning(s), took 46.749ms to complete.
[2017.03.19-14.20.18:441][317]LogFileHelpers: Loading map 'NewWorld' took 0.173
[2017.03.19-14.20.19:186][364]LogTemp: Repeting last play command: Selected Viewport
[2017.03.19-14.20.19:228][364]LogPlayLevel: PlayLevel: No blueprints needed recompiling
[2017.03.19-14.20.19:228][364]PIE: New page: PIE session: NewWorld (Mar 20, 2017, 8:20:19 AM)
[2017.03.19-14.20.19:228][364]LogPlayLevel: Creating play world package: /Game/UEDPIE_0_NewWorld
[2017.03.19-14.20.19:228][364]LogPlayLevel: PIE: StaticDuplicateObject took: (0.000566s)
[2017.03.19-14.20.19:229][364]LogAIModule: Creating AISystem for world NewWorld
[2017.03.19-14.20.19:229][364]LogPlayLevel: PIE: World Init took: (0.000590s)
[2017.03.19-14.20.19:229][364]LogPlayLevel: PIE: Created PIE world by copying editor world from /Game/NewWorld.NewWorld to /Game/UEDPIE_0_NewWorld.NewWorld (0.001347s)
[2017.03.19-14.20.19:255][364]LogInit: XAudio2 using '스피커(Realtek High Definition Audio)' : 2 channels at 48 kHz using 32 bits per sample (channel mask 0x3)
[2017.03.19-14.20.19:262][364]LogInit: FAudioDevice initialized.
[2017.03.19-14.20.19:292][364]LogLoad: Game class is 'GameModeBase'
[2017.03.19-14.20.19:294][364]LogWorld: Bringing World /Game/UEDPIE_0_NewWorld.NewWorld up for play (max tick rate 0) at 2017.03.19-23.20.19
[2017.03.19-14.20.19:294][364]LogWorld: Bringing up level for play took: 0.000643
[2017.03.19-14.20.19:295][364]LogBlueprintUserMessages: [Actor_Blueprint] 0
[2017.03.19-14.20.19:295][364]LogBlueprintUserMessages: [Actor_Blueprint] 0
[2017.03.19-14.20.19:295][364]LogBlueprintUserMessages: [Actor_Blueprint] 0
[2017.03.19-14.20.19:295][364]LogBlueprintUserMessages: [Actor_Blueprint] 0
[2017.03.19-14.20.19:295][364]LogBlueprintUserMessages: [Actor_Blueprint] 0
[2017.03.19-14.20.19:295][364]PIE: Info Play in editor start time for /Game/UEDPIE_0_NewWorld 0.5
