Log file open, 03/19/17 23:48:06
LogInit:Display: Running engine for game: nonamed
LogPlatformFile: Not using cached read wrapper
LogInit:Display: RandInit(-1687523708) SRandInit(-1687523708).
LogTaskGraph: Started task graph with 5 named threads and 8 total threads with 1 sets of task threads.
LogStats: Stats thread started at 0.071624
LogInit: Using libcurl 7.47.1
LogInit:  - built for x86_64-pc-win32
LogInit:  - supports SSL with OpenSSL/1.0.2g
LogInit:  - supports HTTP deflate (compression) using libz 1.2.8
LogInit:  - other features:
LogInit:      CURL_VERSION_SSL
LogInit:      CURL_VERSION_LIBZ
LogInit:      CURL_VERSION_IPV6
LogInit:      CURL_VERSION_ASYNCHDNS
LogInit:      CURL_VERSION_LARGEFILE
LogInit:      CURL_VERSION_IDN
LogInit:  CurlRequestOptions (configurable via config and command line):
LogInit:  - bVerifyPeer = false  - Libcurl will NOT verify peer certificate
LogInit:  - bUseHttpProxy = false  - Libcurl will NOT use HTTP proxy
LogInit:  - bDontReuseConnections = false  - Libcurl will reuse connections
LogInit:  - CertBundlePath = nullptr  - Libcurl will use whatever was configured at build time.
LogInit: Build: ++UE4+Release-4.15-CL-3299760
LogInit: Engine Version: 4.15.0-3299760+++UE4+Release-4.15
LogInit: Compatible Engine Version: 4.15.0-3299760+++UE4+Release-4.15
LogInit: Net CL: 3299760
LogDevObjectVersion: Number of dev versions registered: 14
LogDevObjectVersion:   Dev-Blueprints (B0D832E4-1F89-4F0D-ACCF-7EB736FD4AA2): 8
LogDevObjectVersion:   Dev-Build (E1C64328-A22C-4D53-A36C-8E866417BD8C): 0
LogDevObjectVersion:   Dev-Core (375EC13C-06E4-48FB-B500-84F0262A717E): 2
LogDevObjectVersion:   Dev-Editor (E4B068ED-F494-42E9-A231-DA0B2E46BB41): 14
LogDevObjectVersion:   Dev-Framework (CFFC743F-43B0-4480-9391-14DF171D2073): 22
LogDevObjectVersion:   Dev-Mobile (B02B49B5-BB20-44E9-A304-32B752E40360): 0
LogDevObjectVersion:   Dev-Networking (A4E4105C-59A1-49B5-A7C5-40C4547EDFEE): 0
LogDevObjectVersion:   Dev-Online (39C831C9-5AE6-47DC-9A44-9C173E1C8E7C): 0
LogDevObjectVersion:   Dev-Physics (78F01B33-EBEA-4F98-B9B4-84EACCB95AA2): 0
LogDevObjectVersion:   Dev-Platform (6631380F-2D4D-43E0-8009-CF276956A95A): 0
LogDevObjectVersion:   Dev-Rendering (12F88B9F-8875-4AFC-A67C-D90C383ABD29): 12
LogDevObjectVersion:   Dev-Sequencer (7B5AE74C-D270-4C10-A958-57980B212A5A): 3
LogDevObjectVersion:   Dev-VR (D7296918-1DD6-4BDD-9DE2-64A83CC13884): 0
LogDevObjectVersion:   Dev-LoadTimes (C2A15278-BFE7-4AFE-6C17-90FF531DF755): 1
LogInit: Compiled (64-bit): Feb 14 2017 02:04:14
LogInit: Compiled with Visual C++: 19.00.23026.00
LogInit: Build Configuration: Development
LogInit: Branch Name: ++UE4+Release-4.15
LogInit: Command line: 
LogInit: Base directory: C:/Program Files/Epic Games/UE_4.15/Engine/Binaries/Win64/
LogInit: Installed Engine Build: 1
LogInit: Presizing for max 8388607 objects, including 0 objects not considered by GC, pre-allocating 0 bytes for permanent pool.
LogInit: Object subsystem initialized
[2017.03.19-14.48.07:161][  0]LogInit: Selected Device Profile: [Windows]
[2017.03.19-14.48.07:161][  0]LogInit: Applying CVar settings loaded from the selected device profile: [Windows]
[2017.03.19-14.48.07:171][  0]LogInit: Computer: DESKTOP-73DD3NB
[2017.03.19-14.48.07:171][  0]LogInit: User: shKim
[2017.03.19-14.48.07:171][  0]LogInit: CPU Page size=65536, Cores=4
[2017.03.19-14.48.07:171][  0]LogInit: High frequency timer resolution =3.328127 MHz
[2017.03.19-14.48.07:171][  0]LogMemory: Memory total: Physical=31.9GB (32GB approx)
[2017.03.19-14.48.07:171][  0]LogMemory: Platform Memory Stats for Windows
[2017.03.19-14.48.07:171][  0]LogMemory: Process Physical Memory: 262.89 MB used, 262.89 MB peak
[2017.03.19-14.48.07:171][  0]LogMemory: Process Virtual Memory: 262.36 MB used, 262.36 MB peak
[2017.03.19-14.48.07:171][  0]LogMemory: Physical Memory: 6993.02 MB used,  25637.69 MB free, 32630.71 MB total
[2017.03.19-14.48.07:171][  0]LogMemory: Virtual Memory: 643.05 MB used,  25637.69 MB free, 134217728.00 MB total
[2017.03.19-14.48.07:233][  0]LogInit: Overriding culture en with editor configuration.
[2017.03.19-14.48.07:733][  0]LogD3D11RHI: D3D11 adapters:
[2017.03.19-14.48.07:739][  0]LogD3D11RHI:    0. 'Intel(R) HD Graphics 630' (Feature Level 11_0)
[2017.03.19-14.48.07:739][  0]LogD3D11RHI:       128/0/16315 MB DedicatedVideo/DedicatedSystem/SharedSystem, Outputs:1, VendorId:0x8086
[2017.03.19-14.48.07:762][  0]LogD3D11RHI:    1. 'NVIDIA GeForce GTX 1070' (Feature Level 11_0)
[2017.03.19-14.48.07:762][  0]LogD3D11RHI:       8145/0/16315 MB DedicatedVideo/DedicatedSystem/SharedSystem, Outputs:1, VendorId:0x10de
[2017.03.19-14.48.07:763][  0]LogD3D11RHI:    2. 'Microsoft Basic Render Driver' (Feature Level 11_0)
[2017.03.19-14.48.07:763][  0]LogD3D11RHI:       0/0/16315 MB DedicatedVideo/DedicatedSystem/SharedSystem, Outputs:0, VendorId:0x1414
[2017.03.19-14.48.07:763][  0]LogD3D11RHI: Chosen D3D11 Adapter: 1
[2017.03.19-14.48.07:767][  0]LogD3D11RHI: Creating new Direct3DDevice
[2017.03.19-14.48.07:767][  0]LogD3D11RHI:     GPU DeviceId: 0x1b81 (for the marketing name, search the web for "GPU Device Id")
[2017.03.19-14.48.07:767][  0]LogWindows: EnumDisplayDevices:
[2017.03.19-14.48.07:767][  0]LogWindows:    0. 'Intel(R) HD Graphics 630' (P:1 D:1)
[2017.03.19-14.48.07:767][  0]LogWindows:    1. 'Intel(R) HD Graphics 630' (P:0 D:0)
[2017.03.19-14.48.07:767][  0]LogWindows:    2. 'Intel(R) HD Graphics 630' (P:0 D:0)
[2017.03.19-14.48.07:767][  0]LogWindows:    3. 'NVIDIA GeForce GTX 1070' (P:0 D:1)
[2017.03.19-14.48.07:768][  0]LogWindows:    4. 'NVIDIA GeForce GTX 1070' (P:0 D:0)
[2017.03.19-14.48.07:768][  0]LogWindows:    5. 'NVIDIA GeForce GTX 1070' (P:0 D:0)
[2017.03.19-14.48.07:768][  0]LogWindows:    6. 'NVIDIA GeForce GTX 1070' (P:0 D:0)
[2017.03.19-14.48.07:768][  0]LogWindows: DebugString: PrimaryIsNotTheChoosenAdapter PrimaryIsNotTheChoosenAdapter PrimaryIsNotTheChoosenAdapter FoundDriverCount:4 
[2017.03.19-14.48.07:768][  0]LogD3D11RHI:     Adapter Name: NVIDIA GeForce GTX 1070
[2017.03.19-14.48.07:768][  0]LogD3D11RHI:   Driver Version: 376.53 (internal:21.21.13.7653, unified:376.53)
[2017.03.19-14.48.07:768][  0]LogD3D11RHI:      Driver Date: 12-29-2016
[2017.03.19-14.48.07:768][  0]LogRHI: Texture pool is 1361 MB (70% of 1945 MB)
[2017.03.19-14.48.07:780][  0]LogD3D11RHI: Async texture creation enabled
[2017.03.19-14.48.07:789][  0]LogD3D11RHI: GPU Timing Frequency: 1000.000000 (Debug: 2 1)
[2017.03.19-14.48.07:837][  0]LogShaderCompilers: Guid format shader working directory is -26 characters bigger than the processId version (../../../../../../Users/sh Kim/Documents/GitHub/PrototypingBackup/nonamed/Intermediate/Shaders/WorkingDirectory/4208/).
[2017.03.19-14.48.07:837][  0]LogShaderCompilers: Cleaned the shader compiler working directory 'C:/Users/sh Kim/AppData/Local/Temp/UnrealShaderWorkingDir/741B6FFD4B17383A6CB5C29029FE8DCF/'.
[2017.03.19-14.48.07:838][  0]LogShaderCompilers:Display: Using Local Shader Compiler.
[2017.03.19-14.48.08:672][  0]LogTemp:Display: Loaded TP AllDesktopTargetPlatform
[2017.03.19-14.48.08:717][  0]LogTemp:Display: Loaded TP MacClientTargetPlatform
[2017.03.19-14.48.08:760][  0]LogTemp:Display: Loaded TP MacNoEditorTargetPlatform
[2017.03.19-14.48.08:806][  0]LogTemp:Display: Loaded TP MacServerTargetPlatform
[2017.03.19-14.48.08:850][  0]LogTemp:Display: Loaded TP MacTargetPlatform
[2017.03.19-14.48.08:893][  0]LogTemp:Display: Loaded TP WindowsClientTargetPlatform
[2017.03.19-14.48.08:937][  0]LogTemp:Display: Loaded TP WindowsNoEditorTargetPlatform
[2017.03.19-14.48.08:981][  0]LogTemp:Display: Loaded TP WindowsServerTargetPlatform
[2017.03.19-14.48.09:017][  0]LogTemp:Display: Loaded TP WindowsTargetPlatform
[2017.03.19-14.48.09:059][  0]LogTemp:Display: Loaded TP AndroidTargetPlatform
[2017.03.19-14.48.09:102][  0]LogTemp:Display: Loaded TP Android_ASTCTargetPlatform
[2017.03.19-14.48.09:146][  0]LogTemp:Display: Loaded TP Android_ATCTargetPlatform
[2017.03.19-14.48.09:188][  0]LogTemp:Display: Loaded TP Android_DXTTargetPlatform
[2017.03.19-14.48.09:232][  0]LogTemp:Display: Loaded TP Android_ETC1TargetPlatform
[2017.03.19-14.48.09:275][  0]LogTemp:Display: Loaded TP Android_ETC2TargetPlatform
[2017.03.19-14.48.09:362][  0]LogTemp:Display: Loaded TP Android_MultiTargetPlatform
[2017.03.19-14.48.09:362][  0]LogTemp:Display: Loaded TP Android_PVRTCTargetPlatform
[2017.03.19-14.48.09:391][  0]LogTemp:Display: Loaded TP HTML5TargetPlatform
[2017.03.19-14.48.09:472][  0]LogTemp:Display: Loaded TP IOSTargetPlatform
[2017.03.19-14.48.09:500][  0]LogTemp:Display: Loaded TP TVOSTargetPlatform
[2017.03.19-14.48.09:543][  0]LogTemp:Display: Loaded TP LinuxClientTargetPlatform
[2017.03.19-14.48.09:587][  0]LogTemp:Display: Loaded TP LinuxNoEditorTargetPlatform
[2017.03.19-14.48.09:630][  0]LogTemp:Display: Loaded TP LinuxServerTargetPlatform
[2017.03.19-14.48.09:673][  0]LogTemp:Display: Loaded TP LinuxTargetPlatform
[2017.03.19-14.48.09:673][  0]LogTargetPlatformManager:Display: Building Assets For Windows
[2017.03.19-14.48.10:017][  0]LogDerivedDataCache:Display: Max Cache Size: 512 MB
[2017.03.19-14.48.10:059][  0]LogDerivedDataCache: Loaded boot cache 0.04s 50MB C:/Users/sh Kim/AppData/Local/UnrealEngine/4.15/DerivedDataCache/Boot.ddc.
[2017.03.19-14.48.10:059][  0]LogDerivedDataCache:Display: Loaded Boot cache: C:/Users/sh Kim/AppData/Local/UnrealEngine/4.15/DerivedDataCache/Boot.ddc
[2017.03.19-14.48.10:059][  0]LogDerivedDataCache: FDerivedDataBackendGraph:  Pak pak cache file ../../../../../../Users/sh Kim/Documents/GitHub/PrototypingBackup/nonamed/DerivedDataCache/DDC.ddp not found, will not use a pak cache.
[2017.03.19-14.48.10:059][  0]LogDerivedDataCache: Unable to find inner node Pak for hierarchical cache Hierarchy.
[2017.03.19-14.48.10:059][  0]LogDerivedDataCache: FDerivedDataBackendGraph:  CompressedPak pak cache file ../../../../../../Users/sh Kim/Documents/GitHub/PrototypingBackup/nonamed/DerivedDataCache/Compressed.ddp not found, will not use a pak cache.
[2017.03.19-14.48.10:059][  0]LogDerivedDataCache: Unable to find inner node CompressedPak for hierarchical cache Hierarchy.
[2017.03.19-14.48.10:074][  0]LogDerivedDataCache:Display: Pak cache opened for reading ../../../Engine/DerivedDataCache/Compressed.ddp.
[2017.03.19-14.48.10:085][  0]LogDerivedDataCache: Using Local data cache path C:/Users/sh Kim/AppData/Local/UnrealEngine/Common/DerivedDataCache: Writable
[2017.03.19-14.48.10:092][  0]LogSlate: Using Freetype 2.6.0
[2017.03.19-14.48.10:093][  0]LogSlate: SlateFontCache - WITH_FREETYPE: 1, WITH_HARFBUZZ: 1
[2017.03.19-14.48.10:093][  0]LogSlate: SlateFontCache - WITH_FREETYPE: 1, WITH_HARFBUZZ: 1
[2017.03.19-14.48.10:286][  0]LogInit: Selected Device Profile: [Windows]
[2017.03.19-14.48.10:288][  0]LogContentStreaming: Texture pool size is 0.00 MB
[2017.03.19-14.48.10:449][  0]LogMeshUtilities: Using QuadricMeshReduction for automatic static mesh reduction
[2017.03.19-14.48.10:484][  0]LogSimplygon: Simplygon DLL not present - disabling.
[2017.03.19-14.48.10:519][  0]LogMeshUtilities: Using SimplygonSwarm for distributed automatic mesh merging
[2017.03.19-14.48.10:519][  0]LogMeshUtilities: No automatic skeletal mesh reduction module available
[2017.03.19-14.48.10:519][  0]LogMeshUtilities: No automatic mesh merging module available
[2017.03.19-14.48.10:941][  0]LogNetVersion: GetLocalNetworkVersion: CL: 3299760, ProjectName: nonamed, ProjectVersion: , EngineNetworkVersion: 2, GameNetworkVersion: 0, NetworkChecksum: 1112449053
[2017.03.19-14.48.10:981][  0]LogAssetRegistry: FAssetRegistry took 0.0214 seconds to start up
[2017.03.19-14.48.11:011][  0]LogPackageLocalizationCache: Processed 3 localized package path(s) for 1 prioritized culture(s) in 0.011993 seconds
[2017.03.19-14.48.11:015][  0]LogUObjectArray: 32475 objects as part of root set at end of initial load.
[2017.03.19-14.48.11:015][  0]LogUObjectAllocator: 7073360 out of 0 bytes used by permanent object pool.
[2017.03.19-14.48.11:015][  0]LogUObjectArray: CloseDisregardForGC: 0/0 objects in disregard for GC pool
[2017.03.19-14.48.11:064][  0]LogInit: WinSock: version 1.1 (2.2), MaxSocks=32767, MaxUdp=65467
[2017.03.19-14.48.12:285][  0]LogTcpMessaging: Initializing TcpMessaging bridge
[2017.03.19-14.48.12:317][  0]LogUdpMessaging: Initializing bridge on interface 0.0.0.0:0 to multicast group 230.0.0.1:6666.
[2017.03.19-14.48.12:709][  0]LogMaterial: Uniform references updated for custom material expression Custom.
[2017.03.19-14.48.13:003][  0]SourceControl: Info Source control is disabled
[2017.03.19-14.48.13:004][  0]SourceControl: Info Source control is disabled
[2017.03.19-14.48.13:040][  0]SourceControl: Info Source control is disabled
[2017.03.19-14.48.13:075][  0]SourceControl: Info Source control is disabled
[2017.03.19-14.48.14:028][  0]LogEngine: Initializing Engine...
[2017.03.19-14.48.14:029][  0]LogHMD: Failed to initialize OpenVR with code 110
[2017.03.19-14.48.14:211][  0]LogAIModule: Creating AISystem for world Untitled
[2017.03.19-14.48.14:220][  0]LogInit: XAudio2 using '스피커(Realtek High Definition Audio)' : 2 channels at 48 kHz using 32 bits per sample (channel mask 0x3)
[2017.03.19-14.48.14:229][  0]LogInit: FAudioDevice initialized.
[2017.03.19-14.48.14:249][  0]LogDerivedDataCache: Saved boot cache 0.02s 50MB C:/Users/sh Kim/AppData/Local/UnrealEngine/4.15/DerivedDataCache/Boot.ddc.
[2017.03.19-14.48.14:254][  0]LogInit: Texture streaming: Enabled
[2017.03.19-14.48.14:327][  0]LogEngineSessionManager: EngineSessionManager initialized
[2017.03.19-14.48.14:327][  0]LogEngineSessionManager: EngineSessionManager sent abnormal shutdown report. Type=Crashed, SessionId={9E552D36-4575-F580-B03D-48967A203B7A}
[2017.03.19-14.48.14:327][  0]LogEngineSessionManager: EngineSessionManager sent abnormal shutdown report. Type=Crashed, SessionId={68AFC44F-4133-74FC-C670-92A073B1A702}
[2017.03.19-14.48.14:393][  0]LogInit: Transaction tracking system initialized
[2017.03.19-14.48.14:671][  0]BlueprintLog: New page: Editor Load
[2017.03.19-14.48.15:383][  0]LocalizationService: Info Localization service is disabled
[2017.03.19-14.48.15:910][  0]LogConsoleResponse:Display: 
[2017.03.19-14.48.16:015][  0]LogCook:Display: Max memory allowance for cook 16384mb min free memory 0mb
[2017.03.19-14.48.16:015][  0]LogCook:Display: Mobile HDR setting 1
[2017.03.19-14.48.16:494][  0]LogFileCache: Scanning file cache for directory 'C:/Users/sh Kim/Documents/GitHub/PrototypingBackup/nonamed/Content/' took 0.01s
[2017.03.19-14.48.16:802][  0]SourceControl: Info Source control is disabled
[2017.03.19-14.48.16:802][  0]Cmd: MAP LOAD FILE="../../../Engine/Content/Maps/Templates/Template_Default.umap" TEMPLATE=1 SHOWPROGRESS=1 FEATURELEVEL=3
[2017.03.19-14.48.16:802][  0]LightingResults: New page: Lighting Build
[2017.03.19-14.48.16:835][  0]MapCheck: New page: Map Check
[2017.03.19-14.48.16:835][  0]LightingResults: New page: Lighting Build
[2017.03.19-14.48.16:990][  0]LogAIModule: Creating AISystem for world Untitled_1
[2017.03.19-14.48.16:991][  0]LogActorComponent: RegisterComponentWithWorld: (/Temp/Untitled_1.Untitled_1:PersistentLevel.WorldSettings_1.StaticMeshComponent0) Trying to register component with IsPendingKill() == true. Aborting.
[2017.03.19-14.48.16:995][  0]LogEditorServer: Finished looking for orphan Actors (0.000 secs)
[2017.03.19-14.48.16:998][  0]Cmd: MAP CHECKDEP NOCLEARLOG
[2017.03.19-14.48.17:029][  0]MapCheck: Info Map check complete: 0 Error(s), 0 Warning(s), took 30.655ms to complete.
[2017.03.19-14.48.17:029][  0]LogFileHelpers: Loading map 'Template_Default' took 0.227
[2017.03.19-14.48.17:157][  0]LogWindowsTextInputMethodSystem:Display: IME system now activated using TSF (Microsoft 입력기).
[2017.03.19-14.48.17:290][  0]LogCollectionManager: Loaded 0 collections in 0.001374 seconds
[2017.03.19-14.48.17:386][  0]LogFileCache: Scanning file cache for directory 'C:/Users/sh Kim/Documents/GitHub/PrototypingBackup/nonamed/Saved/Collections/' took 0.01s
[2017.03.19-14.48.17:386][  0]LogFileCache: Scanning file cache for directory 'C:/Users/sh Kim/Documents/GitHub/PrototypingBackup/nonamed/Content/Developers/shKim/Collections/' took 0.01s
[2017.03.19-14.48.17:386][  0]LogFileCache: Scanning file cache for directory 'C:/Users/sh Kim/Documents/GitHub/PrototypingBackup/nonamed/Content/Collections/' took 0.01s
[2017.03.19-14.48.17:386][  0]LogCollectionManager: Rebuilt the GUID cache for 0 collections in 0.000001 seconds
[2017.03.19-14.48.17:393][  0]LogContentBrowser: Native class hierarchy populated in 0.0070 seconds. Added 2244 classes and 450 folders.
[2017.03.19-14.48.17:397][  0]LogStats: UGameplayTagsManager::ConstructGameplayTagTree: Construct from data asset -  0.000 s
[2017.03.19-14.48.17:397][  0]LogStats: UGameplayTagsManager::ConstructGameplayTagTree: GameplayTagTreeChangedEvent.Broadcast -  0.000 s
[2017.03.19-14.48.17:446][  0]LogContentBrowser: Native class hierarchy updated for 'WidgetCarousel' in 0.0004 seconds. Added 0 classes and 0 folders.
[2017.03.19-14.48.17:473][  0]LogContentBrowser: Native class hierarchy updated for 'AddContentDialog' in 0.0004 seconds. Added 0 classes and 0 folders.
[2017.03.19-14.48.17:518][  0]LogContentBrowser: Native class hierarchy updated for 'SceneOutliner' in 0.0004 seconds. Added 1 classes and 2 folders.
[2017.03.19-14.48.17:607][  0]LogCrashTracker: Crashtracker disabled due to settings.
[2017.03.19-14.48.17:614][  0]LogUObjectGlobals:Warning: Failed to find object 'Class None.'
[2017.03.19-14.48.17:670][  0]LogContentBrowser: Native class hierarchy updated for 'HierarchicalLODOutliner' in 0.0004 seconds. Added 1 classes and 2 folders.
[2017.03.19-14.48.17:671][  0]LogLoad: (Engine Initialization) Total time: 11.96 seconds
[2017.03.19-14.48.17:671][  0]LogLoad: (Engine Initialization) Total Blueprint compile time: 0.07 seconds
[2017.03.19-14.48.17:671][  0]LogExternalProfiler: No external profilers were discovered.  External profiling features will not be available.
[2017.03.19-14.48.17:683][  0]LogOcInput: OculusInput pre-init called
[2017.03.19-14.48.17:704][  0]LogContentStreaming: Texture pool size now 1000 MB
[2017.03.19-14.48.17:704][  0]LogSlate: Took 0.000171 seconds to synchronously load lazily loaded font '../../../Engine/Content/Slate/Fonts/Roboto-Regular.ttf' (155K)
[2017.03.19-14.48.17:707][  0]LogSlate: Took 0.000157 seconds to synchronously load lazily loaded font '../../../Engine/Content/Slate/Fonts/Roboto-Bold.ttf' (160K)
[2017.03.19-14.48.17:711][  0]LogSlate: Took 0.000154 seconds to synchronously load lazily loaded font '../../../Engine/Content/Editor/Slate/Fonts/FontAwesome.ttf' (139K)
[2017.03.19-14.48.17:810][  0]LogSlate: Took 0.000107 seconds to synchronously load lazily loaded font '../../../Engine/Content/Slate/Fonts/Roboto-Light.ttf' (159K)
[2017.03.19-14.48.17:851][  0]LogRenderer: Reallocating scene render targets to support 1208x564 NumSamples 1 (Frame:2).
[2017.03.19-14.48.17:909][  1]LogAssetRegistry: Asset discovery search completed in 6.9493 seconds
[2017.03.19-14.48.17:909][  1]LogCollectionManager: Rebuilt the object cache for 0 collections in 0.000005 seconds (found 0 objects)
[2017.03.19-14.48.17:909][  1]LogCollectionManager: Fixed up redirectors for 0 collections in 0.000021 seconds (updated 0 objects)
[2017.03.19-14.48.18:706][ 91]LogSlate: Took 0.000176 seconds to synchronously load lazily loaded font '../../../Engine/Content/Slate/Fonts/Roboto-Light.ttf' (159K)
[2017.03.19-14.48.24:276][545]LogBlueprint:Warning: [PlayerBP] 'NearestOverlappingActor' variable not found. Base class was probably changed.
[2017.03.19-14.48.24:276][545]LogBlueprint:Warning: [PlayerBP] 'NearestOverlap' variable not found. Base class was probably changed.
[2017.03.19-14.48.24:276][545]LogBlueprint:Warning: [PlayerBP] 'NearestOverlap' variable not found. Base class was probably changed.
[2017.03.19-14.48.24:276][545]LogBlueprint:Warning: [PlayerBP] 'NearestOverlap' variable not found. Base class was probably changed.
[2017.03.19-14.48.24:277][545]LogBlueprint:Warning: [PlayerBP] 'NearestOverlappingActor' variable not found. Base class was probably changed.
[2017.03.19-14.48.24:277][545]LogBlueprint:Warning: [PlayerBP] 'NearestOverlappingActor' variable not found. Base class was probably changed.
[2017.03.19-14.48.24:853][545]LogSlate: Took 0.000115 seconds to synchronously load lazily loaded font '../../../Engine/Content/Slate/Fonts/Roboto-Light.ttf' (159K)
[2017.03.19-14.48.25:185][545]LogClass:Warning: Enum '/Game/KY_MagicEffects02/DemoRoomData/Blueprints/BP_DemoDisplay_Enum.BP_DemoDisplay_Enum' was upgraded to use FText to store its display name data. Please re-save this asset to avoid issues with localization and determinstic cooking.
[2017.03.19-14.48.25:188][545]LogEnum:Warning: Enum name collision: 'BP_DemoDisplay_Enum::ROund' is in both '/Game/KY_MagicEffects03/DemoRoomData/Blueprints/BP_DemoDisplay_Enum.BP_DemoDisplay_Enum' and '/Game/KY_MagicEffects02/DemoRoomData/Blueprints/BP_DemoDisplay_Enum.BP_DemoDisplay_Enum'
[2017.03.19-14.48.25:188][545]LogEnum:Warning: Enum name collision: 'BP_DemoDisplay_Enum::SquareL' is in both '/Game/KY_MagicEffects03/DemoRoomData/Blueprints/BP_DemoDisplay_Enum.BP_DemoDisplay_Enum' and '/Game/KY_MagicEffects02/DemoRoomData/Blueprints/BP_DemoDisplay_Enum.BP_DemoDisplay_Enum'
[2017.03.19-14.48.25:188][545]LogEnum:Warning: Enum name collision: 'BP_DemoDisplay_Enum::RoomL' is in both '/Game/KY_MagicEffects03/DemoRoomData/Blueprints/BP_DemoDisplay_Enum.BP_DemoDisplay_Enum' and '/Game/KY_MagicEffects02/DemoRoomData/Blueprints/BP_DemoDisplay_Enum.BP_DemoDisplay_Enum'
[2017.03.19-14.48.25:188][545]LogEnum:Warning: Enum name collision: 'BP_DemoDisplay_Enum::DescriptionOnly' is in both '/Game/KY_MagicEffects03/DemoRoomData/Blueprints/BP_DemoDisplay_Enum.BP_DemoDisplay_Enum' and '/Game/KY_MagicEffects02/DemoRoomData/Blueprints/BP_DemoDisplay_Enum.BP_DemoDisplay_Enum'
[2017.03.19-14.48.25:188][545]LogEnum:Warning: Enum name collision: 'BP_DemoDisplay_Enum::NewEnumerator0' is in both '/Game/KY_MagicEffects03/DemoRoomData/Blueprints/BP_DemoDisplay_Enum.BP_DemoDisplay_Enum' and '/Game/KY_MagicEffects02/DemoRoomData/Blueprints/BP_DemoDisplay_Enum.BP_DemoDisplay_Enum'
[2017.03.19-14.48.25:188][545]LogEnum:Warning: Enum name collision: 'BP_DemoDisplay_Enum::BP_DemoDisplay_MAX' is in both '/Game/KY_MagicEffects03/DemoRoomData/Blueprints/BP_DemoDisplay_Enum.BP_DemoDisplay_Enum' and '/Game/KY_MagicEffects02/DemoRoomData/Blueprints/BP_DemoDisplay_Enum.BP_DemoDisplay_Enum'
[2017.03.19-14.48.25:188][545]LogEnum:Warning: Enum name collision: 'BP_DemoDisplay_Enum::ROund' is in both '/Game/KY_MagicEffects03/DemoRoomData/Blueprints/BP_DemoDisplay_Enum.BP_DemoDisplay_Enum' and '/Game/KY_MagicEffects02/DemoRoomData/Blueprints/BP_DemoDisplay_Enum.BP_DemoDisplay_Enum'
[2017.03.19-14.48.25:188][545]LogEnum:Warning: Enum name collision: 'BP_DemoDisplay_Enum::SquareL' is in both '/Game/KY_MagicEffects03/DemoRoomData/Blueprints/BP_DemoDisplay_Enum.BP_DemoDisplay_Enum' and '/Game/KY_MagicEffects02/DemoRoomData/Blueprints/BP_DemoDisplay_Enum.BP_DemoDisplay_Enum'
[2017.03.19-14.48.25:188][545]LogEnum:Warning: Enum name collision: 'BP_DemoDisplay_Enum::RoomL' is in both '/Game/KY_MagicEffects03/DemoRoomData/Blueprints/BP_DemoDisplay_Enum.BP_DemoDisplay_Enum' and '/Game/KY_MagicEffects02/DemoRoomData/Blueprints/BP_DemoDisplay_Enum.BP_DemoDisplay_Enum'
[2017.03.19-14.48.25:188][545]LogEnum:Warning: Enum name collision: 'BP_DemoDisplay_Enum::DescriptionOnly' is in both '/Game/KY_MagicEffects03/DemoRoomData/Blueprints/BP_DemoDisplay_Enum.BP_DemoDisplay_Enum' and '/Game/KY_MagicEffects02/DemoRoomData/Blueprints/BP_DemoDisplay_Enum.BP_DemoDisplay_Enum'
[2017.03.19-14.48.25:188][545]LogEnum:Warning: Enum name collision: 'BP_DemoDisplay_Enum::NewEnumerator0' is in both '/Game/KY_MagicEffects03/DemoRoomData/Blueprints/BP_DemoDisplay_Enum.BP_DemoDisplay_Enum' and '/Game/KY_MagicEffects02/DemoRoomData/Blueprints/BP_DemoDisplay_Enum.BP_DemoDisplay_Enum'
[2017.03.19-14.48.25:188][545]LogClass:Warning: Enum '/Game/KY_MagicEffects03/DemoRoomData/Blueprints/BP_DemoDisplay_Enum.BP_DemoDisplay_Enum' was upgraded to use FText to store its display name data. Please re-save this asset to avoid issues with localization and determinstic cooking.
[2017.03.19-14.48.25:189][545]LogEnum:Warning: Enum name collision: 'BP_DemoRoom_Enum::Standard' is in both '/Game/KY_MagicEffects03/DemoRoomData/Blueprints/BP_DemoRoom_Enum.BP_DemoRoom_Enum' and '/Game/KY_MagicEffects02/DemoRoomData/Blueprints/BP_DemoRoom_Enum.BP_DemoRoom_Enum'
[2017.03.19-14.48.25:189][545]LogEnum:Warning: Enum name collision: 'BP_DemoRoom_Enum::RoofwithHole' is in both '/Game/KY_MagicEffects03/DemoRoomData/Blueprints/BP_DemoRoom_Enum.BP_DemoRoom_Enum' and '/Game/KY_MagicEffects02/DemoRoomData/Blueprints/BP_DemoRoom_Enum.BP_DemoRoom_Enum'
[2017.03.19-14.48.25:189][545]LogEnum:Warning: Enum name collision: 'BP_DemoRoom_Enum::RoofOpen' is in both '/Game/KY_MagicEffects03/DemoRoomData/Blueprints/BP_DemoRoom_Enum.BP_DemoRoom_Enum' and '/Game/KY_MagicEffects02/DemoRoomData/Blueprints/BP_DemoRoom_Enum.BP_DemoRoom_Enum'
[2017.03.19-14.48.25:189][545]LogEnum:Warning: Enum name collision: 'BP_DemoRoom_Enum::BP_DemoRoom_MAX' is in both '/Game/KY_MagicEffects03/DemoRoomData/Blueprints/BP_DemoRoom_Enum.BP_DemoRoom_Enum' and '/Game/KY_MagicEffects02/DemoRoomData/Blueprints/BP_DemoRoom_Enum.BP_DemoRoom_Enum'
[2017.03.19-14.48.25:189][545]LogEnum:Warning: Enum name collision: 'BP_DemoRoom_Enum::Standard' is in both '/Game/KY_MagicEffects03/DemoRoomData/Blueprints/BP_DemoRoom_Enum.BP_DemoRoom_Enum' and '/Game/KY_MagicEffects02/DemoRoomData/Blueprints/BP_DemoRoom_Enum.BP_DemoRoom_Enum'
[2017.03.19-14.48.25:189][545]LogEnum:Warning: Enum name collision: 'BP_DemoRoom_Enum::RoofwithHole' is in both '/Game/KY_MagicEffects03/DemoRoomData/Blueprints/BP_DemoRoom_Enum.BP_DemoRoom_Enum' and '/Game/KY_MagicEffects02/DemoRoomData/Blueprints/BP_DemoRoom_Enum.BP_DemoRoom_Enum'
[2017.03.19-14.48.25:189][545]LogEnum:Warning: Enum name collision: 'BP_DemoRoom_Enum::RoofOpen' is in both '/Game/KY_MagicEffects03/DemoRoomData/Blueprints/BP_DemoRoom_Enum.BP_DemoRoom_Enum' and '/Game/KY_MagicEffects02/DemoRoomData/Blueprints/BP_DemoRoom_Enum.BP_DemoRoom_Enum'
[2017.03.19-14.48.25:269][545]LogContentBrowser: Native class hierarchy updated for 'BlueprintGraph' in 0.0007 seconds. Added 112 classes and 0 folders.
[2017.03.19-14.48.28:090][650]LogAIModule: Creating AISystem for world L_Battle_Stage
[2017.03.19-14.48.28:155][650]Cmd: MAP LOAD FILE="../../../../../../Users/sh Kim/Documents/GitHub/PrototypingBackup/nonamed/Content/L_Battle_Stage.umap" TEMPLATE=0 SHOWPROGRESS=1 FEATURELEVEL=3
[2017.03.19-14.48.28:156][650]LightingResults: New page: Lighting Build
[2017.03.19-14.48.28:157][650]LoadErrors: New page: Loading map: L_Battle_Stage.umap
[2017.03.19-14.48.28:157][650]MapCheck: New page: Map Check
[2017.03.19-14.48.28:157][650]LightingResults: New page: Lighting Build
[2017.03.19-14.48.28:279][650]LogEditorServer: Finished looking for orphan Actors (0.000 secs)
[2017.03.19-14.48.28:313][650]Cmd: MAP CHECKDEP NOCLEARLOG
[2017.03.19-14.48.28:356][650]MapCheck: Info Map check complete: 0 Error(s), 0 Warning(s), took 43.032ms to complete.
[2017.03.19-14.48.28:357][650]LogFileHelpers: Loading map 'L_Battle_Stage' took 0.202
[2017.03.19-14.48.29:425][733]LogSlate: Took 0.000205 seconds to synchronously load lazily loaded font '../../../Engine/Content/Editor/Slate/Fonts/Roboto-BoldCondensed.ttf' (158K)
[2017.03.19-14.48.31:876][858]LogAIModule: Creating AISystem for world NewWorld
[2017.03.19-14.48.31:895][858]Cmd: MAP LOAD FILE="../../../../../../Users/sh Kim/Documents/GitHub/PrototypingBackup/nonamed/Content/NewWorld.umap" TEMPLATE=0 SHOWPROGRESS=1 FEATURELEVEL=3
[2017.03.19-14.48.31:895][858]LightingResults: New page: Lighting Build
[2017.03.19-14.48.31:897][858]LoadErrors: New page: Loading map: NewWorld.umap
[2017.03.19-14.48.31:898][858]MapCheck: New page: Map Check
[2017.03.19-14.48.31:898][858]LightingResults: New page: Lighting Build
[2017.03.19-14.48.31:982][858]LogEditorServer: Finished looking for orphan Actors (0.000 secs)
[2017.03.19-14.48.32:017][858]Cmd: MAP CHECKDEP NOCLEARLOG
[2017.03.19-14.48.32:059][858]MapCheck: Info Map check complete: 0 Error(s), 0 Warning(s), took 42.95ms to complete.
[2017.03.19-14.48.32:059][858]LogFileHelpers: Loading map 'NewWorld' took 0.166
[2017.03.19-14.48.59:499][ 22]Cmd: OBJ SAVEPACKAGE PACKAGE="/Game/Actor_Blueprint" FILE="../../../../../../Users/sh Kim/Documents/GitHub/PrototypingBackup/nonamed/Content/Actor_Blueprint.uasset" SILENT=true
[2017.03.19-14.48.59:553][ 22]LogSavePackage: Save=19.78ms
[2017.03.19-14.48.59:553][ 22]LogSavePackage: Moving '../../../../../../Users/sh Kim/Documents/GitHub/PrototypingBackup/nonamed/Saved/Actor_Blueprint96B06B2948B4C80D40B6D09DBB48A7C4.tmp' to '../../../../../../Users/sh Kim/Documents/GitHub/PrototypingBackup/nonamed/Content/Actor_Blueprint.uasset'
[2017.03.19-14.48.59:555][ 22]LogSavePackage:Display: Finished SavePackage ../../../../../../Users/sh Kim/Documents/GitHub/PrototypingBackup/nonamed/Content/Actor_Blueprint.uasset
[2017.03.19-14.49.01:273][171]LogTemp: Repeting last play command: Selected Viewport
[2017.03.19-14.49.01:309][171]LogPlayLevel: PlayLevel: No blueprints needed recompiling
[2017.03.19-14.49.01:309][171]PIE: New page: PIE session: NewWorld (Mar 20, 2017, 8:49:01 AM)
[2017.03.19-14.49.01:309][171]LogPlayLevel: Creating play world package: /Game/UEDPIE_0_NewWorld
[2017.03.19-14.49.01:309][171]LogPlayLevel: PIE: StaticDuplicateObject took: (0.000491s)
[2017.03.19-14.49.01:310][171]LogAIModule: Creating AISystem for world NewWorld
[2017.03.19-14.49.01:310][171]LogPlayLevel: PIE: World Init took: (0.000507s)
[2017.03.19-14.49.01:310][171]LogPlayLevel: PIE: Created PIE world by copying editor world from /Game/NewWorld.NewWorld to /Game/UEDPIE_0_NewWorld.NewWorld (0.001227s)
[2017.03.19-14.49.01:328][171]LogInit: XAudio2 using '스피커(Realtek High Definition Audio)' : 2 channels at 48 kHz using 32 bits per sample (channel mask 0x3)
[2017.03.19-14.49.01:335][171]LogInit: FAudioDevice initialized.
[2017.03.19-14.49.01:381][171]LogLoad: Game class is 'GameModeBase'
[2017.03.19-14.49.01:383][171]LogWorld: Bringing World /Game/UEDPIE_0_NewWorld.NewWorld up for play (max tick rate 0) at 2017.03.19-23.49.01
[2017.03.19-14.49.01:383][171]LogWorld: Bringing up level for play took: 0.000541
[2017.03.19-14.49.01:417][171]LogContentBrowser: Native class hierarchy updated for 'MovieSceneCapture' in 0.0005 seconds. Added 11 classes and 0 folders.
[2017.03.19-14.49.01:418][171]LogBlueprintUserMessages: [Actor_Blueprint] 0
[2017.03.19-14.49.01:418][171]LogBlueprintUserMessages: [Actor_Blueprint] 1
[2017.03.19-14.49.01:418][171]LogBlueprintUserMessages: [Actor_Blueprint] 2
[2017.03.19-14.49.01:418][171]LogBlueprintUserMessages: [Actor_Blueprint] 0
[2017.03.19-14.49.01:418][171]LogBlueprintUserMessages: [Actor_Blueprint] 0
[2017.03.19-14.49.01:418][171]LogBlueprintUserMessages: [Actor_Blueprint] 0
[2017.03.19-14.49.01:418][171]LogBlueprintUserMessages: [Actor_Blueprint] 0
[2017.03.19-14.49.01:418][171]LogBlueprintUserMessages: [Actor_Blueprint] 0
[2017.03.19-14.49.01:418][171]LogBlueprintUserMessages: [Actor_Blueprint] 0
[2017.03.19-14.49.01:418][171]LogBlueprintUserMessages: [Actor_Blueprint] 0
[2017.03.19-14.49.01:418][171]LogBlueprintDebug:Warning: Hit breakpoint on node 'CallFunc_PrintString', from offset 15
[2017.03.19-14.49.01:418][171]LogBlueprintDebug: 
Script call stack:
	Function /Game/Actor_Blueprint.Actor_Blueprint_C:ReceiveBeginPlay
	Function /Game/Actor_Blueprint.Actor_Blueprint_C:ExecuteUbergraph_Actor_Blueprint

[2017.03.19-14.49.22:873][171]LogBlueprintUserMessages: [Actor_Blueprint] Hello
[2017.03.19-14.49.22:873][171]PIE: Info Play in editor start time for /Game/UEDPIE_0_NewWorld 22.078
[2017.03.19-14.49.26:391][450]LogTemp: Repeting last play command: Selected Viewport
[2017.03.19-14.49.26:416][450]BlueprintLog: New page: Pre-Play auto-recompile
[2017.03.19-14.49.26:416][450]LogPlayLevel: [PlayLevel] Compiling Actor_Blueprint before play...
[2017.03.19-14.49.26:511][450]LogPlayLevel: PlayLevel: Blueprint regeneration took 95 ms (1 blueprints)
[2017.03.19-14.49.26:511][450]PIE: New page: PIE session: NewWorld (Mar 20, 2017, 8:49:26 AM)
[2017.03.19-14.49.26:511][450]LogPlayLevel: Creating play world package: /Game/UEDPIE_0_NewWorld
[2017.03.19-14.49.26:512][450]LogPlayLevel: PIE: StaticDuplicateObject took: (0.000547s)
[2017.03.19-14.49.26:512][450]LogAIModule: Creating AISystem for world NewWorld
[2017.03.19-14.49.26:512][450]LogPlayLevel: PIE: World Init took: (0.000567s)
[2017.03.19-14.49.26:513][450]LogPlayLevel: PIE: Created PIE world by copying editor world from /Game/NewWorld.NewWorld to /Game/UEDPIE_0_NewWorld.NewWorld (0.001419s)
[2017.03.19-14.49.26:530][450]LogInit: XAudio2 using '스피커(Realtek High Definition Audio)' : 2 channels at 48 kHz using 32 bits per sample (channel mask 0x3)
[2017.03.19-14.49.26:536][450]LogInit: FAudioDevice initialized.
[2017.03.19-14.49.26:566][450]LogLoad: Game class is 'GameModeBase'
[2017.03.19-14.49.26:568][450]LogWorld: Bringing World /Game/UEDPIE_0_NewWorld.NewWorld up for play (max tick rate 0) at 2017.03.19-23.49.26
[2017.03.19-14.49.26:569][450]LogWorld: Bringing up level for play took: 0.001164
[2017.03.19-14.49.26:569][450]LogBlueprintUserMessages: [Actor_Blueprint] 0
[2017.03.19-14.49.26:569][450]LogBlueprintUserMessages: [Actor_Blueprint] 0
[2017.03.19-14.49.26:570][450]LogBlueprintUserMessages: [Actor_Blueprint] 0
[2017.03.19-14.49.26:570][450]LogBlueprintUserMessages: [Actor_Blueprint] 0
[2017.03.19-14.49.26:570][450]LogBlueprintUserMessages: [Actor_Blueprint] 0
[2017.03.19-14.49.26:570][450]LogBlueprintUserMessages: [Actor_Blueprint] 0
[2017.03.19-14.49.26:570][450]LogBlueprintUserMessages: [Actor_Blueprint] 0
[2017.03.19-14.49.26:570][450]LogBlueprintUserMessages: [Actor_Blueprint] 0
[2017.03.19-14.49.26:570][450]LogBlueprintUserMessages: [Actor_Blueprint] 0
[2017.03.19-14.49.26:570][450]LogBlueprintUserMessages: [Actor_Blueprint] 0
[2017.03.19-14.49.26:570][450]LogBlueprintDebug:Warning: Hit breakpoint on node 'CallFunc_PrintString', from offset 15
[2017.03.19-14.49.26:570][450]LogBlueprintDebug: 
Script call stack:
	Function /Game/Actor_Blueprint.Actor_Blueprint_C:ReceiveBeginPlay
	Function /Game/Actor_Blueprint.Actor_Blueprint_C:ExecuteUbergraph_Actor_Blueprint

[2017.03.19-14.49.32:290][450]LogBlueprintUserMessages: [Actor_Blueprint] Hello
[2017.03.19-14.49.32:290][450]PIE: Info Play in editor start time for /Game/UEDPIE_0_NewWorld 5.495
[2017.03.19-14.49.51:785][692]Cmd: OBJ SAVEPACKAGE PACKAGE="/Game/NewWorld" FILE="../../../../../../Users/sh Kim/Documents/GitHub/PrototypingBackup/nonamed/Content/NewWorld.umap" SILENT=true AUTOSAVING=false KEEPDIRTY=false
[2017.03.19-14.49.51:840][692]LogSavePackage: Save=9.19ms
[2017.03.19-14.49.51:840][692]LogSavePackage: Moving '../../../../../../Users/sh Kim/Documents/GitHub/PrototypingBackup/nonamed/Saved/NewWorld70C76722454743E304FFCDA4654E8776.tmp' to '../../../../../../Users/sh Kim/Documents/GitHub/PrototypingBackup/nonamed/Content/NewWorld.umap'
[2017.03.19-14.49.51:842][692]LogSavePackage:Display: Finished SavePackage ../../../../../../Users/sh Kim/Documents/GitHub/PrototypingBackup/nonamed/Content/NewWorld.umap
[2017.03.19-14.49.51:876][692]LogFileHelpers: Saving map 'NewWorld' took 0.138
[2017.03.19-14.49.51:879][692]Cmd: OBJ SAVEPACKAGE PACKAGE="/Game/Actor_Blueprint" FILE="../../../../../../Users/sh Kim/Documents/GitHub/PrototypingBackup/nonamed/Content/Actor_Blueprint.uasset" SILENT=true
[2017.03.19-14.49.51:932][692]LogSavePackage: Save=19.89ms
[2017.03.19-14.49.51:932][692]LogSavePackage: Moving '../../../../../../Users/sh Kim/Documents/GitHub/PrototypingBackup/nonamed/Saved/Actor_BlueprintBBA206D642EE74B18EAE7E905E6F26A6.tmp' to '../../../../../../Users/sh Kim/Documents/GitHub/PrototypingBackup/nonamed/Content/Actor_Blueprint.uasset'
[2017.03.19-14.49.51:934][692]LogSavePackage:Display: Finished SavePackage ../../../../../../Users/sh Kim/Documents/GitHub/PrototypingBackup/nonamed/Content/Actor_Blueprint.uasset
[2017.03.19-14.49.53:032][765]LogSlate: Took 0.002226 seconds to synchronously load lazily loaded font '../../../Engine/Content/Slate/Fonts/DroidSansFallback.ttf' (3848K)
[2017.03.19-14.49.53:035][765]LogSlate: Took 0.000145 seconds to synchronously load lazily loaded font '../../../Engine/Content/Editor/Slate/Fonts/Roboto-Italic.ttf' (157K)
[2017.03.19-14.49.54:339][846]LogSlate: Took 0.000123 seconds to synchronously load lazily loaded font '../../../Engine/Content/Editor/Slate/Fonts/DroidSansMono.ttf' (77K)
[2017.03.19-14.50.02:189][355]LogAIModule: Creating AISystem for world L_Battle_Stage
[2017.03.19-14.50.02:231][355]Cmd: MAP LOAD FILE="../../../../../../Users/sh Kim/Documents/GitHub/PrototypingBackup/nonamed/Content/L_Battle_Stage.umap" TEMPLATE=0 SHOWPROGRESS=1 FEATURELEVEL=3
[2017.03.19-14.50.02:232][355]LightingResults: New page: Lighting Build
[2017.03.19-14.50.02:233][355]LoadErrors: New page: Loading map: L_Battle_Stage.umap
[2017.03.19-14.50.02:233][355]MapCheck: New page: Map Check
[2017.03.19-14.50.02:234][355]LightingResults: New page: Lighting Build
[2017.03.19-14.50.02:405][355]LogEditorServer: Finished looking for orphan Actors (0.000 secs)
[2017.03.19-14.50.02:440][355]Cmd: MAP CHECKDEP NOCLEARLOG
[2017.03.19-14.50.02:486][355]MapCheck: Info Map check complete: 0 Error(s), 0 Warning(s), took 46.068ms to complete.
[2017.03.19-14.50.02:486][355]LogFileHelpers: Loading map 'L_Battle_Stage' took 0.256
[2017.03.19-14.50.07:935][614]LogSavePackage: Save=149.93ms
[2017.03.19-14.50.07:935][614]LogSavePackage: Moving '../../../../../../Users/sh Kim/Documents/GitHub/PrototypingBackup/nonamed/Saved/L_Battle_StageFE11C6F348633442BE9C82BA723353D2.tmp' to '../../../../../../Users/sh Kim/Documents/GitHub/PrototypingBackup/nonamed/Content/L_Battle_Stage.umap'
[2017.03.19-14.50.07:936][614]LogSavePackage:Display: Finished SavePackage ../../../../../../Users/sh Kim/Documents/GitHub/PrototypingBackup/nonamed/Content/L_Battle_Stage.umap
[2017.03.19-14.50.07:973][614]Cmd: OBJ SAVEPACKAGE PACKAGE="/Game/L_Battle_Stage_BuiltData" FILE="../../../../../../Users/sh Kim/Documents/GitHub/PrototypingBackup/nonamed/Content/L_Battle_Stage_BuiltData.uasset" SILENT=true
[2017.03.19-14.50.08:068][614]LogSavePackage: Save=64.17ms
[2017.03.19-14.50.08:068][614]LogSavePackage: Moving '../../../../../../Users/sh Kim/Documents/GitHub/PrototypingBackup/nonamed/Saved/L_Battle_Stage_BuiltData5A3755E24F221D8CBCC440AC87A43422.tmp' to '../../../../../../Users/sh Kim/Documents/GitHub/PrototypingBackup/nonamed/Content/L_Battle_Stage_BuiltData.uasset'
[2017.03.19-14.50.08:069][614]LogSavePackage:Display: Finished SavePackage ../../../../../../Users/sh Kim/Documents/GitHub/PrototypingBackup/nonamed/Content/L_Battle_Stage_BuiltData.uasset
[2017.03.19-14.51.06:792][326]Cmd: OBJ SAVEPACKAGE PACKAGE="/Game/MyGameBase" FILE="../../../../../../Users/sh Kim/Documents/GitHub/PrototypingBackup/nonamed/Content/MyGameBase.uasset" SILENT=true
[2017.03.19-14.51.06:863][326]LogSavePackage: Save=33.66ms
[2017.03.19-14.51.06:864][326]LogSavePackage: Moving '../../../../../../Users/sh Kim/Documents/GitHub/PrototypingBackup/nonamed/Saved/MyGameBaseC72B94FF46D40C1FAEEDBFBA3CDF5FD9.tmp' to '../../../../../../Users/sh Kim/Documents/GitHub/PrototypingBackup/nonamed/Content/MyGameBase.uasset'
[2017.03.19-14.51.06:865][326]LogSavePackage:Display: Finished SavePackage ../../../../../../Users/sh Kim/Documents/GitHub/PrototypingBackup/nonamed/Content/MyGameBase.uasset
[2017.03.19-14.52.36:794][268]Cmd: OBJ SAVEPACKAGE PACKAGE="/Game/MyGameBase" FILE="../../../../../../Users/sh Kim/Documents/GitHub/PrototypingBackup/nonamed/Content/MyGameBase.uasset" SILENT=true
[2017.03.19-14.52.36:863][268]LogSavePackage: Save=35.18ms
[2017.03.19-14.52.36:863][268]LogSavePackage: Moving '../../../../../../Users/sh Kim/Documents/GitHub/PrototypingBackup/nonamed/Saved/MyGameBase399AA218473C07162F0338822FFAF414.tmp' to '../../../../../../Users/sh Kim/Documents/GitHub/PrototypingBackup/nonamed/Content/MyGameBase.uasset'
[2017.03.19-14.52.36:865][268]LogSavePackage:Display: Finished SavePackage ../../../../../../Users/sh Kim/Documents/GitHub/PrototypingBackup/nonamed/Content/MyGameBase.uasset
[2017.03.19-15.04.52:163][103]Cmd: OBJ SAVEPACKAGE PACKAGE="/Game/MyGameBase" FILE="../../../../../../Users/sh Kim/Documents/GitHub/PrototypingBackup/nonamed/Content/MyGameBase.uasset" SILENT=true
[2017.03.19-15.04.52:221][103]LogSavePackage: Save=21.69ms
[2017.03.19-15.04.52:222][103]LogSavePackage: Moving '../../../../../../Users/sh Kim/Documents/GitHub/PrototypingBackup/nonamed/Saved/MyGameBase11F168A241A7C7B6B1C8CA84F695972E.tmp' to '../../../../../../Users/sh Kim/Documents/GitHub/PrototypingBackup/nonamed/Content/MyGameBase.uasset'
[2017.03.19-15.04.52:224][103]LogSavePackage:Display: Finished SavePackage ../../../../../../Users/sh Kim/Documents/GitHub/PrototypingBackup/nonamed/Content/MyGameBase.uasset
[2017.03.19-15.05.05:342][418]LogSlate: Took 0.000187 seconds to synchronously load lazily loaded font '../../../Engine/Content/Editor/Slate/Fonts/Roboto-BoldCondensedItalic.ttf' (160K)
[2017.03.19-15.05.30:210][724]Cmd: OBJ SAVEPACKAGE PACKAGE="/Game/MyGameBase" FILE="../../../../../../Users/sh Kim/Documents/GitHub/PrototypingBackup/nonamed/Content/MyGameBase.uasset" SILENT=true
[2017.03.19-15.05.30:261][724]LogSavePackage: Save=18.78ms
[2017.03.19-15.05.30:261][724]LogSavePackage: Moving '../../../../../../Users/sh Kim/Documents/GitHub/PrototypingBackup/nonamed/Saved/MyGameBase7C119B394E2CCF6C308495A3BFB39B11.tmp' to '../../../../../../Users/sh Kim/Documents/GitHub/PrototypingBackup/nonamed/Content/MyGameBase.uasset'
[2017.03.19-15.05.30:264][724]LogSavePackage:Display: Finished SavePackage ../../../../../../Users/sh Kim/Documents/GitHub/PrototypingBackup/nonamed/Content/MyGameBase.uasset
[2017.03.19-15.05.34:239][ 67]LogTemp: Dropped groundingUnit on Category Components
[2017.03.19-15.05.58:957][774]LogFileHelpers: Editor autosave (incl. sublevels) for '/Game/L_Battle_Stage' took 0.014
[2017.03.19-15.05.58:959][774]OBJ SavePackage: Generating thumbnails for [0] asset(s) in package [/Game/MyGameBase] ([1] browsable assets)...
[2017.03.19-15.05.58:959][774]OBJ SavePackage: Finished generating thumbnails for package [/Game/MyGameBase]
[2017.03.19-15.05.58:959][774]Cmd: OBJ SAVEPACKAGE PACKAGE="/Game/MyGameBase" FILE="../../../../../../Users/sh Kim/Documents/GitHub/PrototypingBackup/nonamed/Saved/Autosaves/Game/MyGameBase_Auto1.uasset" SILENT=false AUTOSAVING=true
[2017.03.19-15.05.59:012][774]LogSavePackage: Save=19.07ms
[2017.03.19-15.05.59:012][774]LogSavePackage: Moving '../../../../../../Users/sh Kim/Documents/GitHub/PrototypingBackup/nonamed/Saved/MyGameBase_Auto199F7259A42D7DD65963A7F82D7AA1C5D.tmp' to '../../../../../../Users/sh Kim/Documents/GitHub/PrototypingBackup/nonamed/Saved/Autosaves/Game/MyGameBase_Auto1.uasset'
[2017.03.19-15.05.59:014][774]LogSavePackage:Display: Finished SavePackage ../../../../../../Users/sh Kim/Documents/GitHub/PrototypingBackup/nonamed/Saved/Autosaves/Game/MyGameBase_Auto1.uasset
[2017.03.19-15.05.59:014][774]LogFileHelpers: Auto-saving content packages took 0.056
[2017.03.19-15.06.05:065][308]Cmd: OBJ SAVEPACKAGE PACKAGE="/Game/MyGameBase" FILE="../../../../../../Users/sh Kim/Documents/GitHub/PrototypingBackup/nonamed/Content/MyGameBase.uasset" SILENT=true
[2017.03.19-15.06.05:117][308]LogSavePackage: Save=18.87ms
[2017.03.19-15.06.05:117][308]LogSavePackage: Moving '../../../../../../Users/sh Kim/Documents/GitHub/PrototypingBackup/nonamed/Saved/MyGameBase2E2C08754C49BE31462AAB99B5C73A93.tmp' to '../../../../../../Users/sh Kim/Documents/GitHub/PrototypingBackup/nonamed/Content/MyGameBase.uasset'
[2017.03.19-15.06.05:119][308]LogSavePackage:Display: Finished SavePackage ../../../../../../Users/sh Kim/Documents/GitHub/PrototypingBackup/nonamed/Content/MyGameBase.uasset
