Log file open, 03/18/17 19:46:08
LogInit:Display: Running engine for game: nonamed
LogPlatformFile: Not using cached read wrapper
LogInit:Display: RandInit(1742370856) SRandInit(1742370856).
LogTaskGraph: Started task graph with 5 named threads and 8 total threads with 1 sets of task threads.
LogStats: Stats thread started at 0.073454
LogInit: Using libcurl 7.47.1
LogInit:  - built for x86_64-pc-win32
LogInit:  - supports SSL with OpenSSL/1.0.2g
LogInit:  - supports HTTP deflate (compression) using libz 1.2.8
LogInit:  - other features:
LogInit:      CURL_VERSION_SSL
LogInit:      CURL_VERSION_LIBZ
LogInit:      CURL_VERSION_IPV6
LogInit:      CURL_VERSION_ASYNCHDNS
LogInit:      CURL_VERSION_LARGEFILE
LogInit:      CURL_VERSION_IDN
LogInit:  CurlRequestOptions (configurable via config and command line):
LogInit:  - bVerifyPeer = false  - Libcurl will NOT verify peer certificate
LogInit:  - bUseHttpProxy = false  - Libcurl will NOT use HTTP proxy
LogInit:  - bDontReuseConnections = false  - Libcurl will reuse connections
LogInit:  - CertBundlePath = nullptr  - Libcurl will use whatever was configured at build time.
LogInit: Build: ++UE4+Release-4.15-CL-3299760
LogInit: Engine Version: 4.15.0-3299760+++UE4+Release-4.15
LogInit: Compatible Engine Version: 4.15.0-3299760+++UE4+Release-4.15
LogInit: Net CL: 3299760
LogDevObjectVersion: Number of dev versions registered: 14
LogDevObjectVersion:   Dev-Blueprints (B0D832E4-1F89-4F0D-ACCF-7EB736FD4AA2): 8
LogDevObjectVersion:   Dev-Build (E1C64328-A22C-4D53-A36C-8E866417BD8C): 0
LogDevObjectVersion:   Dev-Core (375EC13C-06E4-48FB-B500-84F0262A717E): 2
LogDevObjectVersion:   Dev-Editor (E4B068ED-F494-42E9-A231-DA0B2E46BB41): 14
LogDevObjectVersion:   Dev-Framework (CFFC743F-43B0-4480-9391-14DF171D2073): 22
LogDevObjectVersion:   Dev-Mobile (B02B49B5-BB20-44E9-A304-32B752E40360): 0
LogDevObjectVersion:   Dev-Networking (A4E4105C-59A1-49B5-A7C5-40C4547EDFEE): 0
LogDevObjectVersion:   Dev-Online (39C831C9-5AE6-47DC-9A44-9C173E1C8E7C): 0
LogDevObjectVersion:   Dev-Physics (78F01B33-EBEA-4F98-B9B4-84EACCB95AA2): 0
LogDevObjectVersion:   Dev-Platform (6631380F-2D4D-43E0-8009-CF276956A95A): 0
LogDevObjectVersion:   Dev-Rendering (12F88B9F-8875-4AFC-A67C-D90C383ABD29): 12
LogDevObjectVersion:   Dev-Sequencer (7B5AE74C-D270-4C10-A958-57980B212A5A): 3
LogDevObjectVersion:   Dev-VR (D7296918-1DD6-4BDD-9DE2-64A83CC13884): 0
LogDevObjectVersion:   Dev-LoadTimes (C2A15278-BFE7-4AFE-6C17-90FF531DF755): 1
LogInit: Compiled (64-bit): Feb 14 2017 02:04:14
LogInit: Compiled with Visual C++: 19.00.23026.00
LogInit: Build Configuration: Development
LogInit: Branch Name: ++UE4+Release-4.15
LogInit: Command line:  
LogInit: Base directory: C:/Program Files/Epic Games/UE_4.15/Engine/Binaries/Win64/
LogInit: Installed Engine Build: 1
LogInit: Presizing for max 8388607 objects, including 0 objects not considered by GC, pre-allocating 0 bytes for permanent pool.
LogInit: Object subsystem initialized
[2017.03.18-10.46.09:615][  0]LogInit: Selected Device Profile: [Windows]
[2017.03.18-10.46.09:615][  0]LogInit: Applying CVar settings loaded from the selected device profile: [Windows]
[2017.03.18-10.46.09:624][  0]LogInit: Computer: DESKTOP-73DD3NB
[2017.03.18-10.46.09:624][  0]LogInit: User: shKim
[2017.03.18-10.46.09:624][  0]LogInit: CPU Page size=65536, Cores=4
[2017.03.18-10.46.09:624][  0]LogInit: High frequency timer resolution =3.328127 MHz
[2017.03.18-10.46.09:625][  0]LogMemory: Memory total: Physical=31.9GB (32GB approx)
[2017.03.18-10.46.09:625][  0]LogMemory: Platform Memory Stats for Windows
[2017.03.18-10.46.09:625][  0]LogMemory: Process Physical Memory: 262.95 MB used, 262.95 MB peak
[2017.03.18-10.46.09:625][  0]LogMemory: Process Virtual Memory: 262.40 MB used, 262.40 MB peak
[2017.03.18-10.46.09:625][  0]LogMemory: Physical Memory: 6553.87 MB used,  26076.84 MB free, 32630.71 MB total
[2017.03.18-10.46.09:625][  0]LogMemory: Virtual Memory: 643.05 MB used,  26076.84 MB free, 134217728.00 MB total
[2017.03.18-10.46.09:692][  0]LogInit: Overriding culture en with editor configuration.
[2017.03.18-10.46.10:233][  0]LogD3D11RHI: D3D11 adapters:
[2017.03.18-10.46.10:240][  0]LogD3D11RHI:    0. 'Intel(R) HD Graphics 630' (Feature Level 11_0)
[2017.03.18-10.46.10:240][  0]LogD3D11RHI:       128/0/16315 MB DedicatedVideo/DedicatedSystem/SharedSystem, Outputs:1, VendorId:0x8086
[2017.03.18-10.46.10:267][  0]LogD3D11RHI:    1. 'NVIDIA GeForce GTX 1070' (Feature Level 11_0)
[2017.03.18-10.46.10:267][  0]LogD3D11RHI:       8145/0/16315 MB DedicatedVideo/DedicatedSystem/SharedSystem, Outputs:1, VendorId:0x10de
[2017.03.18-10.46.10:268][  0]LogD3D11RHI:    2. 'Microsoft Basic Render Driver' (Feature Level 11_0)
[2017.03.18-10.46.10:268][  0]LogD3D11RHI:       0/0/16315 MB DedicatedVideo/DedicatedSystem/SharedSystem, Outputs:0, VendorId:0x1414
[2017.03.18-10.46.10:269][  0]LogD3D11RHI: Chosen D3D11 Adapter: 1
[2017.03.18-10.46.10:271][  0]LogD3D11RHI: Creating new Direct3DDevice
[2017.03.18-10.46.10:271][  0]LogD3D11RHI:     GPU DeviceId: 0x1b81 (for the marketing name, search the web for "GPU Device Id")
[2017.03.18-10.46.10:271][  0]LogWindows: EnumDisplayDevices:
[2017.03.18-10.46.10:272][  0]LogWindows:    0. 'Intel(R) HD Graphics 630' (P:1 D:1)
[2017.03.18-10.46.10:272][  0]LogWindows:    1. 'Intel(R) HD Graphics 630' (P:0 D:0)
[2017.03.18-10.46.10:272][  0]LogWindows:    2. 'Intel(R) HD Graphics 630' (P:0 D:0)
[2017.03.18-10.46.10:272][  0]LogWindows:    3. 'NVIDIA GeForce GTX 1070' (P:0 D:1)
[2017.03.18-10.46.10:272][  0]LogWindows:    4. 'NVIDIA GeForce GTX 1070' (P:0 D:0)
[2017.03.18-10.46.10:272][  0]LogWindows:    5. 'NVIDIA GeForce GTX 1070' (P:0 D:0)
[2017.03.18-10.46.10:272][  0]LogWindows:    6. 'NVIDIA GeForce GTX 1070' (P:0 D:0)
[2017.03.18-10.46.10:272][  0]LogWindows: DebugString: PrimaryIsNotTheChoosenAdapter PrimaryIsNotTheChoosenAdapter PrimaryIsNotTheChoosenAdapter FoundDriverCount:4 
[2017.03.18-10.46.10:272][  0]LogD3D11RHI:     Adapter Name: NVIDIA GeForce GTX 1070
[2017.03.18-10.46.10:272][  0]LogD3D11RHI:   Driver Version: 376.53 (internal:21.21.13.7653, unified:376.53)
[2017.03.18-10.46.10:272][  0]LogD3D11RHI:      Driver Date: 12-29-2016
[2017.03.18-10.46.10:272][  0]LogRHI: Texture pool is 1361 MB (70% of 1945 MB)
[2017.03.18-10.46.10:286][  0]LogD3D11RHI: Async texture creation enabled
[2017.03.18-10.46.10:296][  0]LogD3D11RHI: GPU Timing Frequency: 1000.000000 (Debug: 2 1)
[2017.03.18-10.46.10:346][  0]LogShaderCompilers: Guid format shader working directory is -26 characters bigger than the processId version (../../../../../../Users/sh Kim/Documents/GitHub/PrototypingBackup/nonamed/Intermediate/Shaders/WorkingDirectory/1652/).
[2017.03.18-10.46.10:346][  0]LogShaderCompilers: Cleaned the shader compiler working directory 'C:/Users/sh Kim/AppData/Local/Temp/UnrealShaderWorkingDir/5E7BB1E94D59639B0FE982971F6FF04E/'.
[2017.03.18-10.46.10:346][  0]LogShaderCompilers:Display: Using Local Shader Compiler.
[2017.03.18-10.46.11:237][  0]LogTemp:Display: Loaded TP AllDesktopTargetPlatform
[2017.03.18-10.46.11:285][  0]LogTemp:Display: Loaded TP MacClientTargetPlatform
[2017.03.18-10.46.11:331][  0]LogTemp:Display: Loaded TP MacNoEditorTargetPlatform
[2017.03.18-10.46.11:378][  0]LogTemp:Display: Loaded TP MacServerTargetPlatform
[2017.03.18-10.46.11:426][  0]LogTemp:Display: Loaded TP MacTargetPlatform
[2017.03.18-10.46.11:472][  0]LogTemp:Display: Loaded TP WindowsClientTargetPlatform
[2017.03.18-10.46.11:518][  0]LogTemp:Display: Loaded TP WindowsNoEditorTargetPlatform
[2017.03.18-10.46.11:565][  0]LogTemp:Display: Loaded TP WindowsServerTargetPlatform
[2017.03.18-10.46.11:602][  0]LogTemp:Display: Loaded TP WindowsTargetPlatform
[2017.03.18-10.46.11:647][  0]LogTemp:Display: Loaded TP AndroidTargetPlatform
[2017.03.18-10.46.11:693][  0]LogTemp:Display: Loaded TP Android_ASTCTargetPlatform
[2017.03.18-10.46.11:739][  0]LogTemp:Display: Loaded TP Android_ATCTargetPlatform
[2017.03.18-10.46.11:785][  0]LogTemp:Display: Loaded TP Android_DXTTargetPlatform
[2017.03.18-10.46.11:830][  0]LogTemp:Display: Loaded TP Android_ETC1TargetPlatform
[2017.03.18-10.46.11:875][  0]LogTemp:Display: Loaded TP Android_ETC2TargetPlatform
[2017.03.18-10.46.11:966][  0]LogTemp:Display: Loaded TP Android_MultiTargetPlatform
[2017.03.18-10.46.11:966][  0]LogTemp:Display: Loaded TP Android_PVRTCTargetPlatform
[2017.03.18-10.46.11:997][  0]LogTemp:Display: Loaded TP HTML5TargetPlatform
[2017.03.18-10.46.12:081][  0]LogTemp:Display: Loaded TP IOSTargetPlatform
[2017.03.18-10.46.12:112][  0]LogTemp:Display: Loaded TP TVOSTargetPlatform
[2017.03.18-10.46.12:157][  0]LogTemp:Display: Loaded TP LinuxClientTargetPlatform
[2017.03.18-10.46.12:203][  0]LogTemp:Display: Loaded TP LinuxNoEditorTargetPlatform
[2017.03.18-10.46.12:249][  0]LogTemp:Display: Loaded TP LinuxServerTargetPlatform
[2017.03.18-10.46.12:294][  0]LogTemp:Display: Loaded TP LinuxTargetPlatform
[2017.03.18-10.46.12:294][  0]LogTargetPlatformManager:Display: Building Assets For Windows
[2017.03.18-10.46.12:659][  0]LogDerivedDataCache:Display: Max Cache Size: 512 MB
[2017.03.18-10.46.12:700][  0]LogDerivedDataCache: Loaded boot cache 0.04s 50MB C:/Users/sh Kim/AppData/Local/UnrealEngine/4.15/DerivedDataCache/Boot.ddc.
[2017.03.18-10.46.12:700][  0]LogDerivedDataCache:Display: Loaded Boot cache: C:/Users/sh Kim/AppData/Local/UnrealEngine/4.15/DerivedDataCache/Boot.ddc
[2017.03.18-10.46.12:701][  0]LogDerivedDataCache: FDerivedDataBackendGraph:  Pak pak cache file ../../../../../../Users/sh Kim/Documents/GitHub/PrototypingBackup/nonamed/DerivedDataCache/DDC.ddp not found, will not use a pak cache.
[2017.03.18-10.46.12:701][  0]LogDerivedDataCache: Unable to find inner node Pak for hierarchical cache Hierarchy.
[2017.03.18-10.46.12:701][  0]LogDerivedDataCache: FDerivedDataBackendGraph:  CompressedPak pak cache file ../../../../../../Users/sh Kim/Documents/GitHub/PrototypingBackup/nonamed/DerivedDataCache/Compressed.ddp not found, will not use a pak cache.
[2017.03.18-10.46.12:701][  0]LogDerivedDataCache: Unable to find inner node CompressedPak for hierarchical cache Hierarchy.
[2017.03.18-10.46.12:716][  0]LogDerivedDataCache:Display: Pak cache opened for reading ../../../Engine/DerivedDataCache/Compressed.ddp.
[2017.03.18-10.46.12:728][  0]LogDerivedDataCache: Using Local data cache path C:/Users/sh Kim/AppData/Local/UnrealEngine/Common/DerivedDataCache: Writable
[2017.03.18-10.46.12:735][  0]LogSlate: Using Freetype 2.6.0
[2017.03.18-10.46.12:735][  0]LogSlate: SlateFontCache - WITH_FREETYPE: 1, WITH_HARFBUZZ: 1
[2017.03.18-10.46.12:735][  0]LogSlate: SlateFontCache - WITH_FREETYPE: 1, WITH_HARFBUZZ: 1
[2017.03.18-10.46.12:934][  0]LogInit: Selected Device Profile: [Windows]
[2017.03.18-10.46.12:936][  0]LogContentStreaming: Texture pool size is 0.00 MB
[2017.03.18-10.46.13:115][  0]LogMeshUtilities: Using QuadricMeshReduction for automatic static mesh reduction
[2017.03.18-10.46.13:151][  0]LogSimplygon: Simplygon DLL not present - disabling.
[2017.03.18-10.46.13:189][  0]LogMeshUtilities: Using SimplygonSwarm for distributed automatic mesh merging
[2017.03.18-10.46.13:189][  0]LogMeshUtilities: No automatic skeletal mesh reduction module available
[2017.03.18-10.46.13:189][  0]LogMeshUtilities: No automatic mesh merging module available
[2017.03.18-10.46.13:638][  0]LogNetVersion: GetLocalNetworkVersion: CL: 3299760, ProjectName: nonamed, ProjectVersion: , EngineNetworkVersion: 2, GameNetworkVersion: 0, NetworkChecksum: 1112449053
[2017.03.18-10.46.13:680][  0]LogAssetRegistry: FAssetRegistry took 0.0217 seconds to start up
[2017.03.18-10.46.13:709][  0]LogPackageLocalizationCache: Processed 3 localized package path(s) for 1 prioritized culture(s) in 0.010992 seconds
[2017.03.18-10.46.13:714][  0]LogUObjectArray: 32475 objects as part of root set at end of initial load.
[2017.03.18-10.46.13:714][  0]LogUObjectAllocator: 7073360 out of 0 bytes used by permanent object pool.
[2017.03.18-10.46.13:714][  0]LogUObjectArray: CloseDisregardForGC: 0/0 objects in disregard for GC pool
[2017.03.18-10.46.13:766][  0]LogInit: WinSock: version 1.1 (2.2), MaxSocks=32767, MaxUdp=65467
[2017.03.18-10.46.15:184][  0]LogTcpMessaging: Initializing TcpMessaging bridge
[2017.03.18-10.46.15:218][  0]LogUdpMessaging: Initializing bridge on interface 0.0.0.0:0 to multicast group 230.0.0.1:6666.
[2017.03.18-10.46.15:638][  0]LogMaterial: Uniform references updated for custom material expression Custom.
[2017.03.18-10.46.15:951][  0]SourceControl: Info Source control is disabled
[2017.03.18-10.46.15:952][  0]SourceControl: Info Source control is disabled
[2017.03.18-10.46.15:990][  0]SourceControl: Info Source control is disabled
[2017.03.18-10.46.16:028][  0]SourceControl: Info Source control is disabled
[2017.03.18-10.46.17:060][  0]LogEngine: Initializing Engine...
[2017.03.18-10.46.17:061][  0]LogHMD: Failed to initialize OpenVR with code 110
[2017.03.18-10.46.17:255][  0]LogAIModule: Creating AISystem for world Untitled
[2017.03.18-10.46.17:263][  0]LogInit: XAudio2 using 'Realtek Digital Output(Realtek High Definition Audio)' : 2 channels at 48 kHz using 16 bits per sample (channel mask 0x3)
[2017.03.18-10.46.17:273][  0]LogInit: FAudioDevice initialized.
[2017.03.18-10.46.17:295][  0]LogDerivedDataCache: Saved boot cache 0.02s 50MB C:/Users/sh Kim/AppData/Local/UnrealEngine/4.15/DerivedDataCache/Boot.ddc.
[2017.03.18-10.46.17:300][  0]LogInit: Texture streaming: Enabled
[2017.03.18-10.46.17:379][  0]LogEngineSessionManager: EngineSessionManager initialized
[2017.03.18-10.46.17:379][  0]LogEngineSessionManager: EngineSessionManager sent abnormal shutdown report. Type=Crashed, SessionId={195EE870-461D-A9E3-D576-59A05DA0B8BE}
[2017.03.18-10.46.17:452][  0]LogInit: Transaction tracking system initialized
[2017.03.18-10.46.17:744][  0]BlueprintLog: New page: Editor Load
[2017.03.18-10.46.18:490][  0]LocalizationService: Info Localization service is disabled
[2017.03.18-10.46.19:051][  0]LogConsoleResponse:Display: 
[2017.03.18-10.46.19:164][  0]LogCook:Display: Max memory allowance for cook 16384mb min free memory 0mb
[2017.03.18-10.46.19:164][  0]LogCook:Display: Mobile HDR setting 1
[2017.03.18-10.46.19:184][  0]LogFileCache: Scanning file cache for directory 'C:/Users/sh Kim/Documents/GitHub/PrototypingBackup/nonamed/Content/' took 0.01s
[2017.03.18-10.46.20:102][  0]SourceControl: Info Source control is disabled
[2017.03.18-10.46.20:102][  0]Cmd: MAP LOAD FILE="../../../Engine/Content/Maps/Templates/Template_Default.umap" TEMPLATE=1 SHOWPROGRESS=1 FEATURELEVEL=3
[2017.03.18-10.46.20:103][  0]LightingResults: New page: Lighting Build
[2017.03.18-10.46.20:136][  0]MapCheck: New page: Map Check
[2017.03.18-10.46.20:136][  0]LightingResults: New page: Lighting Build
[2017.03.18-10.46.20:304][  0]LogAIModule: Creating AISystem for world Untitled_1
[2017.03.18-10.46.20:305][  0]LogActorComponent: RegisterComponentWithWorld: (/Temp/Untitled_1.Untitled_1:PersistentLevel.WorldSettings_1.StaticMeshComponent0) Trying to register component with IsPendingKill() == true. Aborting.
[2017.03.18-10.46.20:309][  0]LogEditorServer: Finished looking for orphan Actors (0.000 secs)
[2017.03.18-10.46.20:313][  0]Cmd: MAP CHECKDEP NOCLEARLOG
[2017.03.18-10.46.20:347][  0]MapCheck: Info Map check complete: 0 Error(s), 0 Warning(s), took 34.825ms to complete.
[2017.03.18-10.46.20:347][  0]LogFileHelpers: Loading map 'Template_Default' took 0.245
[2017.03.18-10.46.20:435][  0]LogWindowsTextInputMethodSystem:Display: IME system now activated using TSF (Microsoft 입력기).
[2017.03.18-10.46.20:565][  0]LogCollectionManager: Loaded 0 collections in 0.001262 seconds
[2017.03.18-10.46.20:641][  0]LogFileCache: Scanning file cache for directory 'C:/Users/sh Kim/Documents/GitHub/PrototypingBackup/nonamed/Saved/Collections/' took 0.01s
[2017.03.18-10.46.20:641][  0]LogFileCache: Scanning file cache for directory 'C:/Users/sh Kim/Documents/GitHub/PrototypingBackup/nonamed/Content/Developers/shKim/Collections/' took 0.01s
[2017.03.18-10.46.20:641][  0]LogFileCache: Scanning file cache for directory 'C:/Users/sh Kim/Documents/GitHub/PrototypingBackup/nonamed/Content/Collections/' took 0.01s
[2017.03.18-10.46.20:641][  0]LogCollectionManager: Rebuilt the GUID cache for 0 collections in 0.000001 seconds
[2017.03.18-10.46.20:650][  0]LogContentBrowser: Native class hierarchy populated in 0.0085 seconds. Added 2244 classes and 450 folders.
[2017.03.18-10.46.20:653][  0]LogStats: UGameplayTagsManager::ConstructGameplayTagTree: Construct from data asset -  0.000 s
[2017.03.18-10.46.20:653][  0]LogStats: UGameplayTagsManager::ConstructGameplayTagTree: GameplayTagTreeChangedEvent.Broadcast -  0.000 s
[2017.03.18-10.46.20:708][  0]LogContentBrowser: Native class hierarchy updated for 'WidgetCarousel' in 0.0005 seconds. Added 0 classes and 0 folders.
[2017.03.18-10.46.20:738][  0]LogContentBrowser: Native class hierarchy updated for 'AddContentDialog' in 0.0004 seconds. Added 0 classes and 0 folders.
[2017.03.18-10.46.20:792][  0]LogContentBrowser: Native class hierarchy updated for 'SceneOutliner' in 0.0005 seconds. Added 1 classes and 2 folders.
[2017.03.18-10.46.20:890][  0]LogCrashTracker: Crashtracker disabled due to settings.
[2017.03.18-10.46.20:898][  0]LogUObjectGlobals:Warning: Failed to find object 'Class None.'
[2017.03.18-10.46.20:961][  0]LogContentBrowser: Native class hierarchy updated for 'HierarchicalLODOutliner' in 0.0005 seconds. Added 1 classes and 2 folders.
[2017.03.18-10.46.20:962][  0]LogLoad: (Engine Initialization) Total time: 12.89 seconds
[2017.03.18-10.46.20:962][  0]LogLoad: (Engine Initialization) Total Blueprint compile time: 0.07 seconds
[2017.03.18-10.46.20:962][  0]LogExternalProfiler: No external profilers were discovered.  External profiling features will not be available.
[2017.03.18-10.46.20:973][  0]LogOcInput: OculusInput pre-init called
[2017.03.18-10.46.20:994][  0]LogContentStreaming: Texture pool size now 1000 MB
[2017.03.18-10.46.20:995][  0]LogSlate: Took 0.000446 seconds to synchronously load lazily loaded font '../../../Engine/Content/Slate/Fonts/Roboto-Regular.ttf' (155K)
[2017.03.18-10.46.20:999][  0]LogSlate: Took 0.000179 seconds to synchronously load lazily loaded font '../../../Engine/Content/Slate/Fonts/Roboto-Bold.ttf' (160K)
[2017.03.18-10.46.21:003][  0]LogSlate: Took 0.000154 seconds to synchronously load lazily loaded font '../../../Engine/Content/Editor/Slate/Fonts/FontAwesome.ttf' (139K)
[2017.03.18-10.46.21:149][  0]LogRenderer: Reallocating scene render targets to support 1208x564 NumSamples 1 (Frame:2).
[2017.03.18-10.46.21:208][  1]LogAssetRegistry: Asset discovery search completed in 7.5500 seconds
[2017.03.18-10.46.21:208][  1]LogCollectionManager: Rebuilt the object cache for 0 collections in 0.000006 seconds (found 0 objects)
[2017.03.18-10.46.21:208][  1]LogCollectionManager: Fixed up redirectors for 0 collections in 0.000022 seconds (updated 0 objects)
[2017.03.18-10.46.22:003][ 85]LogSlate: Took 0.000200 seconds to synchronously load lazily loaded font '../../../Engine/Content/Slate/Fonts/Roboto-Light.ttf' (159K)
[2017.03.18-10.46.25:058][437]LogSlate: Took 0.000211 seconds to synchronously load lazily loaded font '../../../Engine/Content/Slate/Fonts/Roboto-Light.ttf' (159K)
[2017.03.18-10.46.26:170][525]LogSlate: Took 0.000186 seconds to synchronously load lazily loaded font '../../../Engine/Content/Slate/Fonts/Roboto-Light.ttf' (159K)
[2017.03.18-10.46.26:597][525]LogBlueprint:Warning: [PlayerBP] 'NearestOverlappingActor' variable not found. Base class was probably changed.
[2017.03.18-10.46.26:597][525]LogBlueprint:Warning: [PlayerBP] 'NearestOverlap' variable not found. Base class was probably changed.
[2017.03.18-10.46.26:597][525]LogBlueprint:Warning: [PlayerBP] 'NearestOverlap' variable not found. Base class was probably changed.
[2017.03.18-10.46.26:597][525]LogBlueprint:Warning: [PlayerBP] 'NearestOverlap' variable not found. Base class was probably changed.
[2017.03.18-10.46.26:598][525]LogBlueprint:Warning: [PlayerBP] 'NearestOverlappingActor' variable not found. Base class was probably changed.
[2017.03.18-10.46.26:598][525]LogBlueprint:Warning: [PlayerBP] 'NearestOverlappingActor' variable not found. Base class was probably changed.
[2017.03.18-10.46.27:128][525]LogAIModule: Creating AISystem for world L_Battle_Stage
[2017.03.18-10.46.27:195][525]Cmd: MAP LOAD FILE="../../../../../../Users/sh Kim/Documents/GitHub/PrototypingBackup/nonamed/Content/L_Battle_Stage.umap" TEMPLATE=0 SHOWPROGRESS=1 FEATURELEVEL=3
[2017.03.18-10.46.27:195][525]LightingResults: New page: Lighting Build
[2017.03.18-10.46.27:196][525]LoadErrors: New page: Loading map: L_Battle_Stage.umap
[2017.03.18-10.46.27:197][525]MapCheck: New page: Map Check
[2017.03.18-10.46.27:197][525]LightingResults: New page: Lighting Build
[2017.03.18-10.46.27:302][525]LogEditorServer: Finished looking for orphan Actors (0.000 secs)
[2017.03.18-10.46.27:336][525]Cmd: MAP CHECKDEP NOCLEARLOG
[2017.03.18-10.46.27:380][525]MapCheck: Info Map check complete: 0 Error(s), 0 Warning(s), took 43.387ms to complete.
[2017.03.18-10.46.27:381][525]LogFileHelpers: Loading map 'L_Battle_Stage' took 0.187
[2017.03.18-10.46.28:214][560]LogClass:Warning: Enum '/Game/KY_MagicEffects02/DemoRoomData/Blueprints/BP_DemoDisplay_Enum.BP_DemoDisplay_Enum' was upgraded to use FText to store its display name data. Please re-save this asset to avoid issues with localization and determinstic cooking.
[2017.03.18-10.46.28:216][560]LogEnum:Warning: Enum name collision: 'BP_DemoDisplay_Enum::ROund' is in both '/Game/KY_MagicEffects03/DemoRoomData/Blueprints/BP_DemoDisplay_Enum.BP_DemoDisplay_Enum' and '/Game/KY_MagicEffects02/DemoRoomData/Blueprints/BP_DemoDisplay_Enum.BP_DemoDisplay_Enum'
[2017.03.18-10.46.28:216][560]LogEnum:Warning: Enum name collision: 'BP_DemoDisplay_Enum::SquareL' is in both '/Game/KY_MagicEffects03/DemoRoomData/Blueprints/BP_DemoDisplay_Enum.BP_DemoDisplay_Enum' and '/Game/KY_MagicEffects02/DemoRoomData/Blueprints/BP_DemoDisplay_Enum.BP_DemoDisplay_Enum'
[2017.03.18-10.46.28:216][560]LogEnum:Warning: Enum name collision: 'BP_DemoDisplay_Enum::RoomL' is in both '/Game/KY_MagicEffects03/DemoRoomData/Blueprints/BP_DemoDisplay_Enum.BP_DemoDisplay_Enum' and '/Game/KY_MagicEffects02/DemoRoomData/Blueprints/BP_DemoDisplay_Enum.BP_DemoDisplay_Enum'
[2017.03.18-10.46.28:216][560]LogEnum:Warning: Enum name collision: 'BP_DemoDisplay_Enum::DescriptionOnly' is in both '/Game/KY_MagicEffects03/DemoRoomData/Blueprints/BP_DemoDisplay_Enum.BP_DemoDisplay_Enum' and '/Game/KY_MagicEffects02/DemoRoomData/Blueprints/BP_DemoDisplay_Enum.BP_DemoDisplay_Enum'
[2017.03.18-10.46.28:216][560]LogEnum:Warning: Enum name collision: 'BP_DemoDisplay_Enum::NewEnumerator0' is in both '/Game/KY_MagicEffects03/DemoRoomData/Blueprints/BP_DemoDisplay_Enum.BP_DemoDisplay_Enum' and '/Game/KY_MagicEffects02/DemoRoomData/Blueprints/BP_DemoDisplay_Enum.BP_DemoDisplay_Enum'
[2017.03.18-10.46.28:216][560]LogEnum:Warning: Enum name collision: 'BP_DemoDisplay_Enum::BP_DemoDisplay_MAX' is in both '/Game/KY_MagicEffects03/DemoRoomData/Blueprints/BP_DemoDisplay_Enum.BP_DemoDisplay_Enum' and '/Game/KY_MagicEffects02/DemoRoomData/Blueprints/BP_DemoDisplay_Enum.BP_DemoDisplay_Enum'
[2017.03.18-10.46.28:216][560]LogEnum:Warning: Enum name collision: 'BP_DemoDisplay_Enum::ROund' is in both '/Game/KY_MagicEffects03/DemoRoomData/Blueprints/BP_DemoDisplay_Enum.BP_DemoDisplay_Enum' and '/Game/KY_MagicEffects02/DemoRoomData/Blueprints/BP_DemoDisplay_Enum.BP_DemoDisplay_Enum'
[2017.03.18-10.46.28:216][560]LogEnum:Warning: Enum name collision: 'BP_DemoDisplay_Enum::SquareL' is in both '/Game/KY_MagicEffects03/DemoRoomData/Blueprints/BP_DemoDisplay_Enum.BP_DemoDisplay_Enum' and '/Game/KY_MagicEffects02/DemoRoomData/Blueprints/BP_DemoDisplay_Enum.BP_DemoDisplay_Enum'
[2017.03.18-10.46.28:216][560]LogEnum:Warning: Enum name collision: 'BP_DemoDisplay_Enum::RoomL' is in both '/Game/KY_MagicEffects03/DemoRoomData/Blueprints/BP_DemoDisplay_Enum.BP_DemoDisplay_Enum' and '/Game/KY_MagicEffects02/DemoRoomData/Blueprints/BP_DemoDisplay_Enum.BP_DemoDisplay_Enum'
[2017.03.18-10.46.28:216][560]LogEnum:Warning: Enum name collision: 'BP_DemoDisplay_Enum::DescriptionOnly' is in both '/Game/KY_MagicEffects03/DemoRoomData/Blueprints/BP_DemoDisplay_Enum.BP_DemoDisplay_Enum' and '/Game/KY_MagicEffects02/DemoRoomData/Blueprints/BP_DemoDisplay_Enum.BP_DemoDisplay_Enum'
[2017.03.18-10.46.28:216][560]LogEnum:Warning: Enum name collision: 'BP_DemoDisplay_Enum::NewEnumerator0' is in both '/Game/KY_MagicEffects03/DemoRoomData/Blueprints/BP_DemoDisplay_Enum.BP_DemoDisplay_Enum' and '/Game/KY_MagicEffects02/DemoRoomData/Blueprints/BP_DemoDisplay_Enum.BP_DemoDisplay_Enum'
[2017.03.18-10.46.28:216][560]LogClass:Warning: Enum '/Game/KY_MagicEffects03/DemoRoomData/Blueprints/BP_DemoDisplay_Enum.BP_DemoDisplay_Enum' was upgraded to use FText to store its display name data. Please re-save this asset to avoid issues with localization and determinstic cooking.
[2017.03.18-10.46.28:218][560]LogEnum:Warning: Enum name collision: 'BP_DemoRoom_Enum::Standard' is in both '/Game/KY_MagicEffects03/DemoRoomData/Blueprints/BP_DemoRoom_Enum.BP_DemoRoom_Enum' and '/Game/KY_MagicEffects02/DemoRoomData/Blueprints/BP_DemoRoom_Enum.BP_DemoRoom_Enum'
[2017.03.18-10.46.28:218][560]LogEnum:Warning: Enum name collision: 'BP_DemoRoom_Enum::RoofwithHole' is in both '/Game/KY_MagicEffects03/DemoRoomData/Blueprints/BP_DemoRoom_Enum.BP_DemoRoom_Enum' and '/Game/KY_MagicEffects02/DemoRoomData/Blueprints/BP_DemoRoom_Enum.BP_DemoRoom_Enum'
[2017.03.18-10.46.28:218][560]LogEnum:Warning: Enum name collision: 'BP_DemoRoom_Enum::RoofOpen' is in both '/Game/KY_MagicEffects03/DemoRoomData/Blueprints/BP_DemoRoom_Enum.BP_DemoRoom_Enum' and '/Game/KY_MagicEffects02/DemoRoomData/Blueprints/BP_DemoRoom_Enum.BP_DemoRoom_Enum'
[2017.03.18-10.46.28:218][560]LogEnum:Warning: Enum name collision: 'BP_DemoRoom_Enum::BP_DemoRoom_MAX' is in both '/Game/KY_MagicEffects03/DemoRoomData/Blueprints/BP_DemoRoom_Enum.BP_DemoRoom_Enum' and '/Game/KY_MagicEffects02/DemoRoomData/Blueprints/BP_DemoRoom_Enum.BP_DemoRoom_Enum'
[2017.03.18-10.46.28:218][560]LogEnum:Warning: Enum name collision: 'BP_DemoRoom_Enum::Standard' is in both '/Game/KY_MagicEffects03/DemoRoomData/Blueprints/BP_DemoRoom_Enum.BP_DemoRoom_Enum' and '/Game/KY_MagicEffects02/DemoRoomData/Blueprints/BP_DemoRoom_Enum.BP_DemoRoom_Enum'
[2017.03.18-10.46.28:218][560]LogEnum:Warning: Enum name collision: 'BP_DemoRoom_Enum::RoofwithHole' is in both '/Game/KY_MagicEffects03/DemoRoomData/Blueprints/BP_DemoRoom_Enum.BP_DemoRoom_Enum' and '/Game/KY_MagicEffects02/DemoRoomData/Blueprints/BP_DemoRoom_Enum.BP_DemoRoom_Enum'
[2017.03.18-10.46.28:218][560]LogEnum:Warning: Enum name collision: 'BP_DemoRoom_Enum::RoofOpen' is in both '/Game/KY_MagicEffects03/DemoRoomData/Blueprints/BP_DemoRoom_Enum.BP_DemoRoom_Enum' and '/Game/KY_MagicEffects02/DemoRoomData/Blueprints/BP_DemoRoom_Enum.BP_DemoRoom_Enum'
[2017.03.18-10.46.28:301][560]LogContentBrowser: Native class hierarchy updated for 'BlueprintGraph' in 0.0008 seconds. Added 112 classes and 0 folders.
[2017.03.18-10.46.30:361][560]LogScript:Warning: Accessed None trying to read property opponentLocation
	Enemy_Blueprint_C /Engine/Transient.World_7:PersistentLevel.Enemy_Blueprint_C_0
	Function /Game/Enemy_Blueprint.Enemy_Blueprint_C:UserConstructionScript:001E
[2017.03.18-10.46.33:874][858]LogSavePackage: Save=144.48ms
[2017.03.18-10.46.33:874][858]LogSavePackage: Moving '../../../../../../Users/sh Kim/Documents/GitHub/PrototypingBackup/nonamed/Saved/L_Battle_Stage7D3AC6FD438366F6CE1B72820207D8DB.tmp' to '../../../../../../Users/sh Kim/Documents/GitHub/PrototypingBackup/nonamed/Content/L_Battle_Stage.umap'
[2017.03.18-10.46.33:876][858]LogSavePackage:Display: Finished SavePackage ../../../../../../Users/sh Kim/Documents/GitHub/PrototypingBackup/nonamed/Content/L_Battle_Stage.umap
[2017.03.18-10.46.33:915][858]Cmd: OBJ SAVEPACKAGE PACKAGE="/Game/L_Battle_Stage_BuiltData" FILE="../../../../../../Users/sh Kim/Documents/GitHub/PrototypingBackup/nonamed/Content/L_Battle_Stage_BuiltData.uasset" SILENT=true
[2017.03.18-10.46.34:020][858]LogSavePackage: Save=67.99ms
[2017.03.18-10.46.34:020][858]LogSavePackage: Moving '../../../../../../Users/sh Kim/Documents/GitHub/PrototypingBackup/nonamed/Saved/L_Battle_Stage_BuiltData8A713C394B9F8C55A497B9AB858CBFA7.tmp' to '../../../../../../Users/sh Kim/Documents/GitHub/PrototypingBackup/nonamed/Content/L_Battle_Stage_BuiltData.uasset'
[2017.03.18-10.46.34:021][858]LogSavePackage:Display: Finished SavePackage ../../../../../../Users/sh Kim/Documents/GitHub/PrototypingBackup/nonamed/Content/L_Battle_Stage_BuiltData.uasset
[2017.03.18-10.46.34:927][928]LogSlate: Took 0.000204 seconds to synchronously load lazily loaded font '../../../Engine/Content/Editor/Slate/Fonts/Roboto-BoldCondensed.ttf' (158K)
[2017.03.18-10.46.35:132][929]LogSlate: Took 0.000166 seconds to synchronously load lazily loaded font '../../../Engine/Content/Editor/Slate/Fonts/Roboto-Italic.ttf' (157K)
[2017.03.18-10.46.38:330][163]LogTemp: Repeting last play command: Selected Viewport
[2017.03.18-10.46.38:366][163]LogBlueprintUserMessages: Early PlayInEditor Detection: Level '/Game/L_Battle_Stage.L_Battle_Stage:PersistentLevel' has LevelScriptBlueprint '/Game/L_Battle_Stage.L_Battle_Stage:PersistentLevel.L_Battle_Stage' with GeneratedClass '/Game/L_Battle_Stage.L_Battle_Stage_C' with ClassGeneratedBy '/Game/L_Battle_Stage.L_Battle_Stage:PersistentLevel.L_Battle_Stage'
[2017.03.18-10.46.38:366][163]LogPlayLevel: PlayLevel: No blueprints needed recompiling
[2017.03.18-10.46.38:366][163]PIE: New page: PIE session: L_Battle_Stage (Mar 19, 2017, 4:46:38 AM)
[2017.03.18-10.46.38:366][163]LogPlayLevel: Creating play world package: /Game/UEDPIE_0_L_Battle_Stage
[2017.03.18-10.46.38:372][163]LogPlayLevel: PIE: StaticDuplicateObject took: (0.005712s)
[2017.03.18-10.46.38:373][163]LogAIModule: Creating AISystem for world L_Battle_Stage
[2017.03.18-10.46.38:373][163]LogPlayLevel: PIE: World Init took: (0.000876s)
[2017.03.18-10.46.38:373][163]LogPlayLevel: PIE: Created PIE world by copying editor world from /Game/L_Battle_Stage.L_Battle_Stage to /Game/UEDPIE_0_L_Battle_Stage.L_Battle_Stage (0.006806s)
[2017.03.18-10.46.38:394][163]LogInit: XAudio2 using '스피커(Realtek High Definition Audio)' : 2 channels at 48 kHz using 32 bits per sample (channel mask 0x3)
[2017.03.18-10.46.38:416][163]LogInit: FAudioDevice initialized.
[2017.03.18-10.46.38:464][163]LogLoad: Game class is 'MyGameMode_C'
[2017.03.18-10.46.38:467][163]LogWorld: Bringing World /Game/UEDPIE_0_L_Battle_Stage.L_Battle_Stage up for play (max tick rate 0) at 2017.03.18-19.46.38
[2017.03.18-10.46.38:467][163]LogWorld: Bringing up level for play took: 0.002564
[2017.03.18-10.46.38:504][163]LogContentBrowser: Native class hierarchy updated for 'MovieSceneCapture' in 0.0005 seconds. Added 11 classes and 0 folders.
[2017.03.18-10.46.38:507][163]PIE: Info Play in editor start time for /Game/UEDPIE_0_L_Battle_Stage -0.029
[2017.03.18-10.46.38:507][163]LogBlueprintUserMessages: Late PlayInEditor Detection: Level '/Game/L_Battle_Stage.L_Battle_Stage:PersistentLevel' has LevelScriptBlueprint '/Game/L_Battle_Stage.L_Battle_Stage:PersistentLevel.L_Battle_Stage' with GeneratedClass '/Game/L_Battle_Stage.L_Battle_Stage_C' with ClassGeneratedBy '/Game/L_Battle_Stage.L_Battle_Stage:PersistentLevel.L_Battle_Stage'
[2017.03.18-10.46.38:527][163]LogSlate: Took 0.002509 seconds to synchronously load lazily loaded font '../../../Engine/Content/Slate/Fonts/DroidSansFallback.ttf' (3848K)
[2017.03.18-10.46.38:832][187]LogBlueprintUserMessages: [Enemy_Blueprint] [Enemy Deploy Unit]
[2017.03.18-10.46.38:832][187]LogBlueprintUserMessages: [Enemy_Blueprint] Enemy Deploy End
[2017.03.18-10.46.41:041][375]LogScript:Warning: Accessed None trying to read property CallFunc_Create_ReturnValue2
	PlayerBP_C /Game/UEDPIE_0_L_Battle_Stage.L_Battle_Stage:PersistentLevel.Player_Blueprint
	Function /Game/PlayerBP.PlayerBP_C:GoNextGameSteb:0200
[2017.03.18-10.46.41:041][375]LogScript:Warning: Accessed None trying to read property CallFunc_Create_ReturnValue3
	PlayerBP_C /Game/UEDPIE_0_L_Battle_Stage.L_Battle_Stage:PersistentLevel.Player_Blueprint
	Function /Game/PlayerBP.PlayerBP_C:GoNextGameSteb:0225
[2017.03.18-10.46.41:041][375]LogScript:Warning: Accessed None trying to read property CallFunc_Create_ReturnValue4
	PlayerBP_C /Game/UEDPIE_0_L_Battle_Stage.L_Battle_Stage:PersistentLevel.Player_Blueprint
	Function /Game/PlayerBP.PlayerBP_C:GoNextGameSteb:024A
[2017.03.18-10.46.41:041][375]LogScript:Warning: Accessed None trying to read property CallFunc_Create_ReturnValue5
	PlayerBP_C /Game/UEDPIE_0_L_Battle_Stage.L_Battle_Stage:PersistentLevel.Player_Blueprint
	Function /Game/PlayerBP.PlayerBP_C:GoNextGameSteb:026F
[2017.03.18-10.46.42:826][518]LogSlate: Took 0.000179 seconds to synchronously load lazily loaded font '../../../Engine/Content/Editor/Slate/Fonts/DroidSansMono.ttf' (77K)
[2017.03.18-10.46.46:147][808]LogScript:Warning: Attempted to access Head via property K2Node_DynamicCast_AsStatic_Mesh_Component, but Head is pending kill
	U_Knight_C /Game/UEDPIE_0_L_Battle_Stage.L_Battle_Stage:PersistentLevel.O_U_Nights2
	Function /Game/Blueprint/Unit/Unit.Unit_C:SetMaterial:01B2
[2017.03.18-10.46.46:148][808]PIE:Error: Error Blueprint Runtime Error: Attempted to access Head via property K2Node_DynamicCast_AsStatic_Mesh_Component, but Head is pending kill from function: 'SetMaterial' from node: Set Material in graph: SetMaterial in object: Unit with description: Attempted to access Head via property K2Node_DynamicCast_AsStatic_Mesh_Component, but Head is pending kill
[2017.03.18-10.46.46:154][808]LogBlueprintUserMessages: [Player_Blueprint] Owner::NewEnumerator2 Damaged: 2 !
[2017.03.18-10.46.46:154][808]LogScript:Warning: Accessed None trying to read property CallFunc_Create_ReturnValue
	PlayerBP_C /Game/UEDPIE_0_L_Battle_Stage.L_Battle_Stage:PersistentLevel.Player_Blueprint
	Function /Game/PlayerBP.PlayerBP_C:GoNextGameSteb:01DB
[2017.03.18-10.46.46:155][808]LogScript:Warning: Accessed None trying to read property CallFunc_Create_ReturnValue3
	PlayerBP_C /Game/UEDPIE_0_L_Battle_Stage.L_Battle_Stage:PersistentLevel.Player_Blueprint
	Function /Game/PlayerBP.PlayerBP_C:GoNextGameSteb:0225
[2017.03.18-10.46.46:155][808]LogScript:Warning: Accessed None trying to read property CallFunc_Create_ReturnValue4
	PlayerBP_C /Game/UEDPIE_0_L_Battle_Stage.L_Battle_Stage:PersistentLevel.Player_Blueprint
	Function /Game/PlayerBP.PlayerBP_C:GoNextGameSteb:024A
[2017.03.18-10.46.46:155][808]LogScript:Warning: Accessed None trying to read property CallFunc_Create_ReturnValue5
	PlayerBP_C /Game/UEDPIE_0_L_Battle_Stage.L_Battle_Stage:PersistentLevel.Player_Blueprint
	Function /Game/PlayerBP.PlayerBP_C:GoNextGameSteb:026F
[2017.03.18-10.46.48:155][993]LogBlueprintUserMessages: [W_BattleResult_C_6] 1
[2017.03.18-10.46.48:906][ 62]LogBlueprintUserMessages: [W_BattleResult_C_6] 1
[2017.03.18-10.46.52:169][366]LogScript:Warning: Accessed None trying to read property CallFunc_Create_ReturnValue
	PlayerBP_C /Game/UEDPIE_0_L_Battle_Stage.L_Battle_Stage:PersistentLevel.Player_Blueprint
	Function /Game/PlayerBP.PlayerBP_C:GoNextGameSteb:01DB
[2017.03.18-10.46.52:169][366]PIE:Error: Error Blueprint Runtime Error: Accessed None trying to read property CallFunc_Create_ReturnValue from function: 'GoNextGameSteb' from node: Add to Viewport in graph: GoNextGameSteb in object: PlayerBP with description: Accessed None trying to read property CallFunc_Create_ReturnValue
[2017.03.18-10.46.52:170][366]LogScript:Warning: Accessed None trying to read property CallFunc_Create_ReturnValue2
	PlayerBP_C /Game/UEDPIE_0_L_Battle_Stage.L_Battle_Stage:PersistentLevel.Player_Blueprint
	Function /Game/PlayerBP.PlayerBP_C:GoNextGameSteb:0200
[2017.03.18-10.46.52:170][366]PIE:Error: Error Blueprint Runtime Error: Accessed None trying to read property CallFunc_Create_ReturnValue2 from function: 'GoNextGameSteb' from node: Add to Viewport in graph: GoNextGameSteb in object: PlayerBP with description: Accessed None trying to read property CallFunc_Create_ReturnValue2
[2017.03.18-10.46.52:170][366]LogScript:Warning: Accessed None trying to read property CallFunc_Create_ReturnValue3
	PlayerBP_C /Game/UEDPIE_0_L_Battle_Stage.L_Battle_Stage:PersistentLevel.Player_Blueprint
	Function /Game/PlayerBP.PlayerBP_C:GoNextGameSteb:0225
[2017.03.18-10.46.52:170][366]PIE:Error: Error Blueprint Runtime Error: Accessed None trying to read property CallFunc_Create_ReturnValue3 from function: 'GoNextGameSteb' from node: Add to Viewport in graph: GoNextGameSteb in object: PlayerBP with description: Accessed None trying to read property CallFunc_Create_ReturnValue3
[2017.03.18-10.46.52:170][366]LogScript:Warning: Accessed None trying to read property CallFunc_Create_ReturnValue4
	PlayerBP_C /Game/UEDPIE_0_L_Battle_Stage.L_Battle_Stage:PersistentLevel.Player_Blueprint
	Function /Game/PlayerBP.PlayerBP_C:GoNextGameSteb:024A
[2017.03.18-10.46.52:171][366]PIE:Error: Error Blueprint Runtime Error: Accessed None trying to read property CallFunc_Create_ReturnValue4 from function: 'GoNextGameSteb' from node: Add to Viewport in graph: GoNextGameSteb in object: PlayerBP with description: Accessed None trying to read property CallFunc_Create_ReturnValue4
[2017.03.18-10.46.52:171][366]LogBlueprintUserMessages: [Enemy_Blueprint] [Enemy Select Unit]
[2017.03.18-10.46.52:171][366]LogBlueprintUserMessages: [W_OpponentSelection_C_6] Opponent Select Steb
[2017.03.18-10.46.52:172][366]LogScript:Warning: Accessed None trying to read property CallFunc_Create_ReturnValue
	PlayerBP_C /Game/UEDPIE_0_L_Battle_Stage.L_Battle_Stage:PersistentLevel.Player_Blueprint
	Function /Game/PlayerBP.PlayerBP_C:GoNextGameSteb:01DB
[2017.03.18-10.46.52:172][366]PIE:Error: Error Blueprint Runtime Error: Accessed None trying to read property CallFunc_Create_ReturnValue from function: 'GoNextGameSteb' from node: Add to Viewport in graph: GoNextGameSteb in object: PlayerBP with description: Accessed None trying to read property CallFunc_Create_ReturnValue
[2017.03.18-10.46.52:172][366]LogScript:Warning: Accessed None trying to read property CallFunc_Create_ReturnValue2
	PlayerBP_C /Game/UEDPIE_0_L_Battle_Stage.L_Battle_Stage:PersistentLevel.Player_Blueprint
	Function /Game/PlayerBP.PlayerBP_C:GoNextGameSteb:0200
[2017.03.18-10.46.52:172][366]PIE:Error: Error Blueprint Runtime Error: Accessed None trying to read property CallFunc_Create_ReturnValue2 from function: 'GoNextGameSteb' from node: Add to Viewport in graph: GoNextGameSteb in object: PlayerBP with description: Accessed None trying to read property CallFunc_Create_ReturnValue2
[2017.03.18-10.46.52:173][366]LogScript:Warning: Accessed None trying to read property CallFunc_Create_ReturnValue3
	PlayerBP_C /Game/UEDPIE_0_L_Battle_Stage.L_Battle_Stage:PersistentLevel.Player_Blueprint
	Function /Game/PlayerBP.PlayerBP_C:GoNextGameSteb:0225
[2017.03.18-10.46.52:173][366]PIE:Error: Error Blueprint Runtime Error: Accessed None trying to read property CallFunc_Create_ReturnValue3 from function: 'GoNextGameSteb' from node: Add to Viewport in graph: GoNextGameSteb in object: PlayerBP with description: Accessed None trying to read property CallFunc_Create_ReturnValue3
[2017.03.18-10.46.52:173][366]LogScript:Warning: Accessed None trying to read property CallFunc_Create_ReturnValue5
	PlayerBP_C /Game/UEDPIE_0_L_Battle_Stage.L_Battle_Stage:PersistentLevel.Player_Blueprint
	Function /Game/PlayerBP.PlayerBP_C:GoNextGameSteb:026F
[2017.03.18-10.46.52:173][366]PIE:Error: Error Blueprint Runtime Error: Accessed None trying to read property CallFunc_Create_ReturnValue5 from function: 'GoNextGameSteb' from node: Add to Viewport in graph: GoNextGameSteb in object: PlayerBP with description: Accessed None trying to read property CallFunc_Create_ReturnValue5
[2017.03.18-10.46.52:660][412]LogBlueprintUserMessages: [Enemy_Blueprint] [Enemy Deploy Unit]
[2017.03.18-10.46.52:660][412]LogBlueprintUserMessages: [Enemy_Blueprint] Enemy Deploy End
[2017.03.18-10.46.54:170][548]LogScript:Warning: Accessed None trying to read property deck
	Enemy_Blueprint_C /Game/UEDPIE_0_L_Battle_Stage.L_Battle_Stage:PersistentLevel.Enemy_Blueprint
	Function /Game/Enemy_Blueprint.Enemy_Blueprint_C:ExecuteUbergraph_Enemy_Blueprint:01BA
[2017.03.18-10.46.54:171][548]PIE:Error: Error Blueprint Runtime Error: Accessed None trying to read property deck from function: 'ExecuteUbergraph_Enemy_Blueprint' from node: SpawnActor in graph: EventGraph in object: Enemy_Blueprint with description: Accessed None trying to read property deck
[2017.03.18-10.46.54:171][548]LogScript:Warning: Accessed None
	Enemy_Blueprint_C /Game/UEDPIE_0_L_Battle_Stage.L_Battle_Stage:PersistentLevel.Enemy_Blueprint
	Function /Game/Enemy_Blueprint.Enemy_Blueprint_C:ExecuteUbergraph_Enemy_Blueprint:019B
[2017.03.18-10.46.54:171][548]PIE:Error: Error Blueprint Runtime Error: Accessed None from function: 'ExecuteUbergraph_Enemy_Blueprint' from node: SpawnActor in graph: EventGraph in object: Enemy_Blueprint with description: Accessed None
[2017.03.18-10.46.54:171][548]LogScript:Warning: Accessed None trying to read property CallFunc_Array_Get_Item2
	Enemy_Blueprint_C /Game/UEDPIE_0_L_Battle_Stage.L_Battle_Stage:PersistentLevel.Enemy_Blueprint
	Function /Game/Enemy_Blueprint.Enemy_Blueprint_C:ExecuteUbergraph_Enemy_Blueprint:01FE
[2017.03.18-10.46.54:172][548]PIE:Error: Error Blueprint Runtime Error: Accessed None trying to read property CallFunc_Array_Get_Item2 from function: 'ExecuteUbergraph_Enemy_Blueprint' from node: SpawnActor in graph: EventGraph in object: Enemy_Blueprint with description: Accessed None trying to read property CallFunc_Array_Get_Item2
[2017.03.18-10.46.54:172][548]LogScript:Warning: Accessed None trying to read property deck
	Enemy_Blueprint_C /Game/UEDPIE_0_L_Battle_Stage.L_Battle_Stage:PersistentLevel.Enemy_Blueprint
	Function /Game/Enemy_Blueprint.Enemy_Blueprint_C:ExecuteUbergraph_Enemy_Blueprint:02BE
[2017.03.18-10.46.54:172][548]PIE:Error: Error Blueprint Runtime Error: Accessed None trying to read property deck from function: 'ExecuteUbergraph_Enemy_Blueprint' from node: SpawnActor in graph: EventGraph in object: Enemy_Blueprint with description: Accessed None trying to read property deck
[2017.03.18-10.46.54:173][548]LogScript:Warning: Accessed None
	Enemy_Blueprint_C /Game/UEDPIE_0_L_Battle_Stage.L_Battle_Stage:PersistentLevel.Enemy_Blueprint
	Function /Game/Enemy_Blueprint.Enemy_Blueprint_C:ExecuteUbergraph_Enemy_Blueprint:029F
[2017.03.18-10.46.54:173][548]PIE:Error: Error Blueprint Runtime Error: Accessed None from function: 'ExecuteUbergraph_Enemy_Blueprint' from node: SpawnActor in graph: EventGraph in object: Enemy_Blueprint with description: Accessed None
[2017.03.18-10.46.54:173][548]LogScript:Warning: Accessed None trying to read property CallFunc_Array_Get_Item2
	Enemy_Blueprint_C /Game/UEDPIE_0_L_Battle_Stage.L_Battle_Stage:PersistentLevel.Enemy_Blueprint
	Function /Game/Enemy_Blueprint.Enemy_Blueprint_C:ExecuteUbergraph_Enemy_Blueprint:0302
[2017.03.18-10.46.54:173][548]PIE:Error: Error Blueprint Runtime Error: Accessed None trying to read property CallFunc_Array_Get_Item2 from function: 'ExecuteUbergraph_Enemy_Blueprint' from node: SpawnActor in graph: EventGraph in object: Enemy_Blueprint with description: Accessed None trying to read property CallFunc_Array_Get_Item2
[2017.03.18-10.46.57:132][787]LogBlueprintUserMessages: Early EndPlayMap Detection: Level '/Game/L_Battle_Stage.L_Battle_Stage:PersistentLevel' has LevelScriptBlueprint '/Game/L_Battle_Stage.L_Battle_Stage:PersistentLevel.L_Battle_Stage' with GeneratedClass '/Game/L_Battle_Stage.L_Battle_Stage_C' with ClassGeneratedBy '/Game/L_Battle_Stage.L_Battle_Stage:PersistentLevel.L_Battle_Stage'
[2017.03.18-10.46.57:187][787]LogBlueprintUserMessages: Late EndPlayMap Detection: Level '/Game/L_Battle_Stage.L_Battle_Stage:PersistentLevel' has LevelScriptBlueprint '/Game/L_Battle_Stage.L_Battle_Stage:PersistentLevel.L_Battle_Stage' with GeneratedClass '/Game/L_Battle_Stage.L_Battle_Stage_C' with ClassGeneratedBy '/Game/L_Battle_Stage.L_Battle_Stage:PersistentLevel.L_Battle_Stage'
[2017.03.18-10.47.20:440][774]Cmd: OBJ SAVEPACKAGE PACKAGE="/Game/Enemy_Blueprint" FILE="../../../../../../Users/sh Kim/Documents/GitHub/PrototypingBackup/nonamed/Content/Enemy_Blueprint.uasset" SILENT=true
[2017.03.18-10.47.20:514][774]LogSavePackage: Save=38.66ms
[2017.03.18-10.47.20:514][774]LogSavePackage: Moving '../../../../../../Users/sh Kim/Documents/GitHub/PrototypingBackup/nonamed/Saved/Enemy_Blueprint7C52506D4EAB5FFFB031B38307C1325B.tmp' to '../../../../../../Users/sh Kim/Documents/GitHub/PrototypingBackup/nonamed/Content/Enemy_Blueprint.uasset'
[2017.03.18-10.47.20:516][774]LogSavePackage:Display: Finished SavePackage ../../../../../../Users/sh Kim/Documents/GitHub/PrototypingBackup/nonamed/Content/Enemy_Blueprint.uasset
[2017.03.18-10.47.48:575][374]Cmd: OBJ SAVEPACKAGE PACKAGE="/Game/Enemy_Blueprint" FILE="../../../../../../Users/sh Kim/Documents/GitHub/PrototypingBackup/nonamed/Content/Enemy_Blueprint.uasset" SILENT=true
[2017.03.18-10.47.48:646][374]LogSavePackage: Save=38.40ms
[2017.03.18-10.47.48:646][374]LogSavePackage: Moving '../../../../../../Users/sh Kim/Documents/GitHub/PrototypingBackup/nonamed/Saved/Enemy_Blueprint79A066BE46480640228A1D941F93F8A0.tmp' to '../../../../../../Users/sh Kim/Documents/GitHub/PrototypingBackup/nonamed/Content/Enemy_Blueprint.uasset'
[2017.03.18-10.47.48:649][374]LogSavePackage:Display: Finished SavePackage ../../../../../../Users/sh Kim/Documents/GitHub/PrototypingBackup/nonamed/Content/Enemy_Blueprint.uasset
[2017.03.18-10.48.07:456][ 96]LogScript:Warning: Accessed None trying to read property opponentLocation
	Enemy_Blueprint_C /Engine/Transient.World_7:PersistentLevel.Enemy_Blueprint_C_0
	Function /Game/Enemy_Blueprint.Enemy_Blueprint_C:UserConstructionScript:001E
[2017.03.18-10.48.32:850][390]LogScript:Warning: Accessed None trying to read property opponentLocation
	Enemy_Blueprint_C /Engine/Transient.World_7:PersistentLevel.Enemy_Blueprint_C_0
	Function /Game/Enemy_Blueprint.Enemy_Blueprint_C:UserConstructionScript:001E
[2017.03.18-10.48.35:780][630]LogScript:Warning: Accessed None trying to read property opponentLocation
	Enemy_Blueprint_C /Engine/Transient.World_7:PersistentLevel.Enemy_Blueprint_C_0
	Function /Game/Enemy_Blueprint.Enemy_Blueprint_C:UserConstructionScript:001E
[2017.03.18-10.48.52:723][994]LogScript:Warning: Accessed None trying to read property opponentLocation
	Enemy_Blueprint_C /Engine/Transient.World_7:PersistentLevel.Enemy_Blueprint_C_0
	Function /Game/Enemy_Blueprint.Enemy_Blueprint_C:UserConstructionScript:001E
[2017.03.18-10.48.54:492][125]BlueprintLog: New page: Compile Enemy_Blueprint
[2017.03.18-10.48.54:689][125]LogScript:Warning: Accessed None trying to read property opponentLocation
	Enemy_Blueprint_C /Engine/Transient.World_7:PersistentLevel.Enemy_Blueprint_C_0
	Function /Game/Enemy_Blueprint.Enemy_Blueprint_C:UserConstructionScript:001E
[2017.03.18-10.48.54:776][125]LogScript:Warning: Accessed None trying to read property opponentLocation
	Enemy_Blueprint_C /Engine/Transient.World_7:PersistentLevel.Enemy_Blueprint_C_0
	Function /Game/Enemy_Blueprint.Enemy_Blueprint_C:UserConstructionScript:001E
[2017.03.18-10.48.54:780][125]BlueprintEditorCompileResults: Info The path is never executed.  Then 1
[2017.03.18-10.48.56:565][263]LogScript:Warning: Accessed None trying to read property opponentLocation
	Enemy_Blueprint_C /Engine/Transient.World_7:PersistentLevel.Enemy_Blueprint_C_0
	Function /Game/Enemy_Blueprint.Enemy_Blueprint_C:UserConstructionScript:001E
[2017.03.18-10.48.56:566][263]LogScript:Warning: Accessed None trying to read property opponentLocation
	Enemy_Blueprint_C /Engine/Transient.World_7:PersistentLevel.Enemy_Blueprint_C_0
	Function /Game/Enemy_Blueprint.Enemy_Blueprint_C:UserConstructionScript:001E
[2017.03.18-10.49.15:173][743]LogSavePackage: Save=147.10ms
[2017.03.18-10.49.15:173][743]LogSavePackage: Moving '../../../../../../Users/sh Kim/Documents/GitHub/PrototypingBackup/nonamed/Saved/L_Battle_Stage9C62D6B84702642F6961F5B48283CEA2.tmp' to '../../../../../../Users/sh Kim/Documents/GitHub/PrototypingBackup/nonamed/Content/L_Battle_Stage.umap'
[2017.03.18-10.49.15:176][743]LogSavePackage:Display: Finished SavePackage ../../../../../../Users/sh Kim/Documents/GitHub/PrototypingBackup/nonamed/Content/L_Battle_Stage.umap
[2017.03.18-10.49.15:214][743]LogFileHelpers: Saving map 'L_Battle_Stage' took 0.284
[2017.03.18-10.49.15:217][743]Cmd: OBJ SAVEPACKAGE PACKAGE="/Game/Enemy_Blueprint" FILE="../../../../../../Users/sh Kim/Documents/GitHub/PrototypingBackup/nonamed/Content/Enemy_Blueprint.uasset" SILENT=true
[2017.03.18-10.49.15:293][743]LogSavePackage: Save=39.34ms
[2017.03.18-10.49.15:293][743]LogSavePackage: Moving '../../../../../../Users/sh Kim/Documents/GitHub/PrototypingBackup/nonamed/Saved/Enemy_Blueprint0EDFA72A49180544BEF4F9B09BD75618.tmp' to '../../../../../../Users/sh Kim/Documents/GitHub/PrototypingBackup/nonamed/Content/Enemy_Blueprint.uasset'
[2017.03.18-10.49.15:296][743]LogSavePackage:Display: Finished SavePackage ../../../../../../Users/sh Kim/Documents/GitHub/PrototypingBackup/nonamed/Content/Enemy_Blueprint.uasset
[2017.03.18-10.49.20:225][170]LogTemp: Repeting last play command: Selected Viewport
[2017.03.18-10.49.20:253][170]LogBlueprintUserMessages: Early PlayInEditor Detection: Level '/Game/L_Battle_Stage.L_Battle_Stage:PersistentLevel' has LevelScriptBlueprint '/Game/L_Battle_Stage.L_Battle_Stage:PersistentLevel.L_Battle_Stage' with GeneratedClass '/Game/L_Battle_Stage.L_Battle_Stage_C' with ClassGeneratedBy '/Game/L_Battle_Stage.L_Battle_Stage:PersistentLevel.L_Battle_Stage'
[2017.03.18-10.49.20:254][170]BlueprintLog: New page: Pre-Play auto-recompile
[2017.03.18-10.49.20:254][170]LogPlayLevel: [PlayLevel] Compiling Enemy_Blueprint before play...
[2017.03.18-10.49.20:289][170]LogScript:Warning: Accessed None trying to read property opponentLocation
	Enemy_Blueprint_C /Engine/Transient.World_7:PersistentLevel.Enemy_Blueprint_C_0
	Function /Game/Enemy_Blueprint.Enemy_Blueprint_C:UserConstructionScript:001E
[2017.03.18-10.49.20:362][170]LogScript:Warning: Accessed None trying to read property opponentLocation
	Enemy_Blueprint_C /Engine/Transient.World_7:PersistentLevel.Enemy_Blueprint_C_0
	Function /Game/Enemy_Blueprint.Enemy_Blueprint_C:UserConstructionScript:001E
[2017.03.18-10.49.20:384][170]LogPlayLevel: PlayLevel: Blueprint regeneration took 129 ms (1 blueprints)
[2017.03.18-10.49.20:384][170]PIE: New page: PIE session: L_Battle_Stage (Mar 19, 2017, 4:49:20 AM)
[2017.03.18-10.49.20:384][170]LogPlayLevel: Creating play world package: /Game/UEDPIE_0_L_Battle_Stage
[2017.03.18-10.49.20:390][170]LogPlayLevel: PIE: StaticDuplicateObject took: (0.005924s)
[2017.03.18-10.49.20:391][170]LogAIModule: Creating AISystem for world L_Battle_Stage
[2017.03.18-10.49.20:392][170]LogPlayLevel: PIE: World Init took: (0.001516s)
[2017.03.18-10.49.20:392][170]LogPlayLevel: PIE: Created PIE world by copying editor world from /Game/L_Battle_Stage.L_Battle_Stage to /Game/UEDPIE_0_L_Battle_Stage.L_Battle_Stage (0.007953s)
[2017.03.18-10.49.20:412][170]LogInit: XAudio2 using '스피커(Realtek High Definition Audio)' : 2 channels at 48 kHz using 32 bits per sample (channel mask 0x3)
[2017.03.18-10.49.20:429][170]LogInit: FAudioDevice initialized.
[2017.03.18-10.49.20:463][170]LogLoad: Game class is 'MyGameMode_C'
[2017.03.18-10.49.20:465][170]LogWorld: Bringing World /Game/UEDPIE_0_L_Battle_Stage.L_Battle_Stage up for play (max tick rate 0) at 2017.03.18-19.49.20
[2017.03.18-10.49.20:466][170]LogWorld: Bringing up level for play took: 0.002297
[2017.03.18-10.49.20:468][170]PIE: Info Play in editor start time for /Game/UEDPIE_0_L_Battle_Stage -0.068
[2017.03.18-10.49.20:469][170]LogBlueprintUserMessages: Late PlayInEditor Detection: Level '/Game/L_Battle_Stage.L_Battle_Stage:PersistentLevel' has LevelScriptBlueprint '/Game/L_Battle_Stage.L_Battle_Stage:PersistentLevel.L_Battle_Stage' with GeneratedClass '/Game/L_Battle_Stage.L_Battle_Stage_C' with ClassGeneratedBy '/Game/L_Battle_Stage.L_Battle_Stage:PersistentLevel.L_Battle_Stage'
[2017.03.18-10.49.20:720][187]LogBlueprintUserMessages: [Enemy_Blueprint] Enemy Deploy Start
[2017.03.18-10.49.20:720][187]LogBlueprintUserMessages: [Enemy_Blueprint] Get Deployable Unit Fail.
[2017.03.18-10.49.20:720][187]LogBlueprintUserMessages: [Enemy_Blueprint] Enemy Deploy End
[2017.03.18-10.49.31:848][147]LogScript:Warning: Accessed None trying to read property CallFunc_Create_ReturnValue2
	PlayerBP_C /Game/UEDPIE_0_L_Battle_Stage.L_Battle_Stage:PersistentLevel.Player_Blueprint
	Function /Game/PlayerBP.PlayerBP_C:GoNextGameSteb:0200
[2017.03.18-10.49.36:675][550]LogScript:Warning: Attempted to access Head via property K2Node_DynamicCast_AsStatic_Mesh_Component, but Head is pending kill
	U_Knight_C /Game/UEDPIE_0_L_Battle_Stage.L_Battle_Stage:PersistentLevel.O_U_Nights2
	Function /Game/Blueprint/Unit/Unit.Unit_C:SetMaterial:01B2
[2017.03.18-10.49.36:675][550]PIE:Error: Error Blueprint Runtime Error: Attempted to access Head via property K2Node_DynamicCast_AsStatic_Mesh_Component, but Head is pending kill from function: 'SetMaterial' from node: Set Material in graph: SetMaterial in object: Unit with description: Attempted to access Head via property K2Node_DynamicCast_AsStatic_Mesh_Component, but Head is pending kill
[2017.03.18-10.49.36:682][550]LogBlueprintUserMessages: [Player_Blueprint] Owner::NewEnumerator2 Damaged: 2 !
[2017.03.18-10.49.38:683][724]LogBlueprintUserMessages: [W_BattleResult_C_13] 1
[2017.03.18-10.49.39:442][790]LogBlueprintUserMessages: [W_BattleResult_C_13] 1
[2017.03.18-10.49.42:708][ 76]PIE:Error: Error Blueprint Runtime Error: Accessed None trying to read property CallFunc_Create_ReturnValue from function: 'GoNextGameSteb' from node: Add to Viewport in graph: GoNextGameSteb in object: PlayerBP with description: Accessed None trying to read property CallFunc_Create_ReturnValue
[2017.03.18-10.49.42:708][ 76]PIE:Error: Error Blueprint Runtime Error: Accessed None trying to read property CallFunc_Create_ReturnValue2 from function: 'GoNextGameSteb' from node: Add to Viewport in graph: GoNextGameSteb in object: PlayerBP with description: Accessed None trying to read property CallFunc_Create_ReturnValue2
[2017.03.18-10.49.42:708][ 76]PIE:Error: Error Blueprint Runtime Error: Accessed None trying to read property CallFunc_Create_ReturnValue3 from function: 'GoNextGameSteb' from node: Add to Viewport in graph: GoNextGameSteb in object: PlayerBP with description: Accessed None trying to read property CallFunc_Create_ReturnValue3
[2017.03.18-10.49.42:709][ 76]PIE:Error: Error Blueprint Runtime Error: Accessed None trying to read property CallFunc_Create_ReturnValue4 from function: 'GoNextGameSteb' from node: Add to Viewport in graph: GoNextGameSteb in object: PlayerBP with description: Accessed None trying to read property CallFunc_Create_ReturnValue4
[2017.03.18-10.49.42:709][ 76]LogBlueprintUserMessages: [Enemy_Blueprint] [Enemy Select Unit]
[2017.03.18-10.49.42:709][ 76]LogBlueprintUserMessages: [W_OpponentSelection_C_6] Opponent Select Steb
[2017.03.18-10.49.42:710][ 76]PIE:Error: Error Blueprint Runtime Error: Accessed None trying to read property CallFunc_Create_ReturnValue from function: 'GoNextGameSteb' from node: Add to Viewport in graph: GoNextGameSteb in object: PlayerBP with description: Accessed None trying to read property CallFunc_Create_ReturnValue
[2017.03.18-10.49.42:711][ 76]PIE:Error: Error Blueprint Runtime Error: Accessed None trying to read property CallFunc_Create_ReturnValue2 from function: 'GoNextGameSteb' from node: Add to Viewport in graph: GoNextGameSteb in object: PlayerBP with description: Accessed None trying to read property CallFunc_Create_ReturnValue2
[2017.03.18-10.49.42:711][ 76]PIE:Error: Error Blueprint Runtime Error: Accessed None trying to read property CallFunc_Create_ReturnValue3 from function: 'GoNextGameSteb' from node: Add to Viewport in graph: GoNextGameSteb in object: PlayerBP with description: Accessed None trying to read property CallFunc_Create_ReturnValue3
[2017.03.18-10.49.42:712][ 76]PIE:Error: Error Blueprint Runtime Error: Accessed None trying to read property CallFunc_Create_ReturnValue5 from function: 'GoNextGameSteb' from node: Add to Viewport in graph: GoNextGameSteb in object: PlayerBP with description: Accessed None trying to read property CallFunc_Create_ReturnValue5
[2017.03.18-10.49.43:196][119]LogBlueprintUserMessages: [Enemy_Blueprint] Enemy Deploy Start
[2017.03.18-10.49.43:196][119]LogBlueprintUserMessages: [Enemy_Blueprint] Enemy Deploy End
[2017.03.18-10.49.44:705][250]LogScript:Warning: Accessed None trying to read property deck
	Enemy_Blueprint_C /Game/UEDPIE_0_L_Battle_Stage.L_Battle_Stage:PersistentLevel.Enemy_Blueprint
	Function /Game/Enemy_Blueprint.Enemy_Blueprint_C:ExecuteUbergraph_Enemy_Blueprint:01BA
[2017.03.18-10.49.44:705][250]PIE:Error: Error Blueprint Runtime Error: Accessed None trying to read property deck from function: 'ExecuteUbergraph_Enemy_Blueprint' from node: SpawnActor in graph: EventGraph in object: Enemy_Blueprint with description: Accessed None trying to read property deck
[2017.03.18-10.49.44:705][250]LogScript:Warning: Accessed None
	Enemy_Blueprint_C /Game/UEDPIE_0_L_Battle_Stage.L_Battle_Stage:PersistentLevel.Enemy_Blueprint
	Function /Game/Enemy_Blueprint.Enemy_Blueprint_C:ExecuteUbergraph_Enemy_Blueprint:019B
[2017.03.18-10.49.44:706][250]PIE:Error: Error Blueprint Runtime Error: Accessed None from function: 'ExecuteUbergraph_Enemy_Blueprint' from node: SpawnActor in graph: EventGraph in object: Enemy_Blueprint with description: Accessed None
[2017.03.18-10.49.44:706][250]LogScript:Warning: Accessed None trying to read property CallFunc_Array_Get_Item2
	Enemy_Blueprint_C /Game/UEDPIE_0_L_Battle_Stage.L_Battle_Stage:PersistentLevel.Enemy_Blueprint
	Function /Game/Enemy_Blueprint.Enemy_Blueprint_C:ExecuteUbergraph_Enemy_Blueprint:01FE
[2017.03.18-10.49.44:706][250]PIE:Error: Error Blueprint Runtime Error: Accessed None trying to read property CallFunc_Array_Get_Item2 from function: 'ExecuteUbergraph_Enemy_Blueprint' from node: SpawnActor in graph: EventGraph in object: Enemy_Blueprint with description: Accessed None trying to read property CallFunc_Array_Get_Item2
[2017.03.18-10.49.44:706][250]LogScript:Warning: Accessed None trying to read property deck
	Enemy_Blueprint_C /Game/UEDPIE_0_L_Battle_Stage.L_Battle_Stage:PersistentLevel.Enemy_Blueprint
	Function /Game/Enemy_Blueprint.Enemy_Blueprint_C:ExecuteUbergraph_Enemy_Blueprint:02BE
[2017.03.18-10.49.44:707][250]PIE:Error: Error Blueprint Runtime Error: Accessed None trying to read property deck from function: 'ExecuteUbergraph_Enemy_Blueprint' from node: SpawnActor in graph: EventGraph in object: Enemy_Blueprint with description: Accessed None trying to read property deck
[2017.03.18-10.49.44:707][250]LogScript:Warning: Accessed None
	Enemy_Blueprint_C /Game/UEDPIE_0_L_Battle_Stage.L_Battle_Stage:PersistentLevel.Enemy_Blueprint
	Function /Game/Enemy_Blueprint.Enemy_Blueprint_C:ExecuteUbergraph_Enemy_Blueprint:029F
[2017.03.18-10.49.44:707][250]PIE:Error: Error Blueprint Runtime Error: Accessed None from function: 'ExecuteUbergraph_Enemy_Blueprint' from node: SpawnActor in graph: EventGraph in object: Enemy_Blueprint with description: Accessed None
[2017.03.18-10.49.44:708][250]LogScript:Warning: Accessed None trying to read property CallFunc_Array_Get_Item2
	Enemy_Blueprint_C /Game/UEDPIE_0_L_Battle_Stage.L_Battle_Stage:PersistentLevel.Enemy_Blueprint
	Function /Game/Enemy_Blueprint.Enemy_Blueprint_C:ExecuteUbergraph_Enemy_Blueprint:0302
[2017.03.18-10.49.44:708][250]PIE:Error: Error Blueprint Runtime Error: Accessed None trying to read property CallFunc_Array_Get_Item2 from function: 'ExecuteUbergraph_Enemy_Blueprint' from node: SpawnActor in graph: EventGraph in object: Enemy_Blueprint with description: Accessed None trying to read property CallFunc_Array_Get_Item2
[2017.03.18-10.50.45:461][525]LogSavePackage: Save=144.41ms
[2017.03.18-10.50.45:461][525]LogSavePackage: Moving '../../../../../../Users/sh Kim/Documents/GitHub/PrototypingBackup/nonamed/Saved/L_Battle_Stage0944928F49EBDD2791DCBC805E971B1D.tmp' to '../../../../../../Users/sh Kim/Documents/GitHub/PrototypingBackup/nonamed/Content/L_Battle_Stage.umap'
[2017.03.18-10.50.45:464][525]LogSavePackage:Display: Finished SavePackage ../../../../../../Users/sh Kim/Documents/GitHub/PrototypingBackup/nonamed/Content/L_Battle_Stage.umap
[2017.03.18-10.50.45:502][525]LogFileHelpers: Saving map 'L_Battle_Stage' took 0.280
[2017.03.18-10.50.45:705][525]LogSavePackage: Save=148.16ms
[2017.03.18-10.50.45:705][525]LogSavePackage: Moving '../../../../../../Users/sh Kim/Documents/GitHub/PrototypingBackup/nonamed/Saved/L_Battle_Stage11E30D414A5DDA5FBD6B70AFA548DD5D.tmp' to '../../../../../../Users/sh Kim/Documents/GitHub/PrototypingBackup/nonamed/Content/L_Battle_Stage.umap'
[2017.03.18-10.50.45:706][525]LogSavePackage:Display: Finished SavePackage ../../../../../../Users/sh Kim/Documents/GitHub/PrototypingBackup/nonamed/Content/L_Battle_Stage.umap
[2017.03.18-10.50.45:743][525]Cmd: OBJ SAVEPACKAGE PACKAGE="/Game/L_Battle_Stage_BuiltData" FILE="../../../../../../Users/sh Kim/Documents/GitHub/PrototypingBackup/nonamed/Content/L_Battle_Stage_BuiltData.uasset" SILENT=true
[2017.03.18-10.50.45:819][525]LogSavePackage: Save=45.00ms
[2017.03.18-10.50.45:819][525]LogSavePackage: Moving '../../../../../../Users/sh Kim/Documents/GitHub/PrototypingBackup/nonamed/Saved/L_Battle_Stage_BuiltData100D2F2845298CAA0AC981A8DE5F8819.tmp' to '../../../../../../Users/sh Kim/Documents/GitHub/PrototypingBackup/nonamed/Content/L_Battle_Stage_BuiltData.uasset'
[2017.03.18-10.50.45:821][525]LogSavePackage:Display: Finished SavePackage ../../../../../../Users/sh Kim/Documents/GitHub/PrototypingBackup/nonamed/Content/L_Battle_Stage_BuiltData.uasset
[2017.03.18-10.50.47:091][612]LogSavePackage: Save=148.55ms
[2017.03.18-10.50.47:092][612]LogSavePackage: Moving '../../../../../../Users/sh Kim/Documents/GitHub/PrototypingBackup/nonamed/Saved/L_Battle_Stage0B72662046CC025D76522389874395C4.tmp' to '../../../../../../Users/sh Kim/Documents/GitHub/PrototypingBackup/nonamed/Content/L_Battle_Stage.umap'
[2017.03.18-10.50.47:094][612]LogSavePackage:Display: Finished SavePackage ../../../../../../Users/sh Kim/Documents/GitHub/PrototypingBackup/nonamed/Content/L_Battle_Stage.umap
[2017.03.18-10.50.47:133][612]Cmd: OBJ SAVEPACKAGE PACKAGE="/Game/L_Battle_Stage_BuiltData" FILE="../../../../../../Users/sh Kim/Documents/GitHub/PrototypingBackup/nonamed/Content/L_Battle_Stage_BuiltData.uasset" SILENT=true
[2017.03.18-10.50.47:212][612]LogSavePackage: Save=45.19ms
[2017.03.18-10.50.47:212][612]LogSavePackage: Moving '../../../../../../Users/sh Kim/Documents/GitHub/PrototypingBackup/nonamed/Saved/L_Battle_Stage_BuiltDataE5F899BA4AC21BE6F450B3A40D1D1A95.tmp' to '../../../../../../Users/sh Kim/Documents/GitHub/PrototypingBackup/nonamed/Content/L_Battle_Stage_BuiltData.uasset'
[2017.03.18-10.50.47:214][612]LogSavePackage:Display: Finished SavePackage ../../../../../../Users/sh Kim/Documents/GitHub/PrototypingBackup/nonamed/Content/L_Battle_Stage_BuiltData.uasset
[2017.03.18-10.51.02:692][852]LogBlueprintUserMessages: Early EndPlayMap Detection: Level '/Game/L_Battle_Stage.L_Battle_Stage:PersistentLevel' has LevelScriptBlueprint '/Game/L_Battle_Stage.L_Battle_Stage:PersistentLevel.L_Battle_Stage' with GeneratedClass '/Game/L_Battle_Stage.L_Battle_Stage_C' with ClassGeneratedBy '/Game/L_Battle_Stage.L_Battle_Stage:PersistentLevel.L_Battle_Stage'
[2017.03.18-10.51.02:786][852]LogStats: FPlatformStackWalk::StackWalkAndDump -  0.087 s
[2017.03.18-10.51.02:786][852]LogOutputDevice:Error: === Handled ensure: ===
[2017.03.18-10.51.02:787][852]LogOutputDevice:Error: 
[2017.03.18-10.51.02:787][852]LogOutputDevice:Error: Ensure condition failed: NewObject->IsA(this->GeneratedClass) [File:D:\Build\++UE4+Release-4.15+Compile\Sync\Engine\Source\Runtime\Engine\Private\Blueprint.cpp] [Line: 755]
[2017.03.18-10.51.02:787][852]LogOutputDevice:Error: Type mismatch: Expected L_Battle_Stage_C, Found REINST_L_Battle_Stage_C_163
[2017.03.18-10.51.02:787][852]LogOutputDevice:Error: Stack: 
[2017.03.18-10.51.02:787][852]LogOutputDevice:Error: UE4Editor-Core.dll!0x00000000FB8995D6
[2017.03.18-10.51.02:787][852]LogOutputDevice:Error: UE4Editor-Core.dll!0x00000000FB649B72
[2017.03.18-10.51.02:787][852]LogOutputDevice:Error: UE4Editor-Core.dll!0x00000000FB65B656
[2017.03.18-10.51.02:787][852]LogOutputDevice:Error: UE4Editor-Engine.dll!0x00000000E799F191
[2017.03.18-10.51.02:787][852]LogOutputDevice:Error: UE4Editor-Engine.dll!0x00000000E87783C1
[2017.03.18-10.51.02:787][852]LogOutputDevice:Error: UE4Editor-UnrealEd.dll!0x00000000E496271D
[2017.03.18-10.51.02:787][852]LogOutputDevice:Error: UE4Editor-UnrealEd.dll!0x00000000E491E31E
[2017.03.18-10.51.02:787][852]LogOutputDevice:Error: UE4Editor-UnrealEd.dll!0x00000000E4447A9F
[2017.03.18-10.51.02:787][852]LogOutputDevice:Error: UE4Editor-UnrealEd.dll!0x00000000E4C51AD6
[2017.03.18-10.51.02:787][852]LogOutputDevice:Error: UE4Editor.exe!0x000000001972DEE3
[2017.03.18-10.51.02:787][852]LogOutputDevice:Error: UE4Editor.exe!0x000000001971EB40
[2017.03.18-10.51.02:788][852]LogOutputDevice:Error: UE4Editor.exe!0x000000001971EBBA
[2017.03.18-10.51.02:788][852]LogOutputDevice:Error: UE4Editor.exe!0x0000000019730A29
[2017.03.18-10.51.02:788][852]LogOutputDevice:Error: UE4Editor.exe!0x00000000197322B6
[2017.03.18-10.51.02:788][852]LogOutputDevice:Error: KERNEL32.DLL!0x000000002EA58364
[2017.03.18-10.51.02:788][852]LogOutputDevice:Error: ntdll.dll!0x000000002F5070D1
[2017.03.18-10.51.02:788][852]LogOutputDevice:Error: 
[2017.03.18-10.51.02:797][852]LogStats:                SubmitErrorReport -  0.000 s
