Log file open, 03/19/17 23:15:06
LogInit:Display: Running engine for game: nonamed
LogPlatformFile: Not using cached read wrapper
LogInit:Display: RandInit(312552935) SRandInit(312552935).
LogTaskGraph: Started task graph with 5 named threads and 8 total threads with 1 sets of task threads.
LogStats: Stats thread started at 0.072550
LogInit: Using libcurl 7.47.1
LogInit:  - built for x86_64-pc-win32
LogInit:  - supports SSL with OpenSSL/1.0.2g
LogInit:  - supports HTTP deflate (compression) using libz 1.2.8
LogInit:  - other features:
LogInit:      CURL_VERSION_SSL
LogInit:      CURL_VERSION_LIBZ
LogInit:      CURL_VERSION_IPV6
LogInit:      CURL_VERSION_ASYNCHDNS
LogInit:      CURL_VERSION_LARGEFILE
LogInit:      CURL_VERSION_IDN
LogInit:  CurlRequestOptions (configurable via config and command line):
LogInit:  - bVerifyPeer = false  - Libcurl will NOT verify peer certificate
LogInit:  - bUseHttpProxy = false  - Libcurl will NOT use HTTP proxy
LogInit:  - bDontReuseConnections = false  - Libcurl will reuse connections
LogInit:  - CertBundlePath = nullptr  - Libcurl will use whatever was configured at build time.
LogInit: Build: ++UE4+Release-4.15-CL-3299760
LogInit: Engine Version: 4.15.0-3299760+++UE4+Release-4.15
LogInit: Compatible Engine Version: 4.15.0-3299760+++UE4+Release-4.15
LogInit: Net CL: 3299760
LogDevObjectVersion: Number of dev versions registered: 14
LogDevObjectVersion:   Dev-Blueprints (B0D832E4-1F89-4F0D-ACCF-7EB736FD4AA2): 8
LogDevObjectVersion:   Dev-Build (E1C64328-A22C-4D53-A36C-8E866417BD8C): 0
LogDevObjectVersion:   Dev-Core (375EC13C-06E4-48FB-B500-84F0262A717E): 2
LogDevObjectVersion:   Dev-Editor (E4B068ED-F494-42E9-A231-DA0B2E46BB41): 14
LogDevObjectVersion:   Dev-Framework (CFFC743F-43B0-4480-9391-14DF171D2073): 22
LogDevObjectVersion:   Dev-Mobile (B02B49B5-BB20-44E9-A304-32B752E40360): 0
LogDevObjectVersion:   Dev-Networking (A4E4105C-59A1-49B5-A7C5-40C4547EDFEE): 0
LogDevObjectVersion:   Dev-Online (39C831C9-5AE6-47DC-9A44-9C173E1C8E7C): 0
LogDevObjectVersion:   Dev-Physics (78F01B33-EBEA-4F98-B9B4-84EACCB95AA2): 0
LogDevObjectVersion:   Dev-Platform (6631380F-2D4D-43E0-8009-CF276956A95A): 0
LogDevObjectVersion:   Dev-Rendering (12F88B9F-8875-4AFC-A67C-D90C383ABD29): 12
LogDevObjectVersion:   Dev-Sequencer (7B5AE74C-D270-4C10-A958-57980B212A5A): 3
LogDevObjectVersion:   Dev-VR (D7296918-1DD6-4BDD-9DE2-64A83CC13884): 0
LogDevObjectVersion:   Dev-LoadTimes (C2A15278-BFE7-4AFE-6C17-90FF531DF755): 1
LogInit: Compiled (64-bit): Feb 14 2017 02:04:14
LogInit: Compiled with Visual C++: 19.00.23026.00
LogInit: Build Configuration: Development
LogInit: Branch Name: ++UE4+Release-4.15
LogInit: Command line:  
LogInit: Base directory: C:/Program Files/Epic Games/UE_4.15/Engine/Binaries/Win64/
LogInit: Installed Engine Build: 1
LogInit: Presizing for max 8388607 objects, including 0 objects not considered by GC, pre-allocating 0 bytes for permanent pool.
LogInit: Object subsystem initialized
[2017.03.19-14.15.07:219][  0]LogInit: Selected Device Profile: [Windows]
[2017.03.19-14.15.07:219][  0]LogInit: Applying CVar settings loaded from the selected device profile: [Windows]
[2017.03.19-14.15.07:230][  0]LogInit: Computer: DESKTOP-73DD3NB
[2017.03.19-14.15.07:230][  0]LogInit: User: shKim
[2017.03.19-14.15.07:230][  0]LogInit: CPU Page size=65536, Cores=4
[2017.03.19-14.15.07:230][  0]LogInit: High frequency timer resolution =3.328127 MHz
[2017.03.19-14.15.07:230][  0]LogMemory: Memory total: Physical=31.9GB (32GB approx)
[2017.03.19-14.15.07:230][  0]LogMemory: Platform Memory Stats for Windows
[2017.03.19-14.15.07:230][  0]LogMemory: Process Physical Memory: 264.01 MB used, 264.01 MB peak
[2017.03.19-14.15.07:230][  0]LogMemory: Process Virtual Memory: 262.51 MB used, 262.51 MB peak
[2017.03.19-14.15.07:230][  0]LogMemory: Physical Memory: 6831.54 MB used,  25799.17 MB free, 32630.71 MB total
[2017.03.19-14.15.07:230][  0]LogMemory: Virtual Memory: 643.05 MB used,  25799.17 MB free, 134217728.00 MB total
[2017.03.19-14.15.07:303][  0]LogInit: Overriding culture en with editor configuration.
[2017.03.19-14.15.07:877][  0]LogD3D11RHI: D3D11 adapters:
[2017.03.19-14.15.07:884][  0]LogD3D11RHI:    0. 'Intel(R) HD Graphics 630' (Feature Level 11_0)
[2017.03.19-14.15.07:884][  0]LogD3D11RHI:       128/0/16315 MB DedicatedVideo/DedicatedSystem/SharedSystem, Outputs:1, VendorId:0x8086
[2017.03.19-14.15.07:910][  0]LogD3D11RHI:    1. 'NVIDIA GeForce GTX 1070' (Feature Level 11_0)
[2017.03.19-14.15.07:910][  0]LogD3D11RHI:       8145/0/16315 MB DedicatedVideo/DedicatedSystem/SharedSystem, Outputs:1, VendorId:0x10de
[2017.03.19-14.15.07:911][  0]LogD3D11RHI:    2. 'Microsoft Basic Render Driver' (Feature Level 11_0)
[2017.03.19-14.15.07:912][  0]LogD3D11RHI:       0/0/16315 MB DedicatedVideo/DedicatedSystem/SharedSystem, Outputs:0, VendorId:0x1414
[2017.03.19-14.15.07:912][  0]LogD3D11RHI: Chosen D3D11 Adapter: 1
[2017.03.19-14.15.07:915][  0]LogD3D11RHI: Creating new Direct3DDevice
[2017.03.19-14.15.07:915][  0]LogD3D11RHI:     GPU DeviceId: 0x1b81 (for the marketing name, search the web for "GPU Device Id")
[2017.03.19-14.15.07:915][  0]LogWindows: EnumDisplayDevices:
[2017.03.19-14.15.07:915][  0]LogWindows:    0. 'Intel(R) HD Graphics 630' (P:1 D:1)
[2017.03.19-14.15.07:915][  0]LogWindows:    1. 'Intel(R) HD Graphics 630' (P:0 D:0)
[2017.03.19-14.15.07:915][  0]LogWindows:    2. 'Intel(R) HD Graphics 630' (P:0 D:0)
[2017.03.19-14.15.07:915][  0]LogWindows:    3. 'NVIDIA GeForce GTX 1070' (P:0 D:1)
[2017.03.19-14.15.07:915][  0]LogWindows:    4. 'NVIDIA GeForce GTX 1070' (P:0 D:0)
[2017.03.19-14.15.07:916][  0]LogWindows:    5. 'NVIDIA GeForce GTX 1070' (P:0 D:0)
[2017.03.19-14.15.07:916][  0]LogWindows:    6. 'NVIDIA GeForce GTX 1070' (P:0 D:0)
[2017.03.19-14.15.07:916][  0]LogWindows: DebugString: PrimaryIsNotTheChoosenAdapter PrimaryIsNotTheChoosenAdapter PrimaryIsNotTheChoosenAdapter FoundDriverCount:4 
[2017.03.19-14.15.07:916][  0]LogD3D11RHI:     Adapter Name: NVIDIA GeForce GTX 1070
[2017.03.19-14.15.07:916][  0]LogD3D11RHI:   Driver Version: 376.53 (internal:21.21.13.7653, unified:376.53)
[2017.03.19-14.15.07:916][  0]LogD3D11RHI:      Driver Date: 12-29-2016
[2017.03.19-14.15.07:916][  0]LogRHI: Texture pool is 1361 MB (70% of 1945 MB)
[2017.03.19-14.15.07:930][  0]LogD3D11RHI: Async texture creation enabled
[2017.03.19-14.15.07:940][  0]LogD3D11RHI: GPU Timing Frequency: 1000.000000 (Debug: 2 1)
[2017.03.19-14.15.07:988][  0]LogShaderCompilers: Guid format shader working directory is -27 characters bigger than the processId version (../../../../../../Users/sh Kim/Documents/GitHub/PrototypingBackup/nonamed/Intermediate/Shaders/WorkingDirectory/11428/).
[2017.03.19-14.15.07:988][  0]LogShaderCompilers: Cleaned the shader compiler working directory 'C:/Users/sh Kim/AppData/Local/Temp/UnrealShaderWorkingDir/4896E45E4B46C690351A98A67FDC1E19/'.
[2017.03.19-14.15.07:988][  0]LogShaderCompilers:Display: Using Local Shader Compiler.
[2017.03.19-14.15.08:852][  0]LogTemp:Display: Loaded TP AllDesktopTargetPlatform
[2017.03.19-14.15.08:897][  0]LogTemp:Display: Loaded TP MacClientTargetPlatform
[2017.03.19-14.15.08:943][  0]LogTemp:Display: Loaded TP MacNoEditorTargetPlatform
[2017.03.19-14.15.08:988][  0]LogTemp:Display: Loaded TP MacServerTargetPlatform
[2017.03.19-14.15.09:036][  0]LogTemp:Display: Loaded TP MacTargetPlatform
[2017.03.19-14.15.09:082][  0]LogTemp:Display: Loaded TP WindowsClientTargetPlatform
[2017.03.19-14.15.09:129][  0]LogTemp:Display: Loaded TP WindowsNoEditorTargetPlatform
[2017.03.19-14.15.09:176][  0]LogTemp:Display: Loaded TP WindowsServerTargetPlatform
[2017.03.19-14.15.09:219][  0]LogTemp:Display: Loaded TP WindowsTargetPlatform
[2017.03.19-14.15.09:266][  0]LogTemp:Display: Loaded TP AndroidTargetPlatform
[2017.03.19-14.15.09:313][  0]LogTemp:Display: Loaded TP Android_ASTCTargetPlatform
[2017.03.19-14.15.09:358][  0]LogTemp:Display: Loaded TP Android_ATCTargetPlatform
[2017.03.19-14.15.09:404][  0]LogTemp:Display: Loaded TP Android_DXTTargetPlatform
[2017.03.19-14.15.09:450][  0]LogTemp:Display: Loaded TP Android_ETC1TargetPlatform
[2017.03.19-14.15.09:497][  0]LogTemp:Display: Loaded TP Android_ETC2TargetPlatform
[2017.03.19-14.15.09:589][  0]LogTemp:Display: Loaded TP Android_MultiTargetPlatform
[2017.03.19-14.15.09:589][  0]LogTemp:Display: Loaded TP Android_PVRTCTargetPlatform
[2017.03.19-14.15.09:623][  0]LogTemp:Display: Loaded TP HTML5TargetPlatform
[2017.03.19-14.15.09:708][  0]LogTemp:Display: Loaded TP IOSTargetPlatform
[2017.03.19-14.15.09:741][  0]LogTemp:Display: Loaded TP TVOSTargetPlatform
[2017.03.19-14.15.09:786][  0]LogTemp:Display: Loaded TP LinuxClientTargetPlatform
[2017.03.19-14.15.09:833][  0]LogTemp:Display: Loaded TP LinuxNoEditorTargetPlatform
[2017.03.19-14.15.09:878][  0]LogTemp:Display: Loaded TP LinuxServerTargetPlatform
[2017.03.19-14.15.09:923][  0]LogTemp:Display: Loaded TP LinuxTargetPlatform
[2017.03.19-14.15.09:923][  0]LogTargetPlatformManager:Display: Building Assets For Windows
[2017.03.19-14.15.10:329][  0]LogDerivedDataCache:Display: Max Cache Size: 512 MB
[2017.03.19-14.15.10:375][  0]LogDerivedDataCache: Loaded boot cache 0.05s 50MB C:/Users/sh Kim/AppData/Local/UnrealEngine/4.15/DerivedDataCache/Boot.ddc.
[2017.03.19-14.15.10:375][  0]LogDerivedDataCache:Display: Loaded Boot cache: C:/Users/sh Kim/AppData/Local/UnrealEngine/4.15/DerivedDataCache/Boot.ddc
[2017.03.19-14.15.10:375][  0]LogDerivedDataCache: FDerivedDataBackendGraph:  Pak pak cache file ../../../../../../Users/sh Kim/Documents/GitHub/PrototypingBackup/nonamed/DerivedDataCache/DDC.ddp not found, will not use a pak cache.
[2017.03.19-14.15.10:375][  0]LogDerivedDataCache: Unable to find inner node Pak for hierarchical cache Hierarchy.
[2017.03.19-14.15.10:375][  0]LogDerivedDataCache: FDerivedDataBackendGraph:  CompressedPak pak cache file ../../../../../../Users/sh Kim/Documents/GitHub/PrototypingBackup/nonamed/DerivedDataCache/Compressed.ddp not found, will not use a pak cache.
[2017.03.19-14.15.10:375][  0]LogDerivedDataCache: Unable to find inner node CompressedPak for hierarchical cache Hierarchy.
[2017.03.19-14.15.10:392][  0]LogDerivedDataCache:Display: Pak cache opened for reading ../../../Engine/DerivedDataCache/Compressed.ddp.
[2017.03.19-14.15.10:403][  0]LogDerivedDataCache: Using Local data cache path C:/Users/sh Kim/AppData/Local/UnrealEngine/Common/DerivedDataCache: Writable
[2017.03.19-14.15.10:411][  0]LogSlate: Using Freetype 2.6.0
[2017.03.19-14.15.10:411][  0]LogSlate: SlateFontCache - WITH_FREETYPE: 1, WITH_HARFBUZZ: 1
[2017.03.19-14.15.10:411][  0]LogSlate: SlateFontCache - WITH_FREETYPE: 1, WITH_HARFBUZZ: 1
[2017.03.19-14.15.10:624][  0]LogInit: Selected Device Profile: [Windows]
[2017.03.19-14.15.10:627][  0]LogContentStreaming: Texture pool size is 0.00 MB
[2017.03.19-14.15.10:798][  0]LogMeshUtilities: Using QuadricMeshReduction for automatic static mesh reduction
[2017.03.19-14.15.10:833][  0]LogSimplygon: Simplygon DLL not present - disabling.
[2017.03.19-14.15.10:871][  0]LogMeshUtilities: Using SimplygonSwarm for distributed automatic mesh merging
[2017.03.19-14.15.10:871][  0]LogMeshUtilities: No automatic skeletal mesh reduction module available
[2017.03.19-14.15.10:871][  0]LogMeshUtilities: No automatic mesh merging module available
[2017.03.19-14.15.11:326][  0]LogNetVersion: GetLocalNetworkVersion: CL: 3299760, ProjectName: nonamed, ProjectVersion: , EngineNetworkVersion: 2, GameNetworkVersion: 0, NetworkChecksum: 1112449053
[2017.03.19-14.15.11:367][  0]LogAssetRegistry: FAssetRegistry took 0.0211 seconds to start up
[2017.03.19-14.15.11:399][  0]LogPackageLocalizationCache: Processed 3 localized package path(s) for 1 prioritized culture(s) in 0.012957 seconds
[2017.03.19-14.15.11:404][  0]LogUObjectArray: 32475 objects as part of root set at end of initial load.
[2017.03.19-14.15.11:404][  0]LogUObjectAllocator: 7073368 out of 0 bytes used by permanent object pool.
[2017.03.19-14.15.11:404][  0]LogUObjectArray: CloseDisregardForGC: 0/0 objects in disregard for GC pool
[2017.03.19-14.15.11:458][  0]LogInit: WinSock: version 1.1 (2.2), MaxSocks=32767, MaxUdp=65467
[2017.03.19-14.15.12:725][  0]LogTcpMessaging: Initializing TcpMessaging bridge
[2017.03.19-14.15.12:759][  0]LogUdpMessaging: Initializing bridge on interface 0.0.0.0:0 to multicast group 230.0.0.1:6666.
[2017.03.19-14.15.13:166][  0]LogMaterial: Uniform references updated for custom material expression Custom.
[2017.03.19-14.15.13:468][  0]SourceControl: Info Source control is disabled
[2017.03.19-14.15.13:469][  0]SourceControl: Info Source control is disabled
[2017.03.19-14.15.13:505][  0]SourceControl: Info Source control is disabled
[2017.03.19-14.15.13:542][  0]SourceControl: Info Source control is disabled
[2017.03.19-14.15.14:536][  0]LogEngine: Initializing Engine...
[2017.03.19-14.15.14:537][  0]LogHMD: Failed to initialize OpenVR with code 110
[2017.03.19-14.15.14:727][  0]LogAIModule: Creating AISystem for world Untitled
[2017.03.19-14.15.14:737][  0]LogInit: XAudio2 using '스피커(Realtek High Definition Audio)' : 2 channels at 48 kHz using 32 bits per sample (channel mask 0x3)
[2017.03.19-14.15.14:747][  0]LogInit: FAudioDevice initialized.
[2017.03.19-14.15.14:769][  0]LogDerivedDataCache: Saved boot cache 0.02s 50MB C:/Users/sh Kim/AppData/Local/UnrealEngine/4.15/DerivedDataCache/Boot.ddc.
[2017.03.19-14.15.14:773][  0]LogInit: Texture streaming: Enabled
[2017.03.19-14.15.14:847][  0]LogEngineSessionManager: EngineSessionManager initialized
[2017.03.19-14.15.14:847][  0]LogEngineSessionManager: EngineSessionManager sent abnormal shutdown report. Type=AbnormalShutdown, SessionId={9B18672C-4D6F-8552-47C6-12B27A37ABF1}
[2017.03.19-14.15.14:847][  0]LogEngineSessionManager: EngineSessionManager sent abnormal shutdown report. Type=Crashed, SessionId={CA09FCC2-4723-ACC5-34BE-0C8F75E5C212}
[2017.03.19-14.15.14:915][  0]LogInit: Transaction tracking system initialized
[2017.03.19-14.15.15:192][  0]BlueprintLog: New page: Editor Load
[2017.03.19-14.15.15:899][  0]LocalizationService: Info Localization service is disabled
[2017.03.19-14.15.16:431][  0]LogConsoleResponse:Display: 
[2017.03.19-14.15.16:543][  0]LogCook:Display: Max memory allowance for cook 16384mb min free memory 0mb
[2017.03.19-14.15.16:543][  0]LogCook:Display: Mobile HDR setting 1
[2017.03.19-14.15.16:994][  0]LogFileCache: Scanning file cache for directory 'C:/Users/sh Kim/Documents/GitHub/PrototypingBackup/nonamed/Content/' took 0.01s
[2017.03.19-14.15.17:351][  0]SourceControl: Info Source control is disabled
[2017.03.19-14.15.17:351][  0]Cmd: MAP LOAD FILE="../../../Engine/Content/Maps/Templates/Template_Default.umap" TEMPLATE=1 SHOWPROGRESS=1 FEATURELEVEL=3
[2017.03.19-14.15.17:351][  0]LightingResults: New page: Lighting Build
[2017.03.19-14.15.17:383][  0]MapCheck: New page: Map Check
[2017.03.19-14.15.17:383][  0]LightingResults: New page: Lighting Build
[2017.03.19-14.15.17:545][  0]LogAIModule: Creating AISystem for world Untitled_1
[2017.03.19-14.15.17:546][  0]LogActorComponent: RegisterComponentWithWorld: (/Temp/Untitled_1.Untitled_1:PersistentLevel.WorldSettings_1.StaticMeshComponent0) Trying to register component with IsPendingKill() == true. Aborting.
[2017.03.19-14.15.17:551][  0]LogEditorServer: Finished looking for orphan Actors (0.000 secs)
[2017.03.19-14.15.17:555][  0]Cmd: MAP CHECKDEP NOCLEARLOG
[2017.03.19-14.15.17:586][  0]MapCheck: Info Map check complete: 0 Error(s), 0 Warning(s), took 31.157ms to complete.
[2017.03.19-14.15.17:586][  0]LogFileHelpers: Loading map 'Template_Default' took 0.236
[2017.03.19-14.15.17:688][  0]LogWindowsTextInputMethodSystem:Display: IME system now activated using TSF (Microsoft 입력기).
[2017.03.19-14.15.17:810][  0]LogCollectionManager: Loaded 0 collections in 0.001250 seconds
[2017.03.19-14.15.17:883][  0]LogFileCache: Scanning file cache for directory 'C:/Users/sh Kim/Documents/GitHub/PrototypingBackup/nonamed/Saved/Collections/' took 0.01s
[2017.03.19-14.15.17:883][  0]LogFileCache: Scanning file cache for directory 'C:/Users/sh Kim/Documents/GitHub/PrototypingBackup/nonamed/Content/Developers/shKim/Collections/' took 0.01s
[2017.03.19-14.15.17:883][  0]LogFileCache: Scanning file cache for directory 'C:/Users/sh Kim/Documents/GitHub/PrototypingBackup/nonamed/Content/Collections/' took 0.01s
[2017.03.19-14.15.17:883][  0]LogCollectionManager: Rebuilt the GUID cache for 0 collections in 0.000001 seconds
[2017.03.19-14.15.17:890][  0]LogContentBrowser: Native class hierarchy populated in 0.0071 seconds. Added 2244 classes and 450 folders.
[2017.03.19-14.15.17:894][  0]LogStats: UGameplayTagsManager::ConstructGameplayTagTree: Construct from data asset -  0.000 s
[2017.03.19-14.15.17:894][  0]LogStats: UGameplayTagsManager::ConstructGameplayTagTree: GameplayTagTreeChangedEvent.Broadcast -  0.000 s
[2017.03.19-14.15.17:946][  0]LogContentBrowser: Native class hierarchy updated for 'WidgetCarousel' in 0.0005 seconds. Added 0 classes and 0 folders.
[2017.03.19-14.15.17:973][  0]LogContentBrowser: Native class hierarchy updated for 'AddContentDialog' in 0.0004 seconds. Added 0 classes and 0 folders.
[2017.03.19-14.15.18:021][  0]LogContentBrowser: Native class hierarchy updated for 'SceneOutliner' in 0.0004 seconds. Added 1 classes and 2 folders.
[2017.03.19-14.15.18:113][  0]LogCrashTracker: Crashtracker disabled due to settings.
[2017.03.19-14.15.18:121][  0]LogUObjectGlobals:Warning: Failed to find object 'Class None.'
[2017.03.19-14.15.18:180][  0]LogContentBrowser: Native class hierarchy updated for 'HierarchicalLODOutliner' in 0.0005 seconds. Added 1 classes and 2 folders.
[2017.03.19-14.15.18:181][  0]LogLoad: (Engine Initialization) Total time: 12.52 seconds
[2017.03.19-14.15.18:181][  0]LogLoad: (Engine Initialization) Total Blueprint compile time: 0.07 seconds
[2017.03.19-14.15.18:181][  0]LogExternalProfiler: No external profilers were discovered.  External profiling features will not be available.
[2017.03.19-14.15.18:193][  0]LogOcInput: OculusInput pre-init called
[2017.03.19-14.15.18:213][  0]LogContentStreaming: Texture pool size now 1000 MB
[2017.03.19-14.15.18:214][  0]LogSlate: Took 0.000172 seconds to synchronously load lazily loaded font '../../../Engine/Content/Slate/Fonts/Roboto-Regular.ttf' (155K)
[2017.03.19-14.15.18:217][  0]LogSlate: Took 0.000163 seconds to synchronously load lazily loaded font '../../../Engine/Content/Slate/Fonts/Roboto-Bold.ttf' (160K)
[2017.03.19-14.15.18:221][  0]LogSlate: Took 0.000165 seconds to synchronously load lazily loaded font '../../../Engine/Content/Editor/Slate/Fonts/FontAwesome.ttf' (139K)
[2017.03.19-14.15.18:324][  0]LogSlate: Took 0.000125 seconds to synchronously load lazily loaded font '../../../Engine/Content/Slate/Fonts/Roboto-Light.ttf' (159K)
[2017.03.19-14.15.18:363][  0]LogRenderer: Reallocating scene render targets to support 1208x564 NumSamples 1 (Frame:2).
[2017.03.19-14.15.18:434][  1]LogAssetRegistry: Asset discovery search completed in 7.0881 seconds
[2017.03.19-14.15.18:434][  1]LogCollectionManager: Rebuilt the object cache for 0 collections in 0.000008 seconds (found 0 objects)
[2017.03.19-14.15.18:434][  1]LogCollectionManager: Fixed up redirectors for 0 collections in 0.000024 seconds (updated 0 objects)
[2017.03.19-14.15.19:218][ 84]LogSlate: Took 0.000162 seconds to synchronously load lazily loaded font '../../../Engine/Content/Slate/Fonts/Roboto-Light.ttf' (159K)
[2017.03.19-14.15.22:093][409]LogSlate: Took 0.000149 seconds to synchronously load lazily loaded font '../../../Engine/Content/Slate/Fonts/Roboto-Light.ttf' (159K)
[2017.03.19-14.15.22:886][409]LogBlueprint:Warning: [PlayerBP] 'NearestOverlappingActor' variable not found. Base class was probably changed.
[2017.03.19-14.15.22:886][409]LogBlueprint:Warning: [PlayerBP] 'NearestOverlap' variable not found. Base class was probably changed.
[2017.03.19-14.15.22:886][409]LogBlueprint:Warning: [PlayerBP] 'NearestOverlap' variable not found. Base class was probably changed.
[2017.03.19-14.15.22:886][409]LogBlueprint:Warning: [PlayerBP] 'NearestOverlap' variable not found. Base class was probably changed.
[2017.03.19-14.15.22:886][409]LogBlueprint:Warning: [PlayerBP] 'NearestOverlappingActor' variable not found. Base class was probably changed.
[2017.03.19-14.15.22:886][409]LogBlueprint:Warning: [PlayerBP] 'NearestOverlappingActor' variable not found. Base class was probably changed.
[2017.03.19-14.15.22:915][409]LogSlate: Took 0.000197 seconds to synchronously load lazily loaded font '../../../Engine/Content/Slate/Fonts/Roboto-Regular.ttf' (155K)
[2017.03.19-14.15.23:542][409]LogClass:Warning: Enum '/Game/KY_MagicEffects02/DemoRoomData/Blueprints/BP_DemoDisplay_Enum.BP_DemoDisplay_Enum' was upgraded to use FText to store its display name data. Please re-save this asset to avoid issues with localization and determinstic cooking.
[2017.03.19-14.15.23:544][409]LogEnum:Warning: Enum name collision: 'BP_DemoDisplay_Enum::ROund' is in both '/Game/KY_MagicEffects03/DemoRoomData/Blueprints/BP_DemoDisplay_Enum.BP_DemoDisplay_Enum' and '/Game/KY_MagicEffects02/DemoRoomData/Blueprints/BP_DemoDisplay_Enum.BP_DemoDisplay_Enum'
[2017.03.19-14.15.23:544][409]LogEnum:Warning: Enum name collision: 'BP_DemoDisplay_Enum::SquareL' is in both '/Game/KY_MagicEffects03/DemoRoomData/Blueprints/BP_DemoDisplay_Enum.BP_DemoDisplay_Enum' and '/Game/KY_MagicEffects02/DemoRoomData/Blueprints/BP_DemoDisplay_Enum.BP_DemoDisplay_Enum'
[2017.03.19-14.15.23:544][409]LogEnum:Warning: Enum name collision: 'BP_DemoDisplay_Enum::RoomL' is in both '/Game/KY_MagicEffects03/DemoRoomData/Blueprints/BP_DemoDisplay_Enum.BP_DemoDisplay_Enum' and '/Game/KY_MagicEffects02/DemoRoomData/Blueprints/BP_DemoDisplay_Enum.BP_DemoDisplay_Enum'
[2017.03.19-14.15.23:544][409]LogEnum:Warning: Enum name collision: 'BP_DemoDisplay_Enum::DescriptionOnly' is in both '/Game/KY_MagicEffects03/DemoRoomData/Blueprints/BP_DemoDisplay_Enum.BP_DemoDisplay_Enum' and '/Game/KY_MagicEffects02/DemoRoomData/Blueprints/BP_DemoDisplay_Enum.BP_DemoDisplay_Enum'
[2017.03.19-14.15.23:544][409]LogEnum:Warning: Enum name collision: 'BP_DemoDisplay_Enum::NewEnumerator0' is in both '/Game/KY_MagicEffects03/DemoRoomData/Blueprints/BP_DemoDisplay_Enum.BP_DemoDisplay_Enum' and '/Game/KY_MagicEffects02/DemoRoomData/Blueprints/BP_DemoDisplay_Enum.BP_DemoDisplay_Enum'
[2017.03.19-14.15.23:544][409]LogEnum:Warning: Enum name collision: 'BP_DemoDisplay_Enum::BP_DemoDisplay_MAX' is in both '/Game/KY_MagicEffects03/DemoRoomData/Blueprints/BP_DemoDisplay_Enum.BP_DemoDisplay_Enum' and '/Game/KY_MagicEffects02/DemoRoomData/Blueprints/BP_DemoDisplay_Enum.BP_DemoDisplay_Enum'
[2017.03.19-14.15.23:544][409]LogEnum:Warning: Enum name collision: 'BP_DemoDisplay_Enum::ROund' is in both '/Game/KY_MagicEffects03/DemoRoomData/Blueprints/BP_DemoDisplay_Enum.BP_DemoDisplay_Enum' and '/Game/KY_MagicEffects02/DemoRoomData/Blueprints/BP_DemoDisplay_Enum.BP_DemoDisplay_Enum'
[2017.03.19-14.15.23:544][409]LogEnum:Warning: Enum name collision: 'BP_DemoDisplay_Enum::SquareL' is in both '/Game/KY_MagicEffects03/DemoRoomData/Blueprints/BP_DemoDisplay_Enum.BP_DemoDisplay_Enum' and '/Game/KY_MagicEffects02/DemoRoomData/Blueprints/BP_DemoDisplay_Enum.BP_DemoDisplay_Enum'
[2017.03.19-14.15.23:544][409]LogEnum:Warning: Enum name collision: 'BP_DemoDisplay_Enum::RoomL' is in both '/Game/KY_MagicEffects03/DemoRoomData/Blueprints/BP_DemoDisplay_Enum.BP_DemoDisplay_Enum' and '/Game/KY_MagicEffects02/DemoRoomData/Blueprints/BP_DemoDisplay_Enum.BP_DemoDisplay_Enum'
[2017.03.19-14.15.23:544][409]LogEnum:Warning: Enum name collision: 'BP_DemoDisplay_Enum::DescriptionOnly' is in both '/Game/KY_MagicEffects03/DemoRoomData/Blueprints/BP_DemoDisplay_Enum.BP_DemoDisplay_Enum' and '/Game/KY_MagicEffects02/DemoRoomData/Blueprints/BP_DemoDisplay_Enum.BP_DemoDisplay_Enum'
[2017.03.19-14.15.23:544][409]LogEnum:Warning: Enum name collision: 'BP_DemoDisplay_Enum::NewEnumerator0' is in both '/Game/KY_MagicEffects03/DemoRoomData/Blueprints/BP_DemoDisplay_Enum.BP_DemoDisplay_Enum' and '/Game/KY_MagicEffects02/DemoRoomData/Blueprints/BP_DemoDisplay_Enum.BP_DemoDisplay_Enum'
[2017.03.19-14.15.23:545][409]LogClass:Warning: Enum '/Game/KY_MagicEffects03/DemoRoomData/Blueprints/BP_DemoDisplay_Enum.BP_DemoDisplay_Enum' was upgraded to use FText to store its display name data. Please re-save this asset to avoid issues with localization and determinstic cooking.
[2017.03.19-14.15.23:546][409]LogEnum:Warning: Enum name collision: 'BP_DemoRoom_Enum::Standard' is in both '/Game/KY_MagicEffects03/DemoRoomData/Blueprints/BP_DemoRoom_Enum.BP_DemoRoom_Enum' and '/Game/KY_MagicEffects02/DemoRoomData/Blueprints/BP_DemoRoom_Enum.BP_DemoRoom_Enum'
[2017.03.19-14.15.23:546][409]LogEnum:Warning: Enum name collision: 'BP_DemoRoom_Enum::RoofwithHole' is in both '/Game/KY_MagicEffects03/DemoRoomData/Blueprints/BP_DemoRoom_Enum.BP_DemoRoom_Enum' and '/Game/KY_MagicEffects02/DemoRoomData/Blueprints/BP_DemoRoom_Enum.BP_DemoRoom_Enum'
[2017.03.19-14.15.23:546][409]LogEnum:Warning: Enum name collision: 'BP_DemoRoom_Enum::RoofOpen' is in both '/Game/KY_MagicEffects03/DemoRoomData/Blueprints/BP_DemoRoom_Enum.BP_DemoRoom_Enum' and '/Game/KY_MagicEffects02/DemoRoomData/Blueprints/BP_DemoRoom_Enum.BP_DemoRoom_Enum'
[2017.03.19-14.15.23:546][409]LogEnum:Warning: Enum name collision: 'BP_DemoRoom_Enum::BP_DemoRoom_MAX' is in both '/Game/KY_MagicEffects03/DemoRoomData/Blueprints/BP_DemoRoom_Enum.BP_DemoRoom_Enum' and '/Game/KY_MagicEffects02/DemoRoomData/Blueprints/BP_DemoRoom_Enum.BP_DemoRoom_Enum'
[2017.03.19-14.15.23:546][409]LogEnum:Warning: Enum name collision: 'BP_DemoRoom_Enum::Standard' is in both '/Game/KY_MagicEffects03/DemoRoomData/Blueprints/BP_DemoRoom_Enum.BP_DemoRoom_Enum' and '/Game/KY_MagicEffects02/DemoRoomData/Blueprints/BP_DemoRoom_Enum.BP_DemoRoom_Enum'
[2017.03.19-14.15.23:546][409]LogEnum:Warning: Enum name collision: 'BP_DemoRoom_Enum::RoofwithHole' is in both '/Game/KY_MagicEffects03/DemoRoomData/Blueprints/BP_DemoRoom_Enum.BP_DemoRoom_Enum' and '/Game/KY_MagicEffects02/DemoRoomData/Blueprints/BP_DemoRoom_Enum.BP_DemoRoom_Enum'
[2017.03.19-14.15.23:546][409]LogEnum:Warning: Enum name collision: 'BP_DemoRoom_Enum::RoofOpen' is in both '/Game/KY_MagicEffects03/DemoRoomData/Blueprints/BP_DemoRoom_Enum.BP_DemoRoom_Enum' and '/Game/KY_MagicEffects02/DemoRoomData/Blueprints/BP_DemoRoom_Enum.BP_DemoRoom_Enum'
[2017.03.19-14.15.23:626][409]LogContentBrowser: Native class hierarchy updated for 'BlueprintGraph' in 0.0008 seconds. Added 112 classes and 0 folders.
[2017.03.19-14.15.26:456][409]LogSlate: Took 0.000193 seconds to synchronously load lazily loaded font '../../../Engine/Content/Editor/Slate/Fonts/Roboto-BoldCondensed.ttf' (158K)
[2017.03.19-14.15.26:656][410]LogSlate: Took 0.000235 seconds to synchronously load lazily loaded font '../../../Engine/Content/Editor/Slate/Fonts/Roboto-Italic.ttf' (157K)
[2017.03.19-14.15.55:420][634]LogAIModule: Creating AISystem for world L_Battle_Stage
[2017.03.19-14.15.55:495][634]Cmd: MAP LOAD FILE="../../../../../../Users/sh Kim/Documents/GitHub/PrototypingBackup/nonamed/Content/L_Battle_Stage.umap" TEMPLATE=0 SHOWPROGRESS=1 FEATURELEVEL=3
[2017.03.19-14.15.55:495][634]LightingResults: New page: Lighting Build
[2017.03.19-14.15.55:496][634]LoadErrors: New page: Loading map: L_Battle_Stage.umap
[2017.03.19-14.15.55:497][634]MapCheck: New page: Map Check
[2017.03.19-14.15.55:497][634]LightingResults: New page: Lighting Build
[2017.03.19-14.15.55:635][634]LogEditorServer: Finished looking for orphan Actors (0.000 secs)
[2017.03.19-14.15.55:678][634]Cmd: MAP CHECKDEP NOCLEARLOG
[2017.03.19-14.15.55:724][634]MapCheck: Info Map check complete: 0 Error(s), 0 Warning(s), took 45.681ms to complete.
[2017.03.19-14.15.55:724][634]LogFileHelpers: Loading map 'L_Battle_Stage' took 0.230
[2017.03.19-14.17.35:855][138]LogAIModule: Creating AISystem for world NewWorld
[2017.03.19-14.17.35:880][138]Cmd: MAP LOAD FILE="../../../../../../Users/sh Kim/Documents/GitHub/PrototypingBackup/nonamed/Content/NewWorld.umap" TEMPLATE=0 SHOWPROGRESS=1 FEATURELEVEL=3
[2017.03.19-14.17.35:880][138]LightingResults: New page: Lighting Build
[2017.03.19-14.17.35:881][138]LoadErrors: New page: Loading map: NewWorld.umap
[2017.03.19-14.17.35:883][138]MapCheck: New page: Map Check
[2017.03.19-14.17.35:883][138]LightingResults: New page: Lighting Build
[2017.03.19-14.17.35:982][138]LogEditorServer: Finished looking for orphan Actors (0.000 secs)
[2017.03.19-14.17.36:017][138]Cmd: MAP CHECKDEP NOCLEARLOG
[2017.03.19-14.17.36:063][138]MapCheck: Info Map check complete: 0 Error(s), 0 Warning(s), took 46.075ms to complete.
[2017.03.19-14.17.36:063][138]LogFileHelpers: Loading map 'NewWorld' took 0.184
[2017.03.19-14.18.19:943][674]LogTemp: Repeting last play command: Selected Viewport
[2017.03.19-14.18.19:986][674]LogPlayLevel: PlayLevel: No blueprints needed recompiling
[2017.03.19-14.18.19:986][674]PIE: New page: PIE session: NewWorld (Mar 20, 2017, 8:18:19 AM)
[2017.03.19-14.18.19:986][674]LogPlayLevel: Creating play world package: /Game/UEDPIE_0_NewWorld
[2017.03.19-14.18.19:987][674]LogPlayLevel: PIE: StaticDuplicateObject took: (0.000530s)
[2017.03.19-14.18.19:987][674]LogAIModule: Creating AISystem for world NewWorld
[2017.03.19-14.18.19:987][674]LogPlayLevel: PIE: World Init took: (0.000595s)
[2017.03.19-14.18.19:987][674]LogPlayLevel: PIE: Created PIE world by copying editor world from /Game/NewWorld.NewWorld to /Game/UEDPIE_0_NewWorld.NewWorld (0.001383s)
[2017.03.19-14.18.20:013][674]LogInit: XAudio2 using '스피커(Realtek High Definition Audio)' : 2 channels at 48 kHz using 32 bits per sample (channel mask 0x3)
[2017.03.19-14.18.20:021][674]LogInit: FAudioDevice initialized.
[2017.03.19-14.18.20:067][674]LogLoad: Game class is 'GameModeBase'
[2017.03.19-14.18.20:069][674]LogWorld: Bringing World /Game/UEDPIE_0_NewWorld.NewWorld up for play (max tick rate 0) at 2017.03.19-23.18.20
[2017.03.19-14.18.20:069][674]LogWorld: Bringing up level for play took: 0.000708
[2017.03.19-14.18.20:104][674]LogContentBrowser: Native class hierarchy updated for 'MovieSceneCapture' in 0.0005 seconds. Added 11 classes and 0 folders.
[2017.03.19-14.18.20:105][674]LogBlueprintDebug:Warning: Hit breakpoint on node 'CallFunc_Map_Keys', from offset 1433
[2017.03.19-14.18.20:105][674]LogBlueprintDebug: 
Script call stack:
	Function /Game/Actor_Blueprint.Actor_Blueprint_C:ReceiveBeginPlay
	Function /Game/Actor_Blueprint.Actor_Blueprint_C:ExecuteUbergraph_Actor_Blueprint

[2017.03.19-14.19.20:794][674]LogBlueprintDebug:Warning: Hit breakpoint on node 'CallFunc_Map_Keys', from offset 511
[2017.03.19-14.19.20:794][674]LogBlueprintDebug: 
Script call stack:
	Function /Game/Actor_Blueprint.Actor_Blueprint_C:ReceiveBeginPlay
	Function /Game/Actor_Blueprint.Actor_Blueprint_C:ExecuteUbergraph_Actor_Blueprint

[2017.03.19-14.19.23:612][674]LogBlueprintUserMessages: [Actor_Blueprint] 0
[2017.03.19-14.19.29:287][674]LogBlueprintUserMessages: [Actor_Blueprint] 0
[2017.03.19-14.19.29:288][674]LogBlueprintUserMessages: [Actor_Blueprint] 0
[2017.03.19-14.19.29:288][674]LogBlueprintUserMessages: [Actor_Blueprint] 0
[2017.03.19-14.19.29:288][674]LogBlueprintUserMessages: [Actor_Blueprint] 0
[2017.03.19-14.19.29:288][674]PIE: Info Play in editor start time for /Game/UEDPIE_0_NewWorld 68.493
[2017.03.19-14.19.34:012][ 20]LogTemp: Repeting last play command: Selected Viewport
[2017.03.19-14.19.34:050][ 20]LogPlayLevel: PlayLevel: No blueprints needed recompiling
[2017.03.19-14.19.34:050][ 20]PIE: New page: PIE session: NewWorld (Mar 20, 2017, 8:19:34 AM)
[2017.03.19-14.19.34:050][ 20]LogPlayLevel: Creating play world package: /Game/UEDPIE_0_NewWorld
[2017.03.19-14.19.34:051][ 20]LogPlayLevel: PIE: StaticDuplicateObject took: (0.000513s)
[2017.03.19-14.19.34:051][ 20]LogAIModule: Creating AISystem for world NewWorld
[2017.03.19-14.19.34:051][ 20]LogPlayLevel: PIE: World Init took: (0.000491s)
[2017.03.19-14.19.34:051][ 20]LogPlayLevel: PIE: Created PIE world by copying editor world from /Game/NewWorld.NewWorld to /Game/UEDPIE_0_NewWorld.NewWorld (0.001264s)
[2017.03.19-14.19.34:077][ 20]LogInit: XAudio2 using '스피커(Realtek High Definition Audio)' : 2 channels at 48 kHz using 32 bits per sample (channel mask 0x3)
[2017.03.19-14.19.34:085][ 20]LogInit: FAudioDevice initialized.
[2017.03.19-14.19.34:115][ 20]LogLoad: Game class is 'GameModeBase'
[2017.03.19-14.19.34:117][ 20]LogWorld: Bringing World /Game/UEDPIE_0_NewWorld.NewWorld up for play (max tick rate 0) at 2017.03.19-23.19.34
[2017.03.19-14.19.34:118][ 20]LogWorld: Bringing up level for play took: 0.001114
[2017.03.19-14.19.34:119][ 20]LogBlueprintDebug:Warning: Hit breakpoint on node 'CallFunc_Map_Keys', from offset 511
[2017.03.19-14.19.34:119][ 20]LogBlueprintDebug: 
Script call stack:
	Function /Game/Actor_Blueprint.Actor_Blueprint_C:ReceiveBeginPlay
	Function /Game/Actor_Blueprint.Actor_Blueprint_C:ExecuteUbergraph_Actor_Blueprint

[2017.03.19-14.19.43:213][ 20]LogBlueprintUserMessages: [Actor_Blueprint] 0
[2017.03.19-14.19.43:213][ 20]LogBlueprintUserMessages: [Actor_Blueprint] 0
[2017.03.19-14.19.43:214][ 20]LogBlueprintUserMessages: [Actor_Blueprint] 0
[2017.03.19-14.19.43:214][ 20]LogBlueprintUserMessages: [Actor_Blueprint] 0
[2017.03.19-14.19.43:214][ 20]LogBlueprintUserMessages: [Actor_Blueprint] 0
[2017.03.19-14.19.43:214][ 20]PIE: Info Play in editor start time for /Game/UEDPIE_0_NewWorld 8.419
