Log file open, 03/22/17 13:32:53
LogInit:Display: Running engine for game: nonamed
LogPlatformFile: Not using cached read wrapper
LogInit:Display: RandInit(-648051879) SRandInit(-648051879).
LogTaskGraph: Started task graph with 5 named threads and 8 total threads with 1 sets of task threads.
LogStats: Stats thread started at 0.072514
LogInit: Using libcurl 7.47.1
LogInit:  - built for x86_64-pc-win32
LogInit:  - supports SSL with OpenSSL/1.0.2g
LogInit:  - supports HTTP deflate (compression) using libz 1.2.8
LogInit:  - other features:
LogInit:      CURL_VERSION_SSL
LogInit:      CURL_VERSION_LIBZ
LogInit:      CURL_VERSION_IPV6
LogInit:      CURL_VERSION_ASYNCHDNS
LogInit:      CURL_VERSION_LARGEFILE
LogInit:      CURL_VERSION_IDN
LogInit:  CurlRequestOptions (configurable via config and command line):
LogInit:  - bVerifyPeer = false  - Libcurl will NOT verify peer certificate
LogInit:  - bUseHttpProxy = false  - Libcurl will NOT use HTTP proxy
LogInit:  - bDontReuseConnections = false  - Libcurl will reuse connections
LogInit:  - CertBundlePath = nullptr  - Libcurl will use whatever was configured at build time.
OCULUS: Info: [CAPI] LibOVR module is located at C:\Program Files\Oculus\Support\oculus-runtime\LibOVRRT64_1.dll
OCULUS: Debug: Connected to the server running version (prod = 1).1.12.0(build = 347531) feature version = 0. Client runs version (prod = 1).1.12.0(build = 347531) feature version = 0
OCULUS: Debug: [HMDState] Using default profile default
OCULUS: Info: IAD changed to 65.0mm
OCULUS: Debug: [SharedMemory] Creating factory
LogHMD: GearVR: Emulating GearVR using Oculus Rift!
LogInit: Build: ++UE4+Release-4.15-CL-3348071
LogInit: Engine Version: 4.15.1-3348071+++UE4+Release-4.15
LogInit: Compatible Engine Version: 4.15.0-3299760+++UE4+Release-4.15
LogInit: Net CL: 3299760
LogDevObjectVersion: Number of dev versions registered: 14
LogDevObjectVersion:   Dev-Blueprints (B0D832E4-1F89-4F0D-ACCF-7EB736FD4AA2): 8
LogDevObjectVersion:   Dev-Build (E1C64328-A22C-4D53-A36C-8E866417BD8C): 0
LogDevObjectVersion:   Dev-Core (375EC13C-06E4-48FB-B500-84F0262A717E): 2
LogDevObjectVersion:   Dev-Editor (E4B068ED-F494-42E9-A231-DA0B2E46BB41): 14
LogDevObjectVersion:   Dev-Framework (CFFC743F-43B0-4480-9391-14DF171D2073): 22
LogDevObjectVersion:   Dev-Mobile (B02B49B5-BB20-44E9-A304-32B752E40360): 0
LogDevObjectVersion:   Dev-Networking (A4E4105C-59A1-49B5-A7C5-40C4547EDFEE): 0
LogDevObjectVersion:   Dev-Online (39C831C9-5AE6-47DC-9A44-9C173E1C8E7C): 0
LogDevObjectVersion:   Dev-Physics (78F01B33-EBEA-4F98-B9B4-84EACCB95AA2): 0
LogDevObjectVersion:   Dev-Platform (6631380F-2D4D-43E0-8009-CF276956A95A): 0
LogDevObjectVersion:   Dev-Rendering (12F88B9F-8875-4AFC-A67C-D90C383ABD29): 12
LogDevObjectVersion:   Dev-Sequencer (7B5AE74C-D270-4C10-A958-57980B212A5A): 3
LogDevObjectVersion:   Dev-VR (D7296918-1DD6-4BDD-9DE2-64A83CC13884): 0
LogDevObjectVersion:   Dev-LoadTimes (C2A15278-BFE7-4AFE-6C17-90FF531DF755): 1
LogInit: Compiled (64-bit): Mar 15 2017 16:52:47
LogInit: Compiled with Visual C++: 19.00.23026.00
LogInit: Build Configuration: Development
LogInit: Branch Name: ++UE4+Release-4.15
LogInit: Command line:  
LogInit: Base directory: C:/Program Files/Epic Games/UE_4.15/Engine/Binaries/Win64/
LogInit: Installed Engine Build: 1
LogInit: Presizing for max 8388607 objects, including 0 objects not considered by GC, pre-allocating 0 bytes for permanent pool.
LogInit: Object subsystem initialized
[2017.03.22-04.32.54:144][  0]LogInit: Selected Device Profile: [Windows]
[2017.03.22-04.32.54:144][  0]LogInit: Applying CVar settings loaded from the selected device profile: [Windows]
[2017.03.22-04.32.54:157][  0]LogInit: Computer: DESKTOP-73DD3NB
[2017.03.22-04.32.54:157][  0]LogInit: User: shKim
[2017.03.22-04.32.54:157][  0]LogInit: CPU Page size=65536, Cores=4
[2017.03.22-04.32.54:157][  0]LogInit: High frequency timer resolution =3.328121 MHz
[2017.03.22-04.32.54:158][  0]LogMemory: Memory total: Physical=31.9GB (32GB approx)
[2017.03.22-04.32.54:158][  0]LogMemory: Platform Memory Stats for Windows
[2017.03.22-04.32.54:158][  0]LogMemory: Process Physical Memory: 269.14 MB used, 269.14 MB peak
[2017.03.22-04.32.54:158][  0]LogMemory: Process Virtual Memory: 265.37 MB used, 265.37 MB peak
[2017.03.22-04.32.54:158][  0]LogMemory: Physical Memory: 6367.10 MB used,  26263.61 MB free, 32630.71 MB total
[2017.03.22-04.32.54:158][  0]LogMemory: Virtual Memory: 684.38 MB used,  26263.61 MB free, 134217728.00 MB total
[2017.03.22-04.32.54:226][  0]LogInit: Overriding culture en with editor configuration.
[2017.03.22-04.32.54:793][  0]LogD3D11RHI: D3D11 adapters:
[2017.03.22-04.32.54:800][  0]LogD3D11RHI:    0. 'Intel(R) HD Graphics 630' (Feature Level 11_0)
[2017.03.22-04.32.54:800][  0]LogD3D11RHI:       128/0/16315 MB DedicatedVideo/DedicatedSystem/SharedSystem, Outputs:1, VendorId:0x8086
[2017.03.22-04.32.54:830][  0]LogD3D11RHI:    1. 'NVIDIA GeForce GTX 1070' (Feature Level 11_0)
[2017.03.22-04.32.54:830][  0]LogD3D11RHI:       8145/0/16315 MB DedicatedVideo/DedicatedSystem/SharedSystem, Outputs:1, VendorId:0x10de
[2017.03.22-04.32.54:831][  0]LogD3D11RHI:    2. 'Microsoft Basic Render Driver' (Feature Level 11_0)
[2017.03.22-04.32.54:831][  0]LogD3D11RHI:       0/0/16315 MB DedicatedVideo/DedicatedSystem/SharedSystem, Outputs:0, VendorId:0x1414
[2017.03.22-04.32.54:831][  0]LogD3D11RHI: Chosen D3D11 Adapter: 1
[2017.03.22-04.32.54:835][  0]LogD3D11RHI: Creating new Direct3DDevice
[2017.03.22-04.32.54:835][  0]LogD3D11RHI:     GPU DeviceId: 0x1b81 (for the marketing name, search the web for "GPU Device Id")
[2017.03.22-04.32.54:835][  0]LogWindows: EnumDisplayDevices:
[2017.03.22-04.32.54:835][  0]LogWindows:    0. 'Intel(R) HD Graphics 630' (P:1 D:1)
[2017.03.22-04.32.54:835][  0]LogWindows:    1. 'Intel(R) HD Graphics 630' (P:0 D:0)
[2017.03.22-04.32.54:835][  0]LogWindows:    2. 'Intel(R) HD Graphics 630' (P:0 D:0)
[2017.03.22-04.32.54:835][  0]LogWindows:    3. 'NVIDIA GeForce GTX 1070' (P:0 D:1)
[2017.03.22-04.32.54:836][  0]LogWindows:    4. 'NVIDIA GeForce GTX 1070' (P:0 D:0)
[2017.03.22-04.32.54:836][  0]LogWindows:    5. 'NVIDIA GeForce GTX 1070' (P:0 D:0)
[2017.03.22-04.32.54:836][  0]LogWindows:    6. 'NVIDIA GeForce GTX 1070' (P:0 D:0)
[2017.03.22-04.32.54:836][  0]LogWindows: DebugString: PrimaryIsNotTheChoosenAdapter PrimaryIsNotTheChoosenAdapter PrimaryIsNotTheChoosenAdapter FoundDriverCount:4 
[2017.03.22-04.32.54:836][  0]LogD3D11RHI:     Adapter Name: NVIDIA GeForce GTX 1070
[2017.03.22-04.32.54:836][  0]LogD3D11RHI:   Driver Version: 376.53 (internal:21.21.13.7653, unified:376.53)
[2017.03.22-04.32.54:836][  0]LogD3D11RHI:      Driver Date: 12-29-2016
[2017.03.22-04.32.54:836][  0]LogRHI: Texture pool is 1361 MB (70% of 1945 MB)
[2017.03.22-04.32.54:848][  0]LogD3D11RHI: Async texture creation enabled
[2017.03.22-04.32.54:858][  0]LogD3D11RHI: GPU Timing Frequency: 1000.000000 (Debug: 2 1)
[2017.03.22-04.32.54:906][  0]LogShaderCompilers: Guid format shader working directory is -26 characters bigger than the processId version (../../../../../../Users/sh Kim/Documents/GitHub/PrototypingBackup/nonamed/Intermediate/Shaders/WorkingDirectory/5332/).
[2017.03.22-04.32.54:906][  0]LogShaderCompilers: Cleaned the shader compiler working directory 'C:/Users/sh Kim/AppData/Local/Temp/UnrealShaderWorkingDir/354ABD8B4BAB78B8F322F496BE27B31A/'.
[2017.03.22-04.32.54:906][  0]LogShaderCompilers:Display: Using Local Shader Compiler.
[2017.03.22-04.32.55:861][  0]LogTemp:Display: Loaded TP AllDesktopTargetPlatform
[2017.03.22-04.32.55:912][  0]LogTemp:Display: Loaded TP MacClientTargetPlatform
[2017.03.22-04.32.55:963][  0]LogTemp:Display: Loaded TP MacNoEditorTargetPlatform
[2017.03.22-04.32.56:013][  0]LogTemp:Display: Loaded TP MacServerTargetPlatform
[2017.03.22-04.32.56:071][  0]LogTemp:Display: Loaded TP MacTargetPlatform
[2017.03.22-04.32.56:123][  0]LogTemp:Display: Loaded TP WindowsClientTargetPlatform
[2017.03.22-04.32.56:174][  0]LogTemp:Display: Loaded TP WindowsNoEditorTargetPlatform
[2017.03.22-04.32.56:226][  0]LogTemp:Display: Loaded TP WindowsServerTargetPlatform
[2017.03.22-04.32.56:270][  0]LogTemp:Display: Loaded TP WindowsTargetPlatform
[2017.03.22-04.32.56:321][  0]LogTemp:Display: Loaded TP AndroidTargetPlatform
[2017.03.22-04.32.56:375][  0]LogTemp:Display: Loaded TP Android_ASTCTargetPlatform
[2017.03.22-04.32.56:427][  0]LogTemp:Display: Loaded TP Android_ATCTargetPlatform
[2017.03.22-04.32.56:475][  0]LogTemp:Display: Loaded TP Android_DXTTargetPlatform
[2017.03.22-04.32.56:522][  0]LogTemp:Display: Loaded TP Android_ETC1TargetPlatform
[2017.03.22-04.32.56:572][  0]LogTemp:Display: Loaded TP Android_ETC2TargetPlatform
[2017.03.22-04.32.56:671][  0]LogTemp:Display: Loaded TP Android_MultiTargetPlatform
[2017.03.22-04.32.56:671][  0]LogTemp:Display: Loaded TP Android_PVRTCTargetPlatform
[2017.03.22-04.32.56:705][  0]LogTemp:Display: Loaded TP HTML5TargetPlatform
[2017.03.22-04.32.56:794][  0]LogTemp:Display: Loaded TP IOSTargetPlatform
[2017.03.22-04.32.56:827][  0]LogTemp:Display: Loaded TP TVOSTargetPlatform
[2017.03.22-04.32.56:876][  0]LogTemp:Display: Loaded TP LinuxClientTargetPlatform
[2017.03.22-04.32.56:929][  0]LogTemp:Display: Loaded TP LinuxNoEditorTargetPlatform
[2017.03.22-04.32.56:980][  0]LogTemp:Display: Loaded TP LinuxServerTargetPlatform
[2017.03.22-04.32.57:034][  0]LogTemp:Display: Loaded TP LinuxTargetPlatform
[2017.03.22-04.32.57:034][  0]LogTargetPlatformManager:Display: Building Assets For Windows
[2017.03.22-04.32.57:436][  0]LogDerivedDataCache:Display: Max Cache Size: 512 MB
[2017.03.22-04.32.57:479][  0]LogDerivedDataCache: Loaded boot cache 0.04s 50MB C:/Users/sh Kim/AppData/Local/UnrealEngine/4.15/DerivedDataCache/Boot.ddc.
[2017.03.22-04.32.57:479][  0]LogDerivedDataCache:Display: Loaded Boot cache: C:/Users/sh Kim/AppData/Local/UnrealEngine/4.15/DerivedDataCache/Boot.ddc
[2017.03.22-04.32.57:479][  0]LogDerivedDataCache: FDerivedDataBackendGraph:  Pak pak cache file ../../../../../../Users/sh Kim/Documents/GitHub/PrototypingBackup/nonamed/DerivedDataCache/DDC.ddp not found, will not use a pak cache.
[2017.03.22-04.32.57:479][  0]LogDerivedDataCache: Unable to find inner node Pak for hierarchical cache Hierarchy.
[2017.03.22-04.32.57:479][  0]LogDerivedDataCache: FDerivedDataBackendGraph:  CompressedPak pak cache file ../../../../../../Users/sh Kim/Documents/GitHub/PrototypingBackup/nonamed/DerivedDataCache/Compressed.ddp not found, will not use a pak cache.
[2017.03.22-04.32.57:479][  0]LogDerivedDataCache: Unable to find inner node CompressedPak for hierarchical cache Hierarchy.
[2017.03.22-04.32.57:495][  0]LogDerivedDataCache:Display: Pak cache opened for reading ../../../Engine/DerivedDataCache/Compressed.ddp.
[2017.03.22-04.32.57:507][  0]LogDerivedDataCache: Using Local data cache path C:/Users/sh Kim/AppData/Local/UnrealEngine/Common/DerivedDataCache: Writable
[2017.03.22-04.32.57:523][  0]LogSlate: Using Freetype 2.6.0
[2017.03.22-04.32.57:523][  0]LogSlate: SlateFontCache - WITH_FREETYPE: 1, WITH_HARFBUZZ: 1
[2017.03.22-04.32.57:523][  0]LogSlate: SlateFontCache - WITH_FREETYPE: 1, WITH_HARFBUZZ: 1
[2017.03.22-04.32.57:743][  0]LogInit: Selected Device Profile: [Windows]
[2017.03.22-04.32.57:746][  0]LogContentStreaming: Texture pool size is 0.00 MB
[2017.03.22-04.32.57:935][  0]LogMeshUtilities: Using QuadricMeshReduction for automatic static mesh reduction
[2017.03.22-04.32.57:974][  0]LogSimplygon: Simplygon DLL not present - disabling.
[2017.03.22-04.32.58:018][  0]LogMeshUtilities: Using SimplygonSwarm for distributed automatic mesh merging
[2017.03.22-04.32.58:018][  0]LogMeshUtilities: No automatic skeletal mesh reduction module available
[2017.03.22-04.32.58:018][  0]LogMeshUtilities: No automatic mesh merging module available
[2017.03.22-04.32.58:516][  0]LogNetVersion: GetLocalNetworkVersion: CL: 3299760, ProjectName: nonamed, ProjectVersion: , EngineNetworkVersion: 2, GameNetworkVersion: 0, NetworkChecksum: 1112449053
[2017.03.22-04.32.58:560][  0]LogAssetRegistry: FAssetRegistry took 0.0215 seconds to start up
[2017.03.22-04.32.58:592][  0]LogPackageLocalizationCache: Processed 3 localized package path(s) for 1 prioritized culture(s) in 0.012489 seconds
[2017.03.22-04.32.58:596][  0]LogUObjectArray: 32493 objects as part of root set at end of initial load.
[2017.03.22-04.32.58:596][  0]LogUObjectAllocator: 7077024 out of 0 bytes used by permanent object pool.
[2017.03.22-04.32.58:596][  0]LogUObjectArray: CloseDisregardForGC: 0/0 objects in disregard for GC pool
[2017.03.22-04.32.58:654][  0]LogInit: WinSock: version 1.1 (2.2), MaxSocks=32767, MaxUdp=65467
[2017.03.22-04.33.00:015][  0]LogTcpMessaging: Initializing TcpMessaging bridge
[2017.03.22-04.33.00:050][  0]LogUdpMessaging: Initializing bridge on interface 0.0.0.0:0 to multicast group 230.0.0.1:6666.
[2017.03.22-04.33.00:455][  0]LogMaterial: Uniform references updated for custom material expression Custom.
[2017.03.22-04.33.00:785][  0]SourceControl: Info Source control is disabled
[2017.03.22-04.33.00:785][  0]SourceControl: Info Source control is disabled
[2017.03.22-04.33.00:826][  0]SourceControl: Info Source control is disabled
[2017.03.22-04.33.00:868][  0]SourceControl: Info Source control is disabled
[2017.03.22-04.33.01:957][  0]LogEngine: Initializing Engine...
[2017.03.22-04.33.01:957][  0]LogHMD: Oculus plugin initialized. Version: 4.15.1-3348071+++UE4+Release-4.15, LibOVR: 1.12.0, SDK: 1.10.0, built Mar 15 2017, 16:59:09
[2017.03.22-04.33.02:053][  0]OCULUS: Debug: [HMDState] Using default profile default
[2017.03.22-04.33.02:053][  0]OCULUS: Info: IAD changed to 65.0mm
[2017.03.22-04.33.02:161][  0]LogAIModule: Creating AISystem for world Untitled
[2017.03.22-04.33.02:172][  0]LogInit: XAudio2 using '헤드폰(Rift Audio)' : 2 channels at 48 kHz using 16 bits per sample (channel mask 0x3)
[2017.03.22-04.33.02:181][  0]LogInit: FAudioDevice initialized.
[2017.03.22-04.33.02:200][  0]LogDerivedDataCache: Saved boot cache 0.02s 52MB C:/Users/sh Kim/AppData/Local/UnrealEngine/4.15/DerivedDataCache/Boot.ddc.
[2017.03.22-04.33.02:206][  0]LogInit: Texture streaming: Enabled
[2017.03.22-04.33.02:296][  0]LogEngineSessionManager: EngineSessionManager initialized
[2017.03.22-04.33.02:375][  0]LogInit: Transaction tracking system initialized
[2017.03.22-04.33.02:680][  0]BlueprintLog: New page: Editor Load
[2017.03.22-04.33.03:451][  0]LocalizationService: Info Localization service is disabled
[2017.03.22-04.33.04:029][  0]LogConsoleResponse:Display: 
[2017.03.22-04.33.04:142][  0]LogCook:Display: Max memory allowance for cook 16384mb min free memory 0mb
[2017.03.22-04.33.04:142][  0]LogCook:Display: Mobile HDR setting 1
[2017.03.22-04.33.04:617][  0]LogFileCache: Scanning file cache for directory 'C:/Users/sh Kim/Documents/GitHub/PrototypingBackup/nonamed/Content/' took 0.02s
[2017.03.22-04.33.05:047][  0]SourceControl: Info Source control is disabled
[2017.03.22-04.33.05:047][  0]Cmd: MAP LOAD FILE="../../../Engine/Content/Maps/Templates/Template_Default.umap" TEMPLATE=1 SHOWPROGRESS=1 FEATURELEVEL=3
[2017.03.22-04.33.05:047][  0]LightingResults: New page: Lighting Build
[2017.03.22-04.33.05:090][  0]MapCheck: New page: Map Check
[2017.03.22-04.33.05:090][  0]LightingResults: New page: Lighting Build
[2017.03.22-04.33.05:277][  0]LogAIModule: Creating AISystem for world Untitled_1
[2017.03.22-04.33.05:296][  0]LogActorComponent: RegisterComponentWithWorld: (/Temp/Untitled_1.Untitled_1:PersistentLevel.WorldSettings_1.StaticMeshComponent0) Trying to register component with IsPendingKill() == true. Aborting.
[2017.03.22-04.33.05:300][  0]LogEditorServer: Finished looking for orphan Actors (0.000 secs)
[2017.03.22-04.33.05:302][  0]Cmd: MAP CHECKDEP NOCLEARLOG
[2017.03.22-04.33.05:339][  0]MapCheck: Info Map check complete: 0 Error(s), 0 Warning(s), took 36.761ms to complete.
[2017.03.22-04.33.05:339][  0]LogFileHelpers: Loading map 'Template_Default' took 0.293
[2017.03.22-04.33.05:398][  0]LogWindowsTextInputMethodSystem:Display: IME system now activated using TSF (Microsoft 입력기).
[2017.03.22-04.33.05:536][  0]LogCollectionManager: Loaded 0 collections in 0.001646 seconds
[2017.03.22-04.33.05:621][  0]LogFileCache: Scanning file cache for directory 'C:/Users/sh Kim/Documents/GitHub/PrototypingBackup/nonamed/Saved/Collections/' took 0.01s
[2017.03.22-04.33.05:621][  0]LogFileCache: Scanning file cache for directory 'C:/Users/sh Kim/Documents/GitHub/PrototypingBackup/nonamed/Content/Developers/shKim/Collections/' took 0.01s
[2017.03.22-04.33.05:621][  0]LogFileCache: Scanning file cache for directory 'C:/Users/sh Kim/Documents/GitHub/PrototypingBackup/nonamed/Content/Collections/' took 0.01s
[2017.03.22-04.33.05:621][  0]LogCollectionManager: Rebuilt the GUID cache for 0 collections in 0.000002 seconds
[2017.03.22-04.33.05:631][  0]LogContentBrowser: Native class hierarchy populated in 0.0081 seconds. Added 2245 classes and 453 folders.
[2017.03.22-04.33.05:637][  0]LogStats: UGameplayTagsManager::ConstructGameplayTagTree: Construct from data asset -  0.000 s
[2017.03.22-04.33.05:637][  0]LogStats: UGameplayTagsManager::ConstructGameplayTagTree: GameplayTagTreeChangedEvent.Broadcast -  0.000 s
[2017.03.22-04.33.05:697][  0]LogContentBrowser: Native class hierarchy updated for 'WidgetCarousel' in 0.0005 seconds. Added 0 classes and 0 folders.
[2017.03.22-04.33.05:981][  0]LogContentBrowser: Native class hierarchy updated for 'AddContentDialog' in 0.0004 seconds. Added 0 classes and 0 folders.
[2017.03.22-04.33.06:041][  0]LogContentBrowser: Native class hierarchy updated for 'SceneOutliner' in 0.0004 seconds. Added 1 classes and 2 folders.
[2017.03.22-04.33.06:235][  0]LogCrashTracker: Crashtracker disabled due to settings.
[2017.03.22-04.33.06:244][  0]LogUObjectGlobals:Warning: Failed to find object 'Class None.'
[2017.03.22-04.33.06:309][  0]LogContentBrowser: Native class hierarchy updated for 'HierarchicalLODOutliner' in 0.0005 seconds. Added 1 classes and 2 folders.
[2017.03.22-04.33.06:309][  0]LogLoad: (Engine Initialization) Total time: 13.98 seconds
[2017.03.22-04.33.06:309][  0]LogLoad: (Engine Initialization) Total Blueprint compile time: 0.08 seconds
[2017.03.22-04.33.06:309][  0]LogExternalProfiler: No external profilers were discovered.  External profiling features will not be available.
[2017.03.22-04.33.06:321][  0]LogOcInput: OculusInput pre-init called
[2017.03.22-04.33.06:332][  0]LogOcInput: OculusInput is initialized. Init status 0. Runtime version: 1.12.0
[2017.03.22-04.33.06:363][  0]LogContentStreaming: Texture pool size now 1000 MB
[2017.03.22-04.33.06:364][  0]LogSlate: Took 0.000217 seconds to synchronously load lazily loaded font '../../../Engine/Content/Slate/Fonts/Roboto-Regular.ttf' (155K)
[2017.03.22-04.33.06:367][  0]LogSlate: Took 0.000183 seconds to synchronously load lazily loaded font '../../../Engine/Content/Slate/Fonts/Roboto-Bold.ttf' (160K)
[2017.03.22-04.33.06:377][  0]LogSlate: Took 0.004890 seconds to synchronously load lazily loaded font '../../../Engine/Content/Editor/Slate/Fonts/FontAwesome.ttf' (139K)
[2017.03.22-04.33.06:384][  0]LogSlate: Took 0.003852 seconds to synchronously load lazily loaded font '../../../Engine/Content/Editor/Slate/Fonts/DroidSansMono.ttf' (77K)
[2017.03.22-04.33.06:408][  0]LogSlate: Took 0.013375 seconds to synchronously load lazily loaded font '../../../Engine/Content/Slate/Fonts/DroidSansFallback.ttf' (3848K)
[2017.03.22-04.33.06:623][  0]LogRenderer: Reallocating scene render targets to support 1208x564 NumSamples 1 (Frame:2).
[2017.03.22-04.33.06:700][  1]LogAssetRegistry: Asset discovery search completed in 8.1622 seconds
[2017.03.22-04.33.06:700][  1]LogCollectionManager: Rebuilt the object cache for 0 collections in 0.000007 seconds (found 0 objects)
[2017.03.22-04.33.06:700][  1]LogCollectionManager: Fixed up redirectors for 0 collections in 0.000104 seconds (updated 0 objects)
[2017.03.22-04.33.07:347][ 68]LogSlate: Took 0.004459 seconds to synchronously load lazily loaded font '../../../Engine/Content/Slate/Fonts/Roboto-Light.ttf' (159K)
[2017.03.22-04.33.10:635][142]LogSlate: Took 0.000153 seconds to synchronously load lazily loaded font '../../../Engine/Content/Slate/Fonts/Roboto-Light.ttf' (159K)
[2017.03.22-04.33.40:810][818]LogSlate: Took 0.000156 seconds to synchronously load lazily loaded font '../../../Engine/Content/Slate/Fonts/Roboto-Light.ttf' (159K)
[2017.03.22-04.33.41:275][818]LogClass:Warning: Type mismatch in ProjectileDamage of Pr_Arrow_Blueprint_C - Previous (FloatProperty) Current(IntProperty) for package:  FObjectReader
[2017.03.22-04.33.41:635][818]LogBlueprint:Warning: [PlayerBP] 'NearestOverlappingActor' variable not found. Base class was probably changed.
[2017.03.22-04.33.41:636][818]LogBlueprint:Warning: [PlayerBP] 'NearestOverlappingActor' variable not found. Base class was probably changed.
[2017.03.22-04.33.41:636][818]LogBlueprint:Warning: [PlayerBP] 'NearestOverlappingActor' variable not found. Base class was probably changed.
[2017.03.22-04.33.41:636][818]LogBlueprint:Warning: [PlayerBP] 'NearestOverlap' variable not found. Base class was probably changed.
[2017.03.22-04.33.41:637][818]LogBlueprint:Warning: [PlayerBP] 'NearestOverlap' variable not found. Base class was probably changed.
[2017.03.22-04.33.41:637][818]LogBlueprint:Warning: [PlayerBP] 'NearestOverlap' variable not found. Base class was probably changed.
[2017.03.22-04.33.42:060][818]LogSlate: Took 0.000136 seconds to synchronously load lazily loaded font '../../../Engine/Content/Slate/Fonts/Roboto-Regular.ttf' (155K)
[2017.03.22-04.33.42:752][818]LogAIModule: Creating AISystem for world L_Battle_Stage
[2017.03.22-04.33.42:839][818]Cmd: MAP LOAD FILE="../../../../../../Users/sh Kim/Documents/GitHub/PrototypingBackup/nonamed/Content/L_Battle_Stage.umap" TEMPLATE=0 SHOWPROGRESS=1 FEATURELEVEL=3
[2017.03.22-04.33.42:839][818]LightingResults: New page: Lighting Build
[2017.03.22-04.33.42:841][818]LoadErrors: New page: Loading map: L_Battle_Stage.umap
[2017.03.22-04.33.42:841][818]MapCheck: New page: Map Check
[2017.03.22-04.33.42:841][818]LightingResults: New page: Lighting Build
[2017.03.22-04.33.42:964][818]LogEditorServer: Finished looking for orphan Actors (0.000 secs)
[2017.03.22-04.33.43:001][818]Cmd: MAP CHECKDEP NOCLEARLOG
[2017.03.22-04.33.43:052][818]MapCheck: Info Map check complete: 0 Error(s), 0 Warning(s), took 51.324ms to complete.
[2017.03.22-04.33.43:054][818]LogFileHelpers: Loading map 'L_Battle_Stage' took 0.216
[2017.03.22-04.33.51:929][561]LogEditorViewport: Clicking on Actor (LMB): BP_BattleStandByZone_C (Player_Zone)
[2017.03.22-04.34.13:515][657]LogEditorViewport: Clicking Background
[2017.03.22-04.34.14:769][792]LogEditorViewport: Clicking on Actor (LMB): BP_BattleStandByZone_C (Player_Zone)
[2017.03.22-04.34.33:579][926]LogClass:Warning: Enum '/Game/KY_MagicEffects02/DemoRoomData/Blueprints/BP_DemoDisplay_Enum.BP_DemoDisplay_Enum' was upgraded to use FText to store its display name data. Please re-save this asset to avoid issues with localization and determinstic cooking.
[2017.03.22-04.34.33:589][926]LogEnum:Warning: Enum name collision: 'BP_DemoDisplay_Enum::ROund' is in both '/Game/KY_MagicEffects03/DemoRoomData/Blueprints/BP_DemoDisplay_Enum.BP_DemoDisplay_Enum' and '/Game/KY_MagicEffects02/DemoRoomData/Blueprints/BP_DemoDisplay_Enum.BP_DemoDisplay_Enum'
[2017.03.22-04.34.33:589][926]LogEnum:Warning: Enum name collision: 'BP_DemoDisplay_Enum::SquareL' is in both '/Game/KY_MagicEffects03/DemoRoomData/Blueprints/BP_DemoDisplay_Enum.BP_DemoDisplay_Enum' and '/Game/KY_MagicEffects02/DemoRoomData/Blueprints/BP_DemoDisplay_Enum.BP_DemoDisplay_Enum'
[2017.03.22-04.34.33:589][926]LogEnum:Warning: Enum name collision: 'BP_DemoDisplay_Enum::RoomL' is in both '/Game/KY_MagicEffects03/DemoRoomData/Blueprints/BP_DemoDisplay_Enum.BP_DemoDisplay_Enum' and '/Game/KY_MagicEffects02/DemoRoomData/Blueprints/BP_DemoDisplay_Enum.BP_DemoDisplay_Enum'
[2017.03.22-04.34.33:590][926]LogEnum:Warning: Enum name collision: 'BP_DemoDisplay_Enum::DescriptionOnly' is in both '/Game/KY_MagicEffects03/DemoRoomData/Blueprints/BP_DemoDisplay_Enum.BP_DemoDisplay_Enum' and '/Game/KY_MagicEffects02/DemoRoomData/Blueprints/BP_DemoDisplay_Enum.BP_DemoDisplay_Enum'
[2017.03.22-04.34.33:590][926]LogEnum:Warning: Enum name collision: 'BP_DemoDisplay_Enum::NewEnumerator0' is in both '/Game/KY_MagicEffects03/DemoRoomData/Blueprints/BP_DemoDisplay_Enum.BP_DemoDisplay_Enum' and '/Game/KY_MagicEffects02/DemoRoomData/Blueprints/BP_DemoDisplay_Enum.BP_DemoDisplay_Enum'
[2017.03.22-04.34.33:590][926]LogEnum:Warning: Enum name collision: 'BP_DemoDisplay_Enum::BP_DemoDisplay_MAX' is in both '/Game/KY_MagicEffects03/DemoRoomData/Blueprints/BP_DemoDisplay_Enum.BP_DemoDisplay_Enum' and '/Game/KY_MagicEffects02/DemoRoomData/Blueprints/BP_DemoDisplay_Enum.BP_DemoDisplay_Enum'
[2017.03.22-04.34.33:590][926]LogEnum:Warning: Enum name collision: 'BP_DemoDisplay_Enum::ROund' is in both '/Game/KY_MagicEffects03/DemoRoomData/Blueprints/BP_DemoDisplay_Enum.BP_DemoDisplay_Enum' and '/Game/KY_MagicEffects02/DemoRoomData/Blueprints/BP_DemoDisplay_Enum.BP_DemoDisplay_Enum'
[2017.03.22-04.34.33:590][926]LogEnum:Warning: Enum name collision: 'BP_DemoDisplay_Enum::SquareL' is in both '/Game/KY_MagicEffects03/DemoRoomData/Blueprints/BP_DemoDisplay_Enum.BP_DemoDisplay_Enum' and '/Game/KY_MagicEffects02/DemoRoomData/Blueprints/BP_DemoDisplay_Enum.BP_DemoDisplay_Enum'
[2017.03.22-04.34.33:591][926]LogEnum:Warning: Enum name collision: 'BP_DemoDisplay_Enum::RoomL' is in both '/Game/KY_MagicEffects03/DemoRoomData/Blueprints/BP_DemoDisplay_Enum.BP_DemoDisplay_Enum' and '/Game/KY_MagicEffects02/DemoRoomData/Blueprints/BP_DemoDisplay_Enum.BP_DemoDisplay_Enum'
[2017.03.22-04.34.33:591][926]LogEnum:Warning: Enum name collision: 'BP_DemoDisplay_Enum::DescriptionOnly' is in both '/Game/KY_MagicEffects03/DemoRoomData/Blueprints/BP_DemoDisplay_Enum.BP_DemoDisplay_Enum' and '/Game/KY_MagicEffects02/DemoRoomData/Blueprints/BP_DemoDisplay_Enum.BP_DemoDisplay_Enum'
[2017.03.22-04.34.33:591][926]LogEnum:Warning: Enum name collision: 'BP_DemoDisplay_Enum::NewEnumerator0' is in both '/Game/KY_MagicEffects03/DemoRoomData/Blueprints/BP_DemoDisplay_Enum.BP_DemoDisplay_Enum' and '/Game/KY_MagicEffects02/DemoRoomData/Blueprints/BP_DemoDisplay_Enum.BP_DemoDisplay_Enum'
[2017.03.22-04.34.33:591][926]LogClass:Warning: Enum '/Game/KY_MagicEffects03/DemoRoomData/Blueprints/BP_DemoDisplay_Enum.BP_DemoDisplay_Enum' was upgraded to use FText to store its display name data. Please re-save this asset to avoid issues with localization and determinstic cooking.
[2017.03.22-04.34.33:596][926]LogEnum:Warning: Enum name collision: 'BP_DemoRoom_Enum::Standard' is in both '/Game/KY_MagicEffects03/DemoRoomData/Blueprints/BP_DemoRoom_Enum.BP_DemoRoom_Enum' and '/Game/KY_MagicEffects02/DemoRoomData/Blueprints/BP_DemoRoom_Enum.BP_DemoRoom_Enum'
[2017.03.22-04.34.33:596][926]LogEnum:Warning: Enum name collision: 'BP_DemoRoom_Enum::RoofwithHole' is in both '/Game/KY_MagicEffects03/DemoRoomData/Blueprints/BP_DemoRoom_Enum.BP_DemoRoom_Enum' and '/Game/KY_MagicEffects02/DemoRoomData/Blueprints/BP_DemoRoom_Enum.BP_DemoRoom_Enum'
[2017.03.22-04.34.33:596][926]LogEnum:Warning: Enum name collision: 'BP_DemoRoom_Enum::RoofOpen' is in both '/Game/KY_MagicEffects03/DemoRoomData/Blueprints/BP_DemoRoom_Enum.BP_DemoRoom_Enum' and '/Game/KY_MagicEffects02/DemoRoomData/Blueprints/BP_DemoRoom_Enum.BP_DemoRoom_Enum'
[2017.03.22-04.34.33:596][926]LogEnum:Warning: Enum name collision: 'BP_DemoRoom_Enum::BP_DemoRoom_MAX' is in both '/Game/KY_MagicEffects03/DemoRoomData/Blueprints/BP_DemoRoom_Enum.BP_DemoRoom_Enum' and '/Game/KY_MagicEffects02/DemoRoomData/Blueprints/BP_DemoRoom_Enum.BP_DemoRoom_Enum'
[2017.03.22-04.34.33:596][926]LogEnum:Warning: Enum name collision: 'BP_DemoRoom_Enum::Standard' is in both '/Game/KY_MagicEffects03/DemoRoomData/Blueprints/BP_DemoRoom_Enum.BP_DemoRoom_Enum' and '/Game/KY_MagicEffects02/DemoRoomData/Blueprints/BP_DemoRoom_Enum.BP_DemoRoom_Enum'
[2017.03.22-04.34.33:597][926]LogEnum:Warning: Enum name collision: 'BP_DemoRoom_Enum::RoofwithHole' is in both '/Game/KY_MagicEffects03/DemoRoomData/Blueprints/BP_DemoRoom_Enum.BP_DemoRoom_Enum' and '/Game/KY_MagicEffects02/DemoRoomData/Blueprints/BP_DemoRoom_Enum.BP_DemoRoom_Enum'
[2017.03.22-04.34.33:597][926]LogEnum:Warning: Enum name collision: 'BP_DemoRoom_Enum::RoofOpen' is in both '/Game/KY_MagicEffects03/DemoRoomData/Blueprints/BP_DemoRoom_Enum.BP_DemoRoom_Enum' and '/Game/KY_MagicEffects02/DemoRoomData/Blueprints/BP_DemoRoom_Enum.BP_DemoRoom_Enum'
[2017.03.22-04.34.33:701][926]LogContentBrowser: Native class hierarchy updated for 'BlueprintGraph' in 0.0008 seconds. Added 112 classes and 0 folders.
[2017.03.22-04.34.34:491][926]LogSlate: Took 0.003276 seconds to synchronously load lazily loaded font '../../../Engine/Content/Editor/Slate/Fonts/Roboto-BoldCondensed.ttf' (158K)
[2017.03.22-04.34.38:207][ 90]LogSlate: Took 0.004659 seconds to synchronously load lazily loaded font '../../../Engine/Content/Editor/Slate/Fonts/Roboto-Italic.ttf' (157K)
[2017.03.22-04.35.28:542][129]LogSavePackage: Save=155.25ms
[2017.03.22-04.35.28:542][129]LogSavePackage: Moving '../../../../../../Users/sh Kim/Documents/GitHub/PrototypingBackup/nonamed/Saved/L_Battle_Stage5FA446A2422A3F88E470239B427B9B1F.tmp' to '../../../../../../Users/sh Kim/Documents/GitHub/PrototypingBackup/nonamed/Content/L_Battle_Stage.umap'
[2017.03.22-04.35.28:546][129]LogSavePackage:Display: Finished SavePackage ../../../../../../Users/sh Kim/Documents/GitHub/PrototypingBackup/nonamed/Content/L_Battle_Stage.umap
[2017.03.22-04.35.28:587][129]LogFileHelpers: Saving map 'L_Battle_Stage' took 0.306
[2017.03.22-04.37.11:552][429]LogSlate: Took 0.003159 seconds to synchronously load lazily loaded font '../../../Engine/Content/Editor/Slate/Fonts/Roboto-BoldCondensedItalic.ttf' (160K)
[2017.03.22-04.39.05:023][775]Cmd: OBJ SAVEPACKAGE PACKAGE="/Game/Core/StaticFunc" FILE="../../../../../../Users/sh Kim/Documents/GitHub/PrototypingBackup/nonamed/Content/Core/StaticFunc.uasset" SILENT=true
[2017.03.22-04.39.05:166][775]LogSavePackage: Save=141.61ms
[2017.03.22-04.39.05:166][775]LogSavePackage: Moving '../../../../../../Users/sh Kim/Documents/GitHub/PrototypingBackup/nonamed/Saved/StaticFuncE92656F44EBE77B239D61A981861462A.tmp' to '../../../../../../Users/sh Kim/Documents/GitHub/PrototypingBackup/nonamed/Content/Core/StaticFunc.uasset'
[2017.03.22-04.39.05:168][775]LogSavePackage:Display: Finished SavePackage ../../../../../../Users/sh Kim/Documents/GitHub/PrototypingBackup/nonamed/Content/Core/StaticFunc.uasset
[2017.03.22-04.39.15:325][578]BlueprintLog: New page: Compile StaticFunc
[2017.03.22-04.40.29:534][839]Cmd: OBJ SAVEPACKAGE PACKAGE="/Game/Core/StaticFunc" FILE="../../../../../../Users/sh Kim/Documents/GitHub/PrototypingBackup/nonamed/Content/Core/StaticFunc.uasset" SILENT=true
[2017.03.22-04.40.29:673][839]LogSavePackage: Save=100.40ms
[2017.03.22-04.40.29:673][839]LogSavePackage: Moving '../../../../../../Users/sh Kim/Documents/GitHub/PrototypingBackup/nonamed/Saved/StaticFunc4CEFF1F84497EC5182B62BBE5757C9F7.tmp' to '../../../../../../Users/sh Kim/Documents/GitHub/PrototypingBackup/nonamed/Content/Core/StaticFunc.uasset'
[2017.03.22-04.40.29:677][839]LogSavePackage:Display: Finished SavePackage ../../../../../../Users/sh Kim/Documents/GitHub/PrototypingBackup/nonamed/Content/Core/StaticFunc.uasset
[2017.03.22-04.41.46:001][147]LogEditorTransaction: Undo Remove Graph
[2017.03.22-04.42.31:491][262]Cmd: OBJ SAVEPACKAGE PACKAGE="/Game/Core/StaticFunc" FILE="../../../../../../Users/sh Kim/Documents/GitHub/PrototypingBackup/nonamed/Content/Core/StaticFunc.uasset" SILENT=true
[2017.03.22-04.42.31:599][262]LogSavePackage: Save=71.59ms
[2017.03.22-04.42.31:599][262]LogSavePackage: Moving '../../../../../../Users/sh Kim/Documents/GitHub/PrototypingBackup/nonamed/Saved/StaticFuncE4EAEA1A4BF336587EBDAE90DFB52C44.tmp' to '../../../../../../Users/sh Kim/Documents/GitHub/PrototypingBackup/nonamed/Content/Core/StaticFunc.uasset'
[2017.03.22-04.42.31:605][262]LogSavePackage:Display: Finished SavePackage ../../../../../../Users/sh Kim/Documents/GitHub/PrototypingBackup/nonamed/Content/Core/StaticFunc.uasset
[2017.03.22-04.45.06:628][ 50]LogHttp:Warning: 000001C29F516380: request failed, libcurl error: 0 (No error)
[2017.03.22-04.45.06:629][ 50]LogHttp:Warning: 000001C29F516380: libcurl info message cache 0 (Connection 4 seems to be dead!)
[2017.03.22-04.45.06:629][ 50]LogHttp:Warning: 000001C29F516380: libcurl info message cache 1 (Closing connection 4)
[2017.03.22-04.45.06:629][ 50]LogHttp:Warning: 000001C29F516380: libcurl info message cache 2 (TLSv1.2 (OUT), TLS alert, Client hello (1):)
[2017.03.22-04.45.06:629][ 50]LogHttp:Warning: 000001C29F516380: libcurl info message cache 3 (  Trying 52.44.156.214...)
[2017.03.22-04.45.06:629][ 50]LogHttp:Warning: 000001C29F516380: libcurl info message cache 4 (Connected to datarouter.ol.epicgames.com (52.44.156.214) port 443 (#5))
[2017.03.22-04.45.06:629][ 50]LogHttp:Warning: 000001C29F516380: libcurl info message cache 5 (ALPN, offering http/1.1)
[2017.03.22-04.45.06:629][ 50]LogHttp:Warning: 000001C29F516380: libcurl info message cache 6 (Cipher selection: ALL:!EXPORT:!EXPORT40:!EXPORT56:!aNULL:!LOW:!RC4:@STRENGTH)
[2017.03.22-04.45.06:630][ 50]LogHttp:Warning: 000001C29F516380: libcurl info message cache 7 (SSL re-using session ID)
[2017.03.22-04.45.06:630][ 50]LogHttp:Warning: 000001C29F516380: libcurl info message cache 8 (TLSv1.2 (OUT), TLS handshake, Client hello (1):)
[2017.03.22-04.45.06:630][ 50]LogHttp:Warning: 000001C29F516380: libcurl info message cache 9 (TLSv1.2 (IN), TLS handshake, Server hello (2):)
[2017.03.22-04.45.06:630][ 50]LogHttp:Warning: 000001C29F516380: libcurl info message cache 10 (TLSv1.2 (IN), TLS handshake, Certificate (11):)
[2017.03.22-04.45.06:630][ 50]LogHttp:Warning: 000001C29F516380: libcurl info message cache 11 (TLSv1.2 (IN), TLS handshake, Server key exchange (12):)
[2017.03.22-04.45.06:630][ 50]LogHttp:Warning: 000001C29F516380: libcurl info message cache 12 (TLSv1.2 (IN), TLS handshake, Server finished (14):)
[2017.03.22-04.45.06:630][ 50]LogHttp:Warning: 000001C29F516380: libcurl info message cache 13 (TLSv1.2 (OUT), TLS handshake, Client key exchange (16):)
[2017.03.22-04.45.06:630][ 50]LogHttp:Warning: 000001C29F516380: libcurl info message cache 14 (TLSv1.2 (OUT), TLS change cipher, Client hello (1):)
[2017.03.22-04.45.06:630][ 50]LogHttp:Warning: 000001C29F516380: libcurl info message cache 15 (TLSv1.2 (OUT), TLS handshake, Finished (20):)
[2017.03.22-04.45.06:631][ 50]LogHttp:Warning: 000001C29F516380: libcurl info message cache 16 (TLSv1.2 (IN), TLS change cipher, Client hello (1):)
[2017.03.22-04.45.06:631][ 50]LogHttp:Warning: 000001C29F516380: libcurl info message cache 17 (TLSv1.2 (IN), TLS handshake, Finished (20):)
[2017.03.22-04.45.06:631][ 50]LogHttp:Warning: 000001C29F516380: libcurl info message cache 18 (SSL connection using TLSv1.2 / ECDHE-RSA-AES128-GCM-SHA256)
[2017.03.22-04.45.06:631][ 50]LogHttp:Warning: 000001C29F516380: libcurl info message cache 19 (ALPN, server did not agree to a protocol)
[2017.03.22-04.45.06:631][ 50]LogHttp:Warning: 000001C29F516380: libcurl info message cache 20 (old SSL session ID is stale, removing)
[2017.03.22-04.45.06:631][ 50]LogHttp:Warning: 000001C29F516380: libcurl info message cache 21 (Server certificate:)
[2017.03.22-04.45.06:631][ 50]LogHttp:Warning: 000001C29F516380: libcurl info message cache 22 (	 subject: CN=*.ol.epicgames.com)
[2017.03.22-04.45.06:631][ 50]LogHttp:Warning: 000001C29F516380: libcurl info message cache 23 (	 start date: Apr  7 00:00:00 2016 GMT)
[2017.03.22-04.45.06:631][ 50]LogHttp:Warning: 000001C29F516380: libcurl info message cache 24 (	 expire date: May  7 12:00:00 2017 GMT)
[2017.03.22-04.45.06:631][ 50]LogHttp:Warning: 000001C29F516380: libcurl info message cache 25 (	 subjectAltName: datarouter.ol.epicgames.com matched)
[2017.03.22-04.45.06:632][ 50]LogHttp:Warning: 000001C29F516380: libcurl info message cache 26 (	 issuer: C=US; O=Amazon; OU=Server CA 1B; CN=Amazon)
[2017.03.22-04.45.06:632][ 50]LogHttp:Warning: 000001C29F516380: libcurl info message cache 27 (	 SSL certificate verify ok.)
[2017.03.22-04.45.06:632][ 50]LogHttp:Warning: 000001C29F516380: libcurl info message cache 28 (upload completely sent off: 666 out of 666 bytes)
[2017.03.22-04.45.06:632][ 50]LogHttp:Warning: 000001C29F516380: libcurl info message cache 29 (Closing connection 5)
[2017.03.22-04.45.06:632][ 50]LogHttp:Warning: 000001C29F516380: libcurl info message cache 30 (TLSv1.2 (OUT), TLS alert, Client hello (1):)
[2017.03.22-04.46.17:299][262]OCULUS: Info: [HMDState] Requested to SetForegroundWindow(3c05c4ll)
[2017.03.22-04.47.02:116][476]OCULUS: Info: [HMDState] Requested to SetForegroundWindow(1104c2ll)
[2017.03.22-04.47.02:116][476]OCULUS: Info: [HMDState] Requested to SetForegroundWindow(1104c2ll)
[2017.03.22-04.47.02:116][476]OCULUS: Info: [HMDState] Requested to SetForegroundWindow(1104c2ll)
[2017.03.22-04.47.02:255][493]OCULUS: Info: [HMDState] Requested to SetForegroundWindow(1104c2ll)
[2017.03.22-04.47.02:777][494]LogD3D11RHI: Timed out while waiting for GPU to catch up. (500 ms)
[2017.03.22-04.47.02:778][495]OCULUS: Info: [HMDState] Requested to SetForegroundWindow(1104c2ll)
[2017.03.22-04.47.02:778][495]OCULUS: Info: [HMDState] Requested to SetForegroundWindow(1104c2ll)
[2017.03.22-04.47.04:470][698]OCULUS: Info: [HMDState] Requested to SetForegroundWindow(1104c2ll)
[2017.03.22-04.47.13:055][727]OCULUS: Info: [HMDState] Requested to SetForegroundWindow(1104c2ll)
[2017.03.22-04.47.28:465][937]OCULUS: Info: [HMDState] Requested to SetForegroundWindow(1104c2ll)
