Log file open, 03/15/17 18:09:55
LogInit:Display: Running engine for game: nonamed
LogPlatformFile: Not using cached read wrapper
LogInit:Display: RandInit(-678658556) SRandInit(-678658556).
LogTaskGraph: Started task graph with 5 named threads and 8 total threads with 1 sets of task threads.
LogStats: Stats thread started at 0.091767
LogInit: Using libcurl 7.47.1
LogInit:  - built for x86_64-pc-win32
LogInit:  - supports SSL with OpenSSL/1.0.2g
LogInit:  - supports HTTP deflate (compression) using libz 1.2.8
LogInit:  - other features:
LogInit:      CURL_VERSION_SSL
LogInit:      CURL_VERSION_LIBZ
LogInit:      CURL_VERSION_IPV6
LogInit:      CURL_VERSION_ASYNCHDNS
LogInit:      CURL_VERSION_LARGEFILE
LogInit:      CURL_VERSION_IDN
LogInit:  CurlRequestOptions (configurable via config and command line):
LogInit:  - bVerifyPeer = false  - Libcurl will NOT verify peer certificate
LogInit:  - bUseHttpProxy = false  - Libcurl will NOT use HTTP proxy
LogInit:  - bDontReuseConnections = false  - Libcurl will reuse connections
LogInit:  - CertBundlePath = nullptr  - Libcurl will use whatever was configured at build time.
LogInit: Build: ++UE4+Release-4.15-CL-3299760
LogInit: Engine Version: 4.15.0-3299760+++UE4+Release-4.15
LogInit: Compatible Engine Version: 4.15.0-3299760+++UE4+Release-4.15
LogInit: Net CL: 3299760
LogDevObjectVersion: Number of dev versions registered: 14
LogDevObjectVersion:   Dev-Blueprints (B0D832E4-1F89-4F0D-ACCF-7EB736FD4AA2): 8
LogDevObjectVersion:   Dev-Build (E1C64328-A22C-4D53-A36C-8E866417BD8C): 0
LogDevObjectVersion:   Dev-Core (375EC13C-06E4-48FB-B500-84F0262A717E): 2
LogDevObjectVersion:   Dev-Editor (E4B068ED-F494-42E9-A231-DA0B2E46BB41): 14
LogDevObjectVersion:   Dev-Framework (CFFC743F-43B0-4480-9391-14DF171D2073): 22
LogDevObjectVersion:   Dev-Mobile (B02B49B5-BB20-44E9-A304-32B752E40360): 0
LogDevObjectVersion:   Dev-Networking (A4E4105C-59A1-49B5-A7C5-40C4547EDFEE): 0
LogDevObjectVersion:   Dev-Online (39C831C9-5AE6-47DC-9A44-9C173E1C8E7C): 0
LogDevObjectVersion:   Dev-Physics (78F01B33-EBEA-4F98-B9B4-84EACCB95AA2): 0
LogDevObjectVersion:   Dev-Platform (6631380F-2D4D-43E0-8009-CF276956A95A): 0
LogDevObjectVersion:   Dev-Rendering (12F88B9F-8875-4AFC-A67C-D90C383ABD29): 12
LogDevObjectVersion:   Dev-Sequencer (7B5AE74C-D270-4C10-A958-57980B212A5A): 3
LogDevObjectVersion:   Dev-VR (D7296918-1DD6-4BDD-9DE2-64A83CC13884): 0
LogDevObjectVersion:   Dev-LoadTimes (C2A15278-BFE7-4AFE-6C17-90FF531DF755): 1
LogInit: Compiled (64-bit): Feb 14 2017 02:04:14
LogInit: Compiled with Visual C++: 19.00.23026.00
LogInit: Build Configuration: Development
LogInit: Branch Name: ++UE4+Release-4.15
LogInit: Command line:  
LogInit: Base directory: C:/Program Files/Epic Games/UE_4.15/Engine/Binaries/Win64/
LogInit: Installed Engine Build: 1
LogInit: Presizing for max 8388607 objects, including 0 objects not considered by GC, pre-allocating 0 bytes for permanent pool.
LogInit: Object subsystem initialized
[2017.03.15-09.09.56:486][  0]LogInit: Selected Device Profile: [Windows]
[2017.03.15-09.09.56:486][  0]LogInit: Applying CVar settings loaded from the selected device profile: [Windows]
[2017.03.15-09.09.56:500][  0]LogInit: Computer: DESKTOP-73DD3NB
[2017.03.15-09.09.56:500][  0]LogInit: User: shKim
[2017.03.15-09.09.56:500][  0]LogInit: CPU Page size=65536, Cores=4
[2017.03.15-09.09.56:500][  0]LogInit: High frequency timer resolution =3.328132 MHz
[2017.03.15-09.09.56:500][  0]LogMemory: Memory total: Physical=31.9GB (32GB approx)
[2017.03.15-09.09.56:500][  0]LogMemory: Platform Memory Stats for Windows
[2017.03.15-09.09.56:500][  0]LogMemory: Process Physical Memory: 262.89 MB used, 262.89 MB peak
[2017.03.15-09.09.56:500][  0]LogMemory: Process Virtual Memory: 262.44 MB used, 262.44 MB peak
[2017.03.15-09.09.56:500][  0]LogMemory: Physical Memory: 10187.81 MB used,  22442.89 MB free, 32630.71 MB total
[2017.03.15-09.09.56:500][  0]LogMemory: Virtual Memory: 642.84 MB used,  22442.89 MB free, 134217728.00 MB total
[2017.03.15-09.09.56:623][  0]LogInit: Overriding culture en with editor configuration.
[2017.03.15-09.09.57:550][  0]LogD3D11RHI: D3D11 adapters:
[2017.03.15-09.09.57:561][  0]LogD3D11RHI:    0. 'Intel(R) HD Graphics 630' (Feature Level 11_0)
[2017.03.15-09.09.57:561][  0]LogD3D11RHI:       128/0/16315 MB DedicatedVideo/DedicatedSystem/SharedSystem, Outputs:1, VendorId:0x8086
[2017.03.15-09.09.57:592][  0]LogD3D11RHI:    1. 'NVIDIA GeForce GTX 1070' (Feature Level 11_0)
[2017.03.15-09.09.57:592][  0]LogD3D11RHI:       8145/0/16315 MB DedicatedVideo/DedicatedSystem/SharedSystem, Outputs:1, VendorId:0x10de
[2017.03.15-09.09.57:594][  0]LogD3D11RHI:    2. 'Microsoft Basic Render Driver' (Feature Level 11_0)
[2017.03.15-09.09.57:594][  0]LogD3D11RHI:       0/0/16315 MB DedicatedVideo/DedicatedSystem/SharedSystem, Outputs:0, VendorId:0x1414
[2017.03.15-09.09.57:594][  0]LogD3D11RHI: Chosen D3D11 Adapter: 1
[2017.03.15-09.09.57:600][  0]LogD3D11RHI: Creating new Direct3DDevice
[2017.03.15-09.09.57:600][  0]LogD3D11RHI:     GPU DeviceId: 0x1b81 (for the marketing name, search the web for "GPU Device Id")
[2017.03.15-09.09.57:600][  0]LogWindows: EnumDisplayDevices:
[2017.03.15-09.09.57:601][  0]LogWindows:    0. 'Intel(R) HD Graphics 630' (P:1 D:1)
[2017.03.15-09.09.57:601][  0]LogWindows:    1. 'Intel(R) HD Graphics 630' (P:0 D:0)
[2017.03.15-09.09.57:601][  0]LogWindows:    2. 'Intel(R) HD Graphics 630' (P:0 D:0)
[2017.03.15-09.09.57:601][  0]LogWindows:    3. 'NVIDIA GeForce GTX 1070' (P:0 D:1)
[2017.03.15-09.09.57:601][  0]LogWindows:    4. 'NVIDIA GeForce GTX 1070' (P:0 D:0)
[2017.03.15-09.09.57:601][  0]LogWindows:    5. 'NVIDIA GeForce GTX 1070' (P:0 D:0)
[2017.03.15-09.09.57:601][  0]LogWindows:    6. 'NVIDIA GeForce GTX 1070' (P:0 D:0)
[2017.03.15-09.09.57:602][  0]LogWindows: DebugString: PrimaryIsNotTheChoosenAdapter PrimaryIsNotTheChoosenAdapter PrimaryIsNotTheChoosenAdapter FoundDriverCount:4 
[2017.03.15-09.09.57:602][  0]LogD3D11RHI:     Adapter Name: NVIDIA GeForce GTX 1070
[2017.03.15-09.09.57:602][  0]LogD3D11RHI:   Driver Version: 376.53 (internal:21.21.13.7653, unified:376.53)
[2017.03.15-09.09.57:602][  0]LogD3D11RHI:      Driver Date: 12-29-2016
[2017.03.15-09.09.57:602][  0]LogRHI: Texture pool is 1361 MB (70% of 1945 MB)
[2017.03.15-09.09.57:621][  0]LogD3D11RHI: Async texture creation enabled
[2017.03.15-09.09.57:633][  0]LogD3D11RHI: GPU Timing Frequency: 1000.000000 (Debug: 2 1)
[2017.03.15-09.09.57:683][  0]LogShaderCompilers: Guid format shader working directory is -17 characters bigger than the processId version (../../../../../../Users/sh Kim/Documents/Unreal Projects/nonamed/Intermediate/Shaders/WorkingDirectory/4016/).
[2017.03.15-09.09.57:683][  0]LogShaderCompilers: Cleaned the shader compiler working directory 'C:/Users/sh Kim/AppData/Local/Temp/UnrealShaderWorkingDir/60421BF740A1FEB838B42FA95D6C16FC/'.
[2017.03.15-09.09.57:683][  0]LogShaderCompilers:Display: Using Local Shader Compiler.
[2017.03.15-09.09.59:057][  0]LogTemp:Display: Loaded TP AllDesktopTargetPlatform
[2017.03.15-09.09.59:130][  0]LogTemp:Display: Loaded TP MacClientTargetPlatform
[2017.03.15-09.09.59:202][  0]LogTemp:Display: Loaded TP MacNoEditorTargetPlatform
[2017.03.15-09.09.59:283][  0]LogTemp:Display: Loaded TP MacServerTargetPlatform
[2017.03.15-09.09.59:361][  0]LogTemp:Display: Loaded TP MacTargetPlatform
[2017.03.15-09.09.59:431][  0]LogTemp:Display: Loaded TP WindowsClientTargetPlatform
[2017.03.15-09.09.59:507][  0]LogTemp:Display: Loaded TP WindowsNoEditorTargetPlatform
[2017.03.15-09.09.59:582][  0]LogTemp:Display: Loaded TP WindowsServerTargetPlatform
[2017.03.15-09.09.59:645][  0]LogTemp:Display: Loaded TP WindowsTargetPlatform
[2017.03.15-09.09.59:712][  0]LogTemp:Display: Loaded TP AndroidTargetPlatform
[2017.03.15-09.09.59:790][  0]LogTemp:Display: Loaded TP Android_ASTCTargetPlatform
[2017.03.15-09.09.59:859][  0]LogTemp:Display: Loaded TP Android_ATCTargetPlatform
[2017.03.15-09.09.59:929][  0]LogTemp:Display: Loaded TP Android_DXTTargetPlatform
[2017.03.15-09.09.59:997][  0]LogTemp:Display: Loaded TP Android_ETC1TargetPlatform
[2017.03.15-09.10.00:074][  0]LogTemp:Display: Loaded TP Android_ETC2TargetPlatform
[2017.03.15-09.10.00:223][  0]LogTemp:Display: Loaded TP Android_MultiTargetPlatform
[2017.03.15-09.10.00:223][  0]LogTemp:Display: Loaded TP Android_PVRTCTargetPlatform
[2017.03.15-09.10.00:280][  0]LogTemp:Display: Loaded TP HTML5TargetPlatform
[2017.03.15-09.10.00:406][  0]LogTemp:Display: Loaded TP IOSTargetPlatform
[2017.03.15-09.10.00:459][  0]LogTemp:Display: Loaded TP TVOSTargetPlatform
[2017.03.15-09.10.00:529][  0]LogTemp:Display: Loaded TP LinuxClientTargetPlatform
[2017.03.15-09.10.00:606][  0]LogTemp:Display: Loaded TP LinuxNoEditorTargetPlatform
[2017.03.15-09.10.00:674][  0]LogTemp:Display: Loaded TP LinuxServerTargetPlatform
[2017.03.15-09.10.00:743][  0]LogTemp:Display: Loaded TP LinuxTargetPlatform
[2017.03.15-09.10.00:743][  0]LogTargetPlatformManager:Display: Building Assets For Windows
[2017.03.15-09.10.01:369][  0]LogDerivedDataCache:Display: Max Cache Size: 512 MB
[2017.03.15-09.10.01:444][  0]LogDerivedDataCache: Loaded boot cache 0.07s 50MB C:/Users/sh Kim/AppData/Local/UnrealEngine/4.15/DerivedDataCache/Boot.ddc.
[2017.03.15-09.10.01:444][  0]LogDerivedDataCache:Display: Loaded Boot cache: C:/Users/sh Kim/AppData/Local/UnrealEngine/4.15/DerivedDataCache/Boot.ddc
[2017.03.15-09.10.01:444][  0]LogDerivedDataCache: FDerivedDataBackendGraph:  Pak pak cache file ../../../../../../Users/sh Kim/Documents/Unreal Projects/nonamed/DerivedDataCache/DDC.ddp not found, will not use a pak cache.
[2017.03.15-09.10.01:444][  0]LogDerivedDataCache: Unable to find inner node Pak for hierarchical cache Hierarchy.
[2017.03.15-09.10.01:444][  0]LogDerivedDataCache: FDerivedDataBackendGraph:  CompressedPak pak cache file ../../../../../../Users/sh Kim/Documents/Unreal Projects/nonamed/DerivedDataCache/Compressed.ddp not found, will not use a pak cache.
[2017.03.15-09.10.01:444][  0]LogDerivedDataCache: Unable to find inner node CompressedPak for hierarchical cache Hierarchy.
[2017.03.15-09.10.01:463][  0]LogDerivedDataCache:Display: Pak cache opened for reading ../../../Engine/DerivedDataCache/Compressed.ddp.
[2017.03.15-09.10.01:475][  0]LogDerivedDataCache: Using Local data cache path C:/Users/sh Kim/AppData/Local/UnrealEngine/Common/DerivedDataCache: Writable
[2017.03.15-09.10.01:484][  0]LogSlate: Using Freetype 2.6.0
[2017.03.15-09.10.01:485][  0]LogSlate: SlateFontCache - WITH_FREETYPE: 1, WITH_HARFBUZZ: 1
[2017.03.15-09.10.01:485][  0]LogSlate: SlateFontCache - WITH_FREETYPE: 1, WITH_HARFBUZZ: 1
[2017.03.15-09.10.01:794][  0]LogInit: Selected Device Profile: [Windows]
[2017.03.15-09.10.01:796][  0]LogContentStreaming: Texture pool size is 0.00 MB
[2017.03.15-09.10.02:062][  0]LogMeshUtilities: Using QuadricMeshReduction for automatic static mesh reduction
[2017.03.15-09.10.02:120][  0]LogSimplygon: Simplygon DLL not present - disabling.
[2017.03.15-09.10.02:187][  0]LogMeshUtilities: Using SimplygonSwarm for distributed automatic mesh merging
[2017.03.15-09.10.02:187][  0]LogMeshUtilities: No automatic skeletal mesh reduction module available
[2017.03.15-09.10.02:187][  0]LogMeshUtilities: No automatic mesh merging module available
[2017.03.15-09.10.02:924][  0]LogNetVersion: GetLocalNetworkVersion: CL: 3299760, ProjectName: nonamed, ProjectVersion: , EngineNetworkVersion: 2, GameNetworkVersion: 0, NetworkChecksum: 1112449053
[2017.03.15-09.10.02:975][  0]LogAssetRegistry: FAssetRegistry took 0.0225 seconds to start up
[2017.03.15-09.10.03:023][  0]LogPackageLocalizationCache: Processed 3 localized package path(s) for 1 prioritized culture(s) in 0.018432 seconds
[2017.03.15-09.10.03:031][  0]LogUObjectArray: 32475 objects as part of root set at end of initial load.
[2017.03.15-09.10.03:031][  0]LogUObjectAllocator: 7073360 out of 0 bytes used by permanent object pool.
[2017.03.15-09.10.03:031][  0]LogUObjectArray: CloseDisregardForGC: 0/0 objects in disregard for GC pool
[2017.03.15-09.10.03:122][  0]LogInit: WinSock: version 1.1 (2.2), MaxSocks=32767, MaxUdp=65467
[2017.03.15-09.10.05:185][  0]LogTcpMessaging: Initializing TcpMessaging bridge
[2017.03.15-09.10.05:232][  0]LogUdpMessaging: Initializing bridge on interface 0.0.0.0:0 to multicast group 230.0.0.1:6666.
[2017.03.15-09.10.05:828][  0]LogMaterial: Uniform references updated for custom material expression Custom.
[2017.03.15-09.10.06:342][  0]SourceControl: Info Source control is disabled
[2017.03.15-09.10.06:343][  0]SourceControl: Info Source control is disabled
[2017.03.15-09.10.06:403][  0]SourceControl: Info Source control is disabled
[2017.03.15-09.10.06:469][  0]SourceControl: Info Source control is disabled
[2017.03.15-09.10.08:159][  0]LogEngine: Initializing Engine...
[2017.03.15-09.10.08:160][  0]LogHMD: Failed to initialize OpenVR with code 110
[2017.03.15-09.10.08:465][  0]LogAIModule: Creating AISystem for world Untitled
[2017.03.15-09.10.08:481][  0]LogInit: XAudio2 using '스피커(Realtek High Definition Audio)' : 2 channels at 48 kHz using 32 bits per sample (channel mask 0x3)
[2017.03.15-09.10.08:497][  0]LogInit: FAudioDevice initialized.
[2017.03.15-09.10.08:533][  0]LogDerivedDataCache: Saved boot cache 0.04s 50MB C:/Users/sh Kim/AppData/Local/UnrealEngine/4.15/DerivedDataCache/Boot.ddc.
[2017.03.15-09.10.08:548][  0]LogInit: Texture streaming: Enabled
[2017.03.15-09.10.08:695][  0]LogEngineSessionManager: EngineSessionManager initialized
[2017.03.15-09.10.08:820][  0]LogInit: Transaction tracking system initialized
[2017.03.15-09.10.09:314][  0]BlueprintLog: New page: Editor Load
[2017.03.15-09.10.10:567][  0]LocalizationService: Info Localization service is disabled
[2017.03.15-09.10.11:515][  0]LogConsoleResponse:Display: 
[2017.03.15-09.10.11:668][  0]LogCook:Display: Max memory allowance for cook 16384mb min free memory 0mb
[2017.03.15-09.10.11:668][  0]LogCook:Display: Mobile HDR setting 1
[2017.03.15-09.10.13:054][  0]LogFileCache: Scanning file cache for directory 'C:/Users/sh Kim/Documents/Unreal Projects/nonamed/Content/' took 0.02s
[2017.03.15-09.10.13:114][  0]SourceControl: Info Source control is disabled
[2017.03.15-09.10.13:114][  0]Cmd: MAP LOAD FILE="../../../Engine/Content/Maps/Templates/Template_Default.umap" TEMPLATE=1 SHOWPROGRESS=1 FEATURELEVEL=3
[2017.03.15-09.10.13:115][  0]LightingResults: New page: Lighting Build
[2017.03.15-09.10.13:175][  0]MapCheck: New page: Map Check
[2017.03.15-09.10.13:175][  0]LightingResults: New page: Lighting Build
[2017.03.15-09.10.13:422][  0]LogAIModule: Creating AISystem for world Untitled_1
[2017.03.15-09.10.13:423][  0]LogActorComponent: RegisterComponentWithWorld: (/Temp/Untitled_1.Untitled_1:PersistentLevel.WorldSettings_1.StaticMeshComponent0) Trying to register component with IsPendingKill() == true. Aborting.
[2017.03.15-09.10.13:428][  0]LogEditorServer: Finished looking for orphan Actors (0.000 secs)
[2017.03.15-09.10.13:431][  0]Cmd: MAP CHECKDEP NOCLEARLOG
[2017.03.15-09.10.13:481][  0]MapCheck: Info Map check complete: 0 Error(s), 0 Warning(s), took 49.101ms to complete.
[2017.03.15-09.10.13:481][  0]LogFileHelpers: Loading map 'Template_Default' took 0.367
[2017.03.15-09.10.13:549][  0]LogWindowsTextInputMethodSystem:Display: IME system now activated using TSF (Microsoft 입력기).
[2017.03.15-09.10.13:730][  0]LogCollectionManager: Loaded 0 collections in 0.002116 seconds
[2017.03.15-09.10.13:833][  0]LogFileCache: Scanning file cache for directory 'C:/Users/sh Kim/Documents/Unreal Projects/nonamed/Saved/Collections/' took 0.01s
[2017.03.15-09.10.13:834][  0]LogFileCache: Scanning file cache for directory 'C:/Users/sh Kim/Documents/Unreal Projects/nonamed/Content/Developers/shKim/Collections/' took 0.01s
[2017.03.15-09.10.13:834][  0]LogFileCache: Scanning file cache for directory 'C:/Users/sh Kim/Documents/Unreal Projects/nonamed/Content/Collections/' took 0.01s
[2017.03.15-09.10.13:834][  0]LogCollectionManager: Rebuilt the GUID cache for 0 collections in 0.000002 seconds
[2017.03.15-09.10.13:847][  0]LogContentBrowser: Native class hierarchy populated in 0.0132 seconds. Added 2244 classes and 450 folders.
[2017.03.15-09.10.13:853][  0]LogStats: UGameplayTagsManager::ConstructGameplayTagTree: Construct from data asset -  0.000 s
[2017.03.15-09.10.13:853][  0]LogStats: UGameplayTagsManager::ConstructGameplayTagTree: GameplayTagTreeChangedEvent.Broadcast -  0.000 s
[2017.03.15-09.10.13:950][  0]LogContentBrowser: Native class hierarchy updated for 'WidgetCarousel' in 0.0005 seconds. Added 0 classes and 0 folders.
[2017.03.15-09.10.13:997][  0]LogContentBrowser: Native class hierarchy updated for 'AddContentDialog' in 0.0005 seconds. Added 0 classes and 0 folders.
[2017.03.15-09.10.14:080][  0]LogContentBrowser: Native class hierarchy updated for 'SceneOutliner' in 0.0006 seconds. Added 1 classes and 2 folders.
[2017.03.15-09.10.14:234][  0]LogCrashTracker: Crashtracker disabled due to settings.
[2017.03.15-09.10.14:244][  0]LogUObjectGlobals:Warning: Failed to find object 'Class None.'
[2017.03.15-09.10.14:333][  0]LogContentBrowser: Native class hierarchy updated for 'HierarchicalLODOutliner' in 0.0010 seconds. Added 1 classes and 2 folders.
[2017.03.15-09.10.14:334][  0]LogLoad: (Engine Initialization) Total time: 20.38 seconds
[2017.03.15-09.10.14:334][  0]LogLoad: (Engine Initialization) Total Blueprint compile time: 0.13 seconds
[2017.03.15-09.10.14:334][  0]LogExternalProfiler: No external profilers were discovered.  External profiling features will not be available.
[2017.03.15-09.10.14:346][  0]LogOcInput: OculusInput pre-init called
[2017.03.15-09.10.14:368][  0]LogContentStreaming: Texture pool size now 1000 MB
[2017.03.15-09.10.14:370][  0]LogSlate: Took 0.000404 seconds to synchronously load lazily loaded font '../../../Engine/Content/Slate/Fonts/Roboto-Regular.ttf' (155K)
[2017.03.15-09.10.14:375][  0]LogSlate: Took 0.000239 seconds to synchronously load lazily loaded font '../../../Engine/Content/Slate/Fonts/Roboto-Bold.ttf' (160K)
[2017.03.15-09.10.14:382][  0]LogSlate: Took 0.000310 seconds to synchronously load lazily loaded font '../../../Engine/Content/Editor/Slate/Fonts/FontAwesome.ttf' (139K)
[2017.03.15-09.10.14:528][  0]LogSlate: Took 0.000282 seconds to synchronously load lazily loaded font '../../../Engine/Content/Slate/Fonts/Roboto-Light.ttf' (159K)
[2017.03.15-09.10.14:570][  0]LogRenderer: Reallocating scene render targets to support 1208x588 NumSamples 1 (Frame:2).
[2017.03.15-09.10.14:690][  2]LogAssetRegistry: Asset discovery search completed in 11.7366 seconds
[2017.03.15-09.10.14:690][  2]LogCollectionManager: Rebuilt the object cache for 0 collections in 0.000006 seconds (found 0 objects)
[2017.03.15-09.10.14:690][  2]LogCollectionManager: Fixed up redirectors for 0 collections in 0.000024 seconds (updated 0 objects)
[2017.03.15-09.10.20:136][495]LogSlate: Took 0.000306 seconds to synchronously load lazily loaded font '../../../Engine/Content/Editor/Slate/Fonts/DroidSansMono.ttf' (77K)
[2017.03.15-09.10.20:148][495]LogSlate: Took 0.001954 seconds to synchronously load lazily loaded font '../../../Engine/Content/Slate/Fonts/DroidSansFallback.ttf' (3848K)
[2017.03.15-09.10.21:944][615]LogSlate: Took 0.000146 seconds to synchronously load lazily loaded font '../../../Engine/Content/Slate/Fonts/Roboto-Light.ttf' (159K)
[2017.03.15-09.10.22:214][615]LogBlueprint:Warning: [PlayerBP] 'NearestOverlappingActor' variable not found. Base class was probably changed.
[2017.03.15-09.10.22:215][615]LogBlueprint:Warning: [PlayerBP] 'NearestOverlap' variable not found. Base class was probably changed.
[2017.03.15-09.10.22:215][615]LogBlueprint:Warning: [PlayerBP] 'NearestOverlap' variable not found. Base class was probably changed.
[2017.03.15-09.10.22:215][615]LogBlueprint:Warning: [PlayerBP] 'NearestOverlap' variable not found. Base class was probably changed.
[2017.03.15-09.10.22:215][615]LogBlueprint:Warning: [PlayerBP] 'NearestOverlappingActor' variable not found. Base class was probably changed.
[2017.03.15-09.10.22:215][615]LogBlueprint:Warning: [PlayerBP] 'NearestOverlappingActor' variable not found. Base class was probably changed.
[2017.03.15-09.10.22:437][615]LogAIModule: Creating AISystem for world L_Battle_Stage
[2017.03.15-09.10.22:475][615]Cmd: MAP LOAD FILE="../../../../../../Users/sh Kim/Documents/Unreal Projects/nonamed/Content/L_Battle_Stage.umap" TEMPLATE=0 SHOWPROGRESS=1 FEATURELEVEL=3
[2017.03.15-09.10.22:475][615]LightingResults: New page: Lighting Build
[2017.03.15-09.10.22:477][615]LoadErrors: New page: Loading map: L_Battle_Stage.umap
[2017.03.15-09.10.22:477][615]MapCheck: New page: Map Check
[2017.03.15-09.10.22:477][615]LightingResults: New page: Lighting Build
[2017.03.15-09.10.22:556][615]LogEditorServer: Finished looking for orphan Actors (0.000 secs)
[2017.03.15-09.10.22:588][615]Cmd: MAP CHECKDEP NOCLEARLOG
[2017.03.15-09.10.22:627][615]MapCheck: Info Map check complete: 0 Error(s), 0 Warning(s), took 38.66ms to complete.
[2017.03.15-09.10.22:627][615]LogFileHelpers: Loading map 'L_Battle_Stage' took 0.153
[2017.03.15-09.10.28:675][228]LogEditorViewport: Clicking on Actor (LMB): Unit_Deck_BP_C (Player_Deck_Blueprint4)
[2017.03.15-09.10.29:686][327]LogSlate: Took 0.000147 seconds to synchronously load lazily loaded font '../../../Engine/Content/Slate/Fonts/Roboto-Light.ttf' (159K)
[2017.03.15-09.10.35:456][947]LogEditorViewport: Clicking Background
[2017.03.15-09.10.36:006][  9]LogEditorViewport: Clicking on Actor (LMB): Unit_Deck_BP_C (Player_Deck_Blueprint4)
[2017.03.15-09.10.44:135][779]LogMaterial: Missing cached shader map for material PP_OutlineColored, compiling. 
[2017.03.15-09.10.44:137][779]LogTemp:Display: Added material ShaderMap 0x000001F070E15980 with Material 0x000001F071307D80 to ShaderMapsBeingCompiled
[2017.03.15-09.10.44:140][779]LogTemp:Display: Kicking off shader compilation for PP_OutlineColored, GameThreadShaderMap 0x000001F070E15980
[2017.03.15-09.10.44:247][779]LogMaterial: Missing cached shader map for material PP_OutlineColored, compiling. 
[2017.03.15-09.10.44:249][779]LogTemp:Display: Added material ShaderMap 0x000001F0242C5980 with Material 0x000001F070DE6700 to ShaderMapsBeingCompiled
[2017.03.15-09.10.44:252][779]LogTemp:Display: Kicking off shader compilation for PP_OutlineColored, GameThreadShaderMap 0x000001F0242C5980
[2017.03.15-09.10.44:253][779]LogTemp:Display: Added shader map 0x000001F070E15980 from material 0x000001F071307D80
[2017.03.15-09.10.44:253][779]LogTemp:Display: Found existing compiling shader for material PP_OutlineColored, linking to other GameThreadShaderMap 0x000001F070E15980
[2017.03.15-09.10.44:257][779]LogMaterial: 0.00 seconds spent updating 1 materials, 1 interfaces, 0 instances, 0 with static permutations.
[2017.03.15-09.10.44:257][779]MaterialEditorStats: Info Base pass shader without light map: 135 instructions
[2017.03.15-09.10.44:257][779]MaterialEditorStats: Info Vertex shader: 29 instructions
[2017.03.15-09.10.44:257][779]MaterialEditorStats: Info Texture samplers: 3/16
[2017.03.15-09.10.44:257][779]MaterialEditorStats: Info Mobile texture samplers: 4/8
[2017.03.15-09.10.44:263][779]LogMaterial: Missing cached shader map for material PP_OutlineColored, compiling. 
[2017.03.15-09.10.44:265][779]LogTemp:Display: Added material ShaderMap 0x000001F024497580 with Material 0x000001F070DE6700 to ShaderMapsBeingCompiled
[2017.03.15-09.10.44:267][779]LogTemp:Display: Kicking off shader compilation for PP_OutlineColored, GameThreadShaderMap 0x000001F024497580
[2017.03.15-09.10.44:268][779]LogMaterial: Missing cached shader map for material PP_OutlineColored, compiling. 
[2017.03.15-09.10.44:269][779]LogTemp:Display: Added material ShaderMap 0x000001F0244F0480 with Material 0x000001F071307D80 to ShaderMapsBeingCompiled
[2017.03.15-09.10.44:272][779]LogTemp:Display: Kicking off shader compilation for PP_OutlineColored, GameThreadShaderMap 0x000001F0244F0480
[2017.03.15-09.10.44:272][779]LogMaterial: 0.00 seconds spent updating 1 materials, 1 interfaces, 0 instances, 0 with static permutations.
[2017.03.15-09.10.44:300][779]LogMaterial: Missing cached shader map for material FMatExpressionPreview MaterialExpressionVectorParameter_0, compiling. 
[2017.03.15-09.10.44:300][779]LogTemp:Display: Added material ShaderMap 0x000001F0241FAE80 with Material 0x000001F01279EB00 to ShaderMapsBeingCompiled
[2017.03.15-09.10.44:302][779]LogTemp:Display: Kicking off shader compilation for FMatExpressionPreview MaterialExpressionVectorParameter_0, GameThreadShaderMap 0x000001F0241FAE80
[2017.03.15-09.10.44:303][779]LogMaterial: Missing cached shader map for material FMatExpressionPreview MaterialExpressionVectorParameter_1, compiling. 
[2017.03.15-09.10.44:304][779]LogTemp:Display: Added material ShaderMap 0x000001F0241F9980 with Material 0x000001F0245E8400 to ShaderMapsBeingCompiled
[2017.03.15-09.10.44:306][779]LogTemp:Display: Kicking off shader compilation for FMatExpressionPreview MaterialExpressionVectorParameter_1, GameThreadShaderMap 0x000001F0241F9980
[2017.03.15-09.10.44:307][779]LogMaterial: Missing cached shader map for material FMatExpressionPreview MaterialExpressionVectorParameter_2, compiling. 
[2017.03.15-09.10.44:308][779]LogTemp:Display: Added material ShaderMap 0x000001F0241F8100 with Material 0x000001F0245E9900 to ShaderMapsBeingCompiled
[2017.03.15-09.10.44:310][779]LogTemp:Display: Kicking off shader compilation for FMatExpressionPreview MaterialExpressionVectorParameter_2, GameThreadShaderMap 0x000001F0241F8100
[2017.03.15-09.10.44:311][779]LogMaterial: Missing cached shader map for material FMatExpressionPreview MaterialExpressionVectorParameter_3, compiling. 
[2017.03.15-09.10.44:312][779]LogTemp:Display: Added material ShaderMap 0x000001F006499980 with Material 0x000001F070CCAE00 to ShaderMapsBeingCompiled
[2017.03.15-09.10.44:314][779]LogTemp:Display: Kicking off shader compilation for FMatExpressionPreview MaterialExpressionVectorParameter_3, GameThreadShaderMap 0x000001F006499980
[2017.03.15-09.10.44:324][779]LogSlate: Took 0.000194 seconds to synchronously load lazily loaded font '../../../Engine/Content/Editor/Slate/Fonts/Roboto-BoldCondensed.ttf' (158K)
[2017.03.15-09.10.44:722][780]LogSlate: Took 0.000147 seconds to synchronously load lazily loaded font '../../../Engine/Content/Editor/Slate/Fonts/Roboto-Italic.ttf' (157K)
[2017.03.15-09.10.45:296][797]LogRenderer: Reallocating scene render targets to support 1228x900 NumSamples 1 (Frame:3040).
[2017.03.15-09.10.45:726][814]LogTemp:Display: Finished compile of shader map 0x000001F0242C5980
[2017.03.15-09.10.45:727][814]LogTemp:Display: Shader map PP_OutlineColored complete, GameThreadShaderMap 0x000001F0242C5980, marking material PP_OutlineColored as finished
[2017.03.15-09.10.45:727][814]LogTemp:Display: Marking material as finished 0x000001F070DE6700
[2017.03.15-09.10.46:598][874]LogTemp:Display: Finished compile of shader map 0x000001F024497580
[2017.03.15-09.10.46:598][874]LogTemp:Display: Shader map PP_OutlineColored complete, GameThreadShaderMap 0x000001F024497580, marking material PP_OutlineColored as finished
[2017.03.15-09.10.46:598][874]LogTemp:Display: Marking material as finished 0x000001F070DE6700
[2017.03.15-09.10.46:610][875]MaterialEditorStats: Info Mobile texture samplers: 3/8
[2017.03.15-09.10.48:560][  0]LogTemp:Display: Finished compile of shader map 0x000001F0244F0480
[2017.03.15-09.10.48:561][  0]LogTemp:Display: Shader map PP_OutlineColored complete, GameThreadShaderMap 0x000001F0244F0480, marking material PP_OutlineColored as finished
[2017.03.15-09.10.48:561][  0]LogTemp:Display: Marking material as finished 0x000001F071307D80
[2017.03.15-09.10.48:617][  3]LogTemp:Display: Finished compile of shader map 0x000001F0241FAE80
[2017.03.15-09.10.48:617][  3]LogTemp:Display: Shader map FMatExpressionPreview MaterialExpressionVectorParameter_0 complete, GameThreadShaderMap 0x000001F0241FAE80, marking material FMatExpressionPreview MaterialExpressionVectorParameter_0 as finished
[2017.03.15-09.10.48:617][  3]LogTemp:Display: Marking material as finished 0x000001F01279EB00
[2017.03.15-09.10.48:910][ 21]MaterialEditorStats: Info Base pass shader without light map: 135 instructions
[2017.03.15-09.10.48:911][ 21]MaterialEditorStats: Info Vertex shader: 29 instructions
[2017.03.15-09.10.48:911][ 21]MaterialEditorStats: Info Texture samplers: 2/16
[2017.03.15-09.10.48:911][ 21]MaterialEditorStats: Info Mobile texture samplers: 3/8
[2017.03.15-09.10.49:855][ 76]LogTemp:Display: Finished compile of shader map 0x000001F0241F9980
[2017.03.15-09.10.49:855][ 76]LogTemp:Display: Shader map FMatExpressionPreview MaterialExpressionVectorParameter_1 complete, GameThreadShaderMap 0x000001F0241F9980, marking material FMatExpressionPreview MaterialExpressionVectorParameter_1 as finished
[2017.03.15-09.10.49:855][ 76]LogTemp:Display: Marking material as finished 0x000001F0245E8400
[2017.03.15-09.10.50:539][123]LogTemp:Display: Finished compile of shader map 0x000001F0241F8100
[2017.03.15-09.10.50:539][123]LogTemp:Display: Shader map FMatExpressionPreview MaterialExpressionVectorParameter_2 complete, GameThreadShaderMap 0x000001F0241F8100, marking material FMatExpressionPreview MaterialExpressionVectorParameter_2 as finished
[2017.03.15-09.10.50:539][123]LogTemp:Display: Marking material as finished 0x000001F0245E9900
[2017.03.15-09.10.50:893][144]LogTemp:Display: Finished compile of shader map 0x000001F006499980
[2017.03.15-09.10.50:893][144]LogTemp:Display: Shader map FMatExpressionPreview MaterialExpressionVectorParameter_3 complete, GameThreadShaderMap 0x000001F006499980, marking material FMatExpressionPreview MaterialExpressionVectorParameter_3 as finished
[2017.03.15-09.10.50:893][144]LogTemp:Display: Marking material as finished 0x000001F070CCAE00
[2017.03.15-09.10.52:617][247]LogMaterial: 0.00 seconds spent updating 1 materials, 1 interfaces, 0 instances, 0 with static permutations.
[2017.03.15-09.11.08:590][194]LogMaterial: Missing cached shader map for material PP_OutlineColored, compiling. 
[2017.03.15-09.11.08:592][194]LogTemp:Display: Added material ShaderMap 0x000001F02ECA3200 with Material 0x000001F070DE6700 to ShaderMapsBeingCompiled
[2017.03.15-09.11.08:595][194]LogTemp:Display: Kicking off shader compilation for PP_OutlineColored, GameThreadShaderMap 0x000001F02ECA3200
[2017.03.15-09.11.08:596][194]LogMaterial: Missing cached shader map for material PP_OutlineColored, compiling. 
[2017.03.15-09.11.08:598][194]LogTemp:Display: Added material ShaderMap 0x000001F02ECA1600 with Material 0x000001F071307D80 to ShaderMapsBeingCompiled
[2017.03.15-09.11.08:600][194]LogTemp:Display: Kicking off shader compilation for PP_OutlineColored, GameThreadShaderMap 0x000001F02ECA1600
[2017.03.15-09.11.08:600][194]LogMaterial: 0.00 seconds spent updating 1 materials, 1 interfaces, 0 instances, 0 with static permutations.
[2017.03.15-09.11.08:625][194]LogMaterial: Missing cached shader map for material FMatExpressionPreview MaterialExpressionVectorParameter_2, compiling. 
[2017.03.15-09.11.08:626][194]LogTemp:Display: Added material ShaderMap 0x000001F088057580 with Material 0x000001F02EBAD300 to ShaderMapsBeingCompiled
[2017.03.15-09.11.08:628][194]LogTemp:Display: Kicking off shader compilation for FMatExpressionPreview MaterialExpressionVectorParameter_2, GameThreadShaderMap 0x000001F088057580
[2017.03.15-09.11.10:023][272]LogTemp:Display: Finished compile of shader map 0x000001F02ECA3200
[2017.03.15-09.11.10:023][272]LogTemp:Display: Shader map PP_OutlineColored complete, GameThreadShaderMap 0x000001F02ECA3200, marking material PP_OutlineColored as finished
[2017.03.15-09.11.10:023][272]LogTemp:Display: Marking material as finished 0x000001F070DE6700
[2017.03.15-09.11.10:041][273]MaterialEditorStats: Info Mobile texture samplers: 3/8
[2017.03.15-09.11.11:113][339]LogTemp:Display: Finished compile of shader map 0x000001F02ECA1600
[2017.03.15-09.11.11:113][339]LogTemp:Display: Shader map PP_OutlineColored complete, GameThreadShaderMap 0x000001F02ECA1600, marking material PP_OutlineColored as finished
[2017.03.15-09.11.11:113][339]LogTemp:Display: Marking material as finished 0x000001F071307D80
[2017.03.15-09.11.11:174][343]LogTemp:Display: Finished compile of shader map 0x000001F088057580
[2017.03.15-09.11.11:175][343]LogTemp:Display: Shader map FMatExpressionPreview MaterialExpressionVectorParameter_2 complete, GameThreadShaderMap 0x000001F088057580, marking material FMatExpressionPreview MaterialExpressionVectorParameter_2 as finished
[2017.03.15-09.11.11:175][343]LogTemp:Display: Marking material as finished 0x000001F02EBAD300
[2017.03.15-09.11.11:372][356]MaterialEditorStats: Info Base pass shader without light map: 135 instructions
[2017.03.15-09.11.11:372][356]MaterialEditorStats: Info Vertex shader: 29 instructions
[2017.03.15-09.11.11:373][356]MaterialEditorStats: Info Texture samplers: 2/16
[2017.03.15-09.11.11:373][356]MaterialEditorStats: Info Mobile texture samplers: 3/8
[2017.03.15-09.11.19:558][781]TextureStreamingBuild:Display: Compiling optional shaders took 0.000 seconds.
[2017.03.15-09.11.24:933][935]LogObjectTools:Warning: ForceReplaceReferences replaced references for a transient object 'MaterialEditorInstanceConstant_0' or package '/Engine/Transient'.
[2017.03.15-09.11.25:045][935]LogTemp:Display: Removed shader map 0x000001F070E15980 from material 0x000001F071307D80
[2017.03.15-09.11.31:591][111]Cmd: OBJ SAVEPACKAGE PACKAGE="/Game/L_Battle_Stage" FILE="../../../../../../Users/sh Kim/Documents/Unreal Projects/nonamed/Content/L_Battle_Stage.umap" SILENT=true AUTOSAVING=false KEEPDIRTY=false
[2017.03.15-09.11.31:712][111]LogSavePackage: Save=89.06ms
[2017.03.15-09.11.31:713][111]LogSavePackage: Moving '../../../../../../Users/sh Kim/Documents/Unreal Projects/nonamed/Saved/L_Battle_StageACE3047B44EB19AD706D4C857AAB90B3.tmp' to '../../../../../../Users/sh Kim/Documents/Unreal Projects/nonamed/Content/L_Battle_Stage.umap'
[2017.03.15-09.11.31:716][111]LogSavePackage:Display: Finished SavePackage ../../../../../../Users/sh Kim/Documents/Unreal Projects/nonamed/Content/L_Battle_Stage.umap
[2017.03.15-09.11.31:747][111]LogFileHelpers: Saving map 'L_Battle_Stage' took 0.197
[2017.03.15-09.11.31:842][111]LogWindowsTextInputMethodSystem:Display: IME system now activated using TSF (Microsoft 입력기).
[2017.03.15-09.11.32:020][112]Cmd: QUIT_EDITOR
[2017.03.15-09.11.32:075][112]LogExit: Preparing to exit.
[2017.03.15-09.11.32:373][112]LogDirectoryWatcher: A directory notification for 'C:/Users/sh Kim/Documents/Unreal Projects/nonamed/Content/' was aborted.
[2017.03.15-09.11.32:395][112]LogExit: Editor shut down
[2017.03.15-09.11.32:395][112]LogExit: Transaction tracking system shut down
[2017.03.15-09.11.32:522][112]LogObj: Freed 0b from 0 cluster array pools.
[2017.03.15-09.11.32:522][112]LogExit: Object subsystem successfully closed.
[2017.03.15-09.11.32:543][112]LogD3D11RHI: Shutdown
[2017.03.15-09.11.32:543][112]LogD3D11RHI: CleanupD3DDevice
[2017.03.15-09.11.32:706][112]LogD3D11RHI: ~FD3D11DynamicRHI
[2017.03.15-09.11.32:731][112]LogModuleManager: Shutting down and abandoning module MaterialEditor (500)
[2017.03.15-09.11.32:731][112]LogModuleManager: Shutting down and abandoning module HierarchicalLODUtilities (498)
[2017.03.15-09.11.32:731][112]LogModuleManager: Shutting down and abandoning module HierarchicalLODOutliner (496)
[2017.03.15-09.11.32:731][112]LogModuleManager: Shutting down and abandoning module CrashTracker (494)
[2017.03.15-09.11.32:731][112]LogModuleManager: Shutting down and abandoning module SceneOutliner (492)
[2017.03.15-09.11.32:731][112]LogModuleManager: Shutting down and abandoning module AddContentDialog (490)
[2017.03.15-09.11.32:731][112]LogDirectoryWatcher: A directory notification for 'C:/Program Files/Epic Games/UE_4.15/FeaturePacks/' was aborted.
[2017.03.15-09.11.32:733][112]LogModuleManager: Shutting down and abandoning module WidgetCarousel (489)
[2017.03.15-09.11.32:733][112]LogModuleManager: Shutting down and abandoning module EditorWidgets (486)
[2017.03.15-09.11.32:733][112]LogModuleManager: Shutting down and abandoning module CollectionManager (484)
[2017.03.15-09.11.32:733][112]LogDirectoryWatcher: A directory notification for 'C:/Users/sh Kim/Documents/Unreal Projects/nonamed/Content/Collections/' was aborted.
[2017.03.15-09.11.32:733][112]LogDirectoryWatcher: A directory notification for 'C:/Users/sh Kim/Documents/Unreal Projects/nonamed/Content/Developers/shKim/Collections/' was aborted.
[2017.03.15-09.11.32:733][112]LogDirectoryWatcher: A directory notification for 'C:/Users/sh Kim/Documents/Unreal Projects/nonamed/Saved/Collections/' was aborted.
[2017.03.15-09.11.32:733][112]LogModuleManager: Shutting down and abandoning module StatsViewer (482)
[2017.03.15-09.11.32:733][112]LogModuleManager: Shutting down and abandoning module FoliageEdit (480)
[2017.03.15-09.11.32:733][112]LogModuleManager: Shutting down and abandoning module LandscapeEditor (478)
[2017.03.15-09.11.32:733][112]LogModuleManager: Shutting down and abandoning module SceneDepthPickerMode (476)
[2017.03.15-09.11.32:733][112]LogModuleManager: Shutting down and abandoning module ActorPickerMode (474)
[2017.03.15-09.11.32:733][112]LogModuleManager: Shutting down and abandoning module GeometryMode (472)
[2017.03.15-09.11.32:733][112]LogModuleManager: Shutting down and abandoning module TextureAlignMode (470)
[2017.03.15-09.11.32:733][112]LogModuleManager: Shutting down and abandoning module BspMode (468)
[2017.03.15-09.11.32:733][112]LogModuleManager: Shutting down and abandoning module HardwareSurvey (466)
[2017.03.15-09.11.32:733][112]LogModuleManager: Shutting down and abandoning module SequenceRecorderSections (464)
[2017.03.15-09.11.32:733][112]LogModuleManager: Shutting down and abandoning module AutomationWorker (462)
[2017.03.15-09.11.32:733][112]LogModuleManager: Shutting down and abandoning module MatineeToLevelSequence (460)
[2017.03.15-09.11.32:733][112]LogModuleManager: Shutting down and abandoning module LevelSequenceEditor (458)
[2017.03.15-09.11.32:733][112]LogModuleManager: Shutting down and abandoning module PlacementMode (457)
[2017.03.15-09.11.32:733][112]LogModuleManager: Shutting down and abandoning module WmfMediaFactory (454)
[2017.03.15-09.11.32:733][112]LogModuleManager: Shutting down and abandoning module WmfMediaEditor (452)
[2017.03.15-09.11.32:733][112]LogModuleManager: Shutting down and abandoning module MfMediaFactory (450)
[2017.03.15-09.11.32:733][112]LogModuleManager: Shutting down and abandoning module MfMediaEditor (448)
[2017.03.15-09.11.32:733][112]LogModuleManager: Shutting down and abandoning module AvfMediaFactory (446)
[2017.03.15-09.11.32:733][112]LogModuleManager: Shutting down and abandoning module AvfMediaEditor (444)
[2017.03.15-09.11.32:733][112]LogModuleManager: Shutting down and abandoning module AndroidMediaFactory (442)
[2017.03.15-09.11.32:733][112]LogModuleManager: Shutting down and abandoning module Media (441)
[2017.03.15-09.11.32:733][112]LogModuleManager: Shutting down and abandoning module AndroidMediaEditor (438)
[2017.03.15-09.11.32:733][112]LogModuleManager: Shutting down and abandoning module CharacterAI (436)
[2017.03.15-09.11.32:733][112]LogModuleManager: Shutting down and abandoning module AudioCapture (434)
[2017.03.15-09.11.32:733][112]LogModuleManager: Shutting down and abandoning module SequenceRecorder (433)
[2017.03.15-09.11.32:733][112]LogModuleManager: Shutting down and abandoning module SmartSnapping (430)
[2017.03.15-09.11.32:733][112]LogModuleManager: Shutting down and abandoning module SessionServices (428)
[2017.03.15-09.11.32:733][112]LogModuleManager: Shutting down and abandoning module ViewportSnapping (426)
[2017.03.15-09.11.32:733][112]LogModuleManager: Shutting down and abandoning module ViewportInteraction (424)
[2017.03.15-09.11.32:733][112]LogModuleManager: Shutting down and abandoning module LogVisualizer (422)
[2017.03.15-09.11.32:734][112]LogModuleManager: Shutting down and abandoning module IntroTutorials (420)
[2017.03.15-09.11.32:734][112]LogModuleManager: Shutting down and abandoning module GameProjectGeneration (419)
[2017.03.15-09.11.32:734][112]LogModuleManager: Shutting down and abandoning module EditorLiveStreaming (416)
[2017.03.15-09.11.32:734][112]LogModuleManager: Shutting down and abandoning module IOSPlatformEditor (414)
[2017.03.15-09.11.32:734][112]LogModuleManager: Shutting down and abandoning module HTML5PlatformEditor (412)
[2017.03.15-09.11.32:734][112]LogModuleManager: Shutting down and abandoning module AndroidPlatformEditor (410)
[2017.03.15-09.11.32:734][112]LogModuleManager: Shutting down and abandoning module AndroidDeviceDetection (409)
[2017.03.15-09.11.33:105][112]LogModuleManager: Shutting down and abandoning module IOSRuntimeSettings (406)
[2017.03.15-09.11.33:105][112]LogModuleManager: Shutting down and abandoning module AndroidRuntimeSettings (404)
[2017.03.15-09.11.33:105][112]LogModuleManager: Shutting down and abandoning module InputBindingEditor (402)
[2017.03.15-09.11.33:105][112]LogModuleManager: Shutting down and abandoning module NiagaraEditor (400)
[2017.03.15-09.11.33:105][112]LogModuleManager: Shutting down and abandoning module MergeActors (398)
[2017.03.15-09.11.33:105][112]LogModuleManager: Shutting down and abandoning module SizeMap (396)
[2017.03.15-09.11.33:105][112]LogModuleManager: Shutting down and abandoning module TreeMap (394)
[2017.03.15-09.11.33:105][112]LogModuleManager: Shutting down and abandoning module ReferenceViewer (392)
[2017.03.15-09.11.33:105][112]LogModuleManager: Shutting down and abandoning module LocalizationDashboard (390)
[2017.03.15-09.11.33:105][112]LogModuleManager: Shutting down and abandoning module LocalizationService (389)
[2017.03.15-09.11.33:105][112]LogModuleManager: Shutting down and abandoning module HardwareTargeting (386)
[2017.03.15-09.11.33:105][112]LogModuleManager: Shutting down and abandoning module DeviceProfileEditor (384)
[2017.03.15-09.11.33:105][112]LogModuleManager: Shutting down and abandoning module UndoHistory (382)
[2017.03.15-09.11.33:105][112]LogModuleManager: Shutting down and abandoning module UserFeedback (380)
[2017.03.15-09.11.33:105][112]LogModuleManager: Shutting down and abandoning module XmlParser (378)
[2017.03.15-09.11.33:105][112]LogModuleManager: Shutting down and abandoning module Blutility (376)
[2017.03.15-09.11.33:105][112]LogModuleManager: Shutting down and abandoning module ProjectSettingsViewer (374)
[2017.03.15-09.11.33:105][112]LogModuleManager: Shutting down and abandoning module ProjectTargetPlatformEditor (373)
[2017.03.15-09.11.33:105][112]LogModuleManager: Shutting down and abandoning module EditorSettingsViewer (370)
[2017.03.15-09.11.33:105][112]LogModuleManager: Shutting down and abandoning module SettingsEditor (368)
[2017.03.15-09.11.33:105][112]LogModuleManager: Shutting down and abandoning module ProjectLauncher (366)
[2017.03.15-09.11.33:105][112]LogModuleManager: Shutting down and abandoning module SessionFrontend (364)
[2017.03.15-09.11.33:105][112]LogModuleManager: Shutting down and abandoning module ProfilerClient (362)
[2017.03.15-09.11.33:105][112]LogModuleManager: Shutting down and abandoning module DeviceManager (360)
[2017.03.15-09.11.33:105][112]LogModuleManager: Shutting down and abandoning module TargetDeviceServices (359)
[2017.03.15-09.11.33:150][112]LogModuleManager: Shutting down and abandoning module AutomationController (356)
[2017.03.15-09.11.33:150][112]LogModuleManager: Shutting down and abandoning module AutomationWindow (354)
[2017.03.15-09.11.33:150][112]LogModuleManager: Shutting down and abandoning module Layers (352)
[2017.03.15-09.11.33:150][112]LogModuleManager: Shutting down and abandoning module ComponentVisualizers (350)
[2017.03.15-09.11.33:150][112]LogModuleManager: Shutting down and abandoning module DetailCustomizations (348)
[2017.03.15-09.11.33:151][112]LogModuleManager: Shutting down and abandoning module PackagesDialog (346)
[2017.03.15-09.11.33:151][112]LogModuleManager: Shutting down and abandoning module Persona (344)
[2017.03.15-09.11.33:151][112]LogModuleManager: Shutting down and abandoning module AnimGraph (343)
[2017.03.15-09.11.33:151][112]LogModuleManager: Shutting down and abandoning module Kismet (340)
[2017.03.15-09.11.33:152][112]LogModuleManager: Shutting down and abandoning module GraphEditor (338)
[2017.03.15-09.11.33:152][112]LogModuleManager: Shutting down and abandoning module ClassViewer (336)
[2017.03.15-09.11.33:152][112]LogModuleManager: Shutting down and abandoning module Toolbox (334)
[2017.03.15-09.11.33:152][112]LogModuleManager: Shutting down and abandoning module ModuleUI (332)
[2017.03.15-09.11.33:152][112]LogModuleManager: Shutting down and abandoning module MovieSceneTools (330)
[2017.03.15-09.11.33:152][112]LogModuleManager: Shutting down and abandoning module OutputLog (328)
[2017.03.15-09.11.33:152][112]LogModuleManager: Shutting down and abandoning module GammaUI (326)
[2017.03.15-09.11.33:152][112]LogModuleManager: Shutting down and abandoning module Documentation (324)
[2017.03.15-09.11.33:152][112]LogModuleManager: Shutting down and abandoning module Niagara (322)
[2017.03.15-09.11.33:152][112]LogModuleManager: Shutting down and abandoning module StreamingPauseRendering (320)
[2017.03.15-09.11.33:152][112]LogModuleManager: Shutting down and abandoning module AnalyticsET (318)
[2017.03.15-09.11.33:152][112]LogModuleManager: Shutting down and abandoning module PortalServices (316)
[2017.03.15-09.11.33:152][112]LogModuleManager: Shutting down and abandoning module PortalRpc (314)
[2017.03.15-09.11.33:152][112]LogModuleManager: Shutting down and abandoning module MessagingRpc (312)
[2017.03.15-09.11.33:152][112]LogModuleManager: Shutting down and abandoning module AIModule (310)
[2017.03.15-09.11.33:152][112]LogModuleManager: Shutting down and abandoning module GameplayDebugger (309)
[2017.03.15-09.11.33:152][112]LogModuleManager: Shutting down and abandoning module AITestSuite (307)
[2017.03.15-09.11.33:152][112]LogModuleManager: Shutting down and abandoning module ProfilerService (304)
[2017.03.15-09.11.33:191][112]LogModuleManager: Shutting down and abandoning module TaskGraph (302)
[2017.03.15-09.11.33:191][112]LogModuleManager: Shutting down and abandoning module SteamVRController (300)
[2017.03.15-09.11.33:191][112]LogModuleManager: Shutting down and abandoning module SteamVR (298)
[2017.03.15-09.11.33:191][112]LogModuleManager: Shutting down and abandoning module ProceduralMeshComponentEditor (296)
[2017.03.15-09.11.33:191][112]LogModuleManager: Shutting down and abandoning module ProceduralMeshComponent (294)
[2017.03.15-09.11.33:191][112]LogModuleManager: Shutting down and abandoning module OculusLibrary (292)
[2017.03.15-09.11.33:191][112]LogModuleManager: Shutting down and abandoning module OculusInput (290)
[2017.03.15-09.11.33:191][112]LogModuleManager: Shutting down and abandoning module MobilePatchingUtils (288)
[2017.03.15-09.11.33:191][112]LogModuleManager: Shutting down and abandoning module CustomMeshComponent (286)
[2017.03.15-09.11.33:191][112]LogModuleManager: Shutting down and abandoning module CableComponent (284)
[2017.03.15-09.11.33:191][112]LogModuleManager: Shutting down and abandoning module ArchVisCharacter (282)
[2017.03.15-09.11.33:191][112]LogModuleManager: Shutting down and abandoning module MediaPlayerEditor (278)
[2017.03.15-09.11.33:191][112]LogModuleManager: Shutting down and abandoning module HTML5Networking (276)
[2017.03.15-09.11.33:191][112]LogModuleManager: Shutting down and abandoning module AlembicImporter (274)
[2017.03.15-09.11.33:191][112]LogModuleManager: Shutting down and abandoning module AlembicLibrary (273)
[2017.03.15-09.11.33:191][112]LogModuleManager: Shutting down and abandoning module GeometryCache (272)
[2017.03.15-09.11.33:191][112]LogModuleManager: Shutting down and abandoning module GeometryCacheEd (271)
[2017.03.15-09.11.33:191][112]LogModuleManager: Shutting down and abandoning module SuperSearchEditor (266)
[2017.03.15-09.11.33:191][112]LogModuleManager: Shutting down and abandoning module SuperSearch (265)
[2017.03.15-09.11.33:191][112]LogModuleManager: Shutting down and abandoning module SpeedTreeImporter (262)
[2017.03.15-09.11.33:191][112]LogModuleManager: Shutting down and abandoning module PluginBrowser (260)
[2017.03.15-09.11.33:191][112]LogModuleManager: Shutting down and abandoning module MobileLauncherProfileWizard (258)
[2017.03.15-09.11.33:191][112]LogModuleManager: Shutting down and abandoning module EpicSurvey (256)
[2017.03.15-09.11.33:191][112]LogModuleManager: Shutting down and abandoning module VisualStudioSourceCodeAccess (254)
[2017.03.15-09.11.33:191][112]LogModuleManager: Shutting down and abandoning module DesktopPlatform (253)
[2017.03.15-09.11.33:191][112]LogModuleManager: Shutting down and abandoning module UObjectPlugin (250)
[2017.03.15-09.11.33:191][112]LogModuleManager: Shutting down and abandoning module SubversionSourceControl (248)
[2017.03.15-09.11.33:191][112]LogModuleManager: Shutting down and abandoning module PerforceSourceControl (246)
[2017.03.15-09.11.33:191][112]LogModuleManager: Shutting down and abandoning module GitSourceControl (244)
[2017.03.15-09.11.33:191][112]LogModuleManager: Shutting down and abandoning module SourceControl (243)
[2017.03.15-09.11.33:191][112]LogModuleManager: Shutting down and abandoning module LightPropagationVolumeEditor (240)
[2017.03.15-09.11.33:191][112]LogModuleManager: Shutting down and abandoning module PaperTiledImporter (238)
[2017.03.15-09.11.33:191][112]LogModuleManager: Shutting down and abandoning module PaperSpriteSheetImporter (236)
[2017.03.15-09.11.33:191][112]LogModuleManager: Shutting down and abandoning module Paper2DEditor (234)
[2017.03.15-09.11.33:191][112]LogModuleManager: Shutting down and abandoning module MeshPaint (233)
[2017.03.15-09.11.33:191][112]LogModuleManager: Shutting down and abandoning module LevelEditor (231)
[2017.03.15-09.11.33:192][112]LogModuleManager: Shutting down and abandoning module PixelInspectorModule (230)
[2017.03.15-09.11.33:192][112]LogModuleManager: Shutting down and abandoning module MainFrame (228)
[2017.03.15-09.11.33:192][112]LogModuleManager: Shutting down and abandoning module HotReload (227)
[2017.03.15-09.11.33:194][112]LogModuleManager: Shutting down and abandoning module ContentBrowser (223)
[2017.03.15-09.11.33:195][112]LogModuleManager: Shutting down and abandoning module PhysXVehiclesEditor (220)
[2017.03.15-09.11.33:195][112]LogModuleManager: Shutting down and abandoning module PhysXVehicles (218)
[2017.03.15-09.11.33:195][112]LogModuleManager: Shutting down and abandoning module LocationServicesBPLibrary (216)
[2017.03.15-09.11.33:195][112]LogModuleManager: Shutting down and abandoning module UdpMessaging (214)
[2017.03.15-09.11.33:296][112]LogModuleManager: Shutting down and abandoning module TcpMessaging (212)
[2017.03.15-09.11.33:396][112]LogModuleManager: Shutting down and abandoning module GameplayTagsEditor (210)
[2017.03.15-09.11.33:396][112]LogModuleManager: Shutting down and abandoning module FacialAnimationEditor (208)
[2017.03.15-09.11.33:396][112]LogModuleManager: Shutting down and abandoning module FacialAnimation (206)
[2017.03.15-09.11.33:396][112]LogModuleManager: Shutting down and abandoning module LightPropagationVolumeRuntime (204)
[2017.03.15-09.11.33:396][112]LogModuleManager: Shutting down and abandoning module Paper2D (202)
[2017.03.15-09.11.33:396][112]LogModuleManager: Shutting down and abandoning module WindowsMoviePlayer (200)
[2017.03.15-09.11.33:396][112]LogModuleManager: Shutting down and abandoning module WmfMedia (198)
[2017.03.15-09.11.33:396][112]LogModuleManager: Shutting down and abandoning module MfMedia (196)
[2017.03.15-09.11.33:396][112]LogModuleManager: Shutting down and abandoning module MediaAssets (194)
[2017.03.15-09.11.33:396][112]LogModuleManager: Shutting down and abandoning module GameLiveStreaming (192)
[2017.03.15-09.11.33:396][112]LogModuleManager: Shutting down and abandoning module VREditor (190)
[2017.03.15-09.11.33:396][112]LogModuleManager: Shutting down and abandoning module GameplayTasksEditor (188)
[2017.03.15-09.11.33:396][112]LogModuleManager: Shutting down and abandoning module BehaviorTreeEditor (186)
[2017.03.15-09.11.33:396][112]LogModuleManager: Shutting down and abandoning module FunctionalTesting (184)
[2017.03.15-09.11.33:396][112]LogModuleManager: Shutting down and abandoning module CollisionAnalyzer (182)
[2017.03.15-09.11.33:396][112]LogModuleManager: Shutting down and abandoning module UMG (180)
[2017.03.15-09.11.33:396][112]LogModuleManager: Shutting down and abandoning module UMGEditor (179)
[2017.03.15-09.11.33:396][112]LogModuleManager: Shutting down and abandoning module Sequencer (178)
[2017.03.15-09.11.33:397][112]LogModuleManager: Shutting down and abandoning module AssetTools (176)
[2017.03.15-09.11.33:397][112]LogModuleManager: Shutting down and abandoning module MessageLog (175)
[2017.03.15-09.11.33:397][112]LogModuleManager: Shutting down and abandoning module WorkspaceMenuStructure (174)
[2017.03.15-09.11.33:397][112]LogModuleManager: Shutting down and abandoning module SlateReflector (168)
[2017.03.15-09.11.33:397][112]LogModuleManager: Shutting down and abandoning module Slate (166)
[2017.03.15-09.11.33:397][112]LogModuleManager: Shutting down and abandoning module EditorStyle (164)
[2017.03.15-09.11.33:400][112]LogModuleManager: Shutting down and abandoning module SourceCodeAccess (162)
[2017.03.15-09.11.33:400][112]LogModuleManager: Shutting down and abandoning module HeadMountedDisplay (160)
[2017.03.15-09.11.33:400][112]LogModuleManager: Shutting down and abandoning module XAudio2 (158)
[2017.03.15-09.11.33:400][112]LogModuleManager: Shutting down and abandoning module Networking (156)
[2017.03.15-09.11.33:400][112]LogModuleManager: Shutting down and abandoning module Core (152)
[2017.03.15-09.11.33:400][112]LogModuleManager: Shutting down and abandoning module AssetRegistry (150)
[2017.03.15-09.11.33:592][112]LogDirectoryWatcher: A directory notification for '../../../Engine/Content/' was aborted.
[2017.03.15-09.11.33:592][112]LogDirectoryWatcher: A directory notification for '../../../../../../Users/sh Kim/Documents/Unreal Projects/nonamed/Content/' was aborted.
[2017.03.15-09.11.33:592][112]LogDirectoryWatcher: A directory notification for '../../../Engine/Plugins/2D/Paper2D/Content/' was aborted.
[2017.03.15-09.11.33:592][112]LogModuleManager: Shutting down and abandoning module DirectoryWatcher (149)
[2017.03.15-09.11.33:593][112]LogModuleManager: Shutting down and abandoning module KismetCompiler (146)
[2017.03.15-09.11.33:593][112]LogModuleManager: Shutting down and abandoning module PhysXFormats (144)
[2017.03.15-09.11.33:593][112]LogModuleManager: Shutting down and abandoning module MeshUtilities (142)
[2017.03.15-09.11.33:593][112]LogModuleManager: Shutting down and abandoning module SimplygonSwarm (141)
[2017.03.15-09.11.33:593][112]LogModuleManager: Shutting down and abandoning module SimplygonMeshReduction (139)
[2017.03.15-09.11.33:593][112]LogModuleManager: Shutting down and abandoning module QuadricMeshReduction (137)
[2017.03.15-09.11.33:593][112]LogModuleManager: Shutting down and abandoning module PropertyEditor (135)
[2017.03.15-09.11.33:593][112]LogModuleManager: Shutting down and abandoning module DerivedDataCache (132)
[2017.03.15-09.11.34:046][112]LogDerivedDataCache: Shutdown
[2017.03.15-09.11.34:046][112]LogModuleManager: Shutting down and abandoning module TargetPlatform (130)
[2017.03.15-09.11.34:046][112]LogModuleManager: Shutting down and abandoning module VulkanShaderFormat (129)
[2017.03.15-09.11.34:046][112]LogModuleManager: Shutting down and abandoning module ShaderFormatOpenGL (127)
[2017.03.15-09.11.34:046][112]LogModuleManager: Shutting down and abandoning module ShaderFormatD3D (125)
[2017.03.15-09.11.34:046][112]LogModuleManager: Shutting down and abandoning module MetalShaderFormat (123)
[2017.03.15-09.11.34:046][112]LogModuleManager: Shutting down and abandoning module TextureFormatUncompressed (121)
[2017.03.15-09.11.34:046][112]LogModuleManager: Shutting down and abandoning module TextureFormatPVR (119)
[2017.03.15-09.11.34:046][112]LogModuleManager: Shutting down and abandoning module TextureFormatDXT (117)
[2017.03.15-09.11.34:046][112]LogModuleManager: Shutting down and abandoning module TextureFormatIntelISPCTexComp (115)
[2017.03.15-09.11.34:046][112]LogModuleManager: Shutting down and abandoning module TextureFormatASTC (113)
[2017.03.15-09.11.34:046][112]LogModuleManager: Shutting down and abandoning module ImageWrapper (112)
[2017.03.15-09.11.34:046][112]LogModuleManager: Shutting down and abandoning module TextureFormatAndroid (109)
[2017.03.15-09.11.34:046][112]LogModuleManager: Shutting down and abandoning module AudioFormatOpus (107)
[2017.03.15-09.11.34:046][112]LogModuleManager: Shutting down and abandoning module AudioFormatOgg (105)
[2017.03.15-09.11.34:046][112]LogModuleManager: Shutting down and abandoning module AudioFormatADPCM (103)
[2017.03.15-09.11.34:046][112]LogModuleManager: Shutting down and abandoning module LinuxTargetPlatform (101)
[2017.03.15-09.11.34:046][112]LogModuleManager: Shutting down and abandoning module LinuxServerTargetPlatform (99)
[2017.03.15-09.11.34:046][112]LogModuleManager: Shutting down and abandoning module LinuxNoEditorTargetPlatform (97)
[2017.03.15-09.11.34:046][112]LogModuleManager: Shutting down and abandoning module LinuxClientTargetPlatform (95)
[2017.03.15-09.11.34:046][112]LogModuleManager: Shutting down and abandoning module TVOSTargetPlatform (93)
[2017.03.15-09.11.34:046][112]LogModuleManager: Shutting down and abandoning module Messaging (91)
[2017.03.15-09.11.34:046][112]LogModuleManager: Shutting down and abandoning module IOSTargetPlatform (89)
[2017.03.15-09.11.34:046][112]LogModuleManager: Shutting down and abandoning module HTML5TargetPlatform (87)
[2017.03.15-09.11.34:046][112]LogModuleManager: Shutting down and abandoning module Android_PVRTCTargetPlatform (85)
[2017.03.15-09.11.34:046][112]LogModuleManager: Shutting down and abandoning module Android_MultiTargetPlatform (83)
[2017.03.15-09.11.34:046][112]LogModuleManager: Shutting down and abandoning module Android_ETC2TargetPlatform (81)
[2017.03.15-09.11.34:046][112]LogModuleManager: Shutting down and abandoning module Android_ETC1TargetPlatform (79)
[2017.03.15-09.11.34:046][112]LogModuleManager: Shutting down and abandoning module Android_DXTTargetPlatform (77)
[2017.03.15-09.11.34:046][112]LogModuleManager: Shutting down and abandoning module Android_ATCTargetPlatform (75)
[2017.03.15-09.11.34:046][112]LogModuleManager: Shutting down and abandoning module Android_ASTCTargetPlatform (73)
[2017.03.15-09.11.34:046][112]LogModuleManager: Shutting down and abandoning module AndroidTargetPlatform (71)
[2017.03.15-09.11.34:046][112]LogModuleManager: Shutting down and abandoning module WindowsTargetPlatform (69)
[2017.03.15-09.11.34:046][112]LogModuleManager: Shutting down and abandoning module WindowsServerTargetPlatform (67)
[2017.03.15-09.11.34:046][112]LogModuleManager: Shutting down and abandoning module WindowsNoEditorTargetPlatform (65)
[2017.03.15-09.11.34:046][112]LogModuleManager: Shutting down and abandoning module WindowsClientTargetPlatform (63)
[2017.03.15-09.11.34:046][112]LogModuleManager: Shutting down and abandoning module MacTargetPlatform (61)
[2017.03.15-09.11.34:046][112]LogModuleManager: Shutting down and abandoning module MacServerTargetPlatform (59)
[2017.03.15-09.11.34:046][112]LogModuleManager: Shutting down and abandoning module MacNoEditorTargetPlatform (57)
[2017.03.15-09.11.34:046][112]LogModuleManager: Shutting down and abandoning module MacClientTargetPlatform (55)
[2017.03.15-09.11.34:047][112]LogModuleManager: Shutting down and abandoning module AllDesktopTargetPlatform (53)
[2017.03.15-09.11.34:047][112]LogModuleManager: Shutting down and abandoning module InputCore (50)
[2017.03.15-09.11.34:047][112]LogModuleManager: Shutting down and abandoning module Settings (48)
[2017.03.15-09.11.34:047][112]LogModuleManager: Shutting down and abandoning module OculusRift (46)
[2017.03.15-09.11.34:047][112]LogModuleManager: Shutting down and abandoning module ExampleDeviceProfileSelector (44)
[2017.03.15-09.11.34:047][112]LogModuleManager: Shutting down and abandoning module OnlineBlueprintSupport (42)
[2017.03.15-09.11.34:047][112]LogModuleManager: Shutting down and abandoning module OnlineSubsystem (38)
[2017.03.15-09.11.34:047][112]LogOnline:Display: Unloading online subsystem: NULL
[2017.03.15-09.11.34:047][112]LogModuleManager: Shutting down and abandoning module XMPP (37)
[2017.03.15-09.11.34:047][112]LogModuleManager: Shutting down and abandoning module HTTP (35)
[2017.03.15-09.11.34:047][112]LogHttp:Display: Http module shutting down, but needs to wait on 1 outstanding Http requests:
[2017.03.15-09.11.34:047][112]LogHttp:Display: 	verb=[POST] url=[https://datarouter.ol.epicgames.com/datarouter/api/v1/public/data?SessionID=%7B82D136A4-4FCB-7F68-FAC3-26AEBA2C6BA7%7D&AppID=UEEditor.Rocket.Release&AppVersion=4.15.0-3299760%2B%2B%2BUE4%2BRelease-4.15&UserID=f385f4e446bd6546e1fb2aa8ad4725e8%7C4567b9b9a7b64e6ea7261bdbeb346d2b%7C5929ceb2-a2ca-4ae8-8c3f-420c7735b528&AppEnvironment=datacollector-binary&UploadType=eteventstream] status=Processing
[2017.03.15-09.11.34:073][112]LogModuleManager: Shutting down and abandoning module SSL (34)
[2017.03.15-09.11.34:075][112]LogModuleManager: Shutting down and abandoning module AudioEditor (30)
[2017.03.15-09.11.34:075][112]LogModuleManager: Shutting down and abandoning module TextureCompressor (28)
[2017.03.15-09.11.34:075][112]LogModuleManager: Shutting down and abandoning module ShaderCore (26)
[2017.03.15-09.11.34:075][112]LogModuleManager: Shutting down and abandoning module Landscape (24)
[2017.03.15-09.11.34:075][112]LogModuleManager: Shutting down and abandoning module SlateRHIRenderer (22)
[2017.03.15-09.11.34:078][112]LogModuleManager: Shutting down and abandoning module OpenGLDrv (20)
[2017.03.15-09.11.34:078][112]LogModuleManager: Shutting down and abandoning module D3D11RHI (18)
[2017.03.15-09.11.34:078][112]LogModuleManager: Shutting down and abandoning module AnimGraphRuntime (16)
[2017.03.15-09.11.34:078][112]LogModuleManager: Shutting down and abandoning module Renderer (14)
[2017.03.15-09.11.34:078][112]LogModuleManager: Shutting down and abandoning module Engine (12)
[2017.03.15-09.11.34:078][112]LogModuleManager: Shutting down and abandoning module CoreUObject (10)
[2017.03.15-09.11.34:078][112]LogModuleManager: Shutting down and abandoning module NetworkFile (8)
[2017.03.15-09.11.34:078][112]LogModuleManager: Shutting down and abandoning module StreamingFile (6)
[2017.03.15-09.11.34:078][112]LogModuleManager: Shutting down and abandoning module SandboxFile (4)
[2017.03.15-09.11.34:078][112]LogModuleManager: Shutting down and abandoning module PakFile (2)
[2017.03.15-09.11.34:080][112]LogExit: Exiting.
[2017.03.15-09.11.34:082][112]Log file closed, 03/15/17 18:11:34
