Log file open, 03/20/17 17:15:23
LogInit:Display: Running engine for game: nonamed
LogPlatformFile: Not using cached read wrapper
LogInit:Display: RandInit(-1318468284) SRandInit(-1318468284).
LogTaskGraph: Started task graph with 5 named threads and 8 total threads with 1 sets of task threads.
LogStats: Stats thread started at 0.070824
LogInit: Using libcurl 7.47.1
LogInit:  - built for x86_64-pc-win32
LogInit:  - supports SSL with OpenSSL/1.0.2g
LogInit:  - supports HTTP deflate (compression) using libz 1.2.8
LogInit:  - other features:
LogInit:      CURL_VERSION_SSL
LogInit:      CURL_VERSION_LIBZ
LogInit:      CURL_VERSION_IPV6
LogInit:      CURL_VERSION_ASYNCHDNS
LogInit:      CURL_VERSION_LARGEFILE
LogInit:      CURL_VERSION_IDN
LogInit:  CurlRequestOptions (configurable via config and command line):
LogInit:  - bVerifyPeer = false  - Libcurl will NOT verify peer certificate
LogInit:  - bUseHttpProxy = false  - Libcurl will NOT use HTTP proxy
LogInit:  - bDontReuseConnections = false  - Libcurl will reuse connections
LogInit:  - CertBundlePath = nullptr  - Libcurl will use whatever was configured at build time.
LogInit: Build: ++UE4+Release-4.15-CL-3299760
LogInit: Engine Version: 4.15.0-3299760+++UE4+Release-4.15
LogInit: Compatible Engine Version: 4.15.0-3299760+++UE4+Release-4.15
LogInit: Net CL: 3299760
LogDevObjectVersion: Number of dev versions registered: 14
LogDevObjectVersion:   Dev-Blueprints (B0D832E4-1F89-4F0D-ACCF-7EB736FD4AA2): 8
LogDevObjectVersion:   Dev-Build (E1C64328-A22C-4D53-A36C-8E866417BD8C): 0
LogDevObjectVersion:   Dev-Core (375EC13C-06E4-48FB-B500-84F0262A717E): 2
LogDevObjectVersion:   Dev-Editor (E4B068ED-F494-42E9-A231-DA0B2E46BB41): 14
LogDevObjectVersion:   Dev-Framework (CFFC743F-43B0-4480-9391-14DF171D2073): 22
LogDevObjectVersion:   Dev-Mobile (B02B49B5-BB20-44E9-A304-32B752E40360): 0
LogDevObjectVersion:   Dev-Networking (A4E4105C-59A1-49B5-A7C5-40C4547EDFEE): 0
LogDevObjectVersion:   Dev-Online (39C831C9-5AE6-47DC-9A44-9C173E1C8E7C): 0
LogDevObjectVersion:   Dev-Physics (78F01B33-EBEA-4F98-B9B4-84EACCB95AA2): 0
LogDevObjectVersion:   Dev-Platform (6631380F-2D4D-43E0-8009-CF276956A95A): 0
LogDevObjectVersion:   Dev-Rendering (12F88B9F-8875-4AFC-A67C-D90C383ABD29): 12
LogDevObjectVersion:   Dev-Sequencer (7B5AE74C-D270-4C10-A958-57980B212A5A): 3
LogDevObjectVersion:   Dev-VR (D7296918-1DD6-4BDD-9DE2-64A83CC13884): 0
LogDevObjectVersion:   Dev-LoadTimes (C2A15278-BFE7-4AFE-6C17-90FF531DF755): 1
LogInit: Compiled (64-bit): Feb 14 2017 02:04:14
LogInit: Compiled with Visual C++: 19.00.23026.00
LogInit: Build Configuration: Development
LogInit: Branch Name: ++UE4+Release-4.15
LogInit: Command line:  
LogInit: Base directory: C:/Program Files/Epic Games/UE_4.15/Engine/Binaries/Win64/
LogInit: Installed Engine Build: 1
LogInit: Presizing for max 8388607 objects, including 0 objects not considered by GC, pre-allocating 0 bytes for permanent pool.
LogInit: Object subsystem initialized
[2017.03.20-08.15.23:902][  0]LogInit: Selected Device Profile: [Windows]
[2017.03.20-08.15.23:902][  0]LogInit: Applying CVar settings loaded from the selected device profile: [Windows]
[2017.03.20-08.15.23:913][  0]LogInit: Computer: DESKTOP-73DD3NB
[2017.03.20-08.15.23:913][  0]LogInit: User: shKim
[2017.03.20-08.15.23:913][  0]LogInit: CPU Page size=65536, Cores=4
[2017.03.20-08.15.23:913][  0]LogInit: High frequency timer resolution =3.328126 MHz
[2017.03.20-08.15.23:913][  0]LogMemory: Memory total: Physical=31.9GB (32GB approx)
[2017.03.20-08.15.23:913][  0]LogMemory: Platform Memory Stats for Windows
[2017.03.20-08.15.23:913][  0]LogMemory: Process Physical Memory: 262.93 MB used, 262.93 MB peak
[2017.03.20-08.15.23:913][  0]LogMemory: Process Virtual Memory: 262.34 MB used, 262.34 MB peak
[2017.03.20-08.15.23:913][  0]LogMemory: Physical Memory: 9706.22 MB used,  22924.48 MB free, 32630.71 MB total
[2017.03.20-08.15.23:913][  0]LogMemory: Virtual Memory: 643.05 MB used,  22924.48 MB free, 134217728.00 MB total
[2017.03.20-08.15.23:976][  0]LogInit: Overriding culture en with editor configuration.
[2017.03.20-08.15.24:570][  0]LogD3D11RHI: D3D11 adapters:
[2017.03.20-08.15.24:576][  0]LogD3D11RHI:    0. 'Intel(R) HD Graphics 630' (Feature Level 11_0)
[2017.03.20-08.15.24:576][  0]LogD3D11RHI:       128/0/16315 MB DedicatedVideo/DedicatedSystem/SharedSystem, Outputs:1, VendorId:0x8086
[2017.03.20-08.15.24:600][  0]LogD3D11RHI:    1. 'NVIDIA GeForce GTX 1070' (Feature Level 11_0)
[2017.03.20-08.15.24:600][  0]LogD3D11RHI:       8145/0/16315 MB DedicatedVideo/DedicatedSystem/SharedSystem, Outputs:1, VendorId:0x10de
[2017.03.20-08.15.24:602][  0]LogD3D11RHI:    2. 'Microsoft Basic Render Driver' (Feature Level 11_0)
[2017.03.20-08.15.24:602][  0]LogD3D11RHI:       0/0/16315 MB DedicatedVideo/DedicatedSystem/SharedSystem, Outputs:0, VendorId:0x1414
[2017.03.20-08.15.24:602][  0]LogD3D11RHI: Chosen D3D11 Adapter: 1
[2017.03.20-08.15.24:605][  0]LogD3D11RHI: Creating new Direct3DDevice
[2017.03.20-08.15.24:605][  0]LogD3D11RHI:     GPU DeviceId: 0x1b81 (for the marketing name, search the web for "GPU Device Id")
[2017.03.20-08.15.24:605][  0]LogWindows: EnumDisplayDevices:
[2017.03.20-08.15.24:605][  0]LogWindows:    0. 'Intel(R) HD Graphics 630' (P:1 D:1)
[2017.03.20-08.15.24:605][  0]LogWindows:    1. 'Intel(R) HD Graphics 630' (P:0 D:0)
[2017.03.20-08.15.24:606][  0]LogWindows:    2. 'Intel(R) HD Graphics 630' (P:0 D:0)
[2017.03.20-08.15.24:606][  0]LogWindows:    3. 'NVIDIA GeForce GTX 1070' (P:0 D:1)
[2017.03.20-08.15.24:606][  0]LogWindows:    4. 'NVIDIA GeForce GTX 1070' (P:0 D:0)
[2017.03.20-08.15.24:606][  0]LogWindows:    5. 'NVIDIA GeForce GTX 1070' (P:0 D:0)
[2017.03.20-08.15.24:606][  0]LogWindows:    6. 'NVIDIA GeForce GTX 1070' (P:0 D:0)
[2017.03.20-08.15.24:606][  0]LogWindows: DebugString: PrimaryIsNotTheChoosenAdapter PrimaryIsNotTheChoosenAdapter PrimaryIsNotTheChoosenAdapter FoundDriverCount:4 
[2017.03.20-08.15.24:606][  0]LogD3D11RHI:     Adapter Name: NVIDIA GeForce GTX 1070
[2017.03.20-08.15.24:606][  0]LogD3D11RHI:   Driver Version: 376.53 (internal:21.21.13.7653, unified:376.53)
[2017.03.20-08.15.24:606][  0]LogD3D11RHI:      Driver Date: 12-29-2016
[2017.03.20-08.15.24:606][  0]LogRHI: Texture pool is 1361 MB (70% of 1945 MB)
[2017.03.20-08.15.24:617][  0]LogD3D11RHI: Async texture creation enabled
[2017.03.20-08.15.24:628][  0]LogD3D11RHI: GPU Timing Frequency: 1000.000000 (Debug: 2 1)
[2017.03.20-08.15.24:677][  0]LogShaderCompilers: Guid format shader working directory is -25 characters bigger than the processId version (../../../../../../Users/sh Kim/Documents/GitHub/PrototypingBackup/nonamed/Intermediate/Shaders/WorkingDirectory/896/).
[2017.03.20-08.15.24:677][  0]LogShaderCompilers: Cleaned the shader compiler working directory 'C:/Users/sh Kim/AppData/Local/Temp/UnrealShaderWorkingDir/8F6C6A024E3253E6B7F5C29BA1FCF973/'.
[2017.03.20-08.15.24:677][  0]LogShaderCompilers:Display: Using Local Shader Compiler.
[2017.03.20-08.15.25:596][  0]LogTemp:Display: Loaded TP AllDesktopTargetPlatform
[2017.03.20-08.15.25:641][  0]LogTemp:Display: Loaded TP MacClientTargetPlatform
[2017.03.20-08.15.25:684][  0]LogTemp:Display: Loaded TP MacNoEditorTargetPlatform
[2017.03.20-08.15.25:729][  0]LogTemp:Display: Loaded TP MacServerTargetPlatform
[2017.03.20-08.15.25:774][  0]LogTemp:Display: Loaded TP MacTargetPlatform
[2017.03.20-08.15.25:818][  0]LogTemp:Display: Loaded TP WindowsClientTargetPlatform
[2017.03.20-08.15.25:863][  0]LogTemp:Display: Loaded TP WindowsNoEditorTargetPlatform
[2017.03.20-08.15.25:907][  0]LogTemp:Display: Loaded TP WindowsServerTargetPlatform
[2017.03.20-08.15.25:943][  0]LogTemp:Display: Loaded TP WindowsTargetPlatform
[2017.03.20-08.15.25:986][  0]LogTemp:Display: Loaded TP AndroidTargetPlatform
[2017.03.20-08.15.26:031][  0]LogTemp:Display: Loaded TP Android_ASTCTargetPlatform
[2017.03.20-08.15.26:074][  0]LogTemp:Display: Loaded TP Android_ATCTargetPlatform
[2017.03.20-08.15.26:117][  0]LogTemp:Display: Loaded TP Android_DXTTargetPlatform
[2017.03.20-08.15.26:160][  0]LogTemp:Display: Loaded TP Android_ETC1TargetPlatform
[2017.03.20-08.15.26:204][  0]LogTemp:Display: Loaded TP Android_ETC2TargetPlatform
[2017.03.20-08.15.26:291][  0]LogTemp:Display: Loaded TP Android_MultiTargetPlatform
[2017.03.20-08.15.26:291][  0]LogTemp:Display: Loaded TP Android_PVRTCTargetPlatform
[2017.03.20-08.15.26:322][  0]LogTemp:Display: Loaded TP HTML5TargetPlatform
[2017.03.20-08.15.26:404][  0]LogTemp:Display: Loaded TP IOSTargetPlatform
[2017.03.20-08.15.26:432][  0]LogTemp:Display: Loaded TP TVOSTargetPlatform
[2017.03.20-08.15.26:475][  0]LogTemp:Display: Loaded TP LinuxClientTargetPlatform
[2017.03.20-08.15.26:519][  0]LogTemp:Display: Loaded TP LinuxNoEditorTargetPlatform
[2017.03.20-08.15.26:562][  0]LogTemp:Display: Loaded TP LinuxServerTargetPlatform
[2017.03.20-08.15.26:605][  0]LogTemp:Display: Loaded TP LinuxTargetPlatform
[2017.03.20-08.15.26:605][  0]LogTargetPlatformManager:Display: Building Assets For Windows
[2017.03.20-08.15.26:950][  0]LogDerivedDataCache:Display: Max Cache Size: 512 MB
[2017.03.20-08.15.26:992][  0]LogDerivedDataCache: Loaded boot cache 0.04s 50MB C:/Users/sh Kim/AppData/Local/UnrealEngine/4.15/DerivedDataCache/Boot.ddc.
[2017.03.20-08.15.26:992][  0]LogDerivedDataCache:Display: Loaded Boot cache: C:/Users/sh Kim/AppData/Local/UnrealEngine/4.15/DerivedDataCache/Boot.ddc
[2017.03.20-08.15.26:993][  0]LogDerivedDataCache: FDerivedDataBackendGraph:  Pak pak cache file ../../../../../../Users/sh Kim/Documents/GitHub/PrototypingBackup/nonamed/DerivedDataCache/DDC.ddp not found, will not use a pak cache.
[2017.03.20-08.15.26:993][  0]LogDerivedDataCache: Unable to find inner node Pak for hierarchical cache Hierarchy.
[2017.03.20-08.15.26:993][  0]LogDerivedDataCache: FDerivedDataBackendGraph:  CompressedPak pak cache file ../../../../../../Users/sh Kim/Documents/GitHub/PrototypingBackup/nonamed/DerivedDataCache/Compressed.ddp not found, will not use a pak cache.
[2017.03.20-08.15.26:993][  0]LogDerivedDataCache: Unable to find inner node CompressedPak for hierarchical cache Hierarchy.
[2017.03.20-08.15.27:008][  0]LogDerivedDataCache:Display: Pak cache opened for reading ../../../Engine/DerivedDataCache/Compressed.ddp.
[2017.03.20-08.15.27:019][  0]LogDerivedDataCache: Using Local data cache path C:/Users/sh Kim/AppData/Local/UnrealEngine/Common/DerivedDataCache: Writable
[2017.03.20-08.15.27:026][  0]LogSlate: Using Freetype 2.6.0
[2017.03.20-08.15.27:026][  0]LogSlate: SlateFontCache - WITH_FREETYPE: 1, WITH_HARFBUZZ: 1
[2017.03.20-08.15.27:026][  0]LogSlate: SlateFontCache - WITH_FREETYPE: 1, WITH_HARFBUZZ: 1
[2017.03.20-08.15.27:221][  0]LogInit: Selected Device Profile: [Windows]
[2017.03.20-08.15.27:224][  0]LogContentStreaming: Texture pool size is 0.00 MB
[2017.03.20-08.15.27:387][  0]LogMeshUtilities: Using QuadricMeshReduction for automatic static mesh reduction
[2017.03.20-08.15.27:422][  0]LogSimplygon: Simplygon DLL not present - disabling.
[2017.03.20-08.15.27:457][  0]LogMeshUtilities: Using SimplygonSwarm for distributed automatic mesh merging
[2017.03.20-08.15.27:457][  0]LogMeshUtilities: No automatic skeletal mesh reduction module available
[2017.03.20-08.15.27:457][  0]LogMeshUtilities: No automatic mesh merging module available
[2017.03.20-08.15.27:891][  0]LogNetVersion: GetLocalNetworkVersion: CL: 3299760, ProjectName: nonamed, ProjectVersion: , EngineNetworkVersion: 2, GameNetworkVersion: 0, NetworkChecksum: 1112449053
[2017.03.20-08.15.27:934][  0]LogAssetRegistry: FAssetRegistry took 0.0219 seconds to start up
[2017.03.20-08.15.27:966][  0]LogPackageLocalizationCache: Processed 3 localized package path(s) for 1 prioritized culture(s) in 0.014050 seconds
[2017.03.20-08.15.27:970][  0]LogUObjectArray: 32475 objects as part of root set at end of initial load.
[2017.03.20-08.15.27:970][  0]LogUObjectAllocator: 7073360 out of 0 bytes used by permanent object pool.
[2017.03.20-08.15.27:970][  0]LogUObjectArray: CloseDisregardForGC: 0/0 objects in disregard for GC pool
[2017.03.20-08.15.28:021][  0]LogInit: WinSock: version 1.1 (2.2), MaxSocks=32767, MaxUdp=65467
[2017.03.20-08.15.29:280][  0]LogTcpMessaging: Initializing TcpMessaging bridge
[2017.03.20-08.15.29:313][  0]LogUdpMessaging: Initializing bridge on interface 0.0.0.0:0 to multicast group 230.0.0.1:6666.
[2017.03.20-08.15.29:713][  0]LogMaterial: Uniform references updated for custom material expression Custom.
[2017.03.20-08.15.30:008][  0]SourceControl: Info Source control is disabled
[2017.03.20-08.15.30:009][  0]SourceControl: Info Source control is disabled
[2017.03.20-08.15.30:045][  0]SourceControl: Info Source control is disabled
[2017.03.20-08.15.30:080][  0]SourceControl: Info Source control is disabled
[2017.03.20-08.15.31:050][  0]LogEngine: Initializing Engine...
[2017.03.20-08.15.31:050][  0]LogHMD: Failed to initialize OpenVR with code 110
[2017.03.20-08.15.31:238][  0]LogAIModule: Creating AISystem for world Untitled
[2017.03.20-08.15.31:247][  0]LogInit: XAudio2 using '스피커(Realtek High Definition Audio)' : 2 channels at 48 kHz using 32 bits per sample (channel mask 0x3)
[2017.03.20-08.15.31:258][  0]LogInit: FAudioDevice initialized.
[2017.03.20-08.15.31:282][  0]LogDerivedDataCache: Saved boot cache 0.02s 50MB C:/Users/sh Kim/AppData/Local/UnrealEngine/4.15/DerivedDataCache/Boot.ddc.
[2017.03.20-08.15.31:286][  0]LogInit: Texture streaming: Enabled
[2017.03.20-08.15.31:360][  0]LogEngineSessionManager: EngineSessionManager initialized
[2017.03.20-08.15.31:427][  0]LogInit: Transaction tracking system initialized
[2017.03.20-08.15.31:697][  0]BlueprintLog: New page: Editor Load
[2017.03.20-08.15.32:389][  0]LocalizationService: Info Localization service is disabled
[2017.03.20-08.15.32:910][  0]LogConsoleResponse:Display: 
[2017.03.20-08.15.33:017][  0]LogCook:Display: Max memory allowance for cook 16384mb min free memory 0mb
[2017.03.20-08.15.33:018][  0]LogCook:Display: Mobile HDR setting 1
[2017.03.20-08.15.33:778][  0]LogFileCache: Scanning file cache for directory 'C:/Users/sh Kim/Documents/GitHub/PrototypingBackup/nonamed/Content/' took 0.01s
[2017.03.20-08.15.33:811][  0]SourceControl: Info Source control is disabled
[2017.03.20-08.15.33:811][  0]Cmd: MAP LOAD FILE="../../../Engine/Content/Maps/Templates/Template_Default.umap" TEMPLATE=1 SHOWPROGRESS=1 FEATURELEVEL=3
[2017.03.20-08.15.33:812][  0]LightingResults: New page: Lighting Build
[2017.03.20-08.15.33:843][  0]MapCheck: New page: Map Check
[2017.03.20-08.15.33:843][  0]LightingResults: New page: Lighting Build
[2017.03.20-08.15.34:005][  0]LogAIModule: Creating AISystem for world Untitled_1
[2017.03.20-08.15.34:005][  0]LogActorComponent: RegisterComponentWithWorld: (/Temp/Untitled_1.Untitled_1:PersistentLevel.WorldSettings_1.StaticMeshComponent0) Trying to register component with IsPendingKill() == true. Aborting.
[2017.03.20-08.15.34:011][  0]LogEditorServer: Finished looking for orphan Actors (0.000 secs)
[2017.03.20-08.15.34:014][  0]Cmd: MAP CHECKDEP NOCLEARLOG
[2017.03.20-08.15.34:045][  0]MapCheck: Info Map check complete: 0 Error(s), 0 Warning(s), took 30.733ms to complete.
[2017.03.20-08.15.34:045][  0]LogFileHelpers: Loading map 'Template_Default' took 0.233
[2017.03.20-08.15.34:096][  0]LogWindowsTextInputMethodSystem:Display: IME system now activated using TSF (Microsoft 입력기).
[2017.03.20-08.15.34:198][  0]LogCollectionManager: Loaded 0 collections in 0.001184 seconds
[2017.03.20-08.15.34:270][  0]LogFileCache: Scanning file cache for directory 'C:/Users/sh Kim/Documents/GitHub/PrototypingBackup/nonamed/Saved/Collections/' took 0.01s
[2017.03.20-08.15.34:270][  0]LogFileCache: Scanning file cache for directory 'C:/Users/sh Kim/Documents/GitHub/PrototypingBackup/nonamed/Content/Developers/shKim/Collections/' took 0.01s
[2017.03.20-08.15.34:270][  0]LogFileCache: Scanning file cache for directory 'C:/Users/sh Kim/Documents/GitHub/PrototypingBackup/nonamed/Content/Collections/' took 0.01s
[2017.03.20-08.15.34:270][  0]LogCollectionManager: Rebuilt the GUID cache for 0 collections in 0.000001 seconds
[2017.03.20-08.15.34:278][  0]LogContentBrowser: Native class hierarchy populated in 0.0072 seconds. Added 2244 classes and 450 folders.
[2017.03.20-08.15.34:282][  0]LogStats: UGameplayTagsManager::ConstructGameplayTagTree: Construct from data asset -  0.000 s
[2017.03.20-08.15.34:282][  0]LogStats: UGameplayTagsManager::ConstructGameplayTagTree: GameplayTagTreeChangedEvent.Broadcast -  0.000 s
[2017.03.20-08.15.34:331][  0]LogContentBrowser: Native class hierarchy updated for 'WidgetCarousel' in 0.0004 seconds. Added 0 classes and 0 folders.
[2017.03.20-08.15.34:360][  0]LogContentBrowser: Native class hierarchy updated for 'AddContentDialog' in 0.0004 seconds. Added 0 classes and 0 folders.
[2017.03.20-08.15.34:406][  0]LogContentBrowser: Native class hierarchy updated for 'SceneOutliner' in 0.0004 seconds. Added 1 classes and 2 folders.
[2017.03.20-08.15.34:497][  0]LogCrashTracker: Crashtracker disabled due to settings.
[2017.03.20-08.15.34:504][  0]LogUObjectGlobals:Warning: Failed to find object 'Class None.'
[2017.03.20-08.15.34:561][  0]LogContentBrowser: Native class hierarchy updated for 'HierarchicalLODOutliner' in 0.0004 seconds. Added 1 classes and 2 folders.
[2017.03.20-08.15.34:561][  0]LogLoad: (Engine Initialization) Total time: 12.20 seconds
[2017.03.20-08.15.34:561][  0]LogLoad: (Engine Initialization) Total Blueprint compile time: 0.07 seconds
[2017.03.20-08.15.34:561][  0]LogExternalProfiler: No external profilers were discovered.  External profiling features will not be available.
[2017.03.20-08.15.34:573][  0]LogOcInput: OculusInput pre-init called
[2017.03.20-08.15.34:594][  0]LogContentStreaming: Texture pool size now 1000 MB
[2017.03.20-08.15.34:595][  0]LogSlate: Took 0.000187 seconds to synchronously load lazily loaded font '../../../Engine/Content/Slate/Fonts/Roboto-Regular.ttf' (155K)
[2017.03.20-08.15.34:598][  0]LogSlate: Took 0.000169 seconds to synchronously load lazily loaded font '../../../Engine/Content/Slate/Fonts/Roboto-Bold.ttf' (160K)
[2017.03.20-08.15.34:602][  0]LogSlate: Took 0.000145 seconds to synchronously load lazily loaded font '../../../Engine/Content/Editor/Slate/Fonts/FontAwesome.ttf' (139K)
[2017.03.20-08.15.34:605][  0]LogSlate: Took 0.000383 seconds to synchronously load lazily loaded font '../../../Engine/Content/Editor/Slate/Fonts/DroidSansMono.ttf' (77K)
[2017.03.20-08.15.34:616][  0]LogSlate: Took 0.002074 seconds to synchronously load lazily loaded font '../../../Engine/Content/Slate/Fonts/DroidSansFallback.ttf' (3848K)
[2017.03.20-08.15.34:718][  0]LogSlate: Took 0.000158 seconds to synchronously load lazily loaded font '../../../Engine/Content/Slate/Fonts/Roboto-Light.ttf' (159K)
[2017.03.20-08.15.34:795][  0]LogRenderer: Reallocating scene render targets to support 1208x564 NumSamples 1 (Frame:2).
[2017.03.20-08.15.34:880][  1]LogAssetRegistry: Asset discovery search completed in 6.9683 seconds
[2017.03.20-08.15.34:880][  1]LogCollectionManager: Rebuilt the object cache for 0 collections in 0.000005 seconds (found 0 objects)
[2017.03.20-08.15.34:880][  1]LogCollectionManager: Fixed up redirectors for 0 collections in 0.000093 seconds (updated 0 objects)
[2017.03.20-08.15.40:727][680]LogSlate: Took 0.000118 seconds to synchronously load lazily loaded font '../../../Engine/Content/Slate/Fonts/Roboto-Light.ttf' (159K)
[2017.03.20-08.15.41:198][680]LogBlueprint:Warning: [PlayerBP] 'NearestOverlappingActor' variable not found. Base class was probably changed.
[2017.03.20-08.15.41:198][680]LogBlueprint:Warning: [PlayerBP] 'NearestOverlap' variable not found. Base class was probably changed.
[2017.03.20-08.15.41:199][680]LogBlueprint:Warning: [PlayerBP] 'NearestOverlap' variable not found. Base class was probably changed.
[2017.03.20-08.15.41:199][680]LogBlueprint:Warning: [PlayerBP] 'NearestOverlap' variable not found. Base class was probably changed.
[2017.03.20-08.15.41:199][680]LogBlueprint:Warning: [PlayerBP] 'NearestOverlappingActor' variable not found. Base class was probably changed.
[2017.03.20-08.15.41:199][680]LogBlueprint:Warning: [PlayerBP] 'NearestOverlappingActor' variable not found. Base class was probably changed.
[2017.03.20-08.15.41:757][680]LogSlate: Took 0.000117 seconds to synchronously load lazily loaded font '../../../Engine/Content/Slate/Fonts/Roboto-Regular.ttf' (155K)
[2017.03.20-08.15.41:954][680]LogAIModule: Creating AISystem for world L_Battle_Stage
[2017.03.20-08.15.42:019][680]Cmd: MAP LOAD FILE="../../../../../../Users/sh Kim/Documents/GitHub/PrototypingBackup/nonamed/Content/L_Battle_Stage.umap" TEMPLATE=0 SHOWPROGRESS=1 FEATURELEVEL=3
[2017.03.20-08.15.42:020][680]LightingResults: New page: Lighting Build
[2017.03.20-08.15.42:021][680]LoadErrors: New page: Loading map: L_Battle_Stage.umap
[2017.03.20-08.15.42:022][680]MapCheck: New page: Map Check
[2017.03.20-08.15.42:022][680]LightingResults: New page: Lighting Build
[2017.03.20-08.15.42:129][680]LogEditorServer: Finished looking for orphan Actors (0.000 secs)
[2017.03.20-08.15.42:163][680]Cmd: MAP CHECKDEP NOCLEARLOG
[2017.03.20-08.15.42:206][680]MapCheck: Info Map check complete: 0 Error(s), 0 Warning(s), took 42.111ms to complete.
[2017.03.20-08.15.42:207][680]LogFileHelpers: Loading map 'L_Battle_Stage' took 0.188
[2017.03.20-08.15.46:720][118]LogClass:Warning: Enum '/Game/KY_MagicEffects02/DemoRoomData/Blueprints/BP_DemoDisplay_Enum.BP_DemoDisplay_Enum' was upgraded to use FText to store its display name data. Please re-save this asset to avoid issues with localization and determinstic cooking.
[2017.03.20-08.15.46:723][118]LogEnum:Warning: Enum name collision: 'BP_DemoDisplay_Enum::ROund' is in both '/Game/KY_MagicEffects03/DemoRoomData/Blueprints/BP_DemoDisplay_Enum.BP_DemoDisplay_Enum' and '/Game/KY_MagicEffects02/DemoRoomData/Blueprints/BP_DemoDisplay_Enum.BP_DemoDisplay_Enum'
[2017.03.20-08.15.46:723][118]LogEnum:Warning: Enum name collision: 'BP_DemoDisplay_Enum::SquareL' is in both '/Game/KY_MagicEffects03/DemoRoomData/Blueprints/BP_DemoDisplay_Enum.BP_DemoDisplay_Enum' and '/Game/KY_MagicEffects02/DemoRoomData/Blueprints/BP_DemoDisplay_Enum.BP_DemoDisplay_Enum'
[2017.03.20-08.15.46:723][118]LogEnum:Warning: Enum name collision: 'BP_DemoDisplay_Enum::RoomL' is in both '/Game/KY_MagicEffects03/DemoRoomData/Blueprints/BP_DemoDisplay_Enum.BP_DemoDisplay_Enum' and '/Game/KY_MagicEffects02/DemoRoomData/Blueprints/BP_DemoDisplay_Enum.BP_DemoDisplay_Enum'
[2017.03.20-08.15.46:724][118]LogEnum:Warning: Enum name collision: 'BP_DemoDisplay_Enum::DescriptionOnly' is in both '/Game/KY_MagicEffects03/DemoRoomData/Blueprints/BP_DemoDisplay_Enum.BP_DemoDisplay_Enum' and '/Game/KY_MagicEffects02/DemoRoomData/Blueprints/BP_DemoDisplay_Enum.BP_DemoDisplay_Enum'
[2017.03.20-08.15.46:724][118]LogEnum:Warning: Enum name collision: 'BP_DemoDisplay_Enum::NewEnumerator0' is in both '/Game/KY_MagicEffects03/DemoRoomData/Blueprints/BP_DemoDisplay_Enum.BP_DemoDisplay_Enum' and '/Game/KY_MagicEffects02/DemoRoomData/Blueprints/BP_DemoDisplay_Enum.BP_DemoDisplay_Enum'
[2017.03.20-08.15.46:724][118]LogEnum:Warning: Enum name collision: 'BP_DemoDisplay_Enum::BP_DemoDisplay_MAX' is in both '/Game/KY_MagicEffects03/DemoRoomData/Blueprints/BP_DemoDisplay_Enum.BP_DemoDisplay_Enum' and '/Game/KY_MagicEffects02/DemoRoomData/Blueprints/BP_DemoDisplay_Enum.BP_DemoDisplay_Enum'
[2017.03.20-08.15.46:724][118]LogEnum:Warning: Enum name collision: 'BP_DemoDisplay_Enum::ROund' is in both '/Game/KY_MagicEffects03/DemoRoomData/Blueprints/BP_DemoDisplay_Enum.BP_DemoDisplay_Enum' and '/Game/KY_MagicEffects02/DemoRoomData/Blueprints/BP_DemoDisplay_Enum.BP_DemoDisplay_Enum'
[2017.03.20-08.15.46:724][118]LogEnum:Warning: Enum name collision: 'BP_DemoDisplay_Enum::SquareL' is in both '/Game/KY_MagicEffects03/DemoRoomData/Blueprints/BP_DemoDisplay_Enum.BP_DemoDisplay_Enum' and '/Game/KY_MagicEffects02/DemoRoomData/Blueprints/BP_DemoDisplay_Enum.BP_DemoDisplay_Enum'
[2017.03.20-08.15.46:725][118]LogEnum:Warning: Enum name collision: 'BP_DemoDisplay_Enum::RoomL' is in both '/Game/KY_MagicEffects03/DemoRoomData/Blueprints/BP_DemoDisplay_Enum.BP_DemoDisplay_Enum' and '/Game/KY_MagicEffects02/DemoRoomData/Blueprints/BP_DemoDisplay_Enum.BP_DemoDisplay_Enum'
[2017.03.20-08.15.46:725][118]LogEnum:Warning: Enum name collision: 'BP_DemoDisplay_Enum::DescriptionOnly' is in both '/Game/KY_MagicEffects03/DemoRoomData/Blueprints/BP_DemoDisplay_Enum.BP_DemoDisplay_Enum' and '/Game/KY_MagicEffects02/DemoRoomData/Blueprints/BP_DemoDisplay_Enum.BP_DemoDisplay_Enum'
[2017.03.20-08.15.46:725][118]LogEnum:Warning: Enum name collision: 'BP_DemoDisplay_Enum::NewEnumerator0' is in both '/Game/KY_MagicEffects03/DemoRoomData/Blueprints/BP_DemoDisplay_Enum.BP_DemoDisplay_Enum' and '/Game/KY_MagicEffects02/DemoRoomData/Blueprints/BP_DemoDisplay_Enum.BP_DemoDisplay_Enum'
[2017.03.20-08.15.46:725][118]LogClass:Warning: Enum '/Game/KY_MagicEffects03/DemoRoomData/Blueprints/BP_DemoDisplay_Enum.BP_DemoDisplay_Enum' was upgraded to use FText to store its display name data. Please re-save this asset to avoid issues with localization and determinstic cooking.
[2017.03.20-08.15.46:726][118]LogEnum:Warning: Enum name collision: 'BP_DemoRoom_Enum::Standard' is in both '/Game/KY_MagicEffects03/DemoRoomData/Blueprints/BP_DemoRoom_Enum.BP_DemoRoom_Enum' and '/Game/KY_MagicEffects02/DemoRoomData/Blueprints/BP_DemoRoom_Enum.BP_DemoRoom_Enum'
[2017.03.20-08.15.46:727][118]LogEnum:Warning: Enum name collision: 'BP_DemoRoom_Enum::RoofwithHole' is in both '/Game/KY_MagicEffects03/DemoRoomData/Blueprints/BP_DemoRoom_Enum.BP_DemoRoom_Enum' and '/Game/KY_MagicEffects02/DemoRoomData/Blueprints/BP_DemoRoom_Enum.BP_DemoRoom_Enum'
[2017.03.20-08.15.46:727][118]LogEnum:Warning: Enum name collision: 'BP_DemoRoom_Enum::RoofOpen' is in both '/Game/KY_MagicEffects03/DemoRoomData/Blueprints/BP_DemoRoom_Enum.BP_DemoRoom_Enum' and '/Game/KY_MagicEffects02/DemoRoomData/Blueprints/BP_DemoRoom_Enum.BP_DemoRoom_Enum'
[2017.03.20-08.15.46:727][118]LogEnum:Warning: Enum name collision: 'BP_DemoRoom_Enum::BP_DemoRoom_MAX' is in both '/Game/KY_MagicEffects03/DemoRoomData/Blueprints/BP_DemoRoom_Enum.BP_DemoRoom_Enum' and '/Game/KY_MagicEffects02/DemoRoomData/Blueprints/BP_DemoRoom_Enum.BP_DemoRoom_Enum'
[2017.03.20-08.15.46:727][118]LogEnum:Warning: Enum name collision: 'BP_DemoRoom_Enum::Standard' is in both '/Game/KY_MagicEffects03/DemoRoomData/Blueprints/BP_DemoRoom_Enum.BP_DemoRoom_Enum' and '/Game/KY_MagicEffects02/DemoRoomData/Blueprints/BP_DemoRoom_Enum.BP_DemoRoom_Enum'
[2017.03.20-08.15.46:728][118]LogEnum:Warning: Enum name collision: 'BP_DemoRoom_Enum::RoofwithHole' is in both '/Game/KY_MagicEffects03/DemoRoomData/Blueprints/BP_DemoRoom_Enum.BP_DemoRoom_Enum' and '/Game/KY_MagicEffects02/DemoRoomData/Blueprints/BP_DemoRoom_Enum.BP_DemoRoom_Enum'
[2017.03.20-08.15.46:728][118]LogEnum:Warning: Enum name collision: 'BP_DemoRoom_Enum::RoofOpen' is in both '/Game/KY_MagicEffects03/DemoRoomData/Blueprints/BP_DemoRoom_Enum.BP_DemoRoom_Enum' and '/Game/KY_MagicEffects02/DemoRoomData/Blueprints/BP_DemoRoom_Enum.BP_DemoRoom_Enum'
[2017.03.20-08.15.46:807][118]LogContentBrowser: Native class hierarchy updated for 'BlueprintGraph' in 0.0007 seconds. Added 112 classes and 0 folders.
[2017.03.20-08.15.47:647][118]LogSlate: Took 0.000218 seconds to synchronously load lazily loaded font '../../../Engine/Content/Editor/Slate/Fonts/Roboto-BoldCondensed.ttf' (158K)
[2017.03.20-08.15.48:061][119]LogSlate: Took 0.000188 seconds to synchronously load lazily loaded font '../../../Engine/Content/Editor/Slate/Fonts/Roboto-Italic.ttf' (157K)
[2017.03.20-08.19.32:211][208]Cmd: OBJ SAVEPACKAGE PACKAGE="/Game/Blueprint/Unit/Unit" FILE="../../../../../../Users/sh Kim/Documents/GitHub/PrototypingBackup/nonamed/Content/Blueprint/Unit/Unit.uasset" SILENT=true
[2017.03.20-08.19.32:427][208]LogSavePackage: Save=173.91ms
[2017.03.20-08.19.32:427][208]LogSavePackage: Moving '../../../../../../Users/sh Kim/Documents/GitHub/PrototypingBackup/nonamed/Saved/UnitAF9654FC42DD871C2149CE9087502E14.tmp' to '../../../../../../Users/sh Kim/Documents/GitHub/PrototypingBackup/nonamed/Content/Blueprint/Unit/Unit.uasset'
[2017.03.20-08.19.32:430][208]LogSavePackage:Display: Finished SavePackage ../../../../../../Users/sh Kim/Documents/GitHub/PrototypingBackup/nonamed/Content/Blueprint/Unit/Unit.uasset
[2017.03.20-08.19.41:189][826]Cmd: OBJ SAVEPACKAGE PACKAGE="/Game/Blueprint/Unit/Unit" FILE="../../../../../../Users/sh Kim/Documents/GitHub/PrototypingBackup/nonamed/Content/Blueprint/Unit/Unit.uasset" SILENT=true
[2017.03.20-08.19.41:393][826]LogSavePackage: Save=169.53ms
[2017.03.20-08.19.41:394][826]LogSavePackage: Moving '../../../../../../Users/sh Kim/Documents/GitHub/PrototypingBackup/nonamed/Saved/Unit60672A824E9B631ECC6E55817A26BB04.tmp' to '../../../../../../Users/sh Kim/Documents/GitHub/PrototypingBackup/nonamed/Content/Blueprint/Unit/Unit.uasset'
[2017.03.20-08.19.41:396][826]LogSavePackage:Display: Finished SavePackage ../../../../../../Users/sh Kim/Documents/GitHub/PrototypingBackup/nonamed/Content/Blueprint/Unit/Unit.uasset
[2017.03.20-08.20.01:048][227]Cmd: OBJ SAVEPACKAGE PACKAGE="/Game/Blueprint/Unit/Unit" FILE="../../../../../../Users/sh Kim/Documents/GitHub/PrototypingBackup/nonamed/Content/Blueprint/Unit/Unit.uasset" SILENT=true
[2017.03.20-08.20.01:254][227]LogSavePackage: Save=171.68ms
[2017.03.20-08.20.01:254][227]LogSavePackage: Moving '../../../../../../Users/sh Kim/Documents/GitHub/PrototypingBackup/nonamed/Saved/Unit2BC784E64A95BF2F229975A34B2BEA87.tmp' to '../../../../../../Users/sh Kim/Documents/GitHub/PrototypingBackup/nonamed/Content/Blueprint/Unit/Unit.uasset'
[2017.03.20-08.20.01:257][227]LogSavePackage:Display: Finished SavePackage ../../../../../../Users/sh Kim/Documents/GitHub/PrototypingBackup/nonamed/Content/Blueprint/Unit/Unit.uasset
[2017.03.20-08.21.09:549][360]LogSlate: Took 0.000178 seconds to synchronously load lazily loaded font '../../../Engine/Content/Slate/Fonts/Roboto-Light.ttf' (159K)
[2017.03.20-08.21.24:586][599]Cmd: OBJ SAVEPACKAGE PACKAGE="/Game/Blueprint/Unit/Unit" FILE="../../../../../../Users/sh Kim/Documents/GitHub/PrototypingBackup/nonamed/Content/Blueprint/Unit/Unit.uasset" SILENT=true
[2017.03.20-08.21.24:791][599]LogSavePackage: Save=170.23ms
[2017.03.20-08.21.24:791][599]LogSavePackage: Moving '../../../../../../Users/sh Kim/Documents/GitHub/PrototypingBackup/nonamed/Saved/Unit05A00A374FC19DCE85FE3F8CAAB98B21.tmp' to '../../../../../../Users/sh Kim/Documents/GitHub/PrototypingBackup/nonamed/Content/Blueprint/Unit/Unit.uasset'
[2017.03.20-08.21.24:794][599]LogSavePackage:Display: Finished SavePackage ../../../../../../Users/sh Kim/Documents/GitHub/PrototypingBackup/nonamed/Content/Blueprint/Unit/Unit.uasset
[2017.03.20-08.21.26:066][698]BlueprintLog: New page: Compile Unit
[2017.03.20-08.22.11:861][383]LogAIModule: Creating AISystem for world LevelForTest
[2017.03.20-08.22.13:651][383]LogSavePackage: Save=152.87ms
[2017.03.20-08.22.13:651][383]LogSavePackage: Moving '../../../../../../Users/sh Kim/Documents/GitHub/PrototypingBackup/nonamed/Saved/L_Battle_Stage6CF612C042170729C6C793825BF519D5.tmp' to '../../../../../../Users/sh Kim/Documents/GitHub/PrototypingBackup/nonamed/Content/L_Battle_Stage.umap'
[2017.03.20-08.22.13:654][383]LogSavePackage:Display: Finished SavePackage ../../../../../../Users/sh Kim/Documents/GitHub/PrototypingBackup/nonamed/Content/L_Battle_Stage.umap
[2017.03.20-08.22.13:691][383]LogFileHelpers: Saving map 'L_Battle_Stage' took 0.295
[2017.03.20-08.22.13:692][383]Cmd: MAP LOAD FILE="../../../../../../Users/sh Kim/Documents/GitHub/PrototypingBackup/nonamed/Content/LevelForTest.umap" TEMPLATE=0 SHOWPROGRESS=1 FEATURELEVEL=3
[2017.03.20-08.22.13:692][383]LightingResults: New page: Lighting Build
[2017.03.20-08.22.13:695][383]LoadErrors: New page: Loading map: LevelForTest.umap
[2017.03.20-08.22.13:696][383]MapCheck: New page: Map Check
[2017.03.20-08.22.13:696][383]LightingResults: New page: Lighting Build
[2017.03.20-08.22.13:808][383]LogEditorServer: Finished looking for orphan Actors (0.000 secs)
[2017.03.20-08.22.13:841][383]Cmd: MAP CHECKDEP NOCLEARLOG
[2017.03.20-08.22.13:889][383]MapCheck: Info Map check complete: 0 Error(s), 0 Warning(s), took 48.343ms to complete.
[2017.03.20-08.22.13:890][383]LogFileHelpers: Loading map 'LevelForTest' took 0.199
[2017.03.20-08.22.17:920][592]LogEditorViewport: Clicking on Actor (LMB): Actor_Blueprint2_C (Actor_Blueprint2)
[2017.03.20-08.22.20:390][782]LogEditorViewport: Clicking Background
[2017.03.20-08.22.21:223][857]Cmd: OBJ SAVEPACKAGE PACKAGE="/Game/LevelForTest" FILE="../../../../../../Users/sh Kim/Documents/GitHub/PrototypingBackup/nonamed/Content/LevelForTest.umap" SILENT=true AUTOSAVING=false KEEPDIRTY=false
[2017.03.20-08.22.21:284][857]LogSavePackage: Save=9.94ms
[2017.03.20-08.22.21:284][857]LogSavePackage: Moving '../../../../../../Users/sh Kim/Documents/GitHub/PrototypingBackup/nonamed/Saved/LevelForTestF8A62B894DB31184C1D0E7AC47AB349E.tmp' to '../../../../../../Users/sh Kim/Documents/GitHub/PrototypingBackup/nonamed/Content/LevelForTest.umap'
[2017.03.20-08.22.21:285][857]LogSavePackage:Display: Finished SavePackage ../../../../../../Users/sh Kim/Documents/GitHub/PrototypingBackup/nonamed/Content/LevelForTest.umap
[2017.03.20-08.22.21:786][901]LogEditorViewport: Clicking on Actor (LMB): Actor_Blueprint2_C (Actor_Blueprint2)
[2017.03.20-08.22.47:978][808]Cmd: OBJ SAVEPACKAGE PACKAGE="/Game/LevelForTest" FILE="../../../../../../Users/sh Kim/Documents/GitHub/PrototypingBackup/nonamed/Content/LevelForTest.umap" SILENT=true AUTOSAVING=false KEEPDIRTY=false
[2017.03.20-08.22.48:037][808]LogSavePackage: Save=8.82ms
[2017.03.20-08.22.48:037][808]LogSavePackage: Moving '../../../../../../Users/sh Kim/Documents/GitHub/PrototypingBackup/nonamed/Saved/LevelForTest917A5A444CCF71B724CB7690007B60E7.tmp' to '../../../../../../Users/sh Kim/Documents/GitHub/PrototypingBackup/nonamed/Content/LevelForTest.umap'
[2017.03.20-08.22.48:040][808]LogSavePackage:Display: Finished SavePackage ../../../../../../Users/sh Kim/Documents/GitHub/PrototypingBackup/nonamed/Content/LevelForTest.umap
[2017.03.20-08.22.48:075][808]LogFileHelpers: Saving map 'LevelForTest' took 0.142
[2017.03.20-08.22.48:078][808]Cmd: OBJ SAVEPACKAGE PACKAGE="/Game/Actor_Blueprint2" FILE="../../../../../../Users/sh Kim/Documents/GitHub/PrototypingBackup/nonamed/Content/Actor_Blueprint2.uasset" SILENT=true
[2017.03.20-08.22.48:130][808]LogSavePackage: Save=12.23ms
[2017.03.20-08.22.48:130][808]LogSavePackage: Moving '../../../../../../Users/sh Kim/Documents/GitHub/PrototypingBackup/nonamed/Saved/Actor_Blueprint2CD1E1C9B4EAAC1E9EAE632B860826691.tmp' to '../../../../../../Users/sh Kim/Documents/GitHub/PrototypingBackup/nonamed/Content/Actor_Blueprint2.uasset'
[2017.03.20-08.22.48:133][808]LogSavePackage:Display: Finished SavePackage ../../../../../../Users/sh Kim/Documents/GitHub/PrototypingBackup/nonamed/Content/Actor_Blueprint2.uasset
[2017.03.20-08.22.48:695][853]LogTemp: Repeting last play command: Selected Viewport
[2017.03.20-08.22.48:723][853]BlueprintLog: New page: Pre-Play auto-recompile
[2017.03.20-08.22.48:723][853]LogPlayLevel: [PlayLevel] Compiling Actor_Blueprint2 before play...
[2017.03.20-08.22.48:927][853]LogPlayLevel: PlayLevel: Blueprint regeneration took 204 ms (1 blueprints)
[2017.03.20-08.22.48:928][853]PIE: New page: PIE session: LevelForTest (Mar 21, 2017, 2:22:48 AM)
[2017.03.20-08.22.48:928][853]LogPlayLevel: Creating play world package: /Game/UEDPIE_0_LevelForTest
[2017.03.20-08.22.48:928][853]LogPlayLevel: PIE: StaticDuplicateObject took: (0.000541s)
[2017.03.20-08.22.48:929][853]LogAIModule: Creating AISystem for world LevelForTest
[2017.03.20-08.22.48:929][853]LogPlayLevel: PIE: World Init took: (0.000577s)
[2017.03.20-08.22.48:929][853]LogPlayLevel: PIE: Created PIE world by copying editor world from /Game/LevelForTest.LevelForTest to /Game/UEDPIE_0_LevelForTest.LevelForTest (0.001585s)
[2017.03.20-08.22.48:951][853]LogInit: XAudio2 using '스피커(Realtek High Definition Audio)' : 2 channels at 48 kHz using 32 bits per sample (channel mask 0x3)
[2017.03.20-08.22.48:958][853]LogInit: FAudioDevice initialized.
[2017.03.20-08.22.49:004][853]LogLoad: Game class is 'GameModeBase'
[2017.03.20-08.22.49:006][853]LogWorld: Bringing World /Game/UEDPIE_0_LevelForTest.LevelForTest up for play (max tick rate 0) at 2017.03.20-17.22.49
[2017.03.20-08.22.49:006][853]LogWorld: Bringing up level for play took: 0.001068
[2017.03.20-08.22.49:041][853]LogContentBrowser: Native class hierarchy updated for 'MovieSceneCapture' in 0.0005 seconds. Added 11 classes and 0 folders.
[2017.03.20-08.22.49:042][853]PIE: Info Play in editor start time for /Game/UEDPIE_0_LevelForTest 0.79
[2017.03.20-08.22.56:978][552]Cmd: OBJ SAVEPACKAGE PACKAGE="/Game/LevelForTest" FILE="../../../../../../Users/sh Kim/Documents/GitHub/PrototypingBackup/nonamed/Content/LevelForTest.umap" SILENT=true AUTOSAVING=false KEEPDIRTY=false
[2017.03.20-08.22.57:037][552]LogSavePackage: Save=8.99ms
[2017.03.20-08.22.57:037][552]LogSavePackage: Moving '../../../../../../Users/sh Kim/Documents/GitHub/PrototypingBackup/nonamed/Saved/LevelForTestBF4950584064E412023B74A94FF11944.tmp' to '../../../../../../Users/sh Kim/Documents/GitHub/PrototypingBackup/nonamed/Content/LevelForTest.umap'
[2017.03.20-08.22.57:040][552]LogSavePackage:Display: Finished SavePackage ../../../../../../Users/sh Kim/Documents/GitHub/PrototypingBackup/nonamed/Content/LevelForTest.umap
[2017.03.20-08.22.57:075][552]LogFileHelpers: Saving map 'LevelForTest' took 0.142
[2017.03.20-08.22.57:077][552]Cmd: OBJ SAVEPACKAGE PACKAGE="/Game/Actor_Blueprint2" FILE="../../../../../../Users/sh Kim/Documents/GitHub/PrototypingBackup/nonamed/Content/Actor_Blueprint2.uasset" SILENT=true
[2017.03.20-08.22.57:123][552]LogSavePackage: Save=12.40ms
[2017.03.20-08.22.57:123][552]LogSavePackage: Moving '../../../../../../Users/sh Kim/Documents/GitHub/PrototypingBackup/nonamed/Saved/Actor_Blueprint2C3F532A649AB04B34684D893393925A9.tmp' to '../../../../../../Users/sh Kim/Documents/GitHub/PrototypingBackup/nonamed/Content/Actor_Blueprint2.uasset'
[2017.03.20-08.22.57:126][552]LogSavePackage:Display: Finished SavePackage ../../../../../../Users/sh Kim/Documents/GitHub/PrototypingBackup/nonamed/Content/Actor_Blueprint2.uasset
[2017.03.20-08.22.57:718][602]LogTemp: Repeting last play command: Selected Viewport
[2017.03.20-08.22.57:744][602]BlueprintLog: New page: Pre-Play auto-recompile
[2017.03.20-08.22.57:744][602]LogPlayLevel: [PlayLevel] Compiling Actor_Blueprint2 before play...
[2017.03.20-08.22.57:949][602]LogPlayLevel: PlayLevel: Blueprint regeneration took 205 ms (1 blueprints)
[2017.03.20-08.22.57:950][602]PIE: New page: PIE session: LevelForTest (Mar 21, 2017, 2:22:57 AM)
[2017.03.20-08.22.57:950][602]LogPlayLevel: Creating play world package: /Game/UEDPIE_0_LevelForTest
[2017.03.20-08.22.57:950][602]LogPlayLevel: PIE: StaticDuplicateObject took: (0.000467s)
[2017.03.20-08.22.57:951][602]LogAIModule: Creating AISystem for world LevelForTest
[2017.03.20-08.22.57:951][602]LogPlayLevel: PIE: World Init took: (0.000509s)
[2017.03.20-08.22.57:951][602]LogPlayLevel: PIE: Created PIE world by copying editor world from /Game/LevelForTest.LevelForTest to /Game/UEDPIE_0_LevelForTest.LevelForTest (0.001405s)
[2017.03.20-08.22.57:972][602]LogInit: XAudio2 using '스피커(Realtek High Definition Audio)' : 2 channels at 48 kHz using 32 bits per sample (channel mask 0x3)
[2017.03.20-08.22.57:979][602]LogInit: FAudioDevice initialized.
[2017.03.20-08.22.58:014][602]LogLoad: Game class is 'GameModeBase'
[2017.03.20-08.22.58:015][602]LogWorld: Bringing World /Game/UEDPIE_0_LevelForTest.LevelForTest up for play (max tick rate 0) at 2017.03.20-17.22.58
[2017.03.20-08.22.58:015][602]LogWorld: Bringing up level for play took: 0.000751
[2017.03.20-08.22.58:016][602]PIE: Info Play in editor start time for /Game/UEDPIE_0_LevelForTest -0.236
[2017.03.20-08.23.02:721][ 71]LogBlueprintUserMessages: [Actor_Blueprint2] Hello
[2017.03.20-08.23.12:856][908]Cmd: OBJ SAVEPACKAGE PACKAGE="/Game/LevelForTest" FILE="../../../../../../Users/sh Kim/Documents/GitHub/PrototypingBackup/nonamed/Content/LevelForTest.umap" SILENT=true AUTOSAVING=false KEEPDIRTY=false
[2017.03.20-08.23.12:914][908]LogSavePackage: Save=8.81ms
[2017.03.20-08.23.12:914][908]LogSavePackage: Moving '../../../../../../Users/sh Kim/Documents/GitHub/PrototypingBackup/nonamed/Saved/LevelForTest2473003045E6552A1B8B9283C8D79E5F.tmp' to '../../../../../../Users/sh Kim/Documents/GitHub/PrototypingBackup/nonamed/Content/LevelForTest.umap'
[2017.03.20-08.23.12:917][908]LogSavePackage:Display: Finished SavePackage ../../../../../../Users/sh Kim/Documents/GitHub/PrototypingBackup/nonamed/Content/LevelForTest.umap
[2017.03.20-08.23.12:952][908]LogFileHelpers: Saving map 'LevelForTest' took 0.141
[2017.03.20-08.23.12:953][908]Cmd: OBJ SAVEPACKAGE PACKAGE="/Game/Actor_Blueprint2" FILE="../../../../../../Users/sh Kim/Documents/GitHub/PrototypingBackup/nonamed/Content/Actor_Blueprint2.uasset" SILENT=true
[2017.03.20-08.23.13:001][908]LogSavePackage: Save=12.58ms
[2017.03.20-08.23.13:001][908]LogSavePackage: Moving '../../../../../../Users/sh Kim/Documents/GitHub/PrototypingBackup/nonamed/Saved/Actor_Blueprint28DDD3B7A44E4D97641F28AB7F7CF8FDB.tmp' to '../../../../../../Users/sh Kim/Documents/GitHub/PrototypingBackup/nonamed/Content/Actor_Blueprint2.uasset'
[2017.03.20-08.23.13:003][908]LogSavePackage:Display: Finished SavePackage ../../../../../../Users/sh Kim/Documents/GitHub/PrototypingBackup/nonamed/Content/Actor_Blueprint2.uasset
[2017.03.20-08.23.22:240][604]LogAIModule: Creating AISystem for world L_Battle_Stage
[2017.03.20-08.23.22:281][604]Cmd: MAP LOAD FILE="../../../../../../Users/sh Kim/Documents/GitHub/PrototypingBackup/nonamed/Content/L_Battle_Stage.umap" TEMPLATE=0 SHOWPROGRESS=1 FEATURELEVEL=3
[2017.03.20-08.23.22:281][604]LightingResults: New page: Lighting Build
[2017.03.20-08.23.22:283][604]LoadErrors: New page: Loading map: L_Battle_Stage.umap
[2017.03.20-08.23.22:284][604]MapCheck: New page: Map Check
[2017.03.20-08.23.22:284][604]LightingResults: New page: Lighting Build
[2017.03.20-08.23.22:738][604]LogEditorServer: Finished looking for orphan Actors (0.000 secs)
[2017.03.20-08.23.22:774][604]Cmd: MAP CHECKDEP NOCLEARLOG
[2017.03.20-08.23.22:819][604]MapCheck: Info Map check complete: 0 Error(s), 0 Warning(s), took 45.557ms to complete.
[2017.03.20-08.23.22:820][604]LogFileHelpers: Loading map 'L_Battle_Stage' took 0.540
[2017.03.20-08.23.24:814][764]LogSavePackage: Save=148.87ms
[2017.03.20-08.23.24:814][764]LogSavePackage: Moving '../../../../../../Users/sh Kim/Documents/GitHub/PrototypingBackup/nonamed/Saved/L_Battle_StageF0FEA6AB458B26F8F23B16AC55984CA7.tmp' to '../../../../../../Users/sh Kim/Documents/GitHub/PrototypingBackup/nonamed/Content/L_Battle_Stage.umap'
[2017.03.20-08.23.24:816][764]LogSavePackage:Display: Finished SavePackage ../../../../../../Users/sh Kim/Documents/GitHub/PrototypingBackup/nonamed/Content/L_Battle_Stage.umap
[2017.03.20-08.23.24:855][764]Cmd: OBJ SAVEPACKAGE PACKAGE="/Game/L_Battle_Stage_BuiltData" FILE="../../../../../../Users/sh Kim/Documents/GitHub/PrototypingBackup/nonamed/Content/L_Battle_Stage_BuiltData.uasset" SILENT=true
[2017.03.20-08.23.24:964][764]LogSavePackage: Save=69.68ms
[2017.03.20-08.23.24:964][764]LogSavePackage: Moving '../../../../../../Users/sh Kim/Documents/GitHub/PrototypingBackup/nonamed/Saved/L_Battle_Stage_BuiltDataD91B8355489CE10D537C3FB413409600.tmp' to '../../../../../../Users/sh Kim/Documents/GitHub/PrototypingBackup/nonamed/Content/L_Battle_Stage_BuiltData.uasset'
[2017.03.20-08.23.24:966][764]LogSavePackage:Display: Finished SavePackage ../../../../../../Users/sh Kim/Documents/GitHub/PrototypingBackup/nonamed/Content/L_Battle_Stage_BuiltData.uasset
[2017.03.20-08.23.28:156][973]Cmd: OBJ SAVEPACKAGE PACKAGE="/Game/MyGameBase" FILE="../../../../../../Users/sh Kim/Documents/GitHub/PrototypingBackup/nonamed/Content/MyGameBase.uasset" SILENT=true
[2017.03.20-08.23.28:220][973]LogSavePackage: Save=25.75ms
[2017.03.20-08.23.28:221][973]LogSavePackage: Moving '../../../../../../Users/sh Kim/Documents/GitHub/PrototypingBackup/nonamed/Saved/MyGameBaseB17AF5D54C270DB80A193F978198B09A.tmp' to '../../../../../../Users/sh Kim/Documents/GitHub/PrototypingBackup/nonamed/Content/MyGameBase.uasset'
[2017.03.20-08.23.28:222][973]LogSavePackage:Display: Finished SavePackage ../../../../../../Users/sh Kim/Documents/GitHub/PrototypingBackup/nonamed/Content/MyGameBase.uasset
[2017.03.20-08.28.10:272][161]Cmd: OBJ SAVEPACKAGE PACKAGE="/Game/Blueprint/Unit/Unit" FILE="../../../../../../Users/sh Kim/Documents/GitHub/PrototypingBackup/nonamed/Content/Blueprint/Unit/Unit.uasset" SILENT=true
[2017.03.20-08.28.10:486][161]LogSavePackage: Save=174.05ms
[2017.03.20-08.28.10:486][161]LogSavePackage: Moving '../../../../../../Users/sh Kim/Documents/GitHub/PrototypingBackup/nonamed/Saved/UnitB6CDFC0D4512EE159C89F3A78775685A.tmp' to '../../../../../../Users/sh Kim/Documents/GitHub/PrototypingBackup/nonamed/Content/Blueprint/Unit/Unit.uasset'
[2017.03.20-08.28.10:489][161]LogSavePackage:Display: Finished SavePackage ../../../../../../Users/sh Kim/Documents/GitHub/PrototypingBackup/nonamed/Content/Blueprint/Unit/Unit.uasset
[2017.03.20-08.28.10:847][170]LogSavePackage: Save=149.84ms
[2017.03.20-08.28.10:847][170]LogSavePackage: Moving '../../../../../../Users/sh Kim/Documents/GitHub/PrototypingBackup/nonamed/Saved/L_Battle_StageC765BF37478926E1A55E48A293030063.tmp' to '../../../../../../Users/sh Kim/Documents/GitHub/PrototypingBackup/nonamed/Content/L_Battle_Stage.umap'
[2017.03.20-08.28.10:849][170]LogSavePackage:Display: Finished SavePackage ../../../../../../Users/sh Kim/Documents/GitHub/PrototypingBackup/nonamed/Content/L_Battle_Stage.umap
[2017.03.20-08.28.10:888][170]Cmd: OBJ SAVEPACKAGE PACKAGE="/Game/L_Battle_Stage_BuiltData" FILE="../../../../../../Users/sh Kim/Documents/GitHub/PrototypingBackup/nonamed/Content/L_Battle_Stage_BuiltData.uasset" SILENT=true
[2017.03.20-08.28.10:966][170]LogSavePackage: Save=45.51ms
[2017.03.20-08.28.10:966][170]LogSavePackage: Moving '../../../../../../Users/sh Kim/Documents/GitHub/PrototypingBackup/nonamed/Saved/L_Battle_Stage_BuiltData1E7E5A114B25A98F7DB0609E8A0E4DC4.tmp' to '../../../../../../Users/sh Kim/Documents/GitHub/PrototypingBackup/nonamed/Content/L_Battle_Stage_BuiltData.uasset'
[2017.03.20-08.28.10:968][170]LogSavePackage:Display: Finished SavePackage ../../../../../../Users/sh Kim/Documents/GitHub/PrototypingBackup/nonamed/Content/L_Battle_Stage_BuiltData.uasset
[2017.03.20-08.28.27:602][370]Cmd: OBJ SAVEPACKAGE PACKAGE="/Game/Blueprint/Unit/Unit" FILE="../../../../../../Users/sh Kim/Documents/GitHub/PrototypingBackup/nonamed/Content/Blueprint/Unit/Unit.uasset" SILENT=true
[2017.03.20-08.28.27:807][370]LogSavePackage: Save=170.89ms
[2017.03.20-08.28.27:807][370]LogSavePackage: Moving '../../../../../../Users/sh Kim/Documents/GitHub/PrototypingBackup/nonamed/Saved/Unit2FA37D804BEBFDB88AB0CA81A34C539E.tmp' to '../../../../../../Users/sh Kim/Documents/GitHub/PrototypingBackup/nonamed/Content/Blueprint/Unit/Unit.uasset'
[2017.03.20-08.28.27:810][370]LogSavePackage:Display: Finished SavePackage ../../../../../../Users/sh Kim/Documents/GitHub/PrototypingBackup/nonamed/Content/Blueprint/Unit/Unit.uasset
[2017.03.20-08.28.33:360][714]Cmd: OBJ SAVEPACKAGE PACKAGE="/Game/Blueprint/Unit/Unit" FILE="../../../../../../Users/sh Kim/Documents/GitHub/PrototypingBackup/nonamed/Content/Blueprint/Unit/Unit.uasset" SILENT=true
[2017.03.20-08.28.33:564][714]LogSavePackage: Save=171.17ms
[2017.03.20-08.28.33:564][714]LogSavePackage: Moving '../../../../../../Users/sh Kim/Documents/GitHub/PrototypingBackup/nonamed/Saved/Unit17BF18F3447B8514DBDAE5A2C2E07AEC.tmp' to '../../../../../../Users/sh Kim/Documents/GitHub/PrototypingBackup/nonamed/Content/Blueprint/Unit/Unit.uasset'
[2017.03.20-08.28.33:567][714]LogSavePackage:Display: Finished SavePackage ../../../../../../Users/sh Kim/Documents/GitHub/PrototypingBackup/nonamed/Content/Blueprint/Unit/Unit.uasset
[2017.03.20-08.28.35:519][833]Cmd: OBJ SAVEPACKAGE PACKAGE="/Game/Blueprint/Unit/Unit" FILE="../../../../../../Users/sh Kim/Documents/GitHub/PrototypingBackup/nonamed/Content/Blueprint/Unit/Unit.uasset" SILENT=true
[2017.03.20-08.28.35:726][833]LogSavePackage: Save=172.73ms
[2017.03.20-08.28.35:726][833]LogSavePackage: Moving '../../../../../../Users/sh Kim/Documents/GitHub/PrototypingBackup/nonamed/Saved/UnitCD3C49CE4B09B980D39BD1B207E96F8A.tmp' to '../../../../../../Users/sh Kim/Documents/GitHub/PrototypingBackup/nonamed/Content/Blueprint/Unit/Unit.uasset'
[2017.03.20-08.28.35:729][833]LogSavePackage:Display: Finished SavePackage ../../../../../../Users/sh Kim/Documents/GitHub/PrototypingBackup/nonamed/Content/Blueprint/Unit/Unit.uasset
[2017.03.20-08.28.36:219][867]BlueprintLog: New page: Compile Unit
[2017.03.20-08.28.39:710][985]LogTemp: Repeting last play command: Selected Viewport
[2017.03.20-08.28.39:749][985]LogBlueprintUserMessages: Early PlayInEditor Detection: Level '/Game/L_Battle_Stage.L_Battle_Stage:PersistentLevel' has LevelScriptBlueprint '/Game/L_Battle_Stage.L_Battle_Stage:PersistentLevel.L_Battle_Stage' with GeneratedClass '/Game/L_Battle_Stage.L_Battle_Stage_C' with ClassGeneratedBy '/Game/L_Battle_Stage.L_Battle_Stage:PersistentLevel.L_Battle_Stage'
[2017.03.20-08.28.39:749][985]LogPlayLevel: PlayLevel: No blueprints needed recompiling
[2017.03.20-08.28.39:750][985]PIE: New page: PIE session: L_Battle_Stage (Mar 21, 2017, 2:28:39 AM)
[2017.03.20-08.28.39:750][985]LogPlayLevel: Creating play world package: /Game/UEDPIE_0_L_Battle_Stage
[2017.03.20-08.28.39:756][985]LogPlayLevel: PIE: StaticDuplicateObject took: (0.005828s)
[2017.03.20-08.28.39:757][985]LogAIModule: Creating AISystem for world L_Battle_Stage
[2017.03.20-08.28.39:757][985]LogPlayLevel: PIE: World Init took: (0.000901s)
[2017.03.20-08.28.39:757][985]LogPlayLevel: PIE: Created PIE world by copying editor world from /Game/L_Battle_Stage.L_Battle_Stage to /Game/UEDPIE_0_L_Battle_Stage.L_Battle_Stage (0.007143s)
[2017.03.20-08.28.39:777][985]LogInit: XAudio2 using '스피커(Realtek High Definition Audio)' : 2 channels at 48 kHz using 32 bits per sample (channel mask 0x3)
[2017.03.20-08.28.39:784][985]LogInit: FAudioDevice initialized.
[2017.03.20-08.28.39:815][985]LogLoad: Game class is 'MyGameMode_C'
[2017.03.20-08.28.39:818][985]LogWorld: Bringing World /Game/UEDPIE_0_L_Battle_Stage.L_Battle_Stage up for play (max tick rate 0) at 2017.03.20-17.28.39
[2017.03.20-08.28.39:819][985]LogWorld: Bringing up level for play took: 0.002869
[2017.03.20-08.28.39:822][985]PIE: Info Play in editor start time for /Game/UEDPIE_0_L_Battle_Stage -0.43
[2017.03.20-08.28.39:822][985]LogBlueprintUserMessages: Late PlayInEditor Detection: Level '/Game/L_Battle_Stage.L_Battle_Stage:PersistentLevel' has LevelScriptBlueprint '/Game/L_Battle_Stage.L_Battle_Stage:PersistentLevel.L_Battle_Stage' with GeneratedClass '/Game/L_Battle_Stage.L_Battle_Stage_C' with ClassGeneratedBy '/Game/L_Battle_Stage.L_Battle_Stage:PersistentLevel.L_Battle_Stage'
[2017.03.20-08.28.40:198][  7]LogBlueprintUserMessages: [Enemy_Blueprint] Enemy Deploy Start
[2017.03.20-08.28.40:198][  7]LogBlueprintUserMessages: [Enemy_Blueprint] Get Deployable Unit Fail.
[2017.03.20-08.28.40:198][  7]LogBlueprintUserMessages: [Enemy_Blueprint] Enemy Deploy End
[2017.03.20-08.28.41:312][ 95]LogBlueprintUserMessages: [None] RangedPosCount: 12
[2017.03.20-08.28.41:313][ 95]LogScript:Warning: Accessed None trying to read property CallFunc_Create_ReturnValue2
	PlayerBP_C /Game/UEDPIE_0_L_Battle_Stage.L_Battle_Stage:PersistentLevel.Player_Blueprint
	Function /Game/PlayerBP.PlayerBP_C:GoNextGameSteb:02A3
[2017.03.20-08.28.41:313][ 95]LogScript:Warning: Accessed None trying to read property CallFunc_Create_ReturnValue3
	PlayerBP_C /Game/UEDPIE_0_L_Battle_Stage.L_Battle_Stage:PersistentLevel.Player_Blueprint
	Function /Game/PlayerBP.PlayerBP_C:GoNextGameSteb:02C8
[2017.03.20-08.28.41:313][ 95]LogScript:Warning: Accessed None trying to read property CallFunc_Create_ReturnValue4
	PlayerBP_C /Game/UEDPIE_0_L_Battle_Stage.L_Battle_Stage:PersistentLevel.Player_Blueprint
	Function /Game/PlayerBP.PlayerBP_C:GoNextGameSteb:02ED
[2017.03.20-08.28.41:313][ 95]LogScript:Warning: Accessed None trying to read property CallFunc_Create_ReturnValue5
	PlayerBP_C /Game/UEDPIE_0_L_Battle_Stage.L_Battle_Stage:PersistentLevel.Player_Blueprint
	Function /Game/PlayerBP.PlayerBP_C:GoNextGameSteb:0312
[2017.03.20-08.28.44:306][318]LogBlueprintUserMessages: [None] RangedPosCount: 10
[2017.03.20-08.28.44:309][318]LogBlueprintUserMessages: [None] RangedPosCount: 8
[2017.03.20-08.28.47:141][521]LogBlueprintUserMessages: Early EndPlayMap Detection: Level '/Game/L_Battle_Stage.L_Battle_Stage:PersistentLevel' has LevelScriptBlueprint '/Game/L_Battle_Stage.L_Battle_Stage:PersistentLevel.L_Battle_Stage' with GeneratedClass '/Game/L_Battle_Stage.L_Battle_Stage_C' with ClassGeneratedBy '/Game/L_Battle_Stage.L_Battle_Stage:PersistentLevel.L_Battle_Stage'
[2017.03.20-08.28.47:187][521]LogBlueprintUserMessages: Late EndPlayMap Detection: Level '/Game/L_Battle_Stage.L_Battle_Stage:PersistentLevel' has LevelScriptBlueprint '/Game/L_Battle_Stage.L_Battle_Stage:PersistentLevel.L_Battle_Stage' with GeneratedClass '/Game/L_Battle_Stage.L_Battle_Stage_C' with ClassGeneratedBy '/Game/L_Battle_Stage.L_Battle_Stage:PersistentLevel.L_Battle_Stage'
[2017.03.20-08.31.04:640][369]LogSavePackage: Save=152.33ms
[2017.03.20-08.31.04:640][369]LogSavePackage: Moving '../../../../../../Users/sh Kim/Documents/GitHub/PrototypingBackup/nonamed/Saved/L_Battle_Stage1DC3BDDC4666D4C61DB77CAAAE806C76.tmp' to '../../../../../../Users/sh Kim/Documents/GitHub/PrototypingBackup/nonamed/Content/L_Battle_Stage.umap'
[2017.03.20-08.31.04:643][369]LogSavePackage:Display: Finished SavePackage ../../../../../../Users/sh Kim/Documents/GitHub/PrototypingBackup/nonamed/Content/L_Battle_Stage.umap
[2017.03.20-08.31.04:680][369]LogFileHelpers: Saving map 'L_Battle_Stage' took 0.289
[2017.03.20-08.31.04:683][369]Cmd: OBJ SAVEPACKAGE PACKAGE="/Game/Blueprint/Unit/Unit" FILE="../../../../../../Users/sh Kim/Documents/GitHub/PrototypingBackup/nonamed/Content/Blueprint/Unit/Unit.uasset" SILENT=true
[2017.03.20-08.31.04:890][369]LogSavePackage: Save=171.73ms
[2017.03.20-08.31.04:890][369]LogSavePackage: Moving '../../../../../../Users/sh Kim/Documents/GitHub/PrototypingBackup/nonamed/Saved/Unit4EF84D6C4A06452C80EB61AD6F1EFD15.tmp' to '../../../../../../Users/sh Kim/Documents/GitHub/PrototypingBackup/nonamed/Content/Blueprint/Unit/Unit.uasset'
[2017.03.20-08.31.04:893][369]LogSavePackage:Display: Finished SavePackage ../../../../../../Users/sh Kim/Documents/GitHub/PrototypingBackup/nonamed/Content/Blueprint/Unit/Unit.uasset
[2017.03.20-08.31.06:682][491]LogTemp: Repeting last play command: Selected Viewport
[2017.03.20-08.31.06:708][491]LogBlueprintUserMessages: Early PlayInEditor Detection: Level '/Game/L_Battle_Stage.L_Battle_Stage:PersistentLevel' has LevelScriptBlueprint '/Game/L_Battle_Stage.L_Battle_Stage:PersistentLevel.L_Battle_Stage' with GeneratedClass '/Game/L_Battle_Stage.L_Battle_Stage_C' with ClassGeneratedBy '/Game/L_Battle_Stage.L_Battle_Stage:PersistentLevel.L_Battle_Stage'
[2017.03.20-08.31.06:708][491]BlueprintLog: New page: Pre-Play auto-recompile
[2017.03.20-08.31.06:708][491]LogPlayLevel: [PlayLevel] Compiling Unit before play...
[2017.03.20-08.31.06:892][491]LogPlayLevel: [PlayLevel]   Compiling U_Archer as a dependent...
[2017.03.20-08.31.06:924][491]LogPlayLevel: [PlayLevel]   Compiling U_Bomber as a dependent...
[2017.03.20-08.31.06:950][491]LogPlayLevel: [PlayLevel]   Compiling U_GiantKnight as a dependent...
[2017.03.20-08.31.06:970][491]LogPlayLevel: [PlayLevel]   Compiling U_Knight as a dependent...
[2017.03.20-08.31.06:988][491]LogPlayLevel: [PlayLevel]   Compiling U_MiniArcher as a dependent...
[2017.03.20-08.31.07:016][491]LogPlayLevel: [PlayLevel]   Compiling U_MiniKnight as a dependent...
[2017.03.20-08.31.08:548][491]LogPlayLevel: PlayLevel: Blueprint regeneration took 1839 ms (7 blueprints)
[2017.03.20-08.31.08:548][491]PIE: New page: PIE session: L_Battle_Stage (Mar 21, 2017, 2:31:08 AM)
[2017.03.20-08.31.08:548][491]LogPlayLevel: Creating play world package: /Game/UEDPIE_0_L_Battle_Stage
[2017.03.20-08.31.08:554][491]LogPlayLevel: PIE: StaticDuplicateObject took: (0.005709s)
[2017.03.20-08.31.08:555][491]LogAIModule: Creating AISystem for world L_Battle_Stage
[2017.03.20-08.31.08:555][491]LogPlayLevel: PIE: World Init took: (0.001272s)
[2017.03.20-08.31.08:556][491]LogPlayLevel: PIE: Created PIE world by copying editor world from /Game/L_Battle_Stage.L_Battle_Stage to /Game/UEDPIE_0_L_Battle_Stage.L_Battle_Stage (0.007706s)
[2017.03.20-08.31.08:575][491]LogInit: XAudio2 using '스피커(Realtek High Definition Audio)' : 2 channels at 48 kHz using 32 bits per sample (channel mask 0x3)
[2017.03.20-08.31.08:582][491]LogInit: FAudioDevice initialized.
[2017.03.20-08.31.08:617][491]LogLoad: Game class is 'MyGameMode_C'
[2017.03.20-08.31.08:620][491]LogWorld: Bringing World /Game/UEDPIE_0_L_Battle_Stage.L_Battle_Stage up for play (max tick rate 0) at 2017.03.20-17.31.08
[2017.03.20-08.31.08:621][491]LogWorld: Bringing up level for play took: 0.003092
[2017.03.20-08.31.08:624][491]PIE: Info Play in editor start time for /Game/UEDPIE_0_L_Battle_Stage 2.372
[2017.03.20-08.31.08:624][491]LogBlueprintUserMessages: Late PlayInEditor Detection: Level '/Game/L_Battle_Stage.L_Battle_Stage:PersistentLevel' has LevelScriptBlueprint '/Game/L_Battle_Stage.L_Battle_Stage:PersistentLevel.L_Battle_Stage' with GeneratedClass '/Game/L_Battle_Stage.L_Battle_Stage_C' with ClassGeneratedBy '/Game/L_Battle_Stage.L_Battle_Stage:PersistentLevel.L_Battle_Stage'
[2017.03.20-08.31.09:988][497]LogBlueprintUserMessages: [Enemy_Blueprint] Enemy Deploy Start
[2017.03.20-08.31.09:988][497]LogBlueprintUserMessages: [Enemy_Blueprint] Get Deployable Unit Fail.
[2017.03.20-08.31.09:988][497]LogBlueprintUserMessages: [Enemy_Blueprint] Enemy Deploy End
[2017.03.20-08.31.11:357][589]LogBlueprintUserMessages: [None] RangedPosCount: 12
[2017.03.20-08.31.11:358][589]LogScript:Warning: Accessed None trying to read property CallFunc_Create_ReturnValue2
	PlayerBP_C /Game/UEDPIE_0_L_Battle_Stage.L_Battle_Stage:PersistentLevel.Player_Blueprint
	Function /Game/PlayerBP.PlayerBP_C:GoNextGameSteb:02A3
[2017.03.20-08.31.11:358][589]LogScript:Warning: Accessed None trying to read property CallFunc_Create_ReturnValue3
	PlayerBP_C /Game/UEDPIE_0_L_Battle_Stage.L_Battle_Stage:PersistentLevel.Player_Blueprint
	Function /Game/PlayerBP.PlayerBP_C:GoNextGameSteb:02C8
[2017.03.20-08.31.11:358][589]LogScript:Warning: Accessed None trying to read property CallFunc_Create_ReturnValue4
	PlayerBP_C /Game/UEDPIE_0_L_Battle_Stage.L_Battle_Stage:PersistentLevel.Player_Blueprint
	Function /Game/PlayerBP.PlayerBP_C:GoNextGameSteb:02ED
[2017.03.20-08.31.11:359][589]LogScript:Warning: Accessed None trying to read property CallFunc_Create_ReturnValue5
	PlayerBP_C /Game/UEDPIE_0_L_Battle_Stage.L_Battle_Stage:PersistentLevel.Player_Blueprint
	Function /Game/PlayerBP.PlayerBP_C:GoNextGameSteb:0312
[2017.03.20-08.31.14:357][780]LogBlueprintUserMessages: [None] RangedPosCount: 10
[2017.03.20-08.31.14:360][780]LogBlueprintUserMessages: [None] RangedPosCount: 8
[2017.03.20-08.31.18:309][ 24]LogBlueprintUserMessages: Early EndPlayMap Detection: Level '/Game/L_Battle_Stage.L_Battle_Stage:PersistentLevel' has LevelScriptBlueprint '/Game/L_Battle_Stage.L_Battle_Stage:PersistentLevel.L_Battle_Stage' with GeneratedClass '/Game/L_Battle_Stage.L_Battle_Stage_C' with ClassGeneratedBy '/Game/L_Battle_Stage.L_Battle_Stage:PersistentLevel.L_Battle_Stage'
[2017.03.20-08.31.18:346][ 24]LogBlueprintUserMessages: Late EndPlayMap Detection: Level '/Game/L_Battle_Stage.L_Battle_Stage:PersistentLevel' has LevelScriptBlueprint '/Game/L_Battle_Stage.L_Battle_Stage:PersistentLevel.L_Battle_Stage' with GeneratedClass '/Game/L_Battle_Stage.L_Battle_Stage_C' with ClassGeneratedBy '/Game/L_Battle_Stage.L_Battle_Stage:PersistentLevel.L_Battle_Stage'
[2017.03.20-08.31.40:707][443]LogSavePackage: Save=150.61ms
[2017.03.20-08.31.40:707][443]LogSavePackage: Moving '../../../../../../Users/sh Kim/Documents/GitHub/PrototypingBackup/nonamed/Saved/L_Battle_Stage2AB5DED64EF275FBC9BB8689FC4547BB.tmp' to '../../../../../../Users/sh Kim/Documents/GitHub/PrototypingBackup/nonamed/Content/L_Battle_Stage.umap'
[2017.03.20-08.31.40:710][443]LogSavePackage:Display: Finished SavePackage ../../../../../../Users/sh Kim/Documents/GitHub/PrototypingBackup/nonamed/Content/L_Battle_Stage.umap
[2017.03.20-08.31.40:744][443]LogFileHelpers: Saving map 'L_Battle_Stage' took 0.285
[2017.03.20-08.31.40:746][443]Cmd: OBJ SAVEPACKAGE PACKAGE="/Game/Blueprint/Unit/Unit" FILE="../../../../../../Users/sh Kim/Documents/GitHub/PrototypingBackup/nonamed/Content/Blueprint/Unit/Unit.uasset" SILENT=true
[2017.03.20-08.31.40:954][443]LogSavePackage: Save=171.90ms
[2017.03.20-08.31.40:954][443]LogSavePackage: Moving '../../../../../../Users/sh Kim/Documents/GitHub/PrototypingBackup/nonamed/Saved/Unit5079863C4C9190D5AC84A695B3FE55BC.tmp' to '../../../../../../Users/sh Kim/Documents/GitHub/PrototypingBackup/nonamed/Content/Blueprint/Unit/Unit.uasset'
[2017.03.20-08.31.40:957][443]LogSavePackage:Display: Finished SavePackage ../../../../../../Users/sh Kim/Documents/GitHub/PrototypingBackup/nonamed/Content/Blueprint/Unit/Unit.uasset
[2017.03.20-08.32.45:823][931]Cmd: OBJ SAVEPACKAGE PACKAGE="/Game/Blueprint/Unit/Unit" FILE="../../../../../../Users/sh Kim/Documents/GitHub/PrototypingBackup/nonamed/Content/Blueprint/Unit/Unit.uasset" SILENT=true
[2017.03.20-08.32.46:030][931]LogSavePackage: Save=172.75ms
[2017.03.20-08.32.46:030][931]LogSavePackage: Moving '../../../../../../Users/sh Kim/Documents/GitHub/PrototypingBackup/nonamed/Saved/Unit4387C5CE4E0E7947107FDE86349C4948.tmp' to '../../../../../../Users/sh Kim/Documents/GitHub/PrototypingBackup/nonamed/Content/Blueprint/Unit/Unit.uasset'
[2017.03.20-08.32.46:034][931]LogSavePackage:Display: Finished SavePackage ../../../../../../Users/sh Kim/Documents/GitHub/PrototypingBackup/nonamed/Content/Blueprint/Unit/Unit.uasset
[2017.03.20-08.33.14:544][191]LogTemp: Repeting last play command: Selected Viewport
[2017.03.20-08.33.14:648][191]LogBlueprintUserMessages: Early PlayInEditor Detection: Level '/Game/L_Battle_Stage.L_Battle_Stage:PersistentLevel' has LevelScriptBlueprint '/Game/L_Battle_Stage.L_Battle_Stage:PersistentLevel.L_Battle_Stage' with GeneratedClass '/Game/L_Battle_Stage.L_Battle_Stage_C' with ClassGeneratedBy '/Game/L_Battle_Stage.L_Battle_Stage:PersistentLevel.L_Battle_Stage'
[2017.03.20-08.33.14:648][191]BlueprintLog: New page: Pre-Play auto-recompile
[2017.03.20-08.33.14:648][191]LogPlayLevel: [PlayLevel] Compiling Unit before play...
[2017.03.20-08.33.14:834][191]LogPlayLevel: [PlayLevel]   Compiling U_Archer as a dependent...
[2017.03.20-08.33.14:865][191]LogPlayLevel: [PlayLevel]   Compiling U_Bomber as a dependent...
[2017.03.20-08.33.14:891][191]LogPlayLevel: [PlayLevel]   Compiling U_GiantKnight as a dependent...
[2017.03.20-08.33.14:910][191]LogPlayLevel: [PlayLevel]   Compiling U_Knight as a dependent...
[2017.03.20-08.33.14:929][191]LogPlayLevel: [PlayLevel]   Compiling U_MiniArcher as a dependent...
[2017.03.20-08.33.14:956][191]LogPlayLevel: [PlayLevel]   Compiling U_MiniKnight as a dependent...
[2017.03.20-08.33.16:463][191]LogPlayLevel: PlayLevel: Blueprint regeneration took 1814 ms (7 blueprints)
[2017.03.20-08.33.16:463][191]PIE: New page: PIE session: L_Battle_Stage (Mar 21, 2017, 2:33:16 AM)
[2017.03.20-08.33.16:463][191]LogPlayLevel: Creating play world package: /Game/UEDPIE_0_L_Battle_Stage
[2017.03.20-08.33.16:469][191]LogPlayLevel: PIE: StaticDuplicateObject took: (0.005522s)
[2017.03.20-08.33.16:469][191]LogAIModule: Creating AISystem for world L_Battle_Stage
[2017.03.20-08.33.16:470][191]LogPlayLevel: PIE: World Init took: (0.000982s)
[2017.03.20-08.33.16:470][191]LogPlayLevel: PIE: Created PIE world by copying editor world from /Game/L_Battle_Stage.L_Battle_Stage to /Game/UEDPIE_0_L_Battle_Stage.L_Battle_Stage (0.007019s)
[2017.03.20-08.33.16:489][191]LogInit: XAudio2 using '스피커(Realtek High Definition Audio)' : 2 channels at 48 kHz using 32 bits per sample (channel mask 0x3)
[2017.03.20-08.33.16:496][191]LogInit: FAudioDevice initialized.
[2017.03.20-08.33.16:528][191]LogLoad: Game class is 'MyGameMode_C'
[2017.03.20-08.33.16:531][191]LogWorld: Bringing World /Game/UEDPIE_0_L_Battle_Stage.L_Battle_Stage up for play (max tick rate 0) at 2017.03.20-17.33.16
[2017.03.20-08.33.16:532][191]LogWorld: Bringing up level for play took: 0.002484
[2017.03.20-08.33.16:535][191]PIE: Info Play in editor start time for /Game/UEDPIE_0_L_Battle_Stage 2.282
[2017.03.20-08.33.16:535][191]LogBlueprintUserMessages: Late PlayInEditor Detection: Level '/Game/L_Battle_Stage.L_Battle_Stage:PersistentLevel' has LevelScriptBlueprint '/Game/L_Battle_Stage.L_Battle_Stage:PersistentLevel.L_Battle_Stage' with GeneratedClass '/Game/L_Battle_Stage.L_Battle_Stage_C' with ClassGeneratedBy '/Game/L_Battle_Stage.L_Battle_Stage:PersistentLevel.L_Battle_Stage'
[2017.03.20-08.33.16:705][197]LogBlueprintUserMessages: [Enemy_Blueprint] Enemy Deploy Start
[2017.03.20-08.33.16:705][197]LogBlueprintUserMessages: [Enemy_Blueprint] Get Deployable Unit Fail.
[2017.03.20-08.33.16:705][197]LogBlueprintUserMessages: [Enemy_Blueprint] Enemy Deploy End
[2017.03.20-08.33.18:907][348]LogEditorViewport: Clicking on Actor (LMB): U_Knight_C (U_Knight3)
[2017.03.20-08.33.21:218][462]LogEditorViewport: Clicking on Actor (LMB): U_GiantKnight_C (U_GiantKnight)
[2017.03.20-08.33.22:419][510]LogEditorViewport: Clicking on Actor (LMB): U_GiantKnight_C (U_GiantKnight)
[2017.03.20-08.33.31:645][146]LogBlueprintUserMessages: [None] RangedPosCount: 12
[2017.03.20-08.33.31:646][146]LogScript:Warning: Accessed None trying to read property CallFunc_Create_ReturnValue2
	PlayerBP_C /Game/UEDPIE_0_L_Battle_Stage.L_Battle_Stage:PersistentLevel.Player_Blueprint
	Function /Game/PlayerBP.PlayerBP_C:GoNextGameSteb:02A3
[2017.03.20-08.33.31:646][146]LogScript:Warning: Accessed None trying to read property CallFunc_Create_ReturnValue3
	PlayerBP_C /Game/UEDPIE_0_L_Battle_Stage.L_Battle_Stage:PersistentLevel.Player_Blueprint
	Function /Game/PlayerBP.PlayerBP_C:GoNextGameSteb:02C8
[2017.03.20-08.33.31:646][146]LogScript:Warning: Accessed None trying to read property CallFunc_Create_ReturnValue4
	PlayerBP_C /Game/UEDPIE_0_L_Battle_Stage.L_Battle_Stage:PersistentLevel.Player_Blueprint
	Function /Game/PlayerBP.PlayerBP_C:GoNextGameSteb:02ED
[2017.03.20-08.33.31:646][146]LogScript:Warning: Accessed None trying to read property CallFunc_Create_ReturnValue5
	PlayerBP_C /Game/UEDPIE_0_L_Battle_Stage.L_Battle_Stage:PersistentLevel.Player_Blueprint
	Function /Game/PlayerBP.PlayerBP_C:GoNextGameSteb:0312
[2017.03.20-08.33.34:098][321]LogEditorViewport: Clicking on Actor (LMB): U_GiantKnight_C (U_GiantKnight)
[2017.03.20-08.33.36:232][414]LogEditorViewport: Clicking on Actor (LMB): U_GiantKnight_C (U_GiantKnight)
[2017.03.20-08.33.38:048][503]LogEditorViewport: Clicking on Actor (LMB): U_GiantKnight_C (U_GiantKnight)
[2017.03.20-08.33.39:038][539]LogEditorViewport: Clicking on Actor (LMB): U_Knight_C (U_Knight3)
[2017.03.20-08.33.44:445][825]LogBlueprintUserMessages: [None] RangedPosCount: 8
[2017.03.20-08.33.44:448][825]LogBlueprintUserMessages: [None] RangedPosCount: 11
[2017.03.20-08.33.47:114][984]LogEditorViewport: Clicking on Actor (LMB): U_GiantKnight_C (U_GiantKnight)
[2017.03.20-08.33.49:542][ 93]LogEditorViewport: Clicking on Actor (LMB): U_GiantKnight_C (U_GiantKnight)
[2017.03.20-08.33.51:123][153]LogEditorViewport: Clicking on Actor (LMB): U_GiantKnight_C (U_GiantKnight)
[2017.03.20-08.36.19:429][285]LogBlueprintUserMessages: Early EndPlayMap Detection: Level '/Game/L_Battle_Stage.L_Battle_Stage:PersistentLevel' has LevelScriptBlueprint '/Game/L_Battle_Stage.L_Battle_Stage:PersistentLevel.L_Battle_Stage' with GeneratedClass '/Game/L_Battle_Stage.L_Battle_Stage_C' with ClassGeneratedBy '/Game/L_Battle_Stage.L_Battle_Stage:PersistentLevel.L_Battle_Stage'
[2017.03.20-08.36.19:581][285]LogBlueprintUserMessages: Late EndPlayMap Detection: Level '/Game/L_Battle_Stage.L_Battle_Stage:PersistentLevel' has LevelScriptBlueprint '/Game/L_Battle_Stage.L_Battle_Stage:PersistentLevel.L_Battle_Stage' with GeneratedClass '/Game/L_Battle_Stage.L_Battle_Stage_C' with ClassGeneratedBy '/Game/L_Battle_Stage.L_Battle_Stage:PersistentLevel.L_Battle_Stage'
[2017.03.20-08.39.58:147][197]LogSavePackage: Save=153.63ms
[2017.03.20-08.39.58:147][197]LogSavePackage: Moving '../../../../../../Users/sh Kim/Documents/GitHub/PrototypingBackup/nonamed/Saved/L_Battle_Stage1069FCFD44F3F285EB8D249953D14801.tmp' to '../../../../../../Users/sh Kim/Documents/GitHub/PrototypingBackup/nonamed/Content/L_Battle_Stage.umap'
[2017.03.20-08.39.58:150][197]LogSavePackage:Display: Finished SavePackage ../../../../../../Users/sh Kim/Documents/GitHub/PrototypingBackup/nonamed/Content/L_Battle_Stage.umap
[2017.03.20-08.39.58:185][197]LogFileHelpers: Saving map 'L_Battle_Stage' took 0.296
[2017.03.20-08.39.58:187][197]Cmd: OBJ SAVEPACKAGE PACKAGE="/Game/Widget/W_Battle" FILE="../../../../../../Users/sh Kim/Documents/GitHub/PrototypingBackup/nonamed/Content/Widget/W_Battle.uasset" SILENT=true
[2017.03.20-08.39.58:254][197]LogSavePackage: Save=28.86ms
[2017.03.20-08.39.58:254][197]LogSavePackage: Moving '../../../../../../Users/sh Kim/Documents/GitHub/PrototypingBackup/nonamed/Saved/W_Battle9773ED8E48D2E167B3AD01833F582C54.tmp' to '../../../../../../Users/sh Kim/Documents/GitHub/PrototypingBackup/nonamed/Content/Widget/W_Battle.uasset'
[2017.03.20-08.39.58:257][197]LogSavePackage:Display: Finished SavePackage ../../../../../../Users/sh Kim/Documents/GitHub/PrototypingBackup/nonamed/Content/Widget/W_Battle.uasset
[2017.03.20-08.41.41:755][620]Cmd: OBJ SAVEPACKAGE PACKAGE="/Game/StaticFunction" FILE="../../../../../../Users/sh Kim/Documents/GitHub/PrototypingBackup/nonamed/Content/StaticFunction.uasset" SILENT=true
[2017.03.20-08.41.41:888][620]LogSavePackage: Save=92.43ms
[2017.03.20-08.41.41:888][620]LogSavePackage: Moving '../../../../../../Users/sh Kim/Documents/GitHub/PrototypingBackup/nonamed/Saved/StaticFunction40D95EE54997C73B43C33284BAECCAD4.tmp' to '../../../../../../Users/sh Kim/Documents/GitHub/PrototypingBackup/nonamed/Content/StaticFunction.uasset'
[2017.03.20-08.41.41:891][620]LogSavePackage:Display: Finished SavePackage ../../../../../../Users/sh Kim/Documents/GitHub/PrototypingBackup/nonamed/Content/StaticFunction.uasset
[2017.03.20-08.42.28:280][782]LogEditorTransaction: Undo Move Node
[2017.03.20-08.42.29:369][845]LogEditorTransaction: Undo Add Node
[2017.03.20-08.42.30:017][882]LogEditorTransaction: Undo Delete current selection
[2017.03.20-08.42.30:542][912]LogEditorTransaction: Undo Add Node
[2017.03.20-08.42.31:066][942]LogEditorTransaction: Undo Move Node
[2017.03.20-08.42.31:570][972]LogEditorTransaction: Undo Add Node
[2017.03.20-08.42.32:074][  2]LogEditorTransaction: Undo Rename Function
[2017.03.20-08.42.32:600][ 35]LogEditorTransaction: Undo Add New Function
[2017.03.20-08.42.32:990][ 35]LogCrashTracker: 


[2017.03.20-08.42.32:990][ 35]LogCrashTracker: 


[2017.03.20-08.42.32:990][ 35]LogWindows:Error: === Critical error: ===
[2017.03.20-08.42.32:990][ 35]LogWindows:Error: 
[2017.03.20-08.42.32:990][ 35]LogWindows:Error: Fatal error!
[2017.03.20-08.42.32:990][ 35]LogWindows:Error: 
[2017.03.20-08.42.32:990][ 35]LogWindows:Error: Unhandled Exception: EXCEPTION_ACCESS_VIOLATION reading address 0x00000000
[2017.03.20-08.42.32:990][ 35]LogWindows:Error: 
[2017.03.20-08.42.32:990][ 35]LogWindows:Error: UE4Editor-Kismet.dll!0x00000000A6D5A819
[2017.03.20-08.42.32:990][ 35]LogWindows:Error: UE4Editor-Kismet.dll!0x00000000A6DF2415
[2017.03.20-08.42.32:990][ 35]LogWindows:Error: UE4Editor-Kismet.dll!0x00000000A6E968DE
[2017.03.20-08.42.32:990][ 35]LogWindows:Error: UE4Editor-Slate.dll!0x00000000AE627175
[2017.03.20-08.42.32:990][ 35]LogWindows:Error: UE4Editor-Slate.dll!0x00000000AE62DD41
[2017.03.20-08.42.32:990][ 35]LogWindows:Error: UE4Editor-Slate.dll!0x00000000AE7BE9CD
[2017.03.20-08.42.32:990][ 35]LogWindows:Error: UE4Editor-UnrealEd.dll!0x00000000A900D812
[2017.03.20-08.42.32:990][ 35]LogWindows:Error: UE4Editor-UnrealEd.dll!0x00000000A8FF6D56
[2017.03.20-08.42.32:990][ 35]LogWindows:Error: UE4Editor-UnrealEd.dll!0x00000000A8FC3DED
[2017.03.20-08.42.32:990][ 35]LogWindows:Error: UE4Editor-UnrealEd.dll!0x00000000A8FC7464
[2017.03.20-08.42.32:991][ 35]LogWindows:Error: UE4Editor-Slate.dll!0x00000000AE6D9A69
[2017.03.20-08.42.32:991][ 35]LogWindows:Error: UE4Editor-Slate.dll!0x00000000AE741B51
[2017.03.20-08.42.32:991][ 35]LogWindows:Error: UE4Editor-Slate.dll!0x00000000AE734C9D
[2017.03.20-08.42.32:991][ 35]LogWindows:Error: UE4Editor-Slate.dll!0x00000000AE6D953D
[2017.03.20-08.42.32:991][ 35]LogWindows:Error: UE4Editor-Slate.dll!0x00000000AE737987
[2017.03.20-08.42.32:991][ 35]LogWindows:Error: UE4Editor-Slate.dll!0x00000000AE7EA371
[2017.03.20-08.42.32:991][ 35]LogWindows:Error: UE4Editor-Slate.dll!0x00000000AE7EA420
[2017.03.20-08.42.32:991][ 35]LogWindows:Error: UE4Editor-Kismet.dll!0x00000000A71A17F3
[2017.03.20-08.42.32:991][ 35]LogWindows:Error: UE4Editor-Kismet.dll!0x00000000A716BAD9
[2017.03.20-08.42.32:991][ 35]LogWindows:Error: UE4Editor-Kismet.dll!0x00000000A6DC4135
[2017.03.20-08.42.32:991][ 35]LogWindows:Error: UE4Editor-Kismet.dll!0x00000000A6D89036
[2017.03.20-08.42.32:991][ 35]LogWindows:Error: UE4Editor-Kismet.dll!0x00000000A6D4159C
[2017.03.20-08.42.32:991][ 35]LogWindows:Error: UE4Editor-Kismet.dll!0x00000000A6D45FDC
[2017.03.20-08.42.32:991][ 35]LogWindows:Error: UE4Editor-Engine.dll!0x00000000AA092F5A
[2017.03.20-08.42.32:991][ 35]LogWindows:Error: UE4Editor-UnrealEd.dll!0x00000000A8B7B4E3
[2017.03.20-08.42.32:991][ 35]LogWindows:Error: UE4Editor-Kismet.dll!0x00000000A6E9EB81
[2017.03.20-08.42.32:991][ 35]LogWindows:Error: UE4Editor-UnrealEd.dll!0x00000000A8850116
[2017.03.20-08.42.32:992][ 35]LogWindows:Error: UE4Editor-UnrealEd.dll!0x00000000A8876AD2
[2017.03.20-08.42.32:992][ 35]LogWindows:Error: UE4Editor-UnrealEd.dll!0x00000000A885F909
[2017.03.20-08.42.32:992][ 35]LogWindows:Error: UE4Editor-UnrealEd.dll!0x00000000A885FFCB
[2017.03.20-08.42.32:992][ 35]LogWindows:Error: UE4Editor-UnrealEd.dll!0x00000000A88C28AD
[2017.03.20-08.42.32:992][ 35]LogWindows:Error: UE4Editor-UnrealEd.dll!0x00000000A8907DB1
[2017.03.20-08.42.32:992][ 35]LogWindows:Error: UE4Editor-Kismet.dll!0x00000000A6D41941
[2017.03.20-08.42.32:992][ 35]LogWindows:Error: UE4Editor-Kismet.dll!0x00000000A6D463E6
[2017.03.20-08.42.32:992][ 35]LogWindows:Error: UE4Editor-Slate.dll!0x00000000AE618894
[2017.03.20-08.42.32:992][ 35]LogWindows:Error: UE4Editor-Slate.dll!0x00000000AE65DBC2
[2017.03.20-08.42.32:992][ 35]LogWindows:Error: UE4Editor-UnrealEd.dll!0x00000000A9016EEE
[2017.03.20-08.42.32:992][ 35]LogWindows:Error: UE4Editor-UnrealEd.dll!0x00000000A90012A4
[2017.03.20-08.42.32:992][ 35]LogWindows:Error: UE4Editor-Slate.dll!0x00000000AE6031D4
[2017.03.20-08.42.32:992][ 35]LogWindows:Error: UE4Editor-Slate.dll!0x00000000AE5D376E
[2017.03.20-08.42.32:992][ 35]LogWindows:Error: UE4Editor-Slate.dll!0x00000000AE5D5366
[2017.03.20-08.42.32:992][ 35]LogWindows:Error: UE4Editor-Slate.dll!0x00000000AE65F449
[2017.03.20-08.42.32:992][ 35]LogWindows:Error: UE4Editor-Slate.dll!0x00000000AE64E3C8
[2017.03.20-08.42.32:992][ 35]LogWindows:Error: UE4Editor-Core.dll!0x00000000AD8FCB2C
[2017.03.20-08.42.32:992][ 35]LogWindows:Error: UE4Editor-Core.dll!0x00000000AD8E67B1
[2017.03.20-08.42.32:993][ 35]LogWindows:Error: UE4Editor-Core.dll!0x00000000AD8FEA0C
[2017.03.20-08.42.32:993][ 35]LogWindows:Error: UE4Editor-Core.dll!0x00000000AD8E26D9
[2017.03.20-08.42.32:993][ 35]LogWindows:Error: USER32.dll!0x00000000EFD01C24
[2017.03.20-08.42.32:993][ 35]LogWindows:Error: USER32.dll!0x00000000EFD0156C
[2017.03.20-08.42.32:993][ 35]LogWindows:Error: UE4Editor-Core.dll!0x00000000AD8FF316
[2017.03.20-08.42.32:993][ 35]LogWindows:Error: UE4Editor.exe!0x00000000FF11D790
[2017.03.20-08.42.32:993][ 35]LogWindows:Error: UE4Editor.exe!0x00000000FF10EB40
[2017.03.20-08.42.32:993][ 35]LogWindows:Error: UE4Editor.exe!0x00000000FF10EBBA
[2017.03.20-08.42.32:993][ 35]LogWindows:Error: UE4Editor.exe!0x00000000FF120A29
[2017.03.20-08.42.32:993][ 35]LogWindows:Error: UE4Editor.exe!0x00000000FF1222B6
[2017.03.20-08.42.32:993][ 35]LogWindows:Error: KERNEL32.DLL!0x00000000EF058364
[2017.03.20-08.42.32:993][ 35]LogWindows:Error: ntdll.dll!0x00000000F02170D1
[2017.03.20-08.42.32:993][ 35]LogWindows:Error: ntdll.dll!0x00000000F02170D1
[2017.03.20-08.42.32:993][ 35]LogWindows:Error: 
[2017.03.20-08.42.33:023][ 35]LogExit: Executing StaticShutdownAfterError
[2017.03.20-08.42.33:027][ 35]LogWindows: FPlatformMisc::RequestExit(1)
[2017.03.20-08.42.33:027][ 35]Log file closed, 03/20/17 17:42:33
