Log file open, 03/25/17 18:50:51
LogInit:Display: Running engine for game: nonamed
LogPlatformFile: Not using cached read wrapper
LogInit:Display: RandInit(-2030344295) SRandInit(-2030344295).
LogTaskGraph: Started task graph with 5 named threads and 8 total threads with 1 sets of task threads.
LogStats: Stats thread started at 0.072779
LogInit: Using libcurl 7.47.1
LogInit:  - built for x86_64-pc-win32
LogInit:  - supports SSL with OpenSSL/1.0.2g
LogInit:  - supports HTTP deflate (compression) using libz 1.2.8
LogInit:  - other features:
LogInit:      CURL_VERSION_SSL
LogInit:      CURL_VERSION_LIBZ
LogInit:      CURL_VERSION_IPV6
LogInit:      CURL_VERSION_ASYNCHDNS
LogInit:      CURL_VERSION_LARGEFILE
LogInit:      CURL_VERSION_IDN
LogInit:  CurlRequestOptions (configurable via config and command line):
LogInit:  - bVerifyPeer = false  - Libcurl will NOT verify peer certificate
LogInit:  - bUseHttpProxy = false  - Libcurl will NOT use HTTP proxy
LogInit:  - bDontReuseConnections = false  - Libcurl will reuse connections
LogInit:  - CertBundlePath = nullptr  - Libcurl will use whatever was configured at build time.
OCULUS: Info: [CAPI] LibOVR module is located at C:\Program Files\Oculus\Support\oculus-runtime\LibOVRRT64_1.dll
OCULUS: Debug: Connected to the server running version (prod = 1).1.12.0(build = 347531) feature version = 0. Client runs version (prod = 1).1.12.0(build = 347531) feature version = 0
OCULUS: Debug: [HMDState] Using default profile default
OCULUS: Info: IAD changed to 64.7mm
OCULUS: Debug: [SharedMemory] Creating factory
LogHMD: GearVR: Emulating GearVR using Oculus Rift!
LogInit: Build: ++UE4+Release-4.15-CL-3348071
LogInit: Engine Version: 4.15.1-3348071+++UE4+Release-4.15
LogInit: Compatible Engine Version: 4.15.0-3299760+++UE4+Release-4.15
LogInit: Net CL: 3299760
LogDevObjectVersion: Number of dev versions registered: 14
LogDevObjectVersion:   Dev-Blueprints (B0D832E4-1F89-4F0D-ACCF-7EB736FD4AA2): 8
LogDevObjectVersion:   Dev-Build (E1C64328-A22C-4D53-A36C-8E866417BD8C): 0
LogDevObjectVersion:   Dev-Core (375EC13C-06E4-48FB-B500-84F0262A717E): 2
LogDevObjectVersion:   Dev-Editor (E4B068ED-F494-42E9-A231-DA0B2E46BB41): 14
LogDevObjectVersion:   Dev-Framework (CFFC743F-43B0-4480-9391-14DF171D2073): 22
LogDevObjectVersion:   Dev-Mobile (B02B49B5-BB20-44E9-A304-32B752E40360): 0
LogDevObjectVersion:   Dev-Networking (A4E4105C-59A1-49B5-A7C5-40C4547EDFEE): 0
LogDevObjectVersion:   Dev-Online (39C831C9-5AE6-47DC-9A44-9C173E1C8E7C): 0
LogDevObjectVersion:   Dev-Physics (78F01B33-EBEA-4F98-B9B4-84EACCB95AA2): 0
LogDevObjectVersion:   Dev-Platform (6631380F-2D4D-43E0-8009-CF276956A95A): 0
LogDevObjectVersion:   Dev-Rendering (12F88B9F-8875-4AFC-A67C-D90C383ABD29): 12
LogDevObjectVersion:   Dev-Sequencer (7B5AE74C-D270-4C10-A958-57980B212A5A): 3
LogDevObjectVersion:   Dev-VR (D7296918-1DD6-4BDD-9DE2-64A83CC13884): 0
LogDevObjectVersion:   Dev-LoadTimes (C2A15278-BFE7-4AFE-6C17-90FF531DF755): 1
LogInit: Compiled (64-bit): Mar 15 2017 16:52:47
LogInit: Compiled with Visual C++: 19.00.23026.00
LogInit: Build Configuration: Development
LogInit: Branch Name: ++UE4+Release-4.15
LogInit: Command line: -EpicPortal 
LogInit: Base directory: C:/Program Files/Epic Games/UE_4.15/Engine/Binaries/Win64/
LogInit: Installed Engine Build: 1
LogInit: Presizing for max 8388607 objects, including 0 objects not considered by GC, pre-allocating 0 bytes for permanent pool.
LogInit: Object subsystem initialized
[2017.03.25-09.50.52:439][  0]LogInit: Selected Device Profile: [Windows]
[2017.03.25-09.50.52:439][  0]LogInit: Applying CVar settings loaded from the selected device profile: [Windows]
[2017.03.25-09.50.52:447][  0]LogInit: Computer: DESKTOP-HM7CSNG
[2017.03.25-09.50.52:447][  0]LogInit: User: thtjd
[2017.03.25-09.50.52:447][  0]LogInit: CPU Page size=65536, Cores=4
[2017.03.25-09.50.52:447][  0]LogInit: High frequency timer resolution =3.328125 MHz
[2017.03.25-09.50.52:447][  0]LogMemory: Memory total: Physical=31.9GB (32GB approx)
[2017.03.25-09.50.52:447][  0]LogMemory: Platform Memory Stats for Windows
[2017.03.25-09.50.52:447][  0]LogMemory: Process Physical Memory: 269.41 MB used, 269.41 MB peak
[2017.03.25-09.50.52:447][  0]LogMemory: Process Virtual Memory: 265.40 MB used, 265.40 MB peak
[2017.03.25-09.50.52:447][  0]LogMemory: Physical Memory: 8288.07 MB used,  24414.63 MB free, 32702.71 MB total
[2017.03.25-09.50.52:447][  0]LogMemory: Virtual Memory: 681.24 MB used,  24414.63 MB free, 134217728.00 MB total
[2017.03.25-09.50.52:511][  0]LogInit: Overriding culture en with editor configuration.
[2017.03.25-09.50.53:057][  0]LogD3D11RHI: D3D11 adapters:
[2017.03.25-09.50.53:556][  0]LogD3D11RHI:    0. 'NVIDIA GeForce GTX 1070' (Feature Level 11_0)
[2017.03.25-09.50.53:556][  0]LogD3D11RHI:       8119/0/16351 MB DedicatedVideo/DedicatedSystem/SharedSystem, Outputs:2, VendorId:0x10de
[2017.03.25-09.50.53:558][  0]LogD3D11RHI:    1. 'Microsoft Basic Render Driver' (Feature Level 11_0)
[2017.03.25-09.50.53:558][  0]LogD3D11RHI:       0/0/16351 MB DedicatedVideo/DedicatedSystem/SharedSystem, Outputs:0, VendorId:0x1414
[2017.03.25-09.50.53:558][  0]LogD3D11RHI: Chosen D3D11 Adapter: 0
[2017.03.25-09.50.53:561][  0]LogD3D11RHI: Creating new Direct3DDevice
[2017.03.25-09.50.53:561][  0]LogD3D11RHI:     GPU DeviceId: 0x1b81 (for the marketing name, search the web for "GPU Device Id")
[2017.03.25-09.50.53:561][  0]LogWindows: EnumDisplayDevices:
[2017.03.25-09.50.53:561][  0]LogWindows:    0. 'NVIDIA GeForce GTX 1070' (P:0 D:1)
[2017.03.25-09.50.53:561][  0]LogWindows:    1. 'NVIDIA GeForce GTX 1070' (P:1 D:1)
[2017.03.25-09.50.53:562][  0]LogWindows:    2. 'NVIDIA GeForce GTX 1070' (P:0 D:0)
[2017.03.25-09.50.53:562][  0]LogWindows:    3. 'NVIDIA GeForce GTX 1070' (P:0 D:0)
[2017.03.25-09.50.53:562][  0]LogWindows: DebugString: FoundDriverCount:4 
[2017.03.25-09.50.53:562][  0]LogD3D11RHI:     Adapter Name: NVIDIA GeForce GTX 1070
[2017.03.25-09.50.53:562][  0]LogD3D11RHI:   Driver Version: 378.92 (internal:21.21.13.7892, unified:378.92)
[2017.03.25-09.50.53:562][  0]LogD3D11RHI:      Driver Date: 3-16-2017
[2017.03.25-09.50.53:562][  0]LogRHI: Texture pool is 1361 MB (70% of 1945 MB)
[2017.03.25-09.50.54:017][  0]LogD3D11RHI: Async texture creation enabled
[2017.03.25-09.50.54:045][  0]LogD3D11RHI: GPU Timing Frequency: 1000.000000 (Debug: 2 1)
[2017.03.25-09.50.54:137][  0]LogShaderCompilers: Guid format shader working directory is 3 characters bigger than the processId version (D:/UnrealProjects/PrototypingBackupp/nonamed/Intermediate/Shaders/WorkingDirectory/528/).
[2017.03.25-09.50.54:137][  0]LogShaderCompilers: Cleaned the shader compiler working directory 'C:/Users/thtjd/AppData/Local/Temp/UnrealShaderWorkingDir/3D471F8D4570D2EED04018B88AA5E4E5/'.
[2017.03.25-09.50.54:137][  0]LogShaderCompilers:Display: Using Local Shader Compiler.
[2017.03.25-09.50.55:503][  0]LogTemp:Display: Loaded TP AllDesktopTargetPlatform
[2017.03.25-09.50.55:549][  0]LogTemp:Display: Loaded TP MacClientTargetPlatform
[2017.03.25-09.50.55:593][  0]LogTemp:Display: Loaded TP MacNoEditorTargetPlatform
[2017.03.25-09.50.55:638][  0]LogTemp:Display: Loaded TP MacServerTargetPlatform
[2017.03.25-09.50.55:683][  0]LogTemp:Display: Loaded TP MacTargetPlatform
[2017.03.25-09.50.55:728][  0]LogTemp:Display: Loaded TP WindowsClientTargetPlatform
[2017.03.25-09.50.55:772][  0]LogTemp:Display: Loaded TP WindowsNoEditorTargetPlatform
[2017.03.25-09.50.55:818][  0]LogTemp:Display: Loaded TP WindowsServerTargetPlatform
[2017.03.25-09.50.55:853][  0]LogTemp:Display: Loaded TP WindowsTargetPlatform
[2017.03.25-09.50.55:897][  0]LogTemp:Display: Loaded TP AndroidTargetPlatform
[2017.03.25-09.50.55:941][  0]LogTemp:Display: Loaded TP Android_ASTCTargetPlatform
[2017.03.25-09.50.55:985][  0]LogTemp:Display: Loaded TP Android_ATCTargetPlatform
[2017.03.25-09.50.56:029][  0]LogTemp:Display: Loaded TP Android_DXTTargetPlatform
[2017.03.25-09.50.56:074][  0]LogTemp:Display: Loaded TP Android_ETC1TargetPlatform
[2017.03.25-09.50.56:119][  0]LogTemp:Display: Loaded TP Android_ETC2TargetPlatform
[2017.03.25-09.50.56:208][  0]LogTemp:Display: Loaded TP Android_MultiTargetPlatform
[2017.03.25-09.50.56:208][  0]LogTemp:Display: Loaded TP Android_PVRTCTargetPlatform
[2017.03.25-09.50.56:239][  0]LogTemp:Display: Loaded TP HTML5TargetPlatform
[2017.03.25-09.50.56:322][  0]LogTemp:Display: Loaded TP IOSTargetPlatform
[2017.03.25-09.50.56:351][  0]LogTemp:Display: Loaded TP TVOSTargetPlatform
[2017.03.25-09.50.56:393][  0]LogTemp:Display: Loaded TP LinuxClientTargetPlatform
[2017.03.25-09.50.56:436][  0]LogTemp:Display: Loaded TP LinuxNoEditorTargetPlatform
[2017.03.25-09.50.56:480][  0]LogTemp:Display: Loaded TP LinuxServerTargetPlatform
[2017.03.25-09.50.56:523][  0]LogTemp:Display: Loaded TP LinuxTargetPlatform
[2017.03.25-09.50.56:523][  0]LogTargetPlatformManager:Display: Building Assets For Windows
[2017.03.25-09.50.56:866][  0]LogDerivedDataCache:Display: Max Cache Size: 512 MB
[2017.03.25-09.50.56:908][  0]LogDerivedDataCache: Loaded boot cache 0.04s 50MB C:/Users/thtjd/AppData/Local/UnrealEngine/4.15/DerivedDataCache/Boot.ddc.
[2017.03.25-09.50.56:908][  0]LogDerivedDataCache:Display: Loaded Boot cache: C:/Users/thtjd/AppData/Local/UnrealEngine/4.15/DerivedDataCache/Boot.ddc
[2017.03.25-09.50.56:908][  0]LogDerivedDataCache: FDerivedDataBackendGraph:  Pak pak cache file D:/UnrealProjects/PrototypingBackupp/nonamed/DerivedDataCache/DDC.ddp not found, will not use a pak cache.
[2017.03.25-09.50.56:908][  0]LogDerivedDataCache: Unable to find inner node Pak for hierarchical cache Hierarchy.
[2017.03.25-09.50.56:908][  0]LogDerivedDataCache: FDerivedDataBackendGraph:  CompressedPak pak cache file D:/UnrealProjects/PrototypingBackupp/nonamed/DerivedDataCache/Compressed.ddp not found, will not use a pak cache.
[2017.03.25-09.50.56:908][  0]LogDerivedDataCache: Unable to find inner node CompressedPak for hierarchical cache Hierarchy.
[2017.03.25-09.50.56:924][  0]LogDerivedDataCache:Display: Pak cache opened for reading ../../../Engine/DerivedDataCache/Compressed.ddp.
[2017.03.25-09.50.56:935][  0]LogDerivedDataCache: Using Local data cache path C:/Users/thtjd/AppData/Local/UnrealEngine/Common/DerivedDataCache: Writable
[2017.03.25-09.50.56:943][  0]LogSlate: Using Freetype 2.6.0
[2017.03.25-09.50.56:943][  0]LogSlate: SlateFontCache - WITH_FREETYPE: 1, WITH_HARFBUZZ: 1
[2017.03.25-09.50.56:943][  0]LogSlate: SlateFontCache - WITH_FREETYPE: 1, WITH_HARFBUZZ: 1
[2017.03.25-09.50.57:154][  0]LogInit: Selected Device Profile: [Windows]
[2017.03.25-09.50.57:156][  0]LogContentStreaming: Texture pool size is 0.00 MB
[2017.03.25-09.50.57:322][  0]LogMeshUtilities: Using QuadricMeshReduction for automatic static mesh reduction
[2017.03.25-09.50.57:356][  0]LogSimplygon: Simplygon DLL not present - disabling.
[2017.03.25-09.50.57:391][  0]LogMeshUtilities: Using SimplygonSwarm for distributed automatic mesh merging
[2017.03.25-09.50.57:391][  0]LogMeshUtilities: No automatic skeletal mesh reduction module available
[2017.03.25-09.50.57:391][  0]LogMeshUtilities: No automatic mesh merging module available
[2017.03.25-09.50.57:834][  0]LogNetVersion: GetLocalNetworkVersion: CL: 3299760, ProjectName: nonamed, ProjectVersion: , EngineNetworkVersion: 2, GameNetworkVersion: 0, NetworkChecksum: 1112449053
[2017.03.25-09.50.57:875][  0]LogAssetRegistry: FAssetRegistry took 0.0211 seconds to start up
[2017.03.25-09.50.57:901][  0]LogPackageLocalizationCache: Processed 3 localized package path(s) for 1 prioritized culture(s) in 0.008365 seconds
[2017.03.25-09.50.57:906][  0]LogUObjectArray: 32493 objects as part of root set at end of initial load.
[2017.03.25-09.50.57:906][  0]LogUObjectAllocator: 7077024 out of 0 bytes used by permanent object pool.
[2017.03.25-09.50.57:906][  0]LogUObjectArray: CloseDisregardForGC: 0/0 objects in disregard for GC pool
[2017.03.25-09.50.57:956][  0]LogInit: WinSock: version 1.1 (2.2), MaxSocks=32767, MaxUdp=65467
[2017.03.25-09.50.59:205][  0]LogTcpMessaging: Initializing TcpMessaging bridge
[2017.03.25-09.50.59:238][  0]LogUdpMessaging: Initializing bridge on interface 0.0.0.0:0 to multicast group 230.0.0.1:6666.
[2017.03.25-09.50.59:598][  0]LogMaterial: Uniform references updated for custom material expression Custom.
[2017.03.25-09.50.59:892][  0]SourceControl: Info Source control is disabled
[2017.03.25-09.50.59:893][  0]SourceControl: Info Source control is disabled
[2017.03.25-09.50.59:928][  0]SourceControl: Info Source control is disabled
[2017.03.25-09.50.59:963][  0]SourceControl: Info Source control is disabled
[2017.03.25-09.51.00:919][  0]LogEngine: Initializing Engine...
[2017.03.25-09.51.00:919][  0]LogHMD: Oculus plugin initialized. Version: 4.15.1-3348071+++UE4+Release-4.15, LibOVR: 1.12.0, SDK: 1.10.0, built Mar 15 2017, 16:59:09
[2017.03.25-09.51.01:010][  0]OCULUS: Debug: [HMDState] Using default profile default
[2017.03.25-09.51.01:010][  0]OCULUS: Info: IAD changed to 64.7mm
[2017.03.25-09.51.01:106][  0]LogAIModule: Creating AISystem for world Untitled
[2017.03.25-09.51.01:119][  0]LogInit: XAudio2 using '헤드폰(Rift Audio)' : 2 channels at 48 kHz using 16 bits per sample (channel mask 0x3)
[2017.03.25-09.51.01:127][  0]LogInit: FAudioDevice initialized.
[2017.03.25-09.51.01:147][  0]LogDerivedDataCache: Saved boot cache 0.02s 50MB C:/Users/thtjd/AppData/Local/UnrealEngine/4.15/DerivedDataCache/Boot.ddc.
[2017.03.25-09.51.01:151][  0]LogInit: Texture streaming: Enabled
[2017.03.25-09.51.01:225][  0]LogEngineSessionManager: EngineSessionManager initialized
[2017.03.25-09.51.01:294][  0]LogInit: Transaction tracking system initialized
[2017.03.25-09.51.01:562][  0]BlueprintLog: New page: Editor Load
[2017.03.25-09.51.02:245][  0]LocalizationService: Info Localization service is disabled
[2017.03.25-09.51.02:767][  0]LogConsoleResponse:Display: 
[2017.03.25-09.51.02:873][  0]LogCook:Display: Max memory allowance for cook 16384mb min free memory 0mb
[2017.03.25-09.51.02:873][  0]LogCook:Display: Mobile HDR setting 1
[2017.03.25-09.51.03:136][  0]LogFileCache: Scanning file cache for directory 'D:/UnrealProjects/PrototypingBackupp/nonamed/Content/' took 0.01s
[2017.03.25-09.51.03:675][  0]SourceControl: Info Source control is disabled
[2017.03.25-09.51.03:675][  0]Cmd: MAP LOAD FILE="../../../Engine/Content/Maps/Templates/Template_Default.umap" TEMPLATE=1 SHOWPROGRESS=1 FEATURELEVEL=3
[2017.03.25-09.51.03:675][  0]LightingResults: New page: Lighting Build
[2017.03.25-09.51.03:708][  0]MapCheck: New page: Map Check
[2017.03.25-09.51.03:708][  0]LightingResults: New page: Lighting Build
[2017.03.25-09.51.03:870][  0]LogAIModule: Creating AISystem for world Untitled_1
[2017.03.25-09.51.03:885][  0]LogActorComponent: RegisterComponentWithWorld: (/Temp/Untitled_1.Untitled_1:PersistentLevel.WorldSettings_1.StaticMeshComponent0) Trying to register component with IsPendingKill() == true. Aborting.
[2017.03.25-09.51.03:888][  0]LogEditorServer: Finished looking for orphan Actors (0.000 secs)
[2017.03.25-09.51.03:891][  0]Cmd: MAP CHECKDEP NOCLEARLOG
[2017.03.25-09.51.03:923][  0]MapCheck: Info Map check complete: 0 Error(s), 0 Warning(s), took 31.309ms to complete.
[2017.03.25-09.51.03:923][  0]LogFileHelpers: Loading map 'Template_Default' took 0.248
[2017.03.25-09.51.03:998][  0]LogWindowsTextInputMethodSystem:Display: IME system now activated using TSF (Microsoft 입력기).
[2017.03.25-09.51.04:105][  0]LogCollectionManager: Loaded 0 collections in 0.001114 seconds
[2017.03.25-09.51.04:185][  0]LogFileCache: Scanning file cache for directory 'D:/UnrealProjects/PrototypingBackupp/nonamed/Saved/Collections/' took 0.01s
[2017.03.25-09.51.04:185][  0]LogFileCache: Scanning file cache for directory 'D:/UnrealProjects/PrototypingBackupp/nonamed/Content/Developers/thtjd/Collections/' took 0.01s
[2017.03.25-09.51.04:185][  0]LogFileCache: Scanning file cache for directory 'D:/UnrealProjects/PrototypingBackupp/nonamed/Content/Collections/' took 0.01s
[2017.03.25-09.51.04:185][  0]LogCollectionManager: Rebuilt the GUID cache for 0 collections in 0.000002 seconds
[2017.03.25-09.51.04:192][  0]LogContentBrowser: Native class hierarchy populated in 0.0070 seconds. Added 2245 classes and 453 folders.
[2017.03.25-09.51.04:196][  0]LogStats: UGameplayTagsManager::ConstructGameplayTagTree: Construct from data asset -  0.000 s
[2017.03.25-09.51.04:196][  0]LogStats: UGameplayTagsManager::ConstructGameplayTagTree: GameplayTagTreeChangedEvent.Broadcast -  0.000 s
[2017.03.25-09.51.04:246][  0]LogContentBrowser: Native class hierarchy updated for 'WidgetCarousel' in 0.0004 seconds. Added 0 classes and 0 folders.
[2017.03.25-09.51.04:275][  0]LogContentBrowser: Native class hierarchy updated for 'AddContentDialog' in 0.0004 seconds. Added 0 classes and 0 folders.
[2017.03.25-09.51.04:327][  0]LogContentBrowser: Native class hierarchy updated for 'SceneOutliner' in 0.0005 seconds. Added 1 classes and 2 folders.
[2017.03.25-09.51.04:419][  0]LogCrashTracker: Crashtracker disabled due to settings.
[2017.03.25-09.51.04:427][  0]LogUObjectGlobals:Warning: Failed to find object 'Class None.'
[2017.03.25-09.51.04:483][  0]LogContentBrowser: Native class hierarchy updated for 'HierarchicalLODOutliner' in 0.0004 seconds. Added 1 classes and 2 folders.
[2017.03.25-09.51.04:483][  0]LogLoad: (Engine Initialization) Total time: 13.54 seconds
[2017.03.25-09.51.04:483][  0]LogLoad: (Engine Initialization) Total Blueprint compile time: 0.07 seconds
[2017.03.25-09.51.04:483][  0]LogExternalProfiler: Found external profiler: VSPerf
[2017.03.25-09.51.04:483][  0]LogExternalProfiler: Using external profiler: VSPerf
[2017.03.25-09.51.04:496][  0]LogOcInput: OculusInput pre-init called
[2017.03.25-09.51.04:506][  0]LogOcInput: OculusInput is initialized. Init status 0. Runtime version: 1.12.0
[2017.03.25-09.51.04:527][  0]LogContentStreaming: Texture pool size now 1000 MB
[2017.03.25-09.51.04:528][  0]LogSlate: Took 0.000181 seconds to synchronously load lazily loaded font '../../../Engine/Content/Slate/Fonts/Roboto-Regular.ttf' (155K)
[2017.03.25-09.51.04:531][  0]LogSlate: Took 0.000229 seconds to synchronously load lazily loaded font '../../../Engine/Content/Slate/Fonts/Roboto-Bold.ttf' (160K)
[2017.03.25-09.51.04:535][  0]LogSlate: Took 0.000168 seconds to synchronously load lazily loaded font '../../../Engine/Content/Editor/Slate/Fonts/FontAwesome.ttf' (139K)
[2017.03.25-09.51.04:636][  0]LogSlate: Took 0.000181 seconds to synchronously load lazily loaded font '../../../Engine/Content/Slate/Fonts/Roboto-Light.ttf' (159K)
[2017.03.25-09.51.04:696][  0]LogRenderer: Reallocating scene render targets to support 1208x576 NumSamples 1 (Frame:2).
[2017.03.25-09.51.04:742][  1]LogAssetRegistry: Asset discovery search completed in 6.8876 seconds
[2017.03.25-09.51.04:742][  1]LogCollectionManager: Rebuilt the object cache for 0 collections in 0.000005 seconds (found 0 objects)
[2017.03.25-09.51.04:742][  1]LogCollectionManager: Fixed up redirectors for 0 collections in 0.000020 seconds (updated 0 objects)
[2017.03.25-09.51.05:523][ 78]LogSlate: Took 0.000221 seconds to synchronously load lazily loaded font '../../../Engine/Content/Slate/Fonts/Roboto-Light.ttf' (159K)
[2017.03.25-09.52.07:699][299]LogSlate: Took 0.000162 seconds to synchronously load lazily loaded font '../../../Engine/Content/Slate/Fonts/Roboto-Light.ttf' (159K)
[2017.03.25-09.52.07:904][299]LogLinker:Warning: Can't find file '/Engine/EditorSounds/GamePreview/S_BasicAttackSound'
[2017.03.25-09.52.07:904][299]LogLinker:Warning: Can't find file for asset '/Engine/EditorSounds/GamePreview/S_BasicAttackSound' while loading D:/UnrealProjects/PrototypingBackupp/nonamed/Content/Widget/W_BattleResult.uasset.
[2017.03.25-09.52.07:904][299]LoadErrors:Error: Error /Game/Widget/W_BattleResult : Can't find file for asset. /Engine/EditorSounds/GamePreview/S_BasicAttackSound
[2017.03.25-09.52.07:905][299]LogLinker:Warning: Can't find file '/Engine/EditorSounds/GamePreview/S_BasicAttackSound'
[2017.03.25-09.52.07:905][299]LogLinker:Warning: Can't find file for asset '/Engine/EditorSounds/GamePreview/S_BasicAttackSound' while loading D:/UnrealProjects/PrototypingBackupp/nonamed/Content/Widget/W_BattleResult.uasset.
[2017.03.25-09.52.07:944][299]LogLinker:Warning: Can't find file '/Engine/EditorSounds/GamePreview/S_BasicAttackSound'
[2017.03.25-09.52.07:944][299]LogLinker:Warning: Can't find file for asset '/Engine/EditorSounds/GamePreview/S_BasicAttackSound' while loading D:/UnrealProjects/PrototypingBackupp/nonamed/Content/Core/MyGameBase.uasset.
[2017.03.25-09.52.07:944][299]LoadErrors:Error: Error /Game/Core/MyGameBase : Can't find file for asset. /Engine/EditorSounds/GamePreview/S_BasicAttackSound
[2017.03.25-09.52.07:944][299]LogLinker:Warning: Can't find file '/Engine/EditorSounds/GamePreview/S_BasicAttackSound'
[2017.03.25-09.52.07:944][299]LogLinker:Warning: Can't find file for asset '/Engine/EditorSounds/GamePreview/S_BasicAttackSound' while loading D:/UnrealProjects/PrototypingBackupp/nonamed/Content/Core/MyGameBase.uasset.
[2017.03.25-09.52.07:945][299]LogLinker:Warning: Can't find file '/Engine/EditorSounds/GamePreview/S_BasicAttackSound'
[2017.03.25-09.52.07:945][299]LoadErrors: Info Failed to load /Engine/EditorSounds/GamePreview/S_BasicAttackSound.S_BasicAttackSound Referenced by K2Node_CallFunction_154
[2017.03.25-09.52.07:945][299]LogLinker:Warning: Can't find file for asset '/Engine/EditorSounds/GamePreview/S_BasicAttackSound' while loading D:/UnrealProjects/PrototypingBackupp/nonamed/Content/Core/MyGameBase.uasset.
[2017.03.25-09.52.08:063][299]LogLinker:Warning: Can't find file '/Engine/EditorSounds/GamePreview/S_BasicAttackSound'
[2017.03.25-09.52.08:063][299]LogLinker:Warning: Can't find file for asset '/Engine/EditorSounds/GamePreview/S_BasicAttackSound' while loading D:/UnrealProjects/PrototypingBackupp/nonamed/Content/Blueprint/Projectile/Pr_Arrow_Blueprint.uasset.
[2017.03.25-09.52.08:063][299]LoadErrors:Error: Error /Game/Blueprint/Projectile/Pr_Arrow_Blueprint : Can't find file for asset. /Engine/EditorSounds/GamePreview/S_BasicAttackSound
[2017.03.25-09.52.08:073][299]LogLinker:Warning: Can't find file '/Engine/EditorSounds/GamePreview/S_BasicAttackSound'
[2017.03.25-09.52.08:073][299]LogLinker:Warning: Can't find file for asset '/Engine/EditorSounds/GamePreview/S_BasicAttackSound' while loading D:/UnrealProjects/PrototypingBackupp/nonamed/Content/Blueprint/Projectile/Pr_Arrow_Blueprint.uasset.
[2017.03.25-09.52.08:074][299]LogLinker:Warning: Can't find file '/Engine/EditorSounds/GamePreview/S_BasicAttackSound'
[2017.03.25-09.52.08:074][299]LogLinker:Warning: Can't find file for asset '/Engine/EditorSounds/GamePreview/S_BasicAttackSound' while loading D:/UnrealProjects/PrototypingBackupp/nonamed/Content/Blueprint/Unit/U_MiniArcher.uasset.
[2017.03.25-09.52.08:075][299]LoadErrors:Error: Error /Game/Blueprint/Unit/U_MiniArcher : Can't find file for asset. /Engine/EditorSounds/GamePreview/S_BasicAttackSound
[2017.03.25-09.52.08:075][299]LogLinker:Warning: Can't find file '/Engine/EditorSounds/GamePreview/S_BasicAttackSound'
[2017.03.25-09.52.08:075][299]LogLinker:Warning: Can't find file for asset '/Engine/EditorSounds/GamePreview/S_BasicAttackSound' while loading D:/UnrealProjects/PrototypingBackupp/nonamed/Content/Blueprint/Unit/U_MiniArcher.uasset.
[2017.03.25-09.52.08:076][299]LogLinker:Warning: Can't find file '/Engine/EditorSounds/GamePreview/S_BasicAttackSound'
[2017.03.25-09.52.08:076][299]LoadErrors: Info Failed to load /Engine/EditorSounds/GamePreview/S_BasicAttackSound.S_BasicAttackSound Referenced by K2Node_CallFunction_49
[2017.03.25-09.52.08:077][299]LogLinker:Warning: Can't find file for asset '/Engine/EditorSounds/GamePreview/S_BasicAttackSound' while loading D:/UnrealProjects/PrototypingBackupp/nonamed/Content/Blueprint/Unit/U_MiniArcher.uasset.
[2017.03.25-09.52.08:086][299]LogClass:Warning: Type mismatch in ProjectileDamage of Pr_Arrow_Blueprint_C - Previous (FloatProperty) Current(IntProperty) for package:  FObjectReader
[2017.03.25-09.52.08:232][299]LogLinker:Warning: Can't find file '/Engine/EditorSounds/GamePreview/S_ProjectileAttackSound'
[2017.03.25-09.52.08:232][299]LogLinker:Warning: Can't find file for asset '/Engine/EditorSounds/GamePreview/S_ProjectileAttackSound' while loading D:/UnrealProjects/PrototypingBackupp/nonamed/Content/Blueprint/Unit/U_Archer.uasset.
[2017.03.25-09.52.08:232][299]LoadErrors:Error: Error /Game/Blueprint/Unit/U_Archer : Can't find file for asset. /Engine/EditorSounds/GamePreview/S_ProjectileAttackSound
[2017.03.25-09.52.08:232][299]LogLinker:Warning: Can't find file '/Engine/EditorSounds/GamePreview/S_ProjectileAttackSound'
[2017.03.25-09.52.08:232][299]LogLinker:Warning: Can't find file for asset '/Engine/EditorSounds/GamePreview/S_ProjectileAttackSound' while loading D:/UnrealProjects/PrototypingBackupp/nonamed/Content/Blueprint/Unit/U_Archer.uasset.
[2017.03.25-09.52.08:233][299]LogLinker:Warning: Can't find file '/Engine/EditorSounds/GamePreview/S_ProjectileAttackSound'
[2017.03.25-09.52.08:233][299]LogLinker:Warning: Can't find file for asset '/Engine/EditorSounds/GamePreview/S_ProjectileAttackSound' while loading D:/UnrealProjects/PrototypingBackupp/nonamed/Content/Core/PlayerBP.uasset.
[2017.03.25-09.52.08:233][299]LoadErrors:Error: Error /Game/Core/PlayerBP : Can't find file for asset. /Engine/EditorSounds/GamePreview/S_ProjectileAttackSound
[2017.03.25-09.52.08:233][299]LogLinker:Warning: Can't find file '/Engine/EditorSounds/GamePreview/S_ProjectileAttackSound'
[2017.03.25-09.52.08:233][299]LogLinker:Warning: Can't find file for asset '/Engine/EditorSounds/GamePreview/S_ProjectileAttackSound' while loading D:/UnrealProjects/PrototypingBackupp/nonamed/Content/Core/PlayerBP.uasset.
[2017.03.25-09.52.08:235][299]LogLinker:Warning: Can't find file '/Engine/EditorSounds/GamePreview/S_ProjectileAttackSound'
[2017.03.25-09.52.08:235][299]LoadErrors: Info Failed to load /Engine/EditorSounds/GamePreview/S_ProjectileAttackSound.S_ProjectileAttackSound Referenced by K2Node_CallFunction_324
[2017.03.25-09.52.08:235][299]LogLinker:Warning: Can't find file for asset '/Engine/EditorSounds/GamePreview/S_ProjectileAttackSound' while loading D:/UnrealProjects/PrototypingBackupp/nonamed/Content/Core/PlayerBP.uasset.
[2017.03.25-09.52.08:245][299]LogLinker:Warning: Can't find file '/Engine/EditorSounds/GamePreview/S_BasicAttackSound'
[2017.03.25-09.52.08:245][299]LogLinker:Warning: Can't find file for asset '/Engine/EditorSounds/GamePreview/S_BasicAttackSound' while loading D:/UnrealProjects/PrototypingBackupp/nonamed/Content/Blueprint/Unit/U_Bomber.uasset.
[2017.03.25-09.52.08:245][299]LoadErrors:Error: Error /Game/Blueprint/Unit/U_Bomber : Can't find file for asset. /Engine/EditorSounds/GamePreview/S_BasicAttackSound
[2017.03.25-09.52.08:252][299]LogLinker:Warning: Can't find file '/Engine/EditorSounds/GamePreview/S_BasicAttackSound'
[2017.03.25-09.52.08:252][299]LogLinker:Warning: Can't find file for asset '/Engine/EditorSounds/GamePreview/S_BasicAttackSound' while loading D:/UnrealProjects/PrototypingBackupp/nonamed/Content/Blueprint/Unit/U_Bomber.uasset.
[2017.03.25-09.52.08:253][299]LogLinker:Warning: Can't find file '/Engine/EditorSounds/GamePreview/S_BasicAttackSound'
[2017.03.25-09.52.08:253][299]LogLinker:Warning: Can't find file for asset '/Engine/EditorSounds/GamePreview/S_BasicAttackSound' while loading D:/UnrealProjects/PrototypingBackupp/nonamed/Content/Core/PlayerBP.uasset.
[2017.03.25-09.52.08:253][299]LoadErrors:Error: Error /Game/Core/PlayerBP : Can't find file for asset. /Engine/EditorSounds/GamePreview/S_BasicAttackSound
[2017.03.25-09.52.08:253][299]LogLinker:Warning: Can't find file '/Engine/EditorSounds/GamePreview/S_BasicAttackSound'
[2017.03.25-09.52.08:253][299]LogLinker:Warning: Can't find file for asset '/Engine/EditorSounds/GamePreview/S_BasicAttackSound' while loading D:/UnrealProjects/PrototypingBackupp/nonamed/Content/Core/PlayerBP.uasset.
[2017.03.25-09.52.08:254][299]LogLinker:Warning: Can't find file '/Engine/EditorSounds/GamePreview/S_BasicAttackSound'
[2017.03.25-09.52.08:254][299]LoadErrors: Info Failed to load /Engine/EditorSounds/GamePreview/S_BasicAttackSound.S_BasicAttackSound Referenced by K2Node_CallFunction_18
[2017.03.25-09.52.08:254][299]LogLinker:Warning: Can't find file for asset '/Engine/EditorSounds/GamePreview/S_BasicAttackSound' while loading D:/UnrealProjects/PrototypingBackupp/nonamed/Content/Core/PlayerBP.uasset.
[2017.03.25-09.52.08:295][299]LogBlueprint:Warning: [PlayerBP] 'NearestOverlappingActor' variable not found. Base class was probably changed.
[2017.03.25-09.52.08:295][299]LogBlueprint:Warning: [PlayerBP] 'NearestOverlap' variable not found. Base class was probably changed.
[2017.03.25-09.52.08:295][299]LogBlueprint:Warning: [PlayerBP] 'NearestOverlap' variable not found. Base class was probably changed.
[2017.03.25-09.52.08:295][299]LogBlueprint:Warning: [PlayerBP] 'NearestOverlap' variable not found. Base class was probably changed.
[2017.03.25-09.52.08:296][299]LogBlueprint:Warning: [PlayerBP] 'NearestOverlappingActor' variable not found. Base class was probably changed.
[2017.03.25-09.52.08:296][299]LogBlueprint:Warning: [PlayerBP] 'NearestOverlappingActor' variable not found. Base class was probably changed.
[2017.03.25-09.52.08:326][299]LogBlueprint:Error: [Compiler PlayerBP] Error This blueprint (self) is not a MyGameBase_C, therefore ' Target ' must have a connection.
[2017.03.25-09.52.08:353][299]LogBlueprint:Warning: [Compiler PlayerBP] Warning [0077.41] Compile of PlayerBP failed. 1 Fatal Issue(s) 0 Warning(s) [in 50 ms] (/Game/Core/PlayerBP.PlayerBP)
[2017.03.25-09.52.08:359][299]LogBlueprint:Warning: [Compiler PlayerBP] Warning [0077.42] Compile of PlayerBP failed. 1 Fatal Issue(s) 1 Warning(s) [in 5 ms] (/Game/Core/PlayerBP.PlayerBP)
[2017.03.25-09.52.08:359][299]LogBlueprint:Warning: [Compiler PlayerBP] Warning [0077.42] Compile of PlayerBP failed. 1 Fatal Issue(s) 2 Warning(s) [in 0 ms] (/Game/Core/PlayerBP.PlayerBP)
[2017.03.25-09.52.08:595][299]LogBlueprint:Error: [Compiler PlayerBP] Error This blueprint (self) is not a MyGameBase_C, therefore ' Target ' must have a connection.
[2017.03.25-09.52.08:619][299]LogBlueprint:Warning: [Compiler PlayerBP] Warning [0077.68] Compile of PlayerBP failed. 1 Fatal Issue(s) 0 Warning(s) [in 44 ms] (/Game/Core/PlayerBP.PlayerBP)
[2017.03.25-09.52.08:619][299]LogBlueprint:Warning: [Compiler PlayerBP] Warning [0077.68] Compile of PlayerBP failed. 1 Fatal Issue(s) 1 Warning(s) [in 0 ms] (/Game/Core/PlayerBP.PlayerBP)
[2017.03.25-09.52.08:626][299]LogBlueprint:Warning: [Compiler PlayerBP] Warning [0077.69] Compile of PlayerBP failed. 1 Fatal Issue(s) 2 Warning(s) [in 6 ms] (/Game/Core/PlayerBP.PlayerBP)
[2017.03.25-09.52.08:780][299]LogSlate: Took 0.000177 seconds to synchronously load lazily loaded font '../../../Engine/Content/Slate/Fonts/Roboto-Regular.ttf' (155K)
[2017.03.25-09.52.09:335][299]LogAIModule: Creating AISystem for world L_Battle_Stage
[2017.03.25-09.52.09:434][299]Cmd: MAP LOAD FILE="D:/UnrealProjects/PrototypingBackupp/nonamed/Content/L_Battle_Stage.umap" TEMPLATE=0 SHOWPROGRESS=1 FEATURELEVEL=3
[2017.03.25-09.52.09:434][299]LightingResults: New page: Lighting Build
[2017.03.25-09.52.09:435][299]LoadErrors: New page: Loading map: L_Battle_Stage.umap
[2017.03.25-09.52.09:436][299]MapCheck: New page: Map Check
[2017.03.25-09.52.09:436][299]LightingResults: New page: Lighting Build
[2017.03.25-09.52.09:553][299]LogEditorServer: Finished looking for orphan Actors (0.000 secs)
[2017.03.25-09.52.09:585][299]Cmd: MAP CHECKDEP NOCLEARLOG
[2017.03.25-09.52.09:626][299]MapCheck: Info Map check complete: 0 Error(s), 0 Warning(s), took 40.981ms to complete.
[2017.03.25-09.52.09:627][299]LogFileHelpers: Loading map 'L_Battle_Stage' took 0.194
[2017.03.25-09.52.37:017][413]LogBlueprint:Warning: [Compiler MotionControllerPawn] Warning InputAction Event references unknown Action 'F Key' for  InputAction F Key
[2017.03.25-09.52.37:023][413]LogBlueprint:Warning: [Compiler MotionControllerPawn] Warning [0106.08] Compile of MotionControllerPawn successful, but with 1 Warning(s) [in 12 ms] (/Game/VirtualRealityBP/Blueprints/MotionControllerPawn.MotionControllerPawn)
[2017.03.25-09.52.37:023][413]LogBlueprint:Warning: [Compiler MotionControllerPawn] Warning [0106.08] Compile of MotionControllerPawn successful, but with 2 Warning(s) [in 0 ms] (/Game/VirtualRealityBP/Blueprints/MotionControllerPawn.MotionControllerPawn)
[2017.03.25-09.52.37:023][413]LogBlueprint:Warning: [Compiler MotionControllerPawn] Warning [0106.08] Compile of MotionControllerPawn successful, but with 3 Warning(s) [in 0 ms] (/Game/VirtualRealityBP/Blueprints/MotionControllerPawn.MotionControllerPawn)
[2017.03.25-09.52.37:032][413]LogBlueprint:Warning: [Compiler MotionControllerPawn] Warning InputAction Event references unknown Action 'F Key' for  InputAction F Key
[2017.03.25-09.52.37:039][413]LogBlueprint:Warning: [Compiler MotionControllerPawn] Warning [0106.10] Compile of MotionControllerPawn successful, but with 1 Warning(s) [in 12 ms] (/Game/VirtualRealityBP/Blueprints/MotionControllerPawn.MotionControllerPawn)
[2017.03.25-09.52.37:039][413]LogBlueprint:Warning: [Compiler MotionControllerPawn] Warning [0106.10] Compile of MotionControllerPawn successful, but with 2 Warning(s) [in 0 ms] (/Game/VirtualRealityBP/Blueprints/MotionControllerPawn.MotionControllerPawn)
[2017.03.25-09.52.37:039][413]LogBlueprint:Warning: [Compiler MotionControllerPawn] Warning [0106.10] Compile of MotionControllerPawn successful, but with 3 Warning(s) [in 0 ms] (/Game/VirtualRealityBP/Blueprints/MotionControllerPawn.MotionControllerPawn)
[2017.03.25-09.52.37:507][413]LogClass:Warning: Enum '/Game/KY_MagicEffects02/DemoRoomData/Blueprints/BP_DemoDisplay_Enum.BP_DemoDisplay_Enum' was upgraded to use FText to store its display name data. Please re-save this asset to avoid issues with localization and determinstic cooking.
[2017.03.25-09.52.37:509][413]LogEnum:Warning: Enum name collision: 'BP_DemoDisplay_Enum::ROund' is in both '/Game/KY_MagicEffects03/DemoRoomData/Blueprints/BP_DemoDisplay_Enum.BP_DemoDisplay_Enum' and '/Game/KY_MagicEffects02/DemoRoomData/Blueprints/BP_DemoDisplay_Enum.BP_DemoDisplay_Enum'
[2017.03.25-09.52.37:509][413]LogEnum:Warning: Enum name collision: 'BP_DemoDisplay_Enum::SquareL' is in both '/Game/KY_MagicEffects03/DemoRoomData/Blueprints/BP_DemoDisplay_Enum.BP_DemoDisplay_Enum' and '/Game/KY_MagicEffects02/DemoRoomData/Blueprints/BP_DemoDisplay_Enum.BP_DemoDisplay_Enum'
[2017.03.25-09.52.37:509][413]LogEnum:Warning: Enum name collision: 'BP_DemoDisplay_Enum::RoomL' is in both '/Game/KY_MagicEffects03/DemoRoomData/Blueprints/BP_DemoDisplay_Enum.BP_DemoDisplay_Enum' and '/Game/KY_MagicEffects02/DemoRoomData/Blueprints/BP_DemoDisplay_Enum.BP_DemoDisplay_Enum'
[2017.03.25-09.52.37:509][413]LogEnum:Warning: Enum name collision: 'BP_DemoDisplay_Enum::DescriptionOnly' is in both '/Game/KY_MagicEffects03/DemoRoomData/Blueprints/BP_DemoDisplay_Enum.BP_DemoDisplay_Enum' and '/Game/KY_MagicEffects02/DemoRoomData/Blueprints/BP_DemoDisplay_Enum.BP_DemoDisplay_Enum'
[2017.03.25-09.52.37:509][413]LogEnum:Warning: Enum name collision: 'BP_DemoDisplay_Enum::NewEnumerator0' is in both '/Game/KY_MagicEffects03/DemoRoomData/Blueprints/BP_DemoDisplay_Enum.BP_DemoDisplay_Enum' and '/Game/KY_MagicEffects02/DemoRoomData/Blueprints/BP_DemoDisplay_Enum.BP_DemoDisplay_Enum'
[2017.03.25-09.52.37:509][413]LogEnum:Warning: Enum name collision: 'BP_DemoDisplay_Enum::BP_DemoDisplay_MAX' is in both '/Game/KY_MagicEffects03/DemoRoomData/Blueprints/BP_DemoDisplay_Enum.BP_DemoDisplay_Enum' and '/Game/KY_MagicEffects02/DemoRoomData/Blueprints/BP_DemoDisplay_Enum.BP_DemoDisplay_Enum'
[2017.03.25-09.52.37:509][413]LogEnum:Warning: Enum name collision: 'BP_DemoDisplay_Enum::ROund' is in both '/Game/KY_MagicEffects03/DemoRoomData/Blueprints/BP_DemoDisplay_Enum.BP_DemoDisplay_Enum' and '/Game/KY_MagicEffects02/DemoRoomData/Blueprints/BP_DemoDisplay_Enum.BP_DemoDisplay_Enum'
[2017.03.25-09.52.37:509][413]LogEnum:Warning: Enum name collision: 'BP_DemoDisplay_Enum::SquareL' is in both '/Game/KY_MagicEffects03/DemoRoomData/Blueprints/BP_DemoDisplay_Enum.BP_DemoDisplay_Enum' and '/Game/KY_MagicEffects02/DemoRoomData/Blueprints/BP_DemoDisplay_Enum.BP_DemoDisplay_Enum'
[2017.03.25-09.52.37:509][413]LogEnum:Warning: Enum name collision: 'BP_DemoDisplay_Enum::RoomL' is in both '/Game/KY_MagicEffects03/DemoRoomData/Blueprints/BP_DemoDisplay_Enum.BP_DemoDisplay_Enum' and '/Game/KY_MagicEffects02/DemoRoomData/Blueprints/BP_DemoDisplay_Enum.BP_DemoDisplay_Enum'
[2017.03.25-09.52.37:509][413]LogEnum:Warning: Enum name collision: 'BP_DemoDisplay_Enum::DescriptionOnly' is in both '/Game/KY_MagicEffects03/DemoRoomData/Blueprints/BP_DemoDisplay_Enum.BP_DemoDisplay_Enum' and '/Game/KY_MagicEffects02/DemoRoomData/Blueprints/BP_DemoDisplay_Enum.BP_DemoDisplay_Enum'
[2017.03.25-09.52.37:509][413]LogEnum:Warning: Enum name collision: 'BP_DemoDisplay_Enum::NewEnumerator0' is in both '/Game/KY_MagicEffects03/DemoRoomData/Blueprints/BP_DemoDisplay_Enum.BP_DemoDisplay_Enum' and '/Game/KY_MagicEffects02/DemoRoomData/Blueprints/BP_DemoDisplay_Enum.BP_DemoDisplay_Enum'
[2017.03.25-09.52.37:509][413]LogClass:Warning: Enum '/Game/KY_MagicEffects03/DemoRoomData/Blueprints/BP_DemoDisplay_Enum.BP_DemoDisplay_Enum' was upgraded to use FText to store its display name data. Please re-save this asset to avoid issues with localization and determinstic cooking.
[2017.03.25-09.52.37:510][413]LogEnum:Warning: Enum name collision: 'BP_DemoRoom_Enum::Standard' is in both '/Game/KY_MagicEffects03/DemoRoomData/Blueprints/BP_DemoRoom_Enum.BP_DemoRoom_Enum' and '/Game/KY_MagicEffects02/DemoRoomData/Blueprints/BP_DemoRoom_Enum.BP_DemoRoom_Enum'
[2017.03.25-09.52.37:510][413]LogEnum:Warning: Enum name collision: 'BP_DemoRoom_Enum::RoofwithHole' is in both '/Game/KY_MagicEffects03/DemoRoomData/Blueprints/BP_DemoRoom_Enum.BP_DemoRoom_Enum' and '/Game/KY_MagicEffects02/DemoRoomData/Blueprints/BP_DemoRoom_Enum.BP_DemoRoom_Enum'
[2017.03.25-09.52.37:510][413]LogEnum:Warning: Enum name collision: 'BP_DemoRoom_Enum::RoofOpen' is in both '/Game/KY_MagicEffects03/DemoRoomData/Blueprints/BP_DemoRoom_Enum.BP_DemoRoom_Enum' and '/Game/KY_MagicEffects02/DemoRoomData/Blueprints/BP_DemoRoom_Enum.BP_DemoRoom_Enum'
[2017.03.25-09.52.37:511][413]LogEnum:Warning: Enum name collision: 'BP_DemoRoom_Enum::BP_DemoRoom_MAX' is in both '/Game/KY_MagicEffects03/DemoRoomData/Blueprints/BP_DemoRoom_Enum.BP_DemoRoom_Enum' and '/Game/KY_MagicEffects02/DemoRoomData/Blueprints/BP_DemoRoom_Enum.BP_DemoRoom_Enum'
[2017.03.25-09.52.37:511][413]LogEnum:Warning: Enum name collision: 'BP_DemoRoom_Enum::Standard' is in both '/Game/KY_MagicEffects03/DemoRoomData/Blueprints/BP_DemoRoom_Enum.BP_DemoRoom_Enum' and '/Game/KY_MagicEffects02/DemoRoomData/Blueprints/BP_DemoRoom_Enum.BP_DemoRoom_Enum'
[2017.03.25-09.52.37:511][413]LogEnum:Warning: Enum name collision: 'BP_DemoRoom_Enum::RoofwithHole' is in both '/Game/KY_MagicEffects03/DemoRoomData/Blueprints/BP_DemoRoom_Enum.BP_DemoRoom_Enum' and '/Game/KY_MagicEffects02/DemoRoomData/Blueprints/BP_DemoRoom_Enum.BP_DemoRoom_Enum'
[2017.03.25-09.52.37:511][413]LogEnum:Warning: Enum name collision: 'BP_DemoRoom_Enum::RoofOpen' is in both '/Game/KY_MagicEffects03/DemoRoomData/Blueprints/BP_DemoRoom_Enum.BP_DemoRoom_Enum' and '/Game/KY_MagicEffects02/DemoRoomData/Blueprints/BP_DemoRoom_Enum.BP_DemoRoom_Enum'
[2017.03.25-09.52.37:589][413]LogContentBrowser: Native class hierarchy updated for 'BlueprintGraph' in 0.0007 seconds. Added 112 classes and 0 folders.
[2017.03.25-09.52.38:193][413]LogSlate: Took 0.000165 seconds to synchronously load lazily loaded font '../../../Engine/Content/Editor/Slate/Fonts/Roboto-BoldCondensed.ttf' (158K)
[2017.03.25-09.52.38:447][414]LogSlate: Took 0.000173 seconds to synchronously load lazily loaded font '../../../Engine/Content/Editor/Slate/Fonts/Roboto-Italic.ttf' (157K)
[2017.03.25-09.52.52:625][346]LogSlate: Took 0.003212 seconds to synchronously load lazily loaded font '../../../Engine/Content/Editor/Slate/Fonts/Roboto-BoldCondensedItalic.ttf' (160K)
[2017.03.25-09.54.30:844][743]LogSavePackage: Save=143.52ms
[2017.03.25-09.54.30:844][743]LogSavePackage: Moving 'D:/UnrealProjects/PrototypingBackupp/nonamed/Saved/BP_MotionController9489FAC84853BFB529D184AA7728FA83.tmp' to 'D:/UnrealProjects/PrototypingBackupp/nonamed/Content/VirtualRealityBP/Blueprints/BP_MotionController.uasset'
[2017.03.25-09.54.30:847][743]LogSavePackage:Display: Finished SavePackage D:/UnrealProjects/PrototypingBackupp/nonamed/Content/VirtualRealityBP/Blueprints/BP_MotionController.uasset
[2017.03.25-09.55.06:071][827]BlueprintLog: New page: Compile MotionControllerPawn
[2017.03.25-09.55.07:206][913]LogSavePackage: Save=45.90ms
[2017.03.25-09.55.07:206][913]LogSavePackage: Moving 'D:/UnrealProjects/PrototypingBackupp/nonamed/Saved/MotionControllerPawnC9257C124DE722E652791893755B3502.tmp' to 'D:/UnrealProjects/PrototypingBackupp/nonamed/Content/VirtualRealityBP/Blueprints/MotionControllerPawn.uasset'
[2017.03.25-09.55.07:207][913]LogSavePackage:Display: Finished SavePackage D:/UnrealProjects/PrototypingBackupp/nonamed/Content/VirtualRealityBP/Blueprints/MotionControllerPawn.uasset
[2017.03.25-09.56.34:498][755]LogClass:Warning: Property NewVar_0 of NewVar_0 has a struct type mismatch (tag Vector != prop IntVector2) in package:  FObjectReader. If that struct got renamed, add an entry to ActiveStructRedirects.
[2017.03.25-09.57.13:712][973]LogSavePackage: Save=147.72ms
[2017.03.25-09.57.13:712][973]LogSavePackage: Moving 'D:/UnrealProjects/PrototypingBackupp/nonamed/Saved/BP_MotionControllerD512BEC84E0BCC9F6D44D0857F1AA4D4.tmp' to 'D:/UnrealProjects/PrototypingBackupp/nonamed/Content/VirtualRealityBP/Blueprints/BP_MotionController.uasset'
[2017.03.25-09.57.13:713][973]LogSavePackage:Display: Finished SavePackage D:/UnrealProjects/PrototypingBackupp/nonamed/Content/VirtualRealityBP/Blueprints/BP_MotionController.uasset
[2017.03.25-09.58.42:894][258]LogSavePackage: Save=146.67ms
[2017.03.25-09.58.42:894][258]LogSavePackage: Moving 'D:/UnrealProjects/PrototypingBackupp/nonamed/Saved/BP_MotionControllerA7BC684546E48ACEEF8E598FD449E9F9.tmp' to 'D:/UnrealProjects/PrototypingBackupp/nonamed/Content/VirtualRealityBP/Blueprints/BP_MotionController.uasset'
[2017.03.25-09.58.42:895][258]LogSavePackage:Display: Finished SavePackage D:/UnrealProjects/PrototypingBackupp/nonamed/Content/VirtualRealityBP/Blueprints/BP_MotionController.uasset
[2017.03.25-09.58.51:876][ 41]BlueprintLog: New page: Compile MotionControllerPawn
[2017.03.25-09.58.52:511][ 77]Cmd: OBJ SAVEPACKAGE PACKAGE="/Game/Blueprint/Unit/Unit" FILE="D:/UnrealProjects/PrototypingBackupp/nonamed/Content/Blueprint/Unit/Unit.uasset" SILENT=true
[2017.03.25-09.58.52:710][ 77]LogSavePackage: Save=183.75ms
[2017.03.25-09.58.52:711][ 77]LogSavePackage: Moving 'D:/UnrealProjects/PrototypingBackupp/nonamed/Saved/Unit93346C9E422A37CF49377492EBD94504.tmp' to 'D:/UnrealProjects/PrototypingBackupp/nonamed/Content/Blueprint/Unit/Unit.uasset'
[2017.03.25-09.58.52:713][ 77]LogSavePackage:Display: Finished SavePackage D:/UnrealProjects/PrototypingBackupp/nonamed/Content/Blueprint/Unit/Unit.uasset
[2017.03.25-09.58.52:774][ 77]LogSavePackage: Save=46.07ms
[2017.03.25-09.58.52:774][ 77]LogSavePackage: Moving 'D:/UnrealProjects/PrototypingBackupp/nonamed/Saved/MotionControllerPawn65CA8CB0469FBB69D97CEB80B7B1026E.tmp' to 'D:/UnrealProjects/PrototypingBackupp/nonamed/Content/VirtualRealityBP/Blueprints/MotionControllerPawn.uasset'
[2017.03.25-09.58.52:775][ 77]LogSavePackage:Display: Finished SavePackage D:/UnrealProjects/PrototypingBackupp/nonamed/Content/VirtualRealityBP/Blueprints/MotionControllerPawn.uasset
[2017.03.25-09.59.34:811][353]Cmd: OBJ SAVEPACKAGE PACKAGE="/Game/Blueprint/Unit/Unit" FILE="D:/UnrealProjects/PrototypingBackupp/nonamed/Content/Blueprint/Unit/Unit.uasset" SILENT=true
[2017.03.25-09.59.35:005][353]LogSavePackage: Save=181.84ms
[2017.03.25-09.59.35:005][353]LogSavePackage: Moving 'D:/UnrealProjects/PrototypingBackupp/nonamed/Saved/Unit258F96974154C639BEE422994138FF22.tmp' to 'D:/UnrealProjects/PrototypingBackupp/nonamed/Content/Blueprint/Unit/Unit.uasset'
[2017.03.25-09.59.35:006][353]LogSavePackage:Display: Finished SavePackage D:/UnrealProjects/PrototypingBackupp/nonamed/Content/Blueprint/Unit/Unit.uasset
[2017.03.25-09.59.35:701][408]BlueprintLog: New page: Compile Unit
[2017.03.25-09.59.35:823][408]LogBlueprint:Warning: [Compiler Unit] Warning Could not find a variable named "TargetIndexPosition" in 'BP_MotionController_C'.
Make sure 'BP_MotionController_C' has been compiled for  Get TargetIndexPosition
[2017.03.25-09.59.35:847][408]LogBlueprint:Error: [Compiler Unit] Error The property associated with  Target Index Position  could not be found
[2017.03.25-09.59.38:708][408]BlueprintEditorCompileResults:Warning: Warning Could not find a variable named "TargetIndexPosition" in 'BP_MotionController_C'.
Make sure 'BP_MotionController_C' has been compiled for  Get TargetIndexPosition
[2017.03.25-09.59.38:708][408]BlueprintEditorCompileResults:Error: Error The property associated with  Target Index Position  could not be found
[2017.03.25-09.59.38:708][408]LogBlueprint:Warning: [Compiler Unit] Warning [0527.77] Compile of Unit failed. 1 Fatal Issue(s) 1 Warning(s) [in 3,006 ms] (/Game/Blueprint/Unit/Unit.Unit)
[2017.03.25-09.59.46:887][ 74]BlueprintLog: New page: Compile BP_MotionController
[2017.03.25-09.59.47:450][ 74]LogBlueprint:Error: [Compiler PlayerBP] Error This blueprint (self) is not a MyGameBase_C, therefore ' Target ' must have a connection.
[2017.03.25-09.59.51:106][126]BlueprintLog: New page: Compile Unit
[2017.03.25-09.59.53:279][155]Cmd: OBJ SAVEPACKAGE PACKAGE="/Game/Blueprint/Unit/Unit" FILE="D:/UnrealProjects/PrototypingBackupp/nonamed/Content/Blueprint/Unit/Unit.uasset" SILENT=true
[2017.03.25-09.59.53:472][155]LogSavePackage: Save=182.58ms
[2017.03.25-09.59.53:472][155]LogSavePackage: Moving 'D:/UnrealProjects/PrototypingBackupp/nonamed/Saved/Unit5ACB9916465CCEAF7EBB01B5DB8EFB5F.tmp' to 'D:/UnrealProjects/PrototypingBackupp/nonamed/Content/Blueprint/Unit/Unit.uasset'
[2017.03.25-09.59.53:474][155]LogSavePackage:Display: Finished SavePackage D:/UnrealProjects/PrototypingBackupp/nonamed/Content/Blueprint/Unit/Unit.uasset
[2017.03.25-10.00.42:559][754]Cmd: OBJ SAVEPACKAGE PACKAGE="/Game/L_Battle_Stage" FILE="D:/UnrealProjects/PrototypingBackupp/nonamed/Content/L_Battle_Stage.umap" SILENT=true AUTOSAVING=false KEEPDIRTY=false
[2017.03.25-10.00.42:748][754]LogSavePackage: Save=157.89ms
[2017.03.25-10.00.42:748][754]LogSavePackage: Moving 'D:/UnrealProjects/PrototypingBackupp/nonamed/Saved/L_Battle_Stage65C09193467CE118492A679ECBB5ABBE.tmp' to 'D:/UnrealProjects/PrototypingBackupp/nonamed/Content/L_Battle_Stage.umap'
[2017.03.25-10.00.42:749][754]LogSavePackage:Display: Finished SavePackage D:/UnrealProjects/PrototypingBackupp/nonamed/Content/L_Battle_Stage.umap
[2017.03.25-10.00.42:780][754]LogFileHelpers: Saving map 'L_Battle_Stage' took 0.267
[2017.03.25-10.00.43:173][787]LogEditorViewport: Clicking Background
[2017.03.25-10.00.43:308][796]Cmd: OBJ SAVEPACKAGE PACKAGE="/Game/L_Battle_Stage" FILE="D:/UnrealProjects/PrototypingBackupp/nonamed/Content/L_Battle_Stage.umap" SILENT=true AUTOSAVING=false KEEPDIRTY=false
[2017.03.25-10.00.43:491][796]LogSavePackage: Save=155.69ms
[2017.03.25-10.00.43:491][796]LogSavePackage: Moving 'D:/UnrealProjects/PrototypingBackupp/nonamed/Saved/L_Battle_Stage58690E8E4D842993988D3FA39EE3D4A4.tmp' to 'D:/UnrealProjects/PrototypingBackupp/nonamed/Content/L_Battle_Stage.umap'
[2017.03.25-10.00.43:492][796]LogSavePackage:Display: Finished SavePackage D:/UnrealProjects/PrototypingBackupp/nonamed/Content/L_Battle_Stage.umap
[2017.03.25-10.00.43:526][796]Cmd: OBJ SAVEPACKAGE PACKAGE="/Game/L_Battle_Stage_BuiltData" FILE="D:/UnrealProjects/PrototypingBackupp/nonamed/Content/L_Battle_Stage_BuiltData.uasset" SILENT=true
[2017.03.25-10.00.43:607][796]LogSavePackage: Save=66.32ms
[2017.03.25-10.00.43:607][796]LogSavePackage: Moving 'D:/UnrealProjects/PrototypingBackupp/nonamed/Saved/L_Battle_Stage_BuiltData8F9D7B04464EAF74A6A159881D20E43B.tmp' to 'D:/UnrealProjects/PrototypingBackupp/nonamed/Content/L_Battle_Stage_BuiltData.uasset'
[2017.03.25-10.00.43:607][796]LogSavePackage:Display: Finished SavePackage D:/UnrealProjects/PrototypingBackupp/nonamed/Content/L_Battle_Stage_BuiltData.uasset
[2017.03.25-10.01.56:277][295]Cmd: OBJ SAVEPACKAGE PACKAGE="/Game/Core/MyGameBase" FILE="D:/UnrealProjects/PrototypingBackupp/nonamed/Content/Core/MyGameBase.uasset" SILENT=true
[2017.03.25-10.01.56:326][295]LogSavePackage: Save=33.38ms
[2017.03.25-10.01.56:326][295]LogSavePackage: Moving 'D:/UnrealProjects/PrototypingBackupp/nonamed/Saved/MyGameBaseBCB30D0F4D2BBFC28FE02D9507354BA5.tmp' to 'D:/UnrealProjects/PrototypingBackupp/nonamed/Content/Core/MyGameBase.uasset'
[2017.03.25-10.01.56:327][295]LogSavePackage:Display: Finished SavePackage D:/UnrealProjects/PrototypingBackupp/nonamed/Content/Core/MyGameBase.uasset
[2017.03.25-10.01.58:667][522]BlueprintLog: New page: Compile MyGameBase
[2017.03.25-10.01.58:773][522]LogBlueprint:Error: [Compiler PlayerBP] Error This blueprint (self) is not a MyGameBase_C, therefore ' Target ' must have a connection.
[2017.03.25-10.02.31:261][192]Cmd: OBJ SAVEPACKAGE PACKAGE="/Game/Core/MyGameBase" FILE="D:/UnrealProjects/PrototypingBackupp/nonamed/Content/Core/MyGameBase.uasset" SILENT=true
[2017.03.25-10.02.31:305][192]LogSavePackage: Save=32.73ms
[2017.03.25-10.02.31:305][192]LogSavePackage: Moving 'D:/UnrealProjects/PrototypingBackupp/nonamed/Saved/MyGameBase2C06002E44E281E05D804D9B38FF1DE0.tmp' to 'D:/UnrealProjects/PrototypingBackupp/nonamed/Content/Core/MyGameBase.uasset'
[2017.03.25-10.02.31:305][192]LogSavePackage:Display: Finished SavePackage D:/UnrealProjects/PrototypingBackupp/nonamed/Content/Core/MyGameBase.uasset
[2017.03.25-10.02.44:452][428]Cmd: OBJ SAVEPACKAGE PACKAGE="/Game/Core/MyGameBase" FILE="D:/UnrealProjects/PrototypingBackupp/nonamed/Content/Core/MyGameBase.uasset" SILENT=true
[2017.03.25-10.02.44:496][428]LogSavePackage: Save=33.45ms
[2017.03.25-10.02.44:497][428]LogSavePackage: Moving 'D:/UnrealProjects/PrototypingBackupp/nonamed/Saved/MyGameBase2FCEDDD34219197032B607BE67C69F72.tmp' to 'D:/UnrealProjects/PrototypingBackupp/nonamed/Content/Core/MyGameBase.uasset'
[2017.03.25-10.02.44:498][428]LogSavePackage:Display: Finished SavePackage D:/UnrealProjects/PrototypingBackupp/nonamed/Content/Core/MyGameBase.uasset
[2017.03.25-10.04.07:403][861]Cmd: OBJ SAVEPACKAGE PACKAGE="/Game/Core/MyGameBase" FILE="D:/UnrealProjects/PrototypingBackupp/nonamed/Content/Core/MyGameBase.uasset" SILENT=true
[2017.03.25-10.04.07:448][861]LogSavePackage: Save=33.86ms
[2017.03.25-10.04.07:448][861]LogSavePackage: Moving 'D:/UnrealProjects/PrototypingBackupp/nonamed/Saved/MyGameBaseE871976E440DAFACD51D7B91D0F09770.tmp' to 'D:/UnrealProjects/PrototypingBackupp/nonamed/Content/Core/MyGameBase.uasset'
[2017.03.25-10.04.07:449][861]LogSavePackage:Display: Finished SavePackage D:/UnrealProjects/PrototypingBackupp/nonamed/Content/Core/MyGameBase.uasset
[2017.03.25-10.04.24:527][619]Cmd: OBJ SAVEPACKAGE PACKAGE="/Game/Core/MyGameBase" FILE="D:/UnrealProjects/PrototypingBackupp/nonamed/Content/Core/MyGameBase.uasset" SILENT=true
[2017.03.25-10.04.24:572][619]LogSavePackage: Save=33.38ms
[2017.03.25-10.04.24:572][619]LogSavePackage: Moving 'D:/UnrealProjects/PrototypingBackupp/nonamed/Saved/MyGameBase8C71743745B689AFE75063AF4C3EF852.tmp' to 'D:/UnrealProjects/PrototypingBackupp/nonamed/Content/Core/MyGameBase.uasset'
[2017.03.25-10.04.24:573][619]LogSavePackage:Display: Finished SavePackage D:/UnrealProjects/PrototypingBackupp/nonamed/Content/Core/MyGameBase.uasset
[2017.03.25-10.04.33:070][412]Cmd: OBJ SAVEPACKAGE PACKAGE="/Game/Core/MyGameBase" FILE="D:/UnrealProjects/PrototypingBackupp/nonamed/Content/Core/MyGameBase.uasset" SILENT=true
[2017.03.25-10.04.33:116][412]LogSavePackage: Save=34.24ms
[2017.03.25-10.04.33:116][412]LogSavePackage: Moving 'D:/UnrealProjects/PrototypingBackupp/nonamed/Saved/MyGameBase4A41573643FC4BEEE541348E20B565F8.tmp' to 'D:/UnrealProjects/PrototypingBackupp/nonamed/Content/Core/MyGameBase.uasset'
[2017.03.25-10.04.33:117][412]LogSavePackage:Display: Finished SavePackage D:/UnrealProjects/PrototypingBackupp/nonamed/Content/Core/MyGameBase.uasset
[2017.03.25-10.05.59:364][ 96]Cmd: OBJ SAVEPACKAGE PACKAGE="/Game/Core/MyGameBase" FILE="D:/UnrealProjects/PrototypingBackupp/nonamed/Content/Core/MyGameBase.uasset" SILENT=true
[2017.03.25-10.05.59:413][ 96]LogSavePackage: Save=37.21ms
[2017.03.25-10.05.59:413][ 96]LogSavePackage: Moving 'D:/UnrealProjects/PrototypingBackupp/nonamed/Saved/MyGameBase011F2F1E42B13B53ADFEA8BB9B3761C2.tmp' to 'D:/UnrealProjects/PrototypingBackupp/nonamed/Content/Core/MyGameBase.uasset'
[2017.03.25-10.05.59:414][ 96]LogSavePackage:Display: Finished SavePackage D:/UnrealProjects/PrototypingBackupp/nonamed/Content/Core/MyGameBase.uasset
[2017.03.25-10.06.20:120][276]LogSavePackage: Save=148.95ms
[2017.03.25-10.06.20:120][276]LogSavePackage: Moving 'D:/UnrealProjects/PrototypingBackupp/nonamed/Saved/BP_MotionController788DAB88481F067C2E8219A06646E023.tmp' to 'D:/UnrealProjects/PrototypingBackupp/nonamed/Content/VirtualRealityBP/Blueprints/BP_MotionController.uasset'
[2017.03.25-10.06.20:121][276]LogSavePackage:Display: Finished SavePackage D:/UnrealProjects/PrototypingBackupp/nonamed/Content/VirtualRealityBP/Blueprints/BP_MotionController.uasset
[2017.03.25-10.06.59:494][ 99]Cmd: OBJ SAVEPACKAGE PACKAGE="/Game/Core/MyGameBase" FILE="D:/UnrealProjects/PrototypingBackupp/nonamed/Content/Core/MyGameBase.uasset" SILENT=true
[2017.03.25-10.06.59:545][ 99]LogSavePackage: Save=35.90ms
[2017.03.25-10.06.59:545][ 99]LogSavePackage: Moving 'D:/UnrealProjects/PrototypingBackupp/nonamed/Saved/MyGameBaseE6355B224E2BCA4E1C9B29BFAE08F7D0.tmp' to 'D:/UnrealProjects/PrototypingBackupp/nonamed/Content/Core/MyGameBase.uasset'
[2017.03.25-10.06.59:545][ 99]LogSavePackage:Display: Finished SavePackage D:/UnrealProjects/PrototypingBackupp/nonamed/Content/Core/MyGameBase.uasset
[2017.03.25-10.09.20:835][179]Cmd: OBJ SAVEPACKAGE PACKAGE="/Game/Core/MyGameBase" FILE="D:/UnrealProjects/PrototypingBackupp/nonamed/Content/Core/MyGameBase.uasset" SILENT=true
[2017.03.25-10.09.20:889][179]LogSavePackage: Save=42.66ms
[2017.03.25-10.09.20:889][179]LogSavePackage: Moving 'D:/UnrealProjects/PrototypingBackupp/nonamed/Saved/MyGameBase675BF79845744AB378FB649D6CDE9BA3.tmp' to 'D:/UnrealProjects/PrototypingBackupp/nonamed/Content/Core/MyGameBase.uasset'
[2017.03.25-10.09.20:890][179]LogSavePackage:Display: Finished SavePackage D:/UnrealProjects/PrototypingBackupp/nonamed/Content/Core/MyGameBase.uasset
[2017.03.25-10.09.22:056][298]BlueprintLog: New page: Compile MyGameBase
[2017.03.25-10.09.22:170][298]LogBlueprint:Error: [Compiler PlayerBP] Error This blueprint (self) is not a MyGameBase_C, therefore ' Target ' must have a connection.
[2017.03.25-10.13.37:290][326]OCULUS: Info: [HMDState] Requested to SetForegroundWindow(30584ll)
[2017.03.25-10.13.53:967][859]OCULUS: Info: [HMDState] Requested to SetForegroundWindow(30584ll)
[2017.03.25-10.14.09:626][906]OCULUS: Info: [HMDState] Requested to SetForegroundWindow(30584ll)
[2017.03.25-10.14.36:959][988]OCULUS: Info: [HMDState] Requested to SetForegroundWindow(30584ll)
[2017.03.25-10.14.52:173][166]OCULUS: Info: [HMDState] Requested to SetForegroundWindow(30584ll)
[2017.03.25-10.16.03:791][886]LogSlate:Warning: Prevented a slow task dialog from being summoned while a context menu was open
[2017.03.25-10.17.02:643][943]LogSlate:Warning: Prevented a slow task dialog from being summoned while a context menu was open
[2017.03.25-10.17.07:856][528]LogSavePackage: Save=150.61ms
[2017.03.25-10.17.07:856][528]LogSavePackage: Moving 'D:/UnrealProjects/PrototypingBackupp/nonamed/Saved/BP_MotionControllerA2CC7D474E1A42FD403711A874EBE2C2.tmp' to 'D:/UnrealProjects/PrototypingBackupp/nonamed/Content/VirtualRealityBP/Blueprints/BP_MotionController.uasset'
[2017.03.25-10.17.07:857][528]LogSavePackage:Display: Finished SavePackage D:/UnrealProjects/PrototypingBackupp/nonamed/Content/VirtualRealityBP/Blueprints/BP_MotionController.uasset
[2017.03.25-10.17.07:861][528]Cmd: OBJ SAVEPACKAGE PACKAGE="/Game/Widget/W_VRwidget" FILE="D:/UnrealProjects/PrototypingBackupp/nonamed/Content/Widget/W_VRwidget.uasset" SILENT=true
[2017.03.25-10.17.07:868][528]LogSavePackage: Save=5.81ms
[2017.03.25-10.17.07:868][528]LogSavePackage: Moving 'D:/UnrealProjects/PrototypingBackupp/nonamed/Saved/W_VRwidget0EB3ACB0458F79DF83EE75812FC13399.tmp' to 'D:/UnrealProjects/PrototypingBackupp/nonamed/Content/Widget/W_VRwidget.uasset'
[2017.03.25-10.17.07:868][528]LogSavePackage:Display: Finished SavePackage D:/UnrealProjects/PrototypingBackupp/nonamed/Content/Widget/W_VRwidget.uasset
[2017.03.25-10.18.17:682][691]LogSavePackage: Save=151.58ms
[2017.03.25-10.18.17:682][691]LogSavePackage: Moving 'D:/UnrealProjects/PrototypingBackupp/nonamed/Saved/BP_MotionController9983CF7F40791D4853CC14B26EECE640.tmp' to 'D:/UnrealProjects/PrototypingBackupp/nonamed/Content/VirtualRealityBP/Blueprints/BP_MotionController.uasset'
[2017.03.25-10.18.17:683][691]LogSavePackage:Display: Finished SavePackage D:/UnrealProjects/PrototypingBackupp/nonamed/Content/VirtualRealityBP/Blueprints/BP_MotionController.uasset
[2017.03.25-10.19.13:782][302]OCULUS: Info: [HMDState] Requested to SetForegroundWindow(30584ll)
[2017.03.25-10.19.29:120][348]OCULUS: Info: [HMDState] Requested to SetForegroundWindow(30584ll)
[2017.03.25-10.19.31:453][355]OCULUS: Info: [HMDState] Requested to SetForegroundWindow(30584ll)
[2017.03.25-10.19.46:787][401]OCULUS: Info: [HMDState] Requested to SetForegroundWindow(30584ll)
[2017.03.25-10.20.39:120][558]OCULUS: Info: [HMDState] Requested to SetForegroundWindow(30584ll)
[2017.03.25-10.20.54:454][604]OCULUS: Info: [HMDState] Requested to SetForegroundWindow(30584ll)
[2017.03.25-10.22.35:790][908]OCULUS: Info: [HMDState] Requested to SetForegroundWindow(30584ll)
[2017.03.25-10.23.04:788][995]OCULUS: Info: [HMDState] Requested to SetForegroundWindow(30584ll)
[2017.03.25-10.23.29:454][ 69]OCULUS: Info: [HMDState] Requested to SetForegroundWindow(30584ll)
[2017.03.25-10.23.44:788][115]OCULUS: Info: [HMDState] Requested to SetForegroundWindow(30584ll)
[2017.03.25-10.26.26:373][279]Cmd: OBJ SAVEPACKAGE PACKAGE="/Game/Widget/W_VRwidget" FILE="D:/UnrealProjects/PrototypingBackupp/nonamed/Content/Widget/W_VRwidget.uasset" SILENT=true
[2017.03.25-10.26.26:394][279]LogSavePackage: Save=6.17ms
[2017.03.25-10.26.26:395][279]LogSavePackage: Moving 'D:/UnrealProjects/PrototypingBackupp/nonamed/Saved/W_VRwidget44D68EFA4A9264A6FDFBCD9716B107DC.tmp' to 'D:/UnrealProjects/PrototypingBackupp/nonamed/Content/Widget/W_VRwidget.uasset'
[2017.03.25-10.26.26:396][279]LogSavePackage:Display: Finished SavePackage D:/UnrealProjects/PrototypingBackupp/nonamed/Content/Widget/W_VRwidget.uasset
[2017.03.25-10.29.54:682][860]LogSavePackage: Save=144.66ms
[2017.03.25-10.29.54:682][860]LogSavePackage: Moving 'D:/UnrealProjects/PrototypingBackupp/nonamed/Saved/BP_MotionControllerB0349965493E1FB2E2E86DBC9ABE2F55.tmp' to 'D:/UnrealProjects/PrototypingBackupp/nonamed/Content/VirtualRealityBP/Blueprints/BP_MotionController.uasset'
[2017.03.25-10.29.54:682][860]LogSavePackage:Display: Finished SavePackage D:/UnrealProjects/PrototypingBackupp/nonamed/Content/VirtualRealityBP/Blueprints/BP_MotionController.uasset
[2017.03.25-10.36.37:857][122]OCULUS: Info: [HMDState] Requested to SetForegroundWindow(30584ll)
[2017.03.25-10.36.52:857][167]OCULUS: Info: [HMDState] Requested to SetForegroundWindow(30584ll)
[2017.03.25-11.29.08:535][574]OCULUS: Info: [HMDState] Requested to SetForegroundWindow(30584ll)
[2017.03.25-11.29.23:869][620]OCULUS: Info: [HMDState] Requested to SetForegroundWindow(30584ll)
[2017.03.25-11.30.06:607][835]OCULUS: Info: [HMDState] Requested to SetForegroundWindow(2b06fcll)
[2017.03.25-11.30.07:029][849]LogActorComponent: UnregisterComponent: (/Engine/Transient.EditorFloorComp) Not registered. Aborting.
[2017.03.25-11.30.07:099][849]LogActorComponent: UnregisterComponent: (/Engine/Transient.EditorFloorComp) Not registered. Aborting.
[2017.03.25-11.30.07:191][849]LogActorComponent: UnregisterComponent: (/Engine/Transient.EditorFloorComp) Not registered. Aborting.
[2017.03.25-11.30.07:607][850]Cmd: QUIT_EDITOR
[2017.03.25-11.30.08:073][850]LogWindowsTextInputMethodSystem:Display: IME system now activated using TSF (Microsoft 입력기).
[2017.03.25-11.30.08:093][850]LogExit: Preparing to exit.
[2017.03.25-11.30.09:268][850]LogExit: Editor shut down
[2017.03.25-11.30.09:268][850]LogExit: Transaction tracking system shut down
[2017.03.25-11.30.09:362][850]LogObj: Freed 0b from 0 cluster array pools.
[2017.03.25-11.30.09:362][850]LogExit: Object subsystem successfully closed.
[2017.03.25-11.30.09:376][850]LogD3D11RHI: Shutdown
[2017.03.25-11.30.09:376][850]LogD3D11RHI: CleanupD3DDevice
[2017.03.25-11.30.09:460][850]LogD3D11RHI: ~FD3D11DynamicRHI
[2017.03.25-11.30.09:470][850]LogModuleManager: Shutting down and abandoning module SequencerWidgets (504)
[2017.03.25-11.30.09:470][850]LogModuleManager: Shutting down and abandoning module BlueprintGraph (502)
[2017.03.25-11.30.09:470][850]LogModuleManager: Shutting down and abandoning module BlueprintProfiler (500)
[2017.03.25-11.30.09:470][850]LogModuleManager: Shutting down and abandoning module HierarchicalLODOutliner (498)
[2017.03.25-11.30.09:470][850]LogModuleManager: Shutting down and abandoning module CrashTracker (496)
[2017.03.25-11.30.09:470][850]LogModuleManager: Shutting down and abandoning module SceneOutliner (494)
[2017.03.25-11.30.09:470][850]LogModuleManager: Shutting down and abandoning module AddContentDialog (492)
[2017.03.25-11.30.09:470][850]LogDirectoryWatcher: A directory notification for 'C:/Program Files/Epic Games/UE_4.15/FeaturePacks/' was aborted.
[2017.03.25-11.30.09:471][850]LogModuleManager: Shutting down and abandoning module WidgetCarousel (491)
[2017.03.25-11.30.09:471][850]LogModuleManager: Shutting down and abandoning module EditorWidgets (488)
[2017.03.25-11.30.09:471][850]LogModuleManager: Shutting down and abandoning module CollectionManager (486)
[2017.03.25-11.30.09:471][850]LogDirectoryWatcher: A directory notification for 'D:/UnrealProjects/PrototypingBackupp/nonamed/Content/Collections/' was aborted.
[2017.03.25-11.30.09:471][850]LogDirectoryWatcher: A directory notification for 'D:/UnrealProjects/PrototypingBackupp/nonamed/Content/Developers/thtjd/Collections/' was aborted.
[2017.03.25-11.30.09:471][850]LogDirectoryWatcher: A directory notification for 'D:/UnrealProjects/PrototypingBackupp/nonamed/Saved/Collections/' was aborted.
[2017.03.25-11.30.09:471][850]LogModuleManager: Shutting down and abandoning module StatsViewer (484)
[2017.03.25-11.30.09:471][850]LogModuleManager: Shutting down and abandoning module FoliageEdit (482)
[2017.03.25-11.30.09:471][850]LogModuleManager: Shutting down and abandoning module LandscapeEditor (480)
[2017.03.25-11.30.09:471][850]LogModuleManager: Shutting down and abandoning module SceneDepthPickerMode (478)
[2017.03.25-11.30.09:471][850]LogModuleManager: Shutting down and abandoning module ActorPickerMode (476)
[2017.03.25-11.30.09:471][850]LogModuleManager: Shutting down and abandoning module GeometryMode (474)
[2017.03.25-11.30.09:471][850]LogModuleManager: Shutting down and abandoning module TextureAlignMode (472)
[2017.03.25-11.30.09:471][850]LogModuleManager: Shutting down and abandoning module BspMode (470)
[2017.03.25-11.30.09:471][850]LogModuleManager: Shutting down and abandoning module HardwareSurvey (468)
[2017.03.25-11.30.09:471][850]LogModuleManager: Shutting down and abandoning module SequenceRecorderSections (466)
[2017.03.25-11.30.09:471][850]LogModuleManager: Shutting down and abandoning module AutomationWorker (464)
[2017.03.25-11.30.09:471][850]LogModuleManager: Shutting down and abandoning module MatineeToLevelSequence (462)
[2017.03.25-11.30.09:471][850]LogModuleManager: Shutting down and abandoning module LevelSequenceEditor (460)
[2017.03.25-11.30.09:471][850]LogModuleManager: Shutting down and abandoning module PlacementMode (459)
[2017.03.25-11.30.09:472][850]LogModuleManager: Shutting down and abandoning module WmfMediaFactory (456)
[2017.03.25-11.30.09:472][850]LogModuleManager: Shutting down and abandoning module WmfMediaEditor (454)
[2017.03.25-11.30.09:472][850]LogModuleManager: Shutting down and abandoning module MfMediaFactory (452)
[2017.03.25-11.30.09:472][850]LogModuleManager: Shutting down and abandoning module MfMediaEditor (450)
[2017.03.25-11.30.09:472][850]LogModuleManager: Shutting down and abandoning module AvfMediaFactory (448)
[2017.03.25-11.30.09:472][850]LogModuleManager: Shutting down and abandoning module AvfMediaEditor (446)
[2017.03.25-11.30.09:472][850]LogModuleManager: Shutting down and abandoning module AndroidMediaFactory (444)
[2017.03.25-11.30.09:472][850]LogModuleManager: Shutting down and abandoning module Media (443)
[2017.03.25-11.30.09:472][850]LogModuleManager: Shutting down and abandoning module AndroidMediaEditor (440)
[2017.03.25-11.30.09:472][850]LogModuleManager: Shutting down and abandoning module CharacterAI (438)
[2017.03.25-11.30.09:472][850]LogModuleManager: Shutting down and abandoning module AudioCapture (436)
[2017.03.25-11.30.09:472][850]LogModuleManager: Shutting down and abandoning module SequenceRecorder (435)
[2017.03.25-11.30.09:472][850]LogModuleManager: Shutting down and abandoning module SmartSnapping (432)
[2017.03.25-11.30.09:472][850]LogModuleManager: Shutting down and abandoning module SessionServices (430)
[2017.03.25-11.30.09:472][850]LogModuleManager: Shutting down and abandoning module ViewportSnapping (428)
[2017.03.25-11.30.09:472][850]LogModuleManager: Shutting down and abandoning module ViewportInteraction (426)
[2017.03.25-11.30.09:472][850]LogModuleManager: Shutting down and abandoning module LogVisualizer (424)
[2017.03.25-11.30.09:472][850]LogModuleManager: Shutting down and abandoning module IntroTutorials (422)
[2017.03.25-11.30.09:472][850]LogModuleManager: Shutting down and abandoning module GameProjectGeneration (421)
[2017.03.25-11.30.09:472][850]LogModuleManager: Shutting down and abandoning module EditorLiveStreaming (418)
[2017.03.25-11.30.09:472][850]LogModuleManager: Shutting down and abandoning module IOSPlatformEditor (416)
[2017.03.25-11.30.09:472][850]LogModuleManager: Shutting down and abandoning module HTML5PlatformEditor (414)
[2017.03.25-11.30.09:472][850]LogModuleManager: Shutting down and abandoning module AndroidPlatformEditor (412)
[2017.03.25-11.30.09:472][850]LogModuleManager: Shutting down and abandoning module AndroidDeviceDetection (411)
[2017.03.25-11.30.09:635][850]LogModuleManager: Shutting down and abandoning module IOSRuntimeSettings (408)
[2017.03.25-11.30.09:635][850]LogModuleManager: Shutting down and abandoning module AndroidRuntimeSettings (406)
[2017.03.25-11.30.09:635][850]LogModuleManager: Shutting down and abandoning module InputBindingEditor (404)
[2017.03.25-11.30.09:635][850]LogModuleManager: Shutting down and abandoning module NiagaraEditor (402)
[2017.03.25-11.30.09:635][850]LogModuleManager: Shutting down and abandoning module MergeActors (400)
[2017.03.25-11.30.09:635][850]LogModuleManager: Shutting down and abandoning module SizeMap (398)
[2017.03.25-11.30.09:635][850]LogModuleManager: Shutting down and abandoning module TreeMap (396)
[2017.03.25-11.30.09:635][850]LogModuleManager: Shutting down and abandoning module ReferenceViewer (394)
[2017.03.25-11.30.09:635][850]LogModuleManager: Shutting down and abandoning module LocalizationDashboard (392)
[2017.03.25-11.30.09:635][850]LogModuleManager: Shutting down and abandoning module LocalizationService (391)
[2017.03.25-11.30.09:635][850]LogModuleManager: Shutting down and abandoning module HardwareTargeting (388)
[2017.03.25-11.30.09:635][850]LogModuleManager: Shutting down and abandoning module DeviceProfileEditor (386)
[2017.03.25-11.30.09:635][850]LogModuleManager: Shutting down and abandoning module UndoHistory (384)
[2017.03.25-11.30.09:635][850]LogModuleManager: Shutting down and abandoning module UserFeedback (382)
[2017.03.25-11.30.09:635][850]LogModuleManager: Shutting down and abandoning module XmlParser (380)
[2017.03.25-11.30.09:635][850]LogModuleManager: Shutting down and abandoning module Blutility (378)
[2017.03.25-11.30.09:635][850]LogModuleManager: Shutting down and abandoning module ProjectSettingsViewer (376)
[2017.03.25-11.30.09:635][850]LogModuleManager: Shutting down and abandoning module ProjectTargetPlatformEditor (375)
[2017.03.25-11.30.09:635][850]LogModuleManager: Shutting down and abandoning module EditorSettingsViewer (372)
[2017.03.25-11.30.09:635][850]LogModuleManager: Shutting down and abandoning module SettingsEditor (370)
[2017.03.25-11.30.09:635][850]LogModuleManager: Shutting down and abandoning module ProjectLauncher (368)
[2017.03.25-11.30.09:635][850]LogModuleManager: Shutting down and abandoning module SessionFrontend (366)
[2017.03.25-11.30.09:635][850]LogModuleManager: Shutting down and abandoning module ProfilerClient (364)
[2017.03.25-11.30.09:635][850]LogModuleManager: Shutting down and abandoning module DeviceManager (362)
[2017.03.25-11.30.09:635][850]LogModuleManager: Shutting down and abandoning module TargetDeviceServices (361)
[2017.03.25-11.30.09:679][850]LogModuleManager: Shutting down and abandoning module AutomationController (358)
[2017.03.25-11.30.09:679][850]LogModuleManager: Shutting down and abandoning module AutomationWindow (356)
[2017.03.25-11.30.09:679][850]LogModuleManager: Shutting down and abandoning module Layers (354)
[2017.03.25-11.30.09:679][850]LogModuleManager: Shutting down and abandoning module ComponentVisualizers (352)
[2017.03.25-11.30.09:679][850]LogModuleManager: Shutting down and abandoning module DetailCustomizations (350)
[2017.03.25-11.30.09:679][850]LogModuleManager: Shutting down and abandoning module PackagesDialog (348)
[2017.03.25-11.30.09:679][850]LogModuleManager: Shutting down and abandoning module Persona (346)
[2017.03.25-11.30.09:679][850]LogModuleManager: Shutting down and abandoning module AnimGraph (345)
[2017.03.25-11.30.09:679][850]LogModuleManager: Shutting down and abandoning module Kismet (342)
[2017.03.25-11.30.09:692][850]LogModuleManager: Shutting down and abandoning module GraphEditor (340)
[2017.03.25-11.30.09:692][850]LogModuleManager: Shutting down and abandoning module ClassViewer (338)
[2017.03.25-11.30.09:693][850]LogModuleManager: Shutting down and abandoning module Toolbox (336)
[2017.03.25-11.30.09:693][850]LogModuleManager: Shutting down and abandoning module ModuleUI (334)
[2017.03.25-11.30.09:693][850]LogModuleManager: Shutting down and abandoning module MovieSceneTools (332)
[2017.03.25-11.30.09:693][850]LogModuleManager: Shutting down and abandoning module OutputLog (330)
[2017.03.25-11.30.09:693][850]LogModuleManager: Shutting down and abandoning module GammaUI (328)
[2017.03.25-11.30.09:693][850]LogModuleManager: Shutting down and abandoning module Documentation (326)
[2017.03.25-11.30.09:693][850]LogModuleManager: Shutting down and abandoning module Niagara (324)
[2017.03.25-11.30.09:693][850]LogModuleManager: Shutting down and abandoning module StreamingPauseRendering (322)
[2017.03.25-11.30.09:693][850]LogModuleManager: Shutting down and abandoning module AnalyticsET (320)
[2017.03.25-11.30.09:693][850]LogModuleManager: Shutting down and abandoning module PortalServices (318)
[2017.03.25-11.30.09:693][850]LogModuleManager: Shutting down and abandoning module PortalRpc (316)
[2017.03.25-11.30.09:693][850]LogModuleManager: Shutting down and abandoning module MessagingRpc (314)
[2017.03.25-11.30.09:693][850]LogModuleManager: Shutting down and abandoning module AIModule (312)
[2017.03.25-11.30.09:693][850]LogModuleManager: Shutting down and abandoning module GameplayDebugger (311)
[2017.03.25-11.30.09:693][850]LogModuleManager: Shutting down and abandoning module AITestSuite (309)
[2017.03.25-11.30.09:693][850]LogModuleManager: Shutting down and abandoning module ProfilerService (306)
[2017.03.25-11.30.09:914][850]LogModuleManager: Shutting down and abandoning module TaskGraph (304)
[2017.03.25-11.30.09:914][850]LogModuleManager: Shutting down and abandoning module SteamVRController (302)
[2017.03.25-11.30.09:914][850]LogModuleManager: Shutting down and abandoning module SteamVR (300)
[2017.03.25-11.30.09:914][850]LogModuleManager: Shutting down and abandoning module ProceduralMeshComponentEditor (298)
[2017.03.25-11.30.09:914][850]LogModuleManager: Shutting down and abandoning module ProceduralMeshComponent (296)
[2017.03.25-11.30.09:914][850]LogModuleManager: Shutting down and abandoning module OculusLibrary (294)
[2017.03.25-11.30.09:914][850]LogModuleManager: Shutting down and abandoning module OculusInput (292)
[2017.03.25-11.30.09:914][850]LogModuleManager: Shutting down and abandoning module MobilePatchingUtils (290)
[2017.03.25-11.30.09:914][850]LogModuleManager: Shutting down and abandoning module CustomMeshComponent (288)
[2017.03.25-11.30.09:914][850]LogModuleManager: Shutting down and abandoning module CableComponent (286)
[2017.03.25-11.30.09:914][850]LogModuleManager: Shutting down and abandoning module ArchVisCharacter (284)
[2017.03.25-11.30.09:914][850]LogModuleManager: Shutting down and abandoning module MediaPlayerEditor (280)
[2017.03.25-11.30.09:914][850]LogModuleManager: Shutting down and abandoning module HTML5Networking (278)
[2017.03.25-11.30.09:914][850]LogModuleManager: Shutting down and abandoning module AlembicImporter (276)
[2017.03.25-11.30.09:914][850]LogModuleManager: Shutting down and abandoning module AlembicLibrary (275)
[2017.03.25-11.30.09:914][850]LogModuleManager: Shutting down and abandoning module GeometryCache (274)
[2017.03.25-11.30.09:914][850]LogModuleManager: Shutting down and abandoning module GeometryCacheEd (273)
[2017.03.25-11.30.09:914][850]LogModuleManager: Shutting down and abandoning module SuperSearchEditor (268)
[2017.03.25-11.30.09:914][850]LogModuleManager: Shutting down and abandoning module SuperSearch (267)
[2017.03.25-11.30.09:914][850]LogModuleManager: Shutting down and abandoning module SpeedTreeImporter (264)
[2017.03.25-11.30.09:914][850]LogModuleManager: Shutting down and abandoning module PluginBrowser (262)
[2017.03.25-11.30.09:914][850]LogModuleManager: Shutting down and abandoning module MobileLauncherProfileWizard (260)
[2017.03.25-11.30.09:914][850]LogModuleManager: Shutting down and abandoning module EpicSurvey (258)
[2017.03.25-11.30.09:914][850]LogModuleManager: Shutting down and abandoning module VisualStudioSourceCodeAccess (256)
[2017.03.25-11.30.09:914][850]LogModuleManager: Shutting down and abandoning module DesktopPlatform (255)
[2017.03.25-11.30.09:914][850]LogModuleManager: Shutting down and abandoning module UObjectPlugin (252)
[2017.03.25-11.30.09:914][850]LogModuleManager: Shutting down and abandoning module SubversionSourceControl (250)
[2017.03.25-11.30.09:914][850]LogModuleManager: Shutting down and abandoning module PerforceSourceControl (248)
[2017.03.25-11.30.09:914][850]LogModuleManager: Shutting down and abandoning module GitSourceControl (246)
[2017.03.25-11.30.09:915][850]LogModuleManager: Shutting down and abandoning module SourceControl (245)
[2017.03.25-11.30.09:915][850]LogModuleManager: Shutting down and abandoning module LightPropagationVolumeEditor (242)
[2017.03.25-11.30.09:915][850]LogModuleManager: Shutting down and abandoning module PaperTiledImporter (240)
[2017.03.25-11.30.09:915][850]LogModuleManager: Shutting down and abandoning module PaperSpriteSheetImporter (238)
[2017.03.25-11.30.09:915][850]LogModuleManager: Shutting down and abandoning module Paper2DEditor (236)
[2017.03.25-11.30.09:915][850]LogModuleManager: Shutting down and abandoning module MeshPaint (235)
[2017.03.25-11.30.09:915][850]LogModuleManager: Shutting down and abandoning module LevelEditor (233)
[2017.03.25-11.30.09:916][850]LogModuleManager: Shutting down and abandoning module PixelInspectorModule (232)
[2017.03.25-11.30.09:916][850]LogModuleManager: Shutting down and abandoning module MainFrame (230)
[2017.03.25-11.30.09:916][850]LogModuleManager: Shutting down and abandoning module HotReload (229)
[2017.03.25-11.30.09:916][850]LogModuleManager: Shutting down and abandoning module ContentBrowser (225)
[2017.03.25-11.30.09:917][850]LogModuleManager: Shutting down and abandoning module PhysXVehiclesEditor (222)
[2017.03.25-11.30.09:917][850]LogModuleManager: Shutting down and abandoning module PhysXVehicles (220)
[2017.03.25-11.30.09:917][850]LogModuleManager: Shutting down and abandoning module LocationServicesBPLibrary (218)
[2017.03.25-11.30.09:917][850]LogModuleManager: Shutting down and abandoning module UdpMessaging (216)
[2017.03.25-11.30.10:017][850]LogModuleManager: Shutting down and abandoning module TcpMessaging (214)
[2017.03.25-11.30.10:118][850]LogModuleManager: Shutting down and abandoning module GameplayTagsEditor (212)
[2017.03.25-11.30.10:118][850]LogModuleManager: Shutting down and abandoning module FacialAnimationEditor (210)
[2017.03.25-11.30.10:118][850]LogModuleManager: Shutting down and abandoning module FacialAnimation (208)
[2017.03.25-11.30.10:118][850]LogModuleManager: Shutting down and abandoning module LightPropagationVolumeRuntime (206)
[2017.03.25-11.30.10:118][850]LogModuleManager: Shutting down and abandoning module Paper2D (204)
[2017.03.25-11.30.10:118][850]LogModuleManager: Shutting down and abandoning module WindowsMoviePlayer (202)
[2017.03.25-11.30.10:118][850]LogModuleManager: Shutting down and abandoning module WmfMedia (200)
[2017.03.25-11.30.10:118][850]LogModuleManager: Shutting down and abandoning module MfMedia (198)
[2017.03.25-11.30.10:118][850]LogModuleManager: Shutting down and abandoning module MediaAssets (196)
[2017.03.25-11.30.10:118][850]LogModuleManager: Shutting down and abandoning module GameLiveStreaming (194)
[2017.03.25-11.30.10:118][850]LogModuleManager: Shutting down and abandoning module VREditor (192)
[2017.03.25-11.30.10:118][850]LogModuleManager: Shutting down and abandoning module GameplayTasksEditor (190)
[2017.03.25-11.30.10:118][850]LogModuleManager: Shutting down and abandoning module BehaviorTreeEditor (188)
[2017.03.25-11.30.10:118][850]LogModuleManager: Shutting down and abandoning module FunctionalTesting (186)
[2017.03.25-11.30.10:118][850]LogModuleManager: Shutting down and abandoning module CollisionAnalyzer (184)
[2017.03.25-11.30.10:118][850]LogModuleManager: Shutting down and abandoning module UMG (182)
[2017.03.25-11.30.10:118][850]LogModuleManager: Shutting down and abandoning module UMGEditor (181)
[2017.03.25-11.30.10:118][850]LogModuleManager: Shutting down and abandoning module Sequencer (180)
[2017.03.25-11.30.10:118][850]LogModuleManager: Shutting down and abandoning module AssetTools (178)
[2017.03.25-11.30.10:118][850]LogModuleManager: Shutting down and abandoning module MessageLog (177)
[2017.03.25-11.30.10:118][850]LogModuleManager: Shutting down and abandoning module WorkspaceMenuStructure (176)
[2017.03.25-11.30.10:118][850]LogModuleManager: Shutting down and abandoning module SlateReflector (170)
[2017.03.25-11.30.10:118][850]LogModuleManager: Shutting down and abandoning module Slate (168)
[2017.03.25-11.30.10:118][850]LogModuleManager: Shutting down and abandoning module EditorStyle (166)
[2017.03.25-11.30.10:120][850]LogModuleManager: Shutting down and abandoning module SourceCodeAccess (164)
[2017.03.25-11.30.10:120][850]LogModuleManager: Shutting down and abandoning module HeadMountedDisplay (162)
[2017.03.25-11.30.10:120][850]LogModuleManager: Shutting down and abandoning module XAudio2 (160)
[2017.03.25-11.30.10:120][850]LogModuleManager: Shutting down and abandoning module Networking (158)
[2017.03.25-11.30.10:120][850]LogModuleManager: Shutting down and abandoning module Core (154)
[2017.03.25-11.30.10:120][850]LogModuleManager: Shutting down and abandoning module AssetRegistry (152)
[2017.03.25-11.30.10:283][850]LogDirectoryWatcher: A directory notification for '../../../Engine/Content/' was aborted.
[2017.03.25-11.30.10:283][850]LogDirectoryWatcher: A directory notification for 'D:/UnrealProjects/PrototypingBackupp/nonamed/Content/' was aborted.
[2017.03.25-11.30.10:283][850]LogDirectoryWatcher: A directory notification for '../../../Engine/Plugins/2D/Paper2D/Content/' was aborted.
[2017.03.25-11.30.10:283][850]LogModuleManager: Shutting down and abandoning module DirectoryWatcher (151)
[2017.03.25-11.30.10:284][850]LogModuleManager: Shutting down and abandoning module KismetCompiler (148)
[2017.03.25-11.30.10:284][850]LogModuleManager: Shutting down and abandoning module PhysXFormats (146)
[2017.03.25-11.30.10:284][850]LogModuleManager: Shutting down and abandoning module MeshUtilities (144)
[2017.03.25-11.30.10:284][850]LogModuleManager: Shutting down and abandoning module SimplygonSwarm (143)
[2017.03.25-11.30.10:284][850]LogModuleManager: Shutting down and abandoning module SimplygonMeshReduction (141)
[2017.03.25-11.30.10:284][850]LogModuleManager: Shutting down and abandoning module QuadricMeshReduction (139)
[2017.03.25-11.30.10:284][850]LogModuleManager: Shutting down and abandoning module PropertyEditor (137)
[2017.03.25-11.30.10:284][850]LogModuleManager: Shutting down and abandoning module DerivedDataCache (134)
[2017.03.25-11.30.10:303][850]LogDerivedDataCache: Shutdown
[2017.03.25-11.30.10:303][850]LogModuleManager: Shutting down and abandoning module TargetPlatform (132)
[2017.03.25-11.30.10:303][850]LogModuleManager: Shutting down and abandoning module VulkanShaderFormat (131)
[2017.03.25-11.30.10:303][850]LogModuleManager: Shutting down and abandoning module ShaderFormatOpenGL (129)
[2017.03.25-11.30.10:303][850]LogModuleManager: Shutting down and abandoning module ShaderFormatD3D (127)
[2017.03.25-11.30.10:303][850]LogModuleManager: Shutting down and abandoning module MetalShaderFormat (125)
[2017.03.25-11.30.10:303][850]LogModuleManager: Shutting down and abandoning module TextureFormatUncompressed (123)
[2017.03.25-11.30.10:303][850]LogModuleManager: Shutting down and abandoning module TextureFormatPVR (121)
[2017.03.25-11.30.10:303][850]LogModuleManager: Shutting down and abandoning module TextureFormatDXT (119)
[2017.03.25-11.30.10:303][850]LogModuleManager: Shutting down and abandoning module TextureFormatIntelISPCTexComp (117)
[2017.03.25-11.30.10:303][850]LogModuleManager: Shutting down and abandoning module TextureFormatASTC (115)
[2017.03.25-11.30.10:303][850]LogModuleManager: Shutting down and abandoning module ImageWrapper (114)
[2017.03.25-11.30.10:303][850]LogModuleManager: Shutting down and abandoning module TextureFormatAndroid (111)
[2017.03.25-11.30.10:303][850]LogModuleManager: Shutting down and abandoning module AudioFormatOpus (109)
[2017.03.25-11.30.10:303][850]LogModuleManager: Shutting down and abandoning module AudioFormatOgg (107)
[2017.03.25-11.30.10:303][850]LogModuleManager: Shutting down and abandoning module AudioFormatADPCM (105)
[2017.03.25-11.30.10:303][850]LogModuleManager: Shutting down and abandoning module LinuxTargetPlatform (103)
[2017.03.25-11.30.10:303][850]LogModuleManager: Shutting down and abandoning module LinuxServerTargetPlatform (101)
[2017.03.25-11.30.10:303][850]LogModuleManager: Shutting down and abandoning module LinuxNoEditorTargetPlatform (99)
[2017.03.25-11.30.10:303][850]LogModuleManager: Shutting down and abandoning module LinuxClientTargetPlatform (97)
[2017.03.25-11.30.10:303][850]LogModuleManager: Shutting down and abandoning module TVOSTargetPlatform (95)
[2017.03.25-11.30.10:303][850]LogModuleManager: Shutting down and abandoning module Messaging (93)
[2017.03.25-11.30.10:303][850]LogModuleManager: Shutting down and abandoning module IOSTargetPlatform (91)
[2017.03.25-11.30.10:303][850]LogModuleManager: Shutting down and abandoning module HTML5TargetPlatform (89)
[2017.03.25-11.30.10:303][850]LogModuleManager: Shutting down and abandoning module Android_PVRTCTargetPlatform (87)
[2017.03.25-11.30.10:303][850]LogModuleManager: Shutting down and abandoning module Android_MultiTargetPlatform (85)
[2017.03.25-11.30.10:303][850]LogModuleManager: Shutting down and abandoning module Android_ETC2TargetPlatform (83)
[2017.03.25-11.30.10:303][850]LogModuleManager: Shutting down and abandoning module Android_ETC1TargetPlatform (81)
[2017.03.25-11.30.10:303][850]LogModuleManager: Shutting down and abandoning module Android_DXTTargetPlatform (79)
[2017.03.25-11.30.10:303][850]LogModuleManager: Shutting down and abandoning module Android_ATCTargetPlatform (77)
[2017.03.25-11.30.10:303][850]LogModuleManager: Shutting down and abandoning module Android_ASTCTargetPlatform (75)
[2017.03.25-11.30.10:303][850]LogModuleManager: Shutting down and abandoning module AndroidTargetPlatform (73)
[2017.03.25-11.30.10:303][850]LogModuleManager: Shutting down and abandoning module WindowsTargetPlatform (71)
[2017.03.25-11.30.10:303][850]LogModuleManager: Shutting down and abandoning module WindowsServerTargetPlatform (69)
[2017.03.25-11.30.10:303][850]LogModuleManager: Shutting down and abandoning module WindowsNoEditorTargetPlatform (67)
[2017.03.25-11.30.10:303][850]LogModuleManager: Shutting down and abandoning module WindowsClientTargetPlatform (65)
[2017.03.25-11.30.10:303][850]LogModuleManager: Shutting down and abandoning module MacTargetPlatform (63)
[2017.03.25-11.30.10:303][850]LogModuleManager: Shutting down and abandoning module MacServerTargetPlatform (61)
[2017.03.25-11.30.10:303][850]LogModuleManager: Shutting down and abandoning module MacNoEditorTargetPlatform (59)
[2017.03.25-11.30.10:303][850]LogModuleManager: Shutting down and abandoning module MacClientTargetPlatform (57)
[2017.03.25-11.30.10:303][850]LogModuleManager: Shutting down and abandoning module AllDesktopTargetPlatform (55)
[2017.03.25-11.30.10:303][850]LogModuleManager: Shutting down and abandoning module InputCore (52)
[2017.03.25-11.30.10:303][850]LogModuleManager: Shutting down and abandoning module Settings (50)
[2017.03.25-11.30.10:303][850]LogModuleManager: Shutting down and abandoning module OculusRift (48)
[2017.03.25-11.30.10:304][850]LogHMD: Oculus shutdown.
[2017.03.25-11.30.10:304][850]LogModuleManager: Shutting down and abandoning module GearVR (46)
[2017.03.25-11.30.10:304][850]LogModuleManager: Shutting down and abandoning module ExampleDeviceProfileSelector (44)
[2017.03.25-11.30.10:304][850]LogModuleManager: Shutting down and abandoning module OnlineBlueprintSupport (42)
[2017.03.25-11.30.10:304][850]LogModuleManager: Shutting down and abandoning module OnlineSubsystem (38)
[2017.03.25-11.30.10:304][850]LogOnline:Display: Unloading online subsystem: NULL
[2017.03.25-11.30.10:304][850]LogModuleManager: Shutting down and abandoning module XMPP (37)
[2017.03.25-11.30.10:304][850]LogModuleManager: Shutting down and abandoning module HTTP (35)
[2017.03.25-11.30.10:304][850]LogHttp:Display: Http module shutting down, but needs to wait on 2 outstanding Http requests:
[2017.03.25-11.30.10:304][850]LogHttp:Display: 	verb=[POST] url=[https://datarouter.ol.epicgames.com/datarouter/api/v1/public/data?SessionID=%7B699075D7-4707-7A06-FD85-2A98D6DC4B76%7D&AppID=UEEditor.Rocket.Release&AppVersion=4.15.1-3348071%2B%2B%2BUE4%2BRelease-4.15&UserID=e676a11046bff81e7c020db26fb775a3%7C4567b9b9a7b64e6ea7261bdbeb346d2b%7Cc0aaa3d9-c42f-4e06-a30c-667eede2d1a5&AppEnvironment=datacollector-binary&UploadType=eteventstream] status=Processing
[2017.03.25-11.30.10:304][850]LogHttp:Display: 	verb=[POST] url=[https://datarouter.ol.epicgames.com/datarouter/api/v1/public/data?SessionID=%7B699075D7-4707-7A06-FD85-2A98D6DC4B76%7D&AppID=UEEditor.Rocket.Release&AppVersion=4.15.1-3348071%2B%2B%2BUE4%2BRelease-4.15&UserID=e676a11046bff81e7c020db26fb775a3%7C4567b9b9a7b64e6ea7261bdbeb346d2b%7Cc0aaa3d9-c42f-4e06-a30c-667eede2d1a5&AppEnvironment=datacollector-binary&UploadType=eteventstream] status=Processing
[2017.03.25-11.30.10:329][850]LogModuleManager: Shutting down and abandoning module SSL (34)
[2017.03.25-11.30.10:330][850]LogModuleManager: Shutting down and abandoning module AudioEditor (30)
[2017.03.25-11.30.10:330][850]LogModuleManager: Shutting down and abandoning module TextureCompressor (28)
[2017.03.25-11.30.10:330][850]LogModuleManager: Shutting down and abandoning module ShaderCore (26)
[2017.03.25-11.30.10:330][850]LogModuleManager: Shutting down and abandoning module Landscape (24)
[2017.03.25-11.30.10:330][850]LogModuleManager: Shutting down and abandoning module SlateRHIRenderer (22)
[2017.03.25-11.30.10:332][850]LogModuleManager: Shutting down and abandoning module OpenGLDrv (20)
[2017.03.25-11.30.10:332][850]LogModuleManager: Shutting down and abandoning module D3D11RHI (18)
[2017.03.25-11.30.10:332][850]LogModuleManager: Shutting down and abandoning module AnimGraphRuntime (16)
[2017.03.25-11.30.10:332][850]LogModuleManager: Shutting down and abandoning module Renderer (14)
[2017.03.25-11.30.10:332][850]LogModuleManager: Shutting down and abandoning module Engine (12)
[2017.03.25-11.30.10:332][850]LogModuleManager: Shutting down and abandoning module CoreUObject (10)
[2017.03.25-11.30.10:332][850]LogModuleManager: Shutting down and abandoning module NetworkFile (8)
[2017.03.25-11.30.10:332][850]LogModuleManager: Shutting down and abandoning module StreamingFile (6)
[2017.03.25-11.30.10:332][850]LogModuleManager: Shutting down and abandoning module SandboxFile (4)
[2017.03.25-11.30.10:332][850]LogModuleManager: Shutting down and abandoning module PakFile (2)
[2017.03.25-11.30.10:334][850]LogExit: Exiting.
[2017.03.25-11.30.10:335][850]Log file closed, 03/25/17 20:30:10
