Log file open, 03/20/17 00:06:49
LogInit:Display: Running engine for game: nonamed
LogPlatformFile: Not using cached read wrapper
LogInit:Display: RandInit(2051072901) SRandInit(2051072901).
LogTaskGraph: Started task graph with 5 named threads and 8 total threads with 1 sets of task threads.
LogStats: Stats thread started at 0.073674
LogInit: Using libcurl 7.47.1
LogInit:  - built for x86_64-pc-win32
LogInit:  - supports SSL with OpenSSL/1.0.2g
LogInit:  - supports HTTP deflate (compression) using libz 1.2.8
LogInit:  - other features:
LogInit:      CURL_VERSION_SSL
LogInit:      CURL_VERSION_LIBZ
LogInit:      CURL_VERSION_IPV6
LogInit:      CURL_VERSION_ASYNCHDNS
LogInit:      CURL_VERSION_LARGEFILE
LogInit:      CURL_VERSION_IDN
LogInit:  CurlRequestOptions (configurable via config and command line):
LogInit:  - bVerifyPeer = false  - Libcurl will NOT verify peer certificate
LogInit:  - bUseHttpProxy = false  - Libcurl will NOT use HTTP proxy
LogInit:  - bDontReuseConnections = false  - Libcurl will reuse connections
LogInit:  - CertBundlePath = nullptr  - Libcurl will use whatever was configured at build time.
LogInit: Build: ++UE4+Release-4.15-CL-3299760
LogInit: Engine Version: 4.15.0-3299760+++UE4+Release-4.15
LogInit: Compatible Engine Version: 4.15.0-3299760+++UE4+Release-4.15
LogInit: Net CL: 3299760
LogDevObjectVersion: Number of dev versions registered: 14
LogDevObjectVersion:   Dev-Blueprints (B0D832E4-1F89-4F0D-ACCF-7EB736FD4AA2): 8
LogDevObjectVersion:   Dev-Build (E1C64328-A22C-4D53-A36C-8E866417BD8C): 0
LogDevObjectVersion:   Dev-Core (375EC13C-06E4-48FB-B500-84F0262A717E): 2
LogDevObjectVersion:   Dev-Editor (E4B068ED-F494-42E9-A231-DA0B2E46BB41): 14
LogDevObjectVersion:   Dev-Framework (CFFC743F-43B0-4480-9391-14DF171D2073): 22
LogDevObjectVersion:   Dev-Mobile (B02B49B5-BB20-44E9-A304-32B752E40360): 0
LogDevObjectVersion:   Dev-Networking (A4E4105C-59A1-49B5-A7C5-40C4547EDFEE): 0
LogDevObjectVersion:   Dev-Online (39C831C9-5AE6-47DC-9A44-9C173E1C8E7C): 0
LogDevObjectVersion:   Dev-Physics (78F01B33-EBEA-4F98-B9B4-84EACCB95AA2): 0
LogDevObjectVersion:   Dev-Platform (6631380F-2D4D-43E0-8009-CF276956A95A): 0
LogDevObjectVersion:   Dev-Rendering (12F88B9F-8875-4AFC-A67C-D90C383ABD29): 12
LogDevObjectVersion:   Dev-Sequencer (7B5AE74C-D270-4C10-A958-57980B212A5A): 3
LogDevObjectVersion:   Dev-VR (D7296918-1DD6-4BDD-9DE2-64A83CC13884): 0
LogDevObjectVersion:   Dev-LoadTimes (C2A15278-BFE7-4AFE-6C17-90FF531DF755): 1
LogInit: Compiled (64-bit): Feb 14 2017 02:04:14
LogInit: Compiled with Visual C++: 19.00.23026.00
LogInit: Build Configuration: Development
LogInit: Branch Name: ++UE4+Release-4.15
LogInit: Command line:  
LogInit: Base directory: C:/Program Files/Epic Games/UE_4.15/Engine/Binaries/Win64/
LogInit: Installed Engine Build: 1
LogInit: Presizing for max 8388607 objects, including 0 objects not considered by GC, pre-allocating 0 bytes for permanent pool.
LogInit: Object subsystem initialized
[2017.03.19-15.06.50:571][  0]LogInit: Selected Device Profile: [Windows]
[2017.03.19-15.06.50:571][  0]LogInit: Applying CVar settings loaded from the selected device profile: [Windows]
[2017.03.19-15.06.50:582][  0]LogInit: Computer: DESKTOP-73DD3NB
[2017.03.19-15.06.50:582][  0]LogInit: User: shKim
[2017.03.19-15.06.50:582][  0]LogInit: CPU Page size=65536, Cores=4
[2017.03.19-15.06.50:582][  0]LogInit: High frequency timer resolution =3.328127 MHz
[2017.03.19-15.06.50:582][  0]LogMemory: Memory total: Physical=31.9GB (32GB approx)
[2017.03.19-15.06.50:582][  0]LogMemory: Platform Memory Stats for Windows
[2017.03.19-15.06.50:582][  0]LogMemory: Process Physical Memory: 262.96 MB used, 262.96 MB peak
[2017.03.19-15.06.50:582][  0]LogMemory: Process Virtual Memory: 262.41 MB used, 262.41 MB peak
[2017.03.19-15.06.50:582][  0]LogMemory: Physical Memory: 8141.91 MB used,  24488.80 MB free, 32630.71 MB total
[2017.03.19-15.06.50:582][  0]LogMemory: Virtual Memory: 643.05 MB used,  24488.80 MB free, 134217728.00 MB total
[2017.03.19-15.06.50:649][  0]LogInit: Overriding culture en with editor configuration.
[2017.03.19-15.06.51:210][  0]LogD3D11RHI: D3D11 adapters:
[2017.03.19-15.06.51:216][  0]LogD3D11RHI:    0. 'Intel(R) HD Graphics 630' (Feature Level 11_0)
[2017.03.19-15.06.51:216][  0]LogD3D11RHI:       128/0/16315 MB DedicatedVideo/DedicatedSystem/SharedSystem, Outputs:1, VendorId:0x8086
[2017.03.19-15.06.51:242][  0]LogD3D11RHI:    1. 'NVIDIA GeForce GTX 1070' (Feature Level 11_0)
[2017.03.19-15.06.51:242][  0]LogD3D11RHI:       8145/0/16315 MB DedicatedVideo/DedicatedSystem/SharedSystem, Outputs:1, VendorId:0x10de
[2017.03.19-15.06.51:243][  0]LogD3D11RHI:    2. 'Microsoft Basic Render Driver' (Feature Level 11_0)
[2017.03.19-15.06.51:243][  0]LogD3D11RHI:       0/0/16315 MB DedicatedVideo/DedicatedSystem/SharedSystem, Outputs:0, VendorId:0x1414
[2017.03.19-15.06.51:243][  0]LogD3D11RHI: Chosen D3D11 Adapter: 1
[2017.03.19-15.06.51:247][  0]LogD3D11RHI: Creating new Direct3DDevice
[2017.03.19-15.06.51:247][  0]LogD3D11RHI:     GPU DeviceId: 0x1b81 (for the marketing name, search the web for "GPU Device Id")
[2017.03.19-15.06.51:247][  0]LogWindows: EnumDisplayDevices:
[2017.03.19-15.06.51:247][  0]LogWindows:    0. 'Intel(R) HD Graphics 630' (P:1 D:1)
[2017.03.19-15.06.51:248][  0]LogWindows:    1. 'Intel(R) HD Graphics 630' (P:0 D:0)
[2017.03.19-15.06.51:248][  0]LogWindows:    2. 'Intel(R) HD Graphics 630' (P:0 D:0)
[2017.03.19-15.06.51:248][  0]LogWindows:    3. 'NVIDIA GeForce GTX 1070' (P:0 D:1)
[2017.03.19-15.06.51:248][  0]LogWindows:    4. 'NVIDIA GeForce GTX 1070' (P:0 D:0)
[2017.03.19-15.06.51:248][  0]LogWindows:    5. 'NVIDIA GeForce GTX 1070' (P:0 D:0)
[2017.03.19-15.06.51:248][  0]LogWindows:    6. 'NVIDIA GeForce GTX 1070' (P:0 D:0)
[2017.03.19-15.06.51:248][  0]LogWindows: DebugString: PrimaryIsNotTheChoosenAdapter PrimaryIsNotTheChoosenAdapter PrimaryIsNotTheChoosenAdapter FoundDriverCount:4 
[2017.03.19-15.06.51:248][  0]LogD3D11RHI:     Adapter Name: NVIDIA GeForce GTX 1070
[2017.03.19-15.06.51:248][  0]LogD3D11RHI:   Driver Version: 376.53 (internal:21.21.13.7653, unified:376.53)
[2017.03.19-15.06.51:248][  0]LogD3D11RHI:      Driver Date: 12-29-2016
[2017.03.19-15.06.51:248][  0]LogRHI: Texture pool is 1361 MB (70% of 1945 MB)
[2017.03.19-15.06.51:262][  0]LogD3D11RHI: Async texture creation enabled
[2017.03.19-15.06.51:273][  0]LogD3D11RHI: GPU Timing Frequency: 1000.000000 (Debug: 2 1)
[2017.03.19-15.06.51:322][  0]LogShaderCompilers: Guid format shader working directory is -27 characters bigger than the processId version (../../../../../../Users/sh Kim/Documents/GitHub/PrototypingBackup/nonamed/Intermediate/Shaders/WorkingDirectory/12044/).
[2017.03.19-15.06.51:322][  0]LogShaderCompilers: Cleaned the shader compiler working directory 'C:/Users/sh Kim/AppData/Local/Temp/UnrealShaderWorkingDir/D5253C7F48CA2A3BBCCC6399E355095D/'.
[2017.03.19-15.06.51:322][  0]LogShaderCompilers:Display: Using Local Shader Compiler.
[2017.03.19-15.06.52:210][  0]LogTemp:Display: Loaded TP AllDesktopTargetPlatform
[2017.03.19-15.06.52:258][  0]LogTemp:Display: Loaded TP MacClientTargetPlatform
[2017.03.19-15.06.52:307][  0]LogTemp:Display: Loaded TP MacNoEditorTargetPlatform
[2017.03.19-15.06.52:358][  0]LogTemp:Display: Loaded TP MacServerTargetPlatform
[2017.03.19-15.06.52:407][  0]LogTemp:Display: Loaded TP MacTargetPlatform
[2017.03.19-15.06.52:458][  0]LogTemp:Display: Loaded TP WindowsClientTargetPlatform
[2017.03.19-15.06.52:508][  0]LogTemp:Display: Loaded TP WindowsNoEditorTargetPlatform
[2017.03.19-15.06.52:557][  0]LogTemp:Display: Loaded TP WindowsServerTargetPlatform
[2017.03.19-15.06.52:598][  0]LogTemp:Display: Loaded TP WindowsTargetPlatform
[2017.03.19-15.06.52:647][  0]LogTemp:Display: Loaded TP AndroidTargetPlatform
[2017.03.19-15.06.52:696][  0]LogTemp:Display: Loaded TP Android_ASTCTargetPlatform
[2017.03.19-15.06.52:746][  0]LogTemp:Display: Loaded TP Android_ATCTargetPlatform
[2017.03.19-15.06.52:793][  0]LogTemp:Display: Loaded TP Android_DXTTargetPlatform
[2017.03.19-15.06.52:847][  0]LogTemp:Display: Loaded TP Android_ETC1TargetPlatform
[2017.03.19-15.06.52:917][  0]LogTemp:Display: Loaded TP Android_ETC2TargetPlatform
[2017.03.19-15.06.53:018][  0]LogTemp:Display: Loaded TP Android_MultiTargetPlatform
[2017.03.19-15.06.53:018][  0]LogTemp:Display: Loaded TP Android_PVRTCTargetPlatform
[2017.03.19-15.06.53:052][  0]LogTemp:Display: Loaded TP HTML5TargetPlatform
[2017.03.19-15.06.53:146][  0]LogTemp:Display: Loaded TP IOSTargetPlatform
[2017.03.19-15.06.53:179][  0]LogTemp:Display: Loaded TP TVOSTargetPlatform
[2017.03.19-15.06.53:226][  0]LogTemp:Display: Loaded TP LinuxClientTargetPlatform
[2017.03.19-15.06.53:275][  0]LogTemp:Display: Loaded TP LinuxNoEditorTargetPlatform
[2017.03.19-15.06.53:324][  0]LogTemp:Display: Loaded TP LinuxServerTargetPlatform
[2017.03.19-15.06.53:374][  0]LogTemp:Display: Loaded TP LinuxTargetPlatform
[2017.03.19-15.06.53:374][  0]LogTargetPlatformManager:Display: Building Assets For Windows
[2017.03.19-15.06.53:773][  0]LogDerivedDataCache:Display: Max Cache Size: 512 MB
[2017.03.19-15.06.53:820][  0]LogDerivedDataCache: Loaded boot cache 0.05s 50MB C:/Users/sh Kim/AppData/Local/UnrealEngine/4.15/DerivedDataCache/Boot.ddc.
[2017.03.19-15.06.53:820][  0]LogDerivedDataCache:Display: Loaded Boot cache: C:/Users/sh Kim/AppData/Local/UnrealEngine/4.15/DerivedDataCache/Boot.ddc
[2017.03.19-15.06.53:820][  0]LogDerivedDataCache: FDerivedDataBackendGraph:  Pak pak cache file ../../../../../../Users/sh Kim/Documents/GitHub/PrototypingBackup/nonamed/DerivedDataCache/DDC.ddp not found, will not use a pak cache.
[2017.03.19-15.06.53:820][  0]LogDerivedDataCache: Unable to find inner node Pak for hierarchical cache Hierarchy.
[2017.03.19-15.06.53:820][  0]LogDerivedDataCache: FDerivedDataBackendGraph:  CompressedPak pak cache file ../../../../../../Users/sh Kim/Documents/GitHub/PrototypingBackup/nonamed/DerivedDataCache/Compressed.ddp not found, will not use a pak cache.
[2017.03.19-15.06.53:820][  0]LogDerivedDataCache: Unable to find inner node CompressedPak for hierarchical cache Hierarchy.
[2017.03.19-15.06.53:836][  0]LogDerivedDataCache:Display: Pak cache opened for reading ../../../Engine/DerivedDataCache/Compressed.ddp.
[2017.03.19-15.06.53:848][  0]LogDerivedDataCache: Using Local data cache path C:/Users/sh Kim/AppData/Local/UnrealEngine/Common/DerivedDataCache: Writable
[2017.03.19-15.06.53:855][  0]LogSlate: Using Freetype 2.6.0
[2017.03.19-15.06.53:855][  0]LogSlate: SlateFontCache - WITH_FREETYPE: 1, WITH_HARFBUZZ: 1
[2017.03.19-15.06.53:856][  0]LogSlate: SlateFontCache - WITH_FREETYPE: 1, WITH_HARFBUZZ: 1
[2017.03.19-15.06.54:066][  0]LogInit: Selected Device Profile: [Windows]
[2017.03.19-15.06.54:068][  0]LogContentStreaming: Texture pool size is 0.00 MB
[2017.03.19-15.06.54:241][  0]LogMeshUtilities: Using QuadricMeshReduction for automatic static mesh reduction
[2017.03.19-15.06.54:278][  0]LogSimplygon: Simplygon DLL not present - disabling.
[2017.03.19-15.06.54:319][  0]LogMeshUtilities: Using SimplygonSwarm for distributed automatic mesh merging
[2017.03.19-15.06.54:319][  0]LogMeshUtilities: No automatic skeletal mesh reduction module available
[2017.03.19-15.06.54:319][  0]LogMeshUtilities: No automatic mesh merging module available
[2017.03.19-15.06.54:797][  0]LogNetVersion: GetLocalNetworkVersion: CL: 3299760, ProjectName: nonamed, ProjectVersion: , EngineNetworkVersion: 2, GameNetworkVersion: 0, NetworkChecksum: 1112449053
[2017.03.19-15.06.54:843][  0]LogAssetRegistry: FAssetRegistry took 0.0215 seconds to start up
[2017.03.19-15.06.54:874][  0]LogPackageLocalizationCache: Processed 3 localized package path(s) for 1 prioritized culture(s) in 0.011189 seconds
[2017.03.19-15.06.54:879][  0]LogUObjectArray: 32475 objects as part of root set at end of initial load.
[2017.03.19-15.06.54:879][  0]LogUObjectAllocator: 7073360 out of 0 bytes used by permanent object pool.
[2017.03.19-15.06.54:879][  0]LogUObjectArray: CloseDisregardForGC: 0/0 objects in disregard for GC pool
[2017.03.19-15.06.54:935][  0]LogInit: WinSock: version 1.1 (2.2), MaxSocks=32767, MaxUdp=65467
[2017.03.19-15.06.56:278][  0]LogTcpMessaging: Initializing TcpMessaging bridge
[2017.03.19-15.06.56:311][  0]LogUdpMessaging: Initializing bridge on interface 0.0.0.0:0 to multicast group 230.0.0.1:6666.
[2017.03.19-15.06.56:731][  0]LogMaterial: Uniform references updated for custom material expression Custom.
[2017.03.19-15.06.57:036][  0]SourceControl: Info Source control is disabled
[2017.03.19-15.06.57:037][  0]SourceControl: Info Source control is disabled
[2017.03.19-15.06.57:074][  0]SourceControl: Info Source control is disabled
[2017.03.19-15.06.57:110][  0]SourceControl: Info Source control is disabled
[2017.03.19-15.06.58:123][  0]LogEngine: Initializing Engine...
[2017.03.19-15.06.58:124][  0]LogHMD: Failed to initialize OpenVR with code 110
[2017.03.19-15.06.58:323][  0]LogAIModule: Creating AISystem for world Untitled
[2017.03.19-15.06.58:333][  0]LogInit: XAudio2 using '스피커(Realtek High Definition Audio)' : 2 channels at 48 kHz using 32 bits per sample (channel mask 0x3)
[2017.03.19-15.06.58:342][  0]LogInit: FAudioDevice initialized.
[2017.03.19-15.06.58:365][  0]LogDerivedDataCache: Saved boot cache 0.02s 50MB C:/Users/sh Kim/AppData/Local/UnrealEngine/4.15/DerivedDataCache/Boot.ddc.
[2017.03.19-15.06.58:369][  0]LogInit: Texture streaming: Enabled
[2017.03.19-15.06.58:450][  0]LogEngineSessionManager: EngineSessionManager initialized
[2017.03.19-15.06.58:524][  0]LogInit: Transaction tracking system initialized
[2017.03.19-15.06.58:938][  0]BlueprintLog: New page: Editor Load
[2017.03.19-15.06.59:736][  0]LocalizationService: Info Localization service is disabled
[2017.03.19-15.07.00:352][  0]LogConsoleResponse:Display: 
[2017.03.19-15.07.00:471][  0]LogCook:Display: Max memory allowance for cook 16384mb min free memory 0mb
[2017.03.19-15.07.00:471][  0]LogCook:Display: Mobile HDR setting 1
[2017.03.19-15.07.00:491][  0]LogFileCache: Scanning file cache for directory 'C:/Users/sh Kim/Documents/GitHub/PrototypingBackup/nonamed/Content/' took 0.01s
[2017.03.19-15.07.01:357][  0]SourceControl: Info Source control is disabled
[2017.03.19-15.07.01:357][  0]Cmd: MAP LOAD FILE="../../../Engine/Content/Maps/Templates/Template_Default.umap" TEMPLATE=1 SHOWPROGRESS=1 FEATURELEVEL=3
[2017.03.19-15.07.01:357][  0]LightingResults: New page: Lighting Build
[2017.03.19-15.07.01:391][  0]MapCheck: New page: Map Check
[2017.03.19-15.07.01:391][  0]LightingResults: New page: Lighting Build
[2017.03.19-15.07.01:567][  0]LogAIModule: Creating AISystem for world Untitled_1
[2017.03.19-15.07.01:567][  0]LogActorComponent: RegisterComponentWithWorld: (/Temp/Untitled_1.Untitled_1:PersistentLevel.WorldSettings_1.StaticMeshComponent0) Trying to register component with IsPendingKill() == true. Aborting.
[2017.03.19-15.07.01:571][  0]LogEditorServer: Finished looking for orphan Actors (0.000 secs)
[2017.03.19-15.07.01:574][  0]Cmd: MAP CHECKDEP NOCLEARLOG
[2017.03.19-15.07.01:607][  0]MapCheck: Info Map check complete: 0 Error(s), 0 Warning(s), took 33.364ms to complete.
[2017.03.19-15.07.01:607][  0]LogFileHelpers: Loading map 'Template_Default' took 0.250
[2017.03.19-15.07.01:667][  0]LogWindowsTextInputMethodSystem:Display: IME system now activated using TSF (Microsoft 입력기).
[2017.03.19-15.07.01:775][  0]LogCollectionManager: Loaded 0 collections in 0.001308 seconds
[2017.03.19-15.07.01:848][  0]LogFileCache: Scanning file cache for directory 'C:/Users/sh Kim/Documents/GitHub/PrototypingBackup/nonamed/Saved/Collections/' took 0.01s
[2017.03.19-15.07.01:848][  0]LogFileCache: Scanning file cache for directory 'C:/Users/sh Kim/Documents/GitHub/PrototypingBackup/nonamed/Content/Developers/shKim/Collections/' took 0.01s
[2017.03.19-15.07.01:848][  0]LogFileCache: Scanning file cache for directory 'C:/Users/sh Kim/Documents/GitHub/PrototypingBackup/nonamed/Content/Collections/' took 0.01s
[2017.03.19-15.07.01:848][  0]LogCollectionManager: Rebuilt the GUID cache for 0 collections in 0.000001 seconds
[2017.03.19-15.07.01:856][  0]LogContentBrowser: Native class hierarchy populated in 0.0071 seconds. Added 2244 classes and 450 folders.
[2017.03.19-15.07.01:859][  0]LogStats: UGameplayTagsManager::ConstructGameplayTagTree: Construct from data asset -  0.000 s
[2017.03.19-15.07.01:859][  0]LogStats: UGameplayTagsManager::ConstructGameplayTagTree: GameplayTagTreeChangedEvent.Broadcast -  0.000 s
[2017.03.19-15.07.01:910][  0]LogContentBrowser: Native class hierarchy updated for 'WidgetCarousel' in 0.0005 seconds. Added 0 classes and 0 folders.
[2017.03.19-15.07.01:938][  0]LogContentBrowser: Native class hierarchy updated for 'AddContentDialog' in 0.0004 seconds. Added 0 classes and 0 folders.
[2017.03.19-15.07.01:985][  0]LogContentBrowser: Native class hierarchy updated for 'SceneOutliner' in 0.0005 seconds. Added 1 classes and 2 folders.
[2017.03.19-15.07.02:081][  0]LogCrashTracker: Crashtracker disabled due to settings.
[2017.03.19-15.07.02:087][  0]LogUObjectGlobals:Warning: Failed to find object 'Class None.'
[2017.03.19-15.07.02:148][  0]LogContentBrowser: Native class hierarchy updated for 'HierarchicalLODOutliner' in 0.0005 seconds. Added 1 classes and 2 folders.
[2017.03.19-15.07.02:148][  0]LogLoad: (Engine Initialization) Total time: 13.11 seconds
[2017.03.19-15.07.02:148][  0]LogLoad: (Engine Initialization) Total Blueprint compile time: 0.08 seconds
[2017.03.19-15.07.02:148][  0]LogExternalProfiler: No external profilers were discovered.  External profiling features will not be available.
[2017.03.19-15.07.02:160][  0]LogOcInput: OculusInput pre-init called
[2017.03.19-15.07.02:181][  0]LogContentStreaming: Texture pool size now 1000 MB
[2017.03.19-15.07.02:182][  0]LogSlate: Took 0.000162 seconds to synchronously load lazily loaded font '../../../Engine/Content/Slate/Fonts/Roboto-Regular.ttf' (155K)
[2017.03.19-15.07.02:185][  0]LogSlate: Took 0.000170 seconds to synchronously load lazily loaded font '../../../Engine/Content/Slate/Fonts/Roboto-Bold.ttf' (160K)
[2017.03.19-15.07.02:189][  0]LogSlate: Took 0.000139 seconds to synchronously load lazily loaded font '../../../Engine/Content/Editor/Slate/Fonts/FontAwesome.ttf' (139K)
[2017.03.19-15.07.02:328][  0]LogRenderer: Reallocating scene render targets to support 1208x564 NumSamples 1 (Frame:2).
[2017.03.19-15.07.02:395][  1]LogAssetRegistry: Asset discovery search completed in 7.5734 seconds
[2017.03.19-15.07.02:395][  1]LogCollectionManager: Rebuilt the object cache for 0 collections in 0.000008 seconds (found 0 objects)
[2017.03.19-15.07.02:395][  1]LogCollectionManager: Fixed up redirectors for 0 collections in 0.000027 seconds (updated 0 objects)
[2017.03.19-15.07.03:180][ 85]LogSlate: Took 0.000377 seconds to synchronously load lazily loaded font '../../../Engine/Content/Slate/Fonts/Roboto-Light.ttf' (159K)
[2017.03.19-15.07.03:808][149]LogSlate: Took 0.000142 seconds to synchronously load lazily loaded font '../../../Engine/Content/Slate/Fonts/Roboto-Light.ttf' (159K)
[2017.03.19-15.07.09:952][492]LogBlueprint:Warning: [PlayerBP] 'NearestOverlappingActor' variable not found. Base class was probably changed.
[2017.03.19-15.07.09:952][492]LogBlueprint:Warning: [PlayerBP] 'NearestOverlap' variable not found. Base class was probably changed.
[2017.03.19-15.07.09:952][492]LogBlueprint:Warning: [PlayerBP] 'NearestOverlap' variable not found. Base class was probably changed.
[2017.03.19-15.07.09:952][492]LogBlueprint:Warning: [PlayerBP] 'NearestOverlap' variable not found. Base class was probably changed.
[2017.03.19-15.07.09:953][492]LogBlueprint:Warning: [PlayerBP] 'NearestOverlappingActor' variable not found. Base class was probably changed.
[2017.03.19-15.07.09:953][492]LogBlueprint:Warning: [PlayerBP] 'NearestOverlappingActor' variable not found. Base class was probably changed.
[2017.03.19-15.07.10:554][492]LogSlate: Took 0.000224 seconds to synchronously load lazily loaded font '../../../Engine/Content/Slate/Fonts/Roboto-Light.ttf' (159K)
[2017.03.19-15.07.10:901][492]LogClass:Warning: Enum '/Game/KY_MagicEffects02/DemoRoomData/Blueprints/BP_DemoDisplay_Enum.BP_DemoDisplay_Enum' was upgraded to use FText to store its display name data. Please re-save this asset to avoid issues with localization and determinstic cooking.
[2017.03.19-15.07.10:904][492]LogEnum:Warning: Enum name collision: 'BP_DemoDisplay_Enum::ROund' is in both '/Game/KY_MagicEffects03/DemoRoomData/Blueprints/BP_DemoDisplay_Enum.BP_DemoDisplay_Enum' and '/Game/KY_MagicEffects02/DemoRoomData/Blueprints/BP_DemoDisplay_Enum.BP_DemoDisplay_Enum'
[2017.03.19-15.07.10:904][492]LogEnum:Warning: Enum name collision: 'BP_DemoDisplay_Enum::SquareL' is in both '/Game/KY_MagicEffects03/DemoRoomData/Blueprints/BP_DemoDisplay_Enum.BP_DemoDisplay_Enum' and '/Game/KY_MagicEffects02/DemoRoomData/Blueprints/BP_DemoDisplay_Enum.BP_DemoDisplay_Enum'
[2017.03.19-15.07.10:904][492]LogEnum:Warning: Enum name collision: 'BP_DemoDisplay_Enum::RoomL' is in both '/Game/KY_MagicEffects03/DemoRoomData/Blueprints/BP_DemoDisplay_Enum.BP_DemoDisplay_Enum' and '/Game/KY_MagicEffects02/DemoRoomData/Blueprints/BP_DemoDisplay_Enum.BP_DemoDisplay_Enum'
[2017.03.19-15.07.10:904][492]LogEnum:Warning: Enum name collision: 'BP_DemoDisplay_Enum::DescriptionOnly' is in both '/Game/KY_MagicEffects03/DemoRoomData/Blueprints/BP_DemoDisplay_Enum.BP_DemoDisplay_Enum' and '/Game/KY_MagicEffects02/DemoRoomData/Blueprints/BP_DemoDisplay_Enum.BP_DemoDisplay_Enum'
[2017.03.19-15.07.10:904][492]LogEnum:Warning: Enum name collision: 'BP_DemoDisplay_Enum::NewEnumerator0' is in both '/Game/KY_MagicEffects03/DemoRoomData/Blueprints/BP_DemoDisplay_Enum.BP_DemoDisplay_Enum' and '/Game/KY_MagicEffects02/DemoRoomData/Blueprints/BP_DemoDisplay_Enum.BP_DemoDisplay_Enum'
[2017.03.19-15.07.10:904][492]LogEnum:Warning: Enum name collision: 'BP_DemoDisplay_Enum::BP_DemoDisplay_MAX' is in both '/Game/KY_MagicEffects03/DemoRoomData/Blueprints/BP_DemoDisplay_Enum.BP_DemoDisplay_Enum' and '/Game/KY_MagicEffects02/DemoRoomData/Blueprints/BP_DemoDisplay_Enum.BP_DemoDisplay_Enum'
[2017.03.19-15.07.10:904][492]LogEnum:Warning: Enum name collision: 'BP_DemoDisplay_Enum::ROund' is in both '/Game/KY_MagicEffects03/DemoRoomData/Blueprints/BP_DemoDisplay_Enum.BP_DemoDisplay_Enum' and '/Game/KY_MagicEffects02/DemoRoomData/Blueprints/BP_DemoDisplay_Enum.BP_DemoDisplay_Enum'
[2017.03.19-15.07.10:904][492]LogEnum:Warning: Enum name collision: 'BP_DemoDisplay_Enum::SquareL' is in both '/Game/KY_MagicEffects03/DemoRoomData/Blueprints/BP_DemoDisplay_Enum.BP_DemoDisplay_Enum' and '/Game/KY_MagicEffects02/DemoRoomData/Blueprints/BP_DemoDisplay_Enum.BP_DemoDisplay_Enum'
[2017.03.19-15.07.10:904][492]LogEnum:Warning: Enum name collision: 'BP_DemoDisplay_Enum::RoomL' is in both '/Game/KY_MagicEffects03/DemoRoomData/Blueprints/BP_DemoDisplay_Enum.BP_DemoDisplay_Enum' and '/Game/KY_MagicEffects02/DemoRoomData/Blueprints/BP_DemoDisplay_Enum.BP_DemoDisplay_Enum'
[2017.03.19-15.07.10:904][492]LogEnum:Warning: Enum name collision: 'BP_DemoDisplay_Enum::DescriptionOnly' is in both '/Game/KY_MagicEffects03/DemoRoomData/Blueprints/BP_DemoDisplay_Enum.BP_DemoDisplay_Enum' and '/Game/KY_MagicEffects02/DemoRoomData/Blueprints/BP_DemoDisplay_Enum.BP_DemoDisplay_Enum'
[2017.03.19-15.07.10:904][492]LogEnum:Warning: Enum name collision: 'BP_DemoDisplay_Enum::NewEnumerator0' is in both '/Game/KY_MagicEffects03/DemoRoomData/Blueprints/BP_DemoDisplay_Enum.BP_DemoDisplay_Enum' and '/Game/KY_MagicEffects02/DemoRoomData/Blueprints/BP_DemoDisplay_Enum.BP_DemoDisplay_Enum'
[2017.03.19-15.07.10:904][492]LogClass:Warning: Enum '/Game/KY_MagicEffects03/DemoRoomData/Blueprints/BP_DemoDisplay_Enum.BP_DemoDisplay_Enum' was upgraded to use FText to store its display name data. Please re-save this asset to avoid issues with localization and determinstic cooking.
[2017.03.19-15.07.10:905][492]LogEnum:Warning: Enum name collision: 'BP_DemoRoom_Enum::Standard' is in both '/Game/KY_MagicEffects03/DemoRoomData/Blueprints/BP_DemoRoom_Enum.BP_DemoRoom_Enum' and '/Game/KY_MagicEffects02/DemoRoomData/Blueprints/BP_DemoRoom_Enum.BP_DemoRoom_Enum'
[2017.03.19-15.07.10:905][492]LogEnum:Warning: Enum name collision: 'BP_DemoRoom_Enum::RoofwithHole' is in both '/Game/KY_MagicEffects03/DemoRoomData/Blueprints/BP_DemoRoom_Enum.BP_DemoRoom_Enum' and '/Game/KY_MagicEffects02/DemoRoomData/Blueprints/BP_DemoRoom_Enum.BP_DemoRoom_Enum'
[2017.03.19-15.07.10:905][492]LogEnum:Warning: Enum name collision: 'BP_DemoRoom_Enum::RoofOpen' is in both '/Game/KY_MagicEffects03/DemoRoomData/Blueprints/BP_DemoRoom_Enum.BP_DemoRoom_Enum' and '/Game/KY_MagicEffects02/DemoRoomData/Blueprints/BP_DemoRoom_Enum.BP_DemoRoom_Enum'
[2017.03.19-15.07.10:905][492]LogEnum:Warning: Enum name collision: 'BP_DemoRoom_Enum::BP_DemoRoom_MAX' is in both '/Game/KY_MagicEffects03/DemoRoomData/Blueprints/BP_DemoRoom_Enum.BP_DemoRoom_Enum' and '/Game/KY_MagicEffects02/DemoRoomData/Blueprints/BP_DemoRoom_Enum.BP_DemoRoom_Enum'
[2017.03.19-15.07.10:906][492]LogEnum:Warning: Enum name collision: 'BP_DemoRoom_Enum::Standard' is in both '/Game/KY_MagicEffects03/DemoRoomData/Blueprints/BP_DemoRoom_Enum.BP_DemoRoom_Enum' and '/Game/KY_MagicEffects02/DemoRoomData/Blueprints/BP_DemoRoom_Enum.BP_DemoRoom_Enum'
[2017.03.19-15.07.10:906][492]LogEnum:Warning: Enum name collision: 'BP_DemoRoom_Enum::RoofwithHole' is in both '/Game/KY_MagicEffects03/DemoRoomData/Blueprints/BP_DemoRoom_Enum.BP_DemoRoom_Enum' and '/Game/KY_MagicEffects02/DemoRoomData/Blueprints/BP_DemoRoom_Enum.BP_DemoRoom_Enum'
[2017.03.19-15.07.10:906][492]LogEnum:Warning: Enum name collision: 'BP_DemoRoom_Enum::RoofOpen' is in both '/Game/KY_MagicEffects03/DemoRoomData/Blueprints/BP_DemoRoom_Enum.BP_DemoRoom_Enum' and '/Game/KY_MagicEffects02/DemoRoomData/Blueprints/BP_DemoRoom_Enum.BP_DemoRoom_Enum'
[2017.03.19-15.07.10:991][492]LogContentBrowser: Native class hierarchy updated for 'BlueprintGraph' in 0.0009 seconds. Added 112 classes and 0 folders.
[2017.03.19-15.07.15:268][642]LogAIModule: Creating AISystem for world NewWorld
[2017.03.19-15.07.22:601][889]LogAIModule: Creating AISystem for world L_Battle_Stage
[2017.03.19-15.07.22:646][889]Cmd: MAP LOAD FILE="../../../../../../Users/sh Kim/Documents/GitHub/PrototypingBackup/nonamed/Content/L_Battle_Stage.umap" TEMPLATE=0 SHOWPROGRESS=1 FEATURELEVEL=3
[2017.03.19-15.07.22:646][889]LightingResults: New page: Lighting Build
[2017.03.19-15.07.22:648][889]LoadErrors: New page: Loading map: L_Battle_Stage.umap
[2017.03.19-15.07.22:649][889]MapCheck: New page: Map Check
[2017.03.19-15.07.22:649][889]LightingResults: New page: Lighting Build
[2017.03.19-15.07.22:780][889]LogEditorServer: Finished looking for orphan Actors (0.000 secs)
[2017.03.19-15.07.22:817][889]Cmd: MAP CHECKDEP NOCLEARLOG
[2017.03.19-15.07.22:864][889]MapCheck: Info Map check complete: 0 Error(s), 0 Warning(s), took 46.973ms to complete.
[2017.03.19-15.07.22:865][889]LogFileHelpers: Loading map 'L_Battle_Stage' took 0.220
[2017.03.19-15.07.24:869][ 71]LogSavePackage: Save=159.95ms
[2017.03.19-15.07.24:869][ 71]LogSavePackage: Moving '../../../../../../Users/sh Kim/Documents/GitHub/PrototypingBackup/nonamed/Saved/L_Battle_Stage9D1AA7C74DD5B8C74778DF964CFAC395.tmp' to '../../../../../../Users/sh Kim/Documents/GitHub/PrototypingBackup/nonamed/Content/L_Battle_Stage.umap'
[2017.03.19-15.07.24:870][ 71]LogSavePackage:Display: Finished SavePackage ../../../../../../Users/sh Kim/Documents/GitHub/PrototypingBackup/nonamed/Content/L_Battle_Stage.umap
[2017.03.19-15.07.24:913][ 71]Cmd: OBJ SAVEPACKAGE PACKAGE="/Game/L_Battle_Stage_BuiltData" FILE="../../../../../../Users/sh Kim/Documents/GitHub/PrototypingBackup/nonamed/Content/L_Battle_Stage_BuiltData.uasset" SILENT=true
[2017.03.19-15.07.25:016][ 71]LogSavePackage: Save=66.74ms
[2017.03.19-15.07.25:016][ 71]LogSavePackage: Moving '../../../../../../Users/sh Kim/Documents/GitHub/PrototypingBackup/nonamed/Saved/L_Battle_Stage_BuiltData2B04CEE642EFCB4EFA66CDAA795F69B1.tmp' to '../../../../../../Users/sh Kim/Documents/GitHub/PrototypingBackup/nonamed/Content/L_Battle_Stage_BuiltData.uasset'
[2017.03.19-15.07.25:018][ 71]LogSavePackage:Display: Finished SavePackage ../../../../../../Users/sh Kim/Documents/GitHub/PrototypingBackup/nonamed/Content/L_Battle_Stage_BuiltData.uasset
[2017.03.19-15.07.27:107][296]LogSlate: Took 0.000166 seconds to synchronously load lazily loaded font '../../../Engine/Content/Editor/Slate/Fonts/Roboto-BoldCondensed.ttf' (158K)
[2017.03.19-15.07.27:168][297]LogSlate: Took 0.000184 seconds to synchronously load lazily loaded font '../../../Engine/Content/Editor/Slate/Fonts/Roboto-Italic.ttf' (157K)
[2017.03.19-15.08.17:755][685]Cmd: OBJ SAVEPACKAGE PACKAGE="/Game/MyGameBase" FILE="../../../../../../Users/sh Kim/Documents/GitHub/PrototypingBackup/nonamed/Content/MyGameBase.uasset" SILENT=true
[2017.03.19-15.08.17:806][685]LogSavePackage: Save=16.40ms
[2017.03.19-15.08.17:806][685]LogSavePackage: Moving '../../../../../../Users/sh Kim/Documents/GitHub/PrototypingBackup/nonamed/Saved/MyGameBase584AD25046BCE0FAA5BADBAAB4BE563D.tmp' to '../../../../../../Users/sh Kim/Documents/GitHub/PrototypingBackup/nonamed/Content/MyGameBase.uasset'
[2017.03.19-15.08.17:807][685]LogFileManager:Warning: DeleteFile was unable to delete '../../../../../../Users/sh Kim/Documents/GitHub/PrototypingBackup/nonamed/Content/MyGameBase.uasset', retrying in .5s...
[2017.03.19-15.08.18:307][685]LogFileManager:Error: Error deleting file '../../../../../../Users/sh Kim/Documents/GitHub/PrototypingBackup/nonamed/Content/MyGameBase.uasset'.
[2017.03.19-15.08.18:307][685]LogSavePackage:Error: Error saving '../../../../../../Users/sh Kim/Documents/GitHub/PrototypingBackup/nonamed/Content/MyGameBase.uasset'
[2017.03.19-15.08.18:310][685]LogSavePackage:Display: Finished SavePackage ../../../../../../Users/sh Kim/Documents/GitHub/PrototypingBackup/nonamed/Content/MyGameBase.uasset
[2017.03.19-15.08.27:578][685]EditorErrors: New page: Save Output
[2017.03.19-15.08.27:578][685]EditorErrors:Warning: Warning Error saving '../../../../../../Users/sh Kim/Documents/GitHub/PrototypingBackup/nonamed/Content/MyGameBase.uasset'
[2017.03.19-15.08.35:315][329]Cmd: OBJ SAVEPACKAGE PACKAGE="/Game/MyGameBase" FILE="../../../../../../Users/sh Kim/Documents/GitHub/PrototypingBackup/nonamed/Content/MyGameBase.uasset" SILENT=true
[2017.03.19-15.08.35:367][329]LogSavePackage: Save=16.64ms
[2017.03.19-15.08.35:367][329]LogSavePackage: Moving '../../../../../../Users/sh Kim/Documents/GitHub/PrototypingBackup/nonamed/Saved/MyGameBaseCC8C5FC5422E8F3E241DE59618DA3376.tmp' to '../../../../../../Users/sh Kim/Documents/GitHub/PrototypingBackup/nonamed/Content/MyGameBase.uasset'
[2017.03.19-15.08.35:368][329]LogFileManager:Warning: DeleteFile was unable to delete '../../../../../../Users/sh Kim/Documents/GitHub/PrototypingBackup/nonamed/Content/MyGameBase.uasset', retrying in .5s...
[2017.03.19-15.08.35:869][329]LogFileManager:Error: Error deleting file '../../../../../../Users/sh Kim/Documents/GitHub/PrototypingBackup/nonamed/Content/MyGameBase.uasset'.
[2017.03.19-15.08.35:869][329]LogSavePackage:Error: Error saving '../../../../../../Users/sh Kim/Documents/GitHub/PrototypingBackup/nonamed/Content/MyGameBase.uasset'
[2017.03.19-15.08.35:872][329]LogSavePackage:Display: Finished SavePackage ../../../../../../Users/sh Kim/Documents/GitHub/PrototypingBackup/nonamed/Content/MyGameBase.uasset
[2017.03.19-15.08.40:431][329]EditorErrors: New page: Save Output
[2017.03.19-15.08.40:431][329]EditorErrors:Warning: Warning Error saving '../../../../../../Users/sh Kim/Documents/GitHub/PrototypingBackup/nonamed/Content/MyGameBase.uasset'
[2017.03.19-15.08.51:430][ 71]Cmd: OBJ SAVEPACKAGE PACKAGE="/Game/MyGameBase" FILE="../../../../../../Users/sh Kim/Documents/GitHub/PrototypingBackup/nonamed/Content/MyGameBase.uasset" SILENT=true
[2017.03.19-15.08.51:481][ 71]LogSavePackage: Save=16.60ms
[2017.03.19-15.08.51:482][ 71]LogSavePackage: Moving '../../../../../../Users/sh Kim/Documents/GitHub/PrototypingBackup/nonamed/Saved/MyGameBase6F3BC7584EF40AACBAAEC398B1842EF1.tmp' to '../../../../../../Users/sh Kim/Documents/GitHub/PrototypingBackup/nonamed/Content/MyGameBase.uasset'
[2017.03.19-15.08.51:482][ 71]LogFileManager:Warning: DeleteFile was unable to delete '../../../../../../Users/sh Kim/Documents/GitHub/PrototypingBackup/nonamed/Content/MyGameBase.uasset', retrying in .5s...
[2017.03.19-15.08.51:982][ 71]LogFileManager:Error: Error deleting file '../../../../../../Users/sh Kim/Documents/GitHub/PrototypingBackup/nonamed/Content/MyGameBase.uasset'.
[2017.03.19-15.08.51:982][ 71]LogSavePackage:Error: Error saving '../../../../../../Users/sh Kim/Documents/GitHub/PrototypingBackup/nonamed/Content/MyGameBase.uasset'
[2017.03.19-15.08.51:984][ 71]LogSavePackage:Display: Finished SavePackage ../../../../../../Users/sh Kim/Documents/GitHub/PrototypingBackup/nonamed/Content/MyGameBase.uasset
[2017.03.19-15.08.55:378][ 71]Cmd: OBJ SAVEPACKAGE PACKAGE="/Game/MyGameBase" FILE="../../../../../../Users/sh Kim/Documents/GitHub/PrototypingBackup/nonamed/Content/MyGameBase.uasset" SILENT=true
[2017.03.19-15.08.55:431][ 71]LogSavePackage: Save=16.11ms
[2017.03.19-15.08.55:431][ 71]LogSavePackage: Moving '../../../../../../Users/sh Kim/Documents/GitHub/PrototypingBackup/nonamed/Saved/MyGameBase3E71385E49C6A0B8AFB2E6A1A167F988.tmp' to '../../../../../../Users/sh Kim/Documents/GitHub/PrototypingBackup/nonamed/Content/MyGameBase.uasset'
[2017.03.19-15.08.55:431][ 71]LogFileManager:Warning: DeleteFile was unable to delete '../../../../../../Users/sh Kim/Documents/GitHub/PrototypingBackup/nonamed/Content/MyGameBase.uasset', retrying in .5s...
[2017.03.19-15.08.55:931][ 71]LogFileManager:Error: Error deleting file '../../../../../../Users/sh Kim/Documents/GitHub/PrototypingBackup/nonamed/Content/MyGameBase.uasset'.
[2017.03.19-15.08.55:932][ 71]LogSavePackage:Error: Error saving '../../../../../../Users/sh Kim/Documents/GitHub/PrototypingBackup/nonamed/Content/MyGameBase.uasset'
[2017.03.19-15.08.55:934][ 71]LogSavePackage:Display: Finished SavePackage ../../../../../../Users/sh Kim/Documents/GitHub/PrototypingBackup/nonamed/Content/MyGameBase.uasset
[2017.03.19-15.08.58:659][ 71]EditorErrors: New page: Save Output
[2017.03.19-15.08.58:660][ 71]EditorErrors:Warning: Warning Error saving '../../../../../../Users/sh Kim/Documents/GitHub/PrototypingBackup/nonamed/Content/MyGameBase.uasset'
[2017.03.19-15.08.58:660][ 71]EditorErrors:Warning: Warning Error saving '../../../../../../Users/sh Kim/Documents/GitHub/PrototypingBackup/nonamed/Content/MyGameBase.uasset'
[2017.03.19-15.09.03:742][221]LogActorComponent: UnregisterComponent: (/Engine/Transient.EditorFloorComp) Not registered. Aborting.
[2017.03.19-15.09.04:038][222]Cmd: QUIT_EDITOR
[2017.03.19-15.09.04:111][222]LogWindowsTextInputMethodSystem:Display: IME system now activated using TSF (Microsoft 입력기).
[2017.03.19-15.09.04:143][222]LogExit: Preparing to exit.
[2017.03.19-15.09.04:486][222]LogDirectoryWatcher: A directory notification for 'C:/Users/sh Kim/Documents/GitHub/PrototypingBackup/nonamed/Content/' was aborted.
[2017.03.19-15.09.04:546][222]LogExit: Editor shut down
[2017.03.19-15.09.04:547][222]LogExit: Transaction tracking system shut down
[2017.03.19-15.09.04:674][222]LogObj: Freed 0b from 0 cluster array pools.
[2017.03.19-15.09.04:674][222]LogExit: Object subsystem successfully closed.
[2017.03.19-15.09.04:694][222]LogD3D11RHI: Shutdown
[2017.03.19-15.09.04:694][222]LogD3D11RHI: CleanupD3DDevice
[2017.03.19-15.09.04:788][222]LogD3D11RHI: ~FD3D11DynamicRHI
[2017.03.19-15.09.04:801][222]LogModuleManager: Shutting down and abandoning module BlueprintGraph (500)
[2017.03.19-15.09.04:801][222]LogModuleManager: Shutting down and abandoning module BlueprintProfiler (498)
[2017.03.19-15.09.04:801][222]LogModuleManager: Shutting down and abandoning module HierarchicalLODOutliner (496)
[2017.03.19-15.09.04:801][222]LogModuleManager: Shutting down and abandoning module CrashTracker (494)
[2017.03.19-15.09.04:801][222]LogModuleManager: Shutting down and abandoning module SceneOutliner (492)
[2017.03.19-15.09.04:802][222]LogModuleManager: Shutting down and abandoning module AddContentDialog (490)
[2017.03.19-15.09.04:802][222]LogDirectoryWatcher: A directory notification for 'C:/Program Files/Epic Games/UE_4.15/FeaturePacks/' was aborted.
[2017.03.19-15.09.04:803][222]LogModuleManager: Shutting down and abandoning module WidgetCarousel (489)
[2017.03.19-15.09.04:803][222]LogModuleManager: Shutting down and abandoning module EditorWidgets (486)
[2017.03.19-15.09.04:803][222]LogModuleManager: Shutting down and abandoning module CollectionManager (484)
[2017.03.19-15.09.04:803][222]LogDirectoryWatcher: A directory notification for 'C:/Users/sh Kim/Documents/GitHub/PrototypingBackup/nonamed/Content/Collections/' was aborted.
[2017.03.19-15.09.04:803][222]LogDirectoryWatcher: A directory notification for 'C:/Users/sh Kim/Documents/GitHub/PrototypingBackup/nonamed/Content/Developers/shKim/Collections/' was aborted.
[2017.03.19-15.09.04:803][222]LogDirectoryWatcher: A directory notification for 'C:/Users/sh Kim/Documents/GitHub/PrototypingBackup/nonamed/Saved/Collections/' was aborted.
[2017.03.19-15.09.04:803][222]LogModuleManager: Shutting down and abandoning module StatsViewer (482)
[2017.03.19-15.09.04:803][222]LogModuleManager: Shutting down and abandoning module FoliageEdit (480)
[2017.03.19-15.09.04:803][222]LogModuleManager: Shutting down and abandoning module LandscapeEditor (478)
[2017.03.19-15.09.04:803][222]LogModuleManager: Shutting down and abandoning module SceneDepthPickerMode (476)
[2017.03.19-15.09.04:804][222]LogModuleManager: Shutting down and abandoning module ActorPickerMode (474)
[2017.03.19-15.09.04:804][222]LogModuleManager: Shutting down and abandoning module GeometryMode (472)
[2017.03.19-15.09.04:804][222]LogModuleManager: Shutting down and abandoning module TextureAlignMode (470)
[2017.03.19-15.09.04:804][222]LogModuleManager: Shutting down and abandoning module BspMode (468)
[2017.03.19-15.09.04:804][222]LogModuleManager: Shutting down and abandoning module HardwareSurvey (466)
[2017.03.19-15.09.04:804][222]LogModuleManager: Shutting down and abandoning module SequenceRecorderSections (464)
[2017.03.19-15.09.04:804][222]LogModuleManager: Shutting down and abandoning module AutomationWorker (462)
[2017.03.19-15.09.04:804][222]LogModuleManager: Shutting down and abandoning module MatineeToLevelSequence (460)
[2017.03.19-15.09.04:804][222]LogModuleManager: Shutting down and abandoning module LevelSequenceEditor (458)
[2017.03.19-15.09.04:804][222]LogModuleManager: Shutting down and abandoning module PlacementMode (457)
[2017.03.19-15.09.04:804][222]LogModuleManager: Shutting down and abandoning module WmfMediaFactory (454)
[2017.03.19-15.09.04:804][222]LogModuleManager: Shutting down and abandoning module WmfMediaEditor (452)
[2017.03.19-15.09.04:804][222]LogModuleManager: Shutting down and abandoning module MfMediaFactory (450)
[2017.03.19-15.09.04:804][222]LogModuleManager: Shutting down and abandoning module MfMediaEditor (448)
[2017.03.19-15.09.04:804][222]LogModuleManager: Shutting down and abandoning module AvfMediaFactory (446)
[2017.03.19-15.09.04:804][222]LogModuleManager: Shutting down and abandoning module AvfMediaEditor (444)
[2017.03.19-15.09.04:804][222]LogModuleManager: Shutting down and abandoning module AndroidMediaFactory (442)
[2017.03.19-15.09.04:804][222]LogModuleManager: Shutting down and abandoning module Media (441)
[2017.03.19-15.09.04:804][222]LogModuleManager: Shutting down and abandoning module AndroidMediaEditor (438)
[2017.03.19-15.09.04:804][222]LogModuleManager: Shutting down and abandoning module CharacterAI (436)
[2017.03.19-15.09.04:804][222]LogModuleManager: Shutting down and abandoning module AudioCapture (434)
[2017.03.19-15.09.04:804][222]LogModuleManager: Shutting down and abandoning module SequenceRecorder (433)
[2017.03.19-15.09.04:804][222]LogModuleManager: Shutting down and abandoning module SmartSnapping (430)
[2017.03.19-15.09.04:804][222]LogModuleManager: Shutting down and abandoning module SessionServices (428)
[2017.03.19-15.09.04:804][222]LogModuleManager: Shutting down and abandoning module ViewportSnapping (426)
[2017.03.19-15.09.04:804][222]LogModuleManager: Shutting down and abandoning module ViewportInteraction (424)
[2017.03.19-15.09.04:804][222]LogModuleManager: Shutting down and abandoning module LogVisualizer (422)
[2017.03.19-15.09.04:804][222]LogModuleManager: Shutting down and abandoning module IntroTutorials (420)
[2017.03.19-15.09.04:804][222]LogModuleManager: Shutting down and abandoning module GameProjectGeneration (419)
[2017.03.19-15.09.04:804][222]LogModuleManager: Shutting down and abandoning module EditorLiveStreaming (416)
[2017.03.19-15.09.04:804][222]LogModuleManager: Shutting down and abandoning module IOSPlatformEditor (414)
[2017.03.19-15.09.04:804][222]LogModuleManager: Shutting down and abandoning module HTML5PlatformEditor (412)
[2017.03.19-15.09.04:804][222]LogModuleManager: Shutting down and abandoning module AndroidPlatformEditor (410)
[2017.03.19-15.09.04:804][222]LogModuleManager: Shutting down and abandoning module AndroidDeviceDetection (409)
[2017.03.19-15.09.05:122][222]LogModuleManager: Shutting down and abandoning module IOSRuntimeSettings (406)
[2017.03.19-15.09.05:122][222]LogModuleManager: Shutting down and abandoning module AndroidRuntimeSettings (404)
[2017.03.19-15.09.05:122][222]LogModuleManager: Shutting down and abandoning module InputBindingEditor (402)
[2017.03.19-15.09.05:122][222]LogModuleManager: Shutting down and abandoning module NiagaraEditor (400)
[2017.03.19-15.09.05:122][222]LogModuleManager: Shutting down and abandoning module MergeActors (398)
[2017.03.19-15.09.05:122][222]LogModuleManager: Shutting down and abandoning module SizeMap (396)
[2017.03.19-15.09.05:122][222]LogModuleManager: Shutting down and abandoning module TreeMap (394)
[2017.03.19-15.09.05:122][222]LogModuleManager: Shutting down and abandoning module ReferenceViewer (392)
[2017.03.19-15.09.05:122][222]LogModuleManager: Shutting down and abandoning module LocalizationDashboard (390)
[2017.03.19-15.09.05:122][222]LogModuleManager: Shutting down and abandoning module LocalizationService (389)
[2017.03.19-15.09.05:122][222]LogModuleManager: Shutting down and abandoning module HardwareTargeting (386)
[2017.03.19-15.09.05:122][222]LogModuleManager: Shutting down and abandoning module DeviceProfileEditor (384)
[2017.03.19-15.09.05:122][222]LogModuleManager: Shutting down and abandoning module UndoHistory (382)
[2017.03.19-15.09.05:122][222]LogModuleManager: Shutting down and abandoning module UserFeedback (380)
[2017.03.19-15.09.05:122][222]LogModuleManager: Shutting down and abandoning module XmlParser (378)
[2017.03.19-15.09.05:122][222]LogModuleManager: Shutting down and abandoning module Blutility (376)
[2017.03.19-15.09.05:122][222]LogModuleManager: Shutting down and abandoning module ProjectSettingsViewer (374)
[2017.03.19-15.09.05:122][222]LogModuleManager: Shutting down and abandoning module ProjectTargetPlatformEditor (373)
[2017.03.19-15.09.05:122][222]LogModuleManager: Shutting down and abandoning module EditorSettingsViewer (370)
[2017.03.19-15.09.05:122][222]LogModuleManager: Shutting down and abandoning module SettingsEditor (368)
[2017.03.19-15.09.05:122][222]LogModuleManager: Shutting down and abandoning module ProjectLauncher (366)
[2017.03.19-15.09.05:122][222]LogModuleManager: Shutting down and abandoning module SessionFrontend (364)
[2017.03.19-15.09.05:122][222]LogModuleManager: Shutting down and abandoning module ProfilerClient (362)
[2017.03.19-15.09.05:122][222]LogModuleManager: Shutting down and abandoning module DeviceManager (360)
[2017.03.19-15.09.05:122][222]LogModuleManager: Shutting down and abandoning module TargetDeviceServices (359)
[2017.03.19-15.09.05:164][222]LogModuleManager: Shutting down and abandoning module AutomationController (356)
[2017.03.19-15.09.05:164][222]LogModuleManager: Shutting down and abandoning module AutomationWindow (354)
[2017.03.19-15.09.05:164][222]LogModuleManager: Shutting down and abandoning module Layers (352)
[2017.03.19-15.09.05:164][222]LogModuleManager: Shutting down and abandoning module ComponentVisualizers (350)
[2017.03.19-15.09.05:164][222]LogModuleManager: Shutting down and abandoning module DetailCustomizations (348)
[2017.03.19-15.09.05:164][222]LogModuleManager: Shutting down and abandoning module PackagesDialog (346)
[2017.03.19-15.09.05:164][222]LogModuleManager: Shutting down and abandoning module Persona (344)
[2017.03.19-15.09.05:164][222]LogModuleManager: Shutting down and abandoning module AnimGraph (343)
[2017.03.19-15.09.05:164][222]LogModuleManager: Shutting down and abandoning module Kismet (340)
[2017.03.19-15.09.05:171][222]LogModuleManager: Shutting down and abandoning module GraphEditor (338)
[2017.03.19-15.09.05:171][222]LogModuleManager: Shutting down and abandoning module ClassViewer (336)
[2017.03.19-15.09.05:172][222]LogModuleManager: Shutting down and abandoning module Toolbox (334)
[2017.03.19-15.09.05:172][222]LogModuleManager: Shutting down and abandoning module ModuleUI (332)
[2017.03.19-15.09.05:172][222]LogModuleManager: Shutting down and abandoning module MovieSceneTools (330)
[2017.03.19-15.09.05:172][222]LogModuleManager: Shutting down and abandoning module OutputLog (328)
[2017.03.19-15.09.05:172][222]LogModuleManager: Shutting down and abandoning module GammaUI (326)
[2017.03.19-15.09.05:172][222]LogModuleManager: Shutting down and abandoning module Documentation (324)
[2017.03.19-15.09.05:172][222]LogModuleManager: Shutting down and abandoning module Niagara (322)
[2017.03.19-15.09.05:172][222]LogModuleManager: Shutting down and abandoning module StreamingPauseRendering (320)
[2017.03.19-15.09.05:172][222]LogModuleManager: Shutting down and abandoning module AnalyticsET (318)
[2017.03.19-15.09.05:172][222]LogModuleManager: Shutting down and abandoning module PortalServices (316)
[2017.03.19-15.09.05:172][222]LogModuleManager: Shutting down and abandoning module PortalRpc (314)
[2017.03.19-15.09.05:172][222]LogModuleManager: Shutting down and abandoning module MessagingRpc (312)
[2017.03.19-15.09.05:172][222]LogModuleManager: Shutting down and abandoning module AIModule (310)
[2017.03.19-15.09.05:172][222]LogModuleManager: Shutting down and abandoning module GameplayDebugger (309)
[2017.03.19-15.09.05:172][222]LogModuleManager: Shutting down and abandoning module AITestSuite (307)
[2017.03.19-15.09.05:172][222]LogModuleManager: Shutting down and abandoning module ProfilerService (304)
[2017.03.19-15.09.05:257][222]LogModuleManager: Shutting down and abandoning module TaskGraph (302)
[2017.03.19-15.09.05:257][222]LogModuleManager: Shutting down and abandoning module SteamVRController (300)
[2017.03.19-15.09.05:257][222]LogModuleManager: Shutting down and abandoning module SteamVR (298)
[2017.03.19-15.09.05:257][222]LogModuleManager: Shutting down and abandoning module ProceduralMeshComponentEditor (296)
[2017.03.19-15.09.05:257][222]LogModuleManager: Shutting down and abandoning module ProceduralMeshComponent (294)
[2017.03.19-15.09.05:257][222]LogModuleManager: Shutting down and abandoning module OculusLibrary (292)
[2017.03.19-15.09.05:257][222]LogModuleManager: Shutting down and abandoning module OculusInput (290)
[2017.03.19-15.09.05:257][222]LogModuleManager: Shutting down and abandoning module MobilePatchingUtils (288)
[2017.03.19-15.09.05:257][222]LogModuleManager: Shutting down and abandoning module CustomMeshComponent (286)
[2017.03.19-15.09.05:257][222]LogModuleManager: Shutting down and abandoning module CableComponent (284)
[2017.03.19-15.09.05:257][222]LogModuleManager: Shutting down and abandoning module ArchVisCharacter (282)
[2017.03.19-15.09.05:257][222]LogModuleManager: Shutting down and abandoning module MediaPlayerEditor (278)
[2017.03.19-15.09.05:257][222]LogModuleManager: Shutting down and abandoning module HTML5Networking (276)
[2017.03.19-15.09.05:257][222]LogModuleManager: Shutting down and abandoning module AlembicImporter (274)
[2017.03.19-15.09.05:257][222]LogModuleManager: Shutting down and abandoning module AlembicLibrary (273)
[2017.03.19-15.09.05:257][222]LogModuleManager: Shutting down and abandoning module GeometryCache (272)
[2017.03.19-15.09.05:257][222]LogModuleManager: Shutting down and abandoning module GeometryCacheEd (271)
[2017.03.19-15.09.05:257][222]LogModuleManager: Shutting down and abandoning module SuperSearchEditor (266)
[2017.03.19-15.09.05:257][222]LogModuleManager: Shutting down and abandoning module SuperSearch (265)
[2017.03.19-15.09.05:257][222]LogModuleManager: Shutting down and abandoning module SpeedTreeImporter (262)
[2017.03.19-15.09.05:257][222]LogModuleManager: Shutting down and abandoning module PluginBrowser (260)
[2017.03.19-15.09.05:257][222]LogModuleManager: Shutting down and abandoning module MobileLauncherProfileWizard (258)
[2017.03.19-15.09.05:257][222]LogModuleManager: Shutting down and abandoning module EpicSurvey (256)
[2017.03.19-15.09.05:257][222]LogModuleManager: Shutting down and abandoning module VisualStudioSourceCodeAccess (254)
[2017.03.19-15.09.05:257][222]LogModuleManager: Shutting down and abandoning module DesktopPlatform (253)
[2017.03.19-15.09.05:257][222]LogModuleManager: Shutting down and abandoning module UObjectPlugin (250)
[2017.03.19-15.09.05:257][222]LogModuleManager: Shutting down and abandoning module SubversionSourceControl (248)
[2017.03.19-15.09.05:257][222]LogModuleManager: Shutting down and abandoning module PerforceSourceControl (246)
[2017.03.19-15.09.05:257][222]LogModuleManager: Shutting down and abandoning module GitSourceControl (244)
[2017.03.19-15.09.05:257][222]LogModuleManager: Shutting down and abandoning module SourceControl (243)
[2017.03.19-15.09.05:257][222]LogModuleManager: Shutting down and abandoning module LightPropagationVolumeEditor (240)
[2017.03.19-15.09.05:257][222]LogModuleManager: Shutting down and abandoning module PaperTiledImporter (238)
[2017.03.19-15.09.05:257][222]LogModuleManager: Shutting down and abandoning module PaperSpriteSheetImporter (236)
[2017.03.19-15.09.05:257][222]LogModuleManager: Shutting down and abandoning module Paper2DEditor (234)
[2017.03.19-15.09.05:257][222]LogModuleManager: Shutting down and abandoning module MeshPaint (233)
[2017.03.19-15.09.05:257][222]LogModuleManager: Shutting down and abandoning module LevelEditor (231)
[2017.03.19-15.09.05:258][222]LogModuleManager: Shutting down and abandoning module PixelInspectorModule (230)
[2017.03.19-15.09.05:258][222]LogModuleManager: Shutting down and abandoning module MainFrame (228)
[2017.03.19-15.09.05:258][222]LogModuleManager: Shutting down and abandoning module HotReload (227)
[2017.03.19-15.09.05:258][222]LogModuleManager: Shutting down and abandoning module ContentBrowser (223)
[2017.03.19-15.09.05:260][222]LogModuleManager: Shutting down and abandoning module PhysXVehiclesEditor (220)
[2017.03.19-15.09.05:260][222]LogModuleManager: Shutting down and abandoning module PhysXVehicles (218)
[2017.03.19-15.09.05:260][222]LogModuleManager: Shutting down and abandoning module LocationServicesBPLibrary (216)
[2017.03.19-15.09.05:260][222]LogModuleManager: Shutting down and abandoning module UdpMessaging (214)
[2017.03.19-15.09.05:360][222]LogModuleManager: Shutting down and abandoning module TcpMessaging (212)
[2017.03.19-15.09.05:460][222]LogModuleManager: Shutting down and abandoning module GameplayTagsEditor (210)
[2017.03.19-15.09.05:460][222]LogModuleManager: Shutting down and abandoning module FacialAnimationEditor (208)
[2017.03.19-15.09.05:460][222]LogModuleManager: Shutting down and abandoning module FacialAnimation (206)
[2017.03.19-15.09.05:460][222]LogModuleManager: Shutting down and abandoning module LightPropagationVolumeRuntime (204)
[2017.03.19-15.09.05:460][222]LogModuleManager: Shutting down and abandoning module Paper2D (202)
[2017.03.19-15.09.05:460][222]LogModuleManager: Shutting down and abandoning module WindowsMoviePlayer (200)
[2017.03.19-15.09.05:460][222]LogModuleManager: Shutting down and abandoning module WmfMedia (198)
[2017.03.19-15.09.05:460][222]LogModuleManager: Shutting down and abandoning module MfMedia (196)
[2017.03.19-15.09.05:460][222]LogModuleManager: Shutting down and abandoning module MediaAssets (194)
[2017.03.19-15.09.05:460][222]LogModuleManager: Shutting down and abandoning module GameLiveStreaming (192)
[2017.03.19-15.09.05:460][222]LogModuleManager: Shutting down and abandoning module VREditor (190)
[2017.03.19-15.09.05:460][222]LogModuleManager: Shutting down and abandoning module GameplayTasksEditor (188)
[2017.03.19-15.09.05:460][222]LogModuleManager: Shutting down and abandoning module BehaviorTreeEditor (186)
[2017.03.19-15.09.05:460][222]LogModuleManager: Shutting down and abandoning module FunctionalTesting (184)
[2017.03.19-15.09.05:460][222]LogModuleManager: Shutting down and abandoning module CollisionAnalyzer (182)
[2017.03.19-15.09.05:460][222]LogModuleManager: Shutting down and abandoning module UMG (180)
[2017.03.19-15.09.05:460][222]LogModuleManager: Shutting down and abandoning module UMGEditor (179)
[2017.03.19-15.09.05:460][222]LogModuleManager: Shutting down and abandoning module Sequencer (178)
[2017.03.19-15.09.05:460][222]LogModuleManager: Shutting down and abandoning module AssetTools (176)
[2017.03.19-15.09.05:460][222]LogModuleManager: Shutting down and abandoning module MessageLog (175)
[2017.03.19-15.09.05:460][222]LogModuleManager: Shutting down and abandoning module WorkspaceMenuStructure (174)
[2017.03.19-15.09.05:460][222]LogModuleManager: Shutting down and abandoning module SlateReflector (168)
[2017.03.19-15.09.05:460][222]LogModuleManager: Shutting down and abandoning module Slate (166)
[2017.03.19-15.09.05:460][222]LogModuleManager: Shutting down and abandoning module EditorStyle (164)
[2017.03.19-15.09.05:463][222]LogModuleManager: Shutting down and abandoning module SourceCodeAccess (162)
[2017.03.19-15.09.05:463][222]LogModuleManager: Shutting down and abandoning module HeadMountedDisplay (160)
[2017.03.19-15.09.05:463][222]LogModuleManager: Shutting down and abandoning module XAudio2 (158)
[2017.03.19-15.09.05:463][222]LogModuleManager: Shutting down and abandoning module Networking (156)
[2017.03.19-15.09.05:463][222]LogModuleManager: Shutting down and abandoning module Core (152)
[2017.03.19-15.09.05:463][222]LogModuleManager: Shutting down and abandoning module AssetRegistry (150)
[2017.03.19-15.09.05:619][222]LogDirectoryWatcher: A directory notification for '../../../Engine/Content/' was aborted.
[2017.03.19-15.09.05:619][222]LogDirectoryWatcher: A directory notification for '../../../../../../Users/sh Kim/Documents/GitHub/PrototypingBackup/nonamed/Content/' was aborted.
[2017.03.19-15.09.05:619][222]LogDirectoryWatcher: A directory notification for '../../../Engine/Plugins/2D/Paper2D/Content/' was aborted.
[2017.03.19-15.09.05:619][222]LogModuleManager: Shutting down and abandoning module DirectoryWatcher (149)
[2017.03.19-15.09.05:620][222]LogModuleManager: Shutting down and abandoning module KismetCompiler (146)
[2017.03.19-15.09.05:620][222]LogModuleManager: Shutting down and abandoning module PhysXFormats (144)
[2017.03.19-15.09.05:620][222]LogModuleManager: Shutting down and abandoning module MeshUtilities (142)
[2017.03.19-15.09.05:620][222]LogModuleManager: Shutting down and abandoning module SimplygonSwarm (141)
[2017.03.19-15.09.05:620][222]LogModuleManager: Shutting down and abandoning module SimplygonMeshReduction (139)
[2017.03.19-15.09.05:620][222]LogModuleManager: Shutting down and abandoning module QuadricMeshReduction (137)
[2017.03.19-15.09.05:620][222]LogModuleManager: Shutting down and abandoning module PropertyEditor (135)
[2017.03.19-15.09.05:620][222]LogModuleManager: Shutting down and abandoning module DerivedDataCache (132)
[2017.03.19-15.09.05:640][222]LogDerivedDataCache: Shutdown
[2017.03.19-15.09.05:640][222]LogModuleManager: Shutting down and abandoning module TargetPlatform (130)
[2017.03.19-15.09.05:640][222]LogModuleManager: Shutting down and abandoning module VulkanShaderFormat (129)
[2017.03.19-15.09.05:640][222]LogModuleManager: Shutting down and abandoning module ShaderFormatOpenGL (127)
[2017.03.19-15.09.05:640][222]LogModuleManager: Shutting down and abandoning module ShaderFormatD3D (125)
[2017.03.19-15.09.05:640][222]LogModuleManager: Shutting down and abandoning module MetalShaderFormat (123)
[2017.03.19-15.09.05:640][222]LogModuleManager: Shutting down and abandoning module TextureFormatUncompressed (121)
[2017.03.19-15.09.05:640][222]LogModuleManager: Shutting down and abandoning module TextureFormatPVR (119)
[2017.03.19-15.09.05:640][222]LogModuleManager: Shutting down and abandoning module TextureFormatDXT (117)
[2017.03.19-15.09.05:640][222]LogModuleManager: Shutting down and abandoning module TextureFormatIntelISPCTexComp (115)
[2017.03.19-15.09.05:640][222]LogModuleManager: Shutting down and abandoning module TextureFormatASTC (113)
[2017.03.19-15.09.05:640][222]LogModuleManager: Shutting down and abandoning module ImageWrapper (112)
[2017.03.19-15.09.05:640][222]LogModuleManager: Shutting down and abandoning module TextureFormatAndroid (109)
[2017.03.19-15.09.05:640][222]LogModuleManager: Shutting down and abandoning module AudioFormatOpus (107)
[2017.03.19-15.09.05:640][222]LogModuleManager: Shutting down and abandoning module AudioFormatOgg (105)
[2017.03.19-15.09.05:640][222]LogModuleManager: Shutting down and abandoning module AudioFormatADPCM (103)
[2017.03.19-15.09.05:640][222]LogModuleManager: Shutting down and abandoning module LinuxTargetPlatform (101)
[2017.03.19-15.09.05:640][222]LogModuleManager: Shutting down and abandoning module LinuxServerTargetPlatform (99)
[2017.03.19-15.09.05:640][222]LogModuleManager: Shutting down and abandoning module LinuxNoEditorTargetPlatform (97)
[2017.03.19-15.09.05:640][222]LogModuleManager: Shutting down and abandoning module LinuxClientTargetPlatform (95)
[2017.03.19-15.09.05:640][222]LogModuleManager: Shutting down and abandoning module TVOSTargetPlatform (93)
[2017.03.19-15.09.05:640][222]LogModuleManager: Shutting down and abandoning module Messaging (91)
[2017.03.19-15.09.05:640][222]LogModuleManager: Shutting down and abandoning module IOSTargetPlatform (89)
[2017.03.19-15.09.05:640][222]LogModuleManager: Shutting down and abandoning module HTML5TargetPlatform (87)
[2017.03.19-15.09.05:640][222]LogModuleManager: Shutting down and abandoning module Android_PVRTCTargetPlatform (85)
[2017.03.19-15.09.05:640][222]LogModuleManager: Shutting down and abandoning module Android_MultiTargetPlatform (83)
[2017.03.19-15.09.05:640][222]LogModuleManager: Shutting down and abandoning module Android_ETC2TargetPlatform (81)
[2017.03.19-15.09.05:640][222]LogModuleManager: Shutting down and abandoning module Android_ETC1TargetPlatform (79)
[2017.03.19-15.09.05:640][222]LogModuleManager: Shutting down and abandoning module Android_DXTTargetPlatform (77)
[2017.03.19-15.09.05:640][222]LogModuleManager: Shutting down and abandoning module Android_ATCTargetPlatform (75)
[2017.03.19-15.09.05:640][222]LogModuleManager: Shutting down and abandoning module Android_ASTCTargetPlatform (73)
[2017.03.19-15.09.05:640][222]LogModuleManager: Shutting down and abandoning module AndroidTargetPlatform (71)
[2017.03.19-15.09.05:640][222]LogModuleManager: Shutting down and abandoning module WindowsTargetPlatform (69)
[2017.03.19-15.09.05:640][222]LogModuleManager: Shutting down and abandoning module WindowsServerTargetPlatform (67)
[2017.03.19-15.09.05:640][222]LogModuleManager: Shutting down and abandoning module WindowsNoEditorTargetPlatform (65)
[2017.03.19-15.09.05:640][222]LogModuleManager: Shutting down and abandoning module WindowsClientTargetPlatform (63)
[2017.03.19-15.09.05:640][222]LogModuleManager: Shutting down and abandoning module MacTargetPlatform (61)
[2017.03.19-15.09.05:640][222]LogModuleManager: Shutting down and abandoning module MacServerTargetPlatform (59)
[2017.03.19-15.09.05:640][222]LogModuleManager: Shutting down and abandoning module MacNoEditorTargetPlatform (57)
[2017.03.19-15.09.05:640][222]LogModuleManager: Shutting down and abandoning module MacClientTargetPlatform (55)
[2017.03.19-15.09.05:640][222]LogModuleManager: Shutting down and abandoning module AllDesktopTargetPlatform (53)
[2017.03.19-15.09.05:640][222]LogModuleManager: Shutting down and abandoning module InputCore (50)
[2017.03.19-15.09.05:640][222]LogModuleManager: Shutting down and abandoning module Settings (48)
[2017.03.19-15.09.05:640][222]LogModuleManager: Shutting down and abandoning module OculusRift (46)
[2017.03.19-15.09.05:640][222]LogModuleManager: Shutting down and abandoning module ExampleDeviceProfileSelector (44)
[2017.03.19-15.09.05:640][222]LogModuleManager: Shutting down and abandoning module OnlineBlueprintSupport (42)
[2017.03.19-15.09.05:640][222]LogModuleManager: Shutting down and abandoning module OnlineSubsystem (38)
[2017.03.19-15.09.05:640][222]LogOnline:Display: Unloading online subsystem: NULL
[2017.03.19-15.09.05:640][222]LogModuleManager: Shutting down and abandoning module XMPP (37)
[2017.03.19-15.09.05:640][222]LogModuleManager: Shutting down and abandoning module HTTP (35)
[2017.03.19-15.09.05:640][222]LogHttp:Display: Http module shutting down, but needs to wait on 1 outstanding Http requests:
[2017.03.19-15.09.05:640][222]LogHttp:Display: 	verb=[POST] url=[https://datarouter.ol.epicgames.com/datarouter/api/v1/public/data?SessionID=%7B47500DFA-4FB7-D22A-91C9-FD93F96AE4AB%7D&AppID=UEEditor.Rocket.Release&AppVersion=4.15.0-3299760%2B%2B%2BUE4%2BRelease-4.15&UserID=f385f4e446bd6546e1fb2aa8ad4725e8%7C4567b9b9a7b64e6ea7261bdbeb346d2b%7C5929ceb2-a2ca-4ae8-8c3f-420c7735b528&AppEnvironment=datacollector-binary&UploadType=eteventstream] status=Processing
[2017.03.19-15.09.05:669][222]LogModuleManager: Shutting down and abandoning module SSL (34)
[2017.03.19-15.09.05:671][222]LogModuleManager: Shutting down and abandoning module AudioEditor (30)
[2017.03.19-15.09.05:671][222]LogModuleManager: Shutting down and abandoning module TextureCompressor (28)
[2017.03.19-15.09.05:671][222]LogModuleManager: Shutting down and abandoning module ShaderCore (26)
[2017.03.19-15.09.05:671][222]LogModuleManager: Shutting down and abandoning module Landscape (24)
[2017.03.19-15.09.05:671][222]LogModuleManager: Shutting down and abandoning module SlateRHIRenderer (22)
[2017.03.19-15.09.05:672][222]LogModuleManager: Shutting down and abandoning module OpenGLDrv (20)
[2017.03.19-15.09.05:672][222]LogModuleManager: Shutting down and abandoning module D3D11RHI (18)
[2017.03.19-15.09.05:673][222]LogModuleManager: Shutting down and abandoning module AnimGraphRuntime (16)
[2017.03.19-15.09.05:673][222]LogModuleManager: Shutting down and abandoning module Renderer (14)
[2017.03.19-15.09.05:673][222]LogModuleManager: Shutting down and abandoning module Engine (12)
[2017.03.19-15.09.05:673][222]LogModuleManager: Shutting down and abandoning module CoreUObject (10)
[2017.03.19-15.09.05:673][222]LogModuleManager: Shutting down and abandoning module NetworkFile (8)
[2017.03.19-15.09.05:673][222]LogModuleManager: Shutting down and abandoning module StreamingFile (6)
[2017.03.19-15.09.05:673][222]LogModuleManager: Shutting down and abandoning module SandboxFile (4)
[2017.03.19-15.09.05:673][222]LogModuleManager: Shutting down and abandoning module PakFile (2)
[2017.03.19-15.09.05:675][222]LogExit: Exiting.
[2017.03.19-15.09.05:678][222]Log file closed, 03/20/17 00:09:05
