Log file open, 03/15/17 18:11:48
LogInit:Display: Running engine for game: nonamed
LogPlatformFile: Not using cached read wrapper
LogInit:Display: RandInit(-302415880) SRandInit(-302415880).
LogTaskGraph: Started task graph with 5 named threads and 8 total threads with 1 sets of task threads.
LogStats: Stats thread started at 0.087441
LogInit: Using libcurl 7.47.1
LogInit:  - built for x86_64-pc-win32
LogInit:  - supports SSL with OpenSSL/1.0.2g
LogInit:  - supports HTTP deflate (compression) using libz 1.2.8
LogInit:  - other features:
LogInit:      CURL_VERSION_SSL
LogInit:      CURL_VERSION_LIBZ
LogInit:      CURL_VERSION_IPV6
LogInit:      CURL_VERSION_ASYNCHDNS
LogInit:      CURL_VERSION_LARGEFILE
LogInit:      CURL_VERSION_IDN
LogInit:  CurlRequestOptions (configurable via config and command line):
LogInit:  - bVerifyPeer = false  - Libcurl will NOT verify peer certificate
LogInit:  - bUseHttpProxy = false  - Libcurl will NOT use HTTP proxy
LogInit:  - bDontReuseConnections = false  - Libcurl will reuse connections
LogInit:  - CertBundlePath = nullptr  - Libcurl will use whatever was configured at build time.
LogInit: Build: ++UE4+Release-4.15-CL-3299760
LogInit: Engine Version: 4.15.0-3299760+++UE4+Release-4.15
LogInit: Compatible Engine Version: 4.15.0-3299760+++UE4+Release-4.15
LogInit: Net CL: 3299760
LogDevObjectVersion: Number of dev versions registered: 14
LogDevObjectVersion:   Dev-Blueprints (B0D832E4-1F89-4F0D-ACCF-7EB736FD4AA2): 8
LogDevObjectVersion:   Dev-Build (E1C64328-A22C-4D53-A36C-8E866417BD8C): 0
LogDevObjectVersion:   Dev-Core (375EC13C-06E4-48FB-B500-84F0262A717E): 2
LogDevObjectVersion:   Dev-Editor (E4B068ED-F494-42E9-A231-DA0B2E46BB41): 14
LogDevObjectVersion:   Dev-Framework (CFFC743F-43B0-4480-9391-14DF171D2073): 22
LogDevObjectVersion:   Dev-Mobile (B02B49B5-BB20-44E9-A304-32B752E40360): 0
LogDevObjectVersion:   Dev-Networking (A4E4105C-59A1-49B5-A7C5-40C4547EDFEE): 0
LogDevObjectVersion:   Dev-Online (39C831C9-5AE6-47DC-9A44-9C173E1C8E7C): 0
LogDevObjectVersion:   Dev-Physics (78F01B33-EBEA-4F98-B9B4-84EACCB95AA2): 0
LogDevObjectVersion:   Dev-Platform (6631380F-2D4D-43E0-8009-CF276956A95A): 0
LogDevObjectVersion:   Dev-Rendering (12F88B9F-8875-4AFC-A67C-D90C383ABD29): 12
LogDevObjectVersion:   Dev-Sequencer (7B5AE74C-D270-4C10-A958-57980B212A5A): 3
LogDevObjectVersion:   Dev-VR (D7296918-1DD6-4BDD-9DE2-64A83CC13884): 0
LogDevObjectVersion:   Dev-LoadTimes (C2A15278-BFE7-4AFE-6C17-90FF531DF755): 1
LogInit: Compiled (64-bit): Feb 14 2017 02:04:14
LogInit: Compiled with Visual C++: 19.00.23026.00
LogInit: Build Configuration: Development
LogInit: Branch Name: ++UE4+Release-4.15
LogInit: Command line:  
LogInit: Base directory: C:/Program Files/Epic Games/UE_4.15/Engine/Binaries/Win64/
LogInit: Installed Engine Build: 1
LogInit: Presizing for max 8388607 objects, including 0 objects not considered by GC, pre-allocating 0 bytes for permanent pool.
LogInit: Object subsystem initialized
[2017.03.15-09.11.49:579][  0]LogInit: Selected Device Profile: [Windows]
[2017.03.15-09.11.49:579][  0]LogInit: Applying CVar settings loaded from the selected device profile: [Windows]
[2017.03.15-09.11.49:592][  0]LogInit: Computer: DESKTOP-73DD3NB
[2017.03.15-09.11.49:592][  0]LogInit: User: shKim
[2017.03.15-09.11.49:592][  0]LogInit: CPU Page size=65536, Cores=4
[2017.03.15-09.11.49:592][  0]LogInit: High frequency timer resolution =3.328132 MHz
[2017.03.15-09.11.49:593][  0]LogMemory: Memory total: Physical=31.9GB (32GB approx)
[2017.03.15-09.11.49:593][  0]LogMemory: Platform Memory Stats for Windows
[2017.03.15-09.11.49:593][  0]LogMemory: Process Physical Memory: 262.86 MB used, 262.86 MB peak
[2017.03.15-09.11.49:593][  0]LogMemory: Process Virtual Memory: 262.34 MB used, 262.34 MB peak
[2017.03.15-09.11.49:593][  0]LogMemory: Physical Memory: 8772.97 MB used,  23857.73 MB free, 32630.71 MB total
[2017.03.15-09.11.49:593][  0]LogMemory: Virtual Memory: 642.84 MB used,  23857.73 MB free, 134217728.00 MB total
[2017.03.15-09.11.49:696][  0]LogInit: Overriding culture en with editor configuration.
[2017.03.15-09.11.50:573][  0]LogD3D11RHI: D3D11 adapters:
[2017.03.15-09.11.50:580][  0]LogD3D11RHI:    0. 'Intel(R) HD Graphics 630' (Feature Level 11_0)
[2017.03.15-09.11.50:580][  0]LogD3D11RHI:       128/0/16315 MB DedicatedVideo/DedicatedSystem/SharedSystem, Outputs:1, VendorId:0x8086
[2017.03.15-09.11.50:611][  0]LogD3D11RHI:    1. 'NVIDIA GeForce GTX 1070' (Feature Level 11_0)
[2017.03.15-09.11.50:611][  0]LogD3D11RHI:       8145/0/16315 MB DedicatedVideo/DedicatedSystem/SharedSystem, Outputs:1, VendorId:0x10de
[2017.03.15-09.11.50:614][  0]LogD3D11RHI:    2. 'Microsoft Basic Render Driver' (Feature Level 11_0)
[2017.03.15-09.11.50:614][  0]LogD3D11RHI:       0/0/16315 MB DedicatedVideo/DedicatedSystem/SharedSystem, Outputs:0, VendorId:0x1414
[2017.03.15-09.11.50:614][  0]LogD3D11RHI: Chosen D3D11 Adapter: 1
[2017.03.15-09.11.50:618][  0]LogD3D11RHI: Creating new Direct3DDevice
[2017.03.15-09.11.50:618][  0]LogD3D11RHI:     GPU DeviceId: 0x1b81 (for the marketing name, search the web for "GPU Device Id")
[2017.03.15-09.11.50:618][  0]LogWindows: EnumDisplayDevices:
[2017.03.15-09.11.50:618][  0]LogWindows:    0. 'Intel(R) HD Graphics 630' (P:1 D:1)
[2017.03.15-09.11.50:618][  0]LogWindows:    1. 'Intel(R) HD Graphics 630' (P:0 D:0)
[2017.03.15-09.11.50:618][  0]LogWindows:    2. 'Intel(R) HD Graphics 630' (P:0 D:0)
[2017.03.15-09.11.50:618][  0]LogWindows:    3. 'NVIDIA GeForce GTX 1070' (P:0 D:1)
[2017.03.15-09.11.50:619][  0]LogWindows:    4. 'NVIDIA GeForce GTX 1070' (P:0 D:0)
[2017.03.15-09.11.50:619][  0]LogWindows:    5. 'NVIDIA GeForce GTX 1070' (P:0 D:0)
[2017.03.15-09.11.50:619][  0]LogWindows:    6. 'NVIDIA GeForce GTX 1070' (P:0 D:0)
[2017.03.15-09.11.50:619][  0]LogWindows: DebugString: PrimaryIsNotTheChoosenAdapter PrimaryIsNotTheChoosenAdapter PrimaryIsNotTheChoosenAdapter FoundDriverCount:4 
[2017.03.15-09.11.50:619][  0]LogD3D11RHI:     Adapter Name: NVIDIA GeForce GTX 1070
[2017.03.15-09.11.50:619][  0]LogD3D11RHI:   Driver Version: 376.53 (internal:21.21.13.7653, unified:376.53)
[2017.03.15-09.11.50:619][  0]LogD3D11RHI:      Driver Date: 12-29-2016
[2017.03.15-09.11.50:619][  0]LogRHI: Texture pool is 1361 MB (70% of 1945 MB)
[2017.03.15-09.11.50:636][  0]LogD3D11RHI: Async texture creation enabled
[2017.03.15-09.11.50:649][  0]LogD3D11RHI: GPU Timing Frequency: 1000.000000 (Debug: 2 1)
[2017.03.15-09.11.50:698][  0]LogShaderCompilers: Guid format shader working directory is -17 characters bigger than the processId version (../../../../../../Users/sh Kim/Documents/Unreal Projects/nonamed/Intermediate/Shaders/WorkingDirectory/5288/).
[2017.03.15-09.11.50:698][  0]LogShaderCompilers: Cleaned the shader compiler working directory 'C:/Users/sh Kim/AppData/Local/Temp/UnrealShaderWorkingDir/E96668DB480AD0BDA027CE809E50C72E/'.
[2017.03.15-09.11.50:698][  0]LogShaderCompilers:Display: Using Local Shader Compiler.
[2017.03.15-09.11.52:047][  0]LogTemp:Display: Loaded TP AllDesktopTargetPlatform
[2017.03.15-09.11.52:117][  0]LogTemp:Display: Loaded TP MacClientTargetPlatform
[2017.03.15-09.11.52:191][  0]LogTemp:Display: Loaded TP MacNoEditorTargetPlatform
[2017.03.15-09.11.52:262][  0]LogTemp:Display: Loaded TP MacServerTargetPlatform
[2017.03.15-09.11.52:336][  0]LogTemp:Display: Loaded TP MacTargetPlatform
[2017.03.15-09.11.52:407][  0]LogTemp:Display: Loaded TP WindowsClientTargetPlatform
[2017.03.15-09.11.52:481][  0]LogTemp:Display: Loaded TP WindowsNoEditorTargetPlatform
[2017.03.15-09.11.52:560][  0]LogTemp:Display: Loaded TP WindowsServerTargetPlatform
[2017.03.15-09.11.52:617][  0]LogTemp:Display: Loaded TP WindowsTargetPlatform
[2017.03.15-09.11.52:689][  0]LogTemp:Display: Loaded TP AndroidTargetPlatform
[2017.03.15-09.11.52:760][  0]LogTemp:Display: Loaded TP Android_ASTCTargetPlatform
[2017.03.15-09.11.52:831][  0]LogTemp:Display: Loaded TP Android_ATCTargetPlatform
[2017.03.15-09.11.52:897][  0]LogTemp:Display: Loaded TP Android_DXTTargetPlatform
[2017.03.15-09.11.52:969][  0]LogTemp:Display: Loaded TP Android_ETC1TargetPlatform
[2017.03.15-09.11.53:045][  0]LogTemp:Display: Loaded TP Android_ETC2TargetPlatform
[2017.03.15-09.11.53:186][  0]LogTemp:Display: Loaded TP Android_MultiTargetPlatform
[2017.03.15-09.11.53:186][  0]LogTemp:Display: Loaded TP Android_PVRTCTargetPlatform
[2017.03.15-09.11.53:243][  0]LogTemp:Display: Loaded TP HTML5TargetPlatform
[2017.03.15-09.11.53:371][  0]LogTemp:Display: Loaded TP IOSTargetPlatform
[2017.03.15-09.11.53:414][  0]LogTemp:Display: Loaded TP TVOSTargetPlatform
[2017.03.15-09.11.53:489][  0]LogTemp:Display: Loaded TP LinuxClientTargetPlatform
[2017.03.15-09.11.53:562][  0]LogTemp:Display: Loaded TP LinuxNoEditorTargetPlatform
[2017.03.15-09.11.53:629][  0]LogTemp:Display: Loaded TP LinuxServerTargetPlatform
[2017.03.15-09.11.53:699][  0]LogTemp:Display: Loaded TP LinuxTargetPlatform
[2017.03.15-09.11.53:699][  0]LogTargetPlatformManager:Display: Building Assets For Windows
[2017.03.15-09.11.54:315][  0]LogDerivedDataCache:Display: Max Cache Size: 512 MB
[2017.03.15-09.11.54:389][  0]LogDerivedDataCache: Loaded boot cache 0.07s 50MB C:/Users/sh Kim/AppData/Local/UnrealEngine/4.15/DerivedDataCache/Boot.ddc.
[2017.03.15-09.11.54:389][  0]LogDerivedDataCache:Display: Loaded Boot cache: C:/Users/sh Kim/AppData/Local/UnrealEngine/4.15/DerivedDataCache/Boot.ddc
[2017.03.15-09.11.54:389][  0]LogDerivedDataCache: FDerivedDataBackendGraph:  Pak pak cache file ../../../../../../Users/sh Kim/Documents/Unreal Projects/nonamed/DerivedDataCache/DDC.ddp not found, will not use a pak cache.
[2017.03.15-09.11.54:389][  0]LogDerivedDataCache: Unable to find inner node Pak for hierarchical cache Hierarchy.
[2017.03.15-09.11.54:389][  0]LogDerivedDataCache: FDerivedDataBackendGraph:  CompressedPak pak cache file ../../../../../../Users/sh Kim/Documents/Unreal Projects/nonamed/DerivedDataCache/Compressed.ddp not found, will not use a pak cache.
[2017.03.15-09.11.54:389][  0]LogDerivedDataCache: Unable to find inner node CompressedPak for hierarchical cache Hierarchy.
[2017.03.15-09.11.54:409][  0]LogDerivedDataCache:Display: Pak cache opened for reading ../../../Engine/DerivedDataCache/Compressed.ddp.
[2017.03.15-09.11.54:422][  0]LogDerivedDataCache: Using Local data cache path C:/Users/sh Kim/AppData/Local/UnrealEngine/Common/DerivedDataCache: Writable
[2017.03.15-09.11.54:431][  0]LogSlate: Using Freetype 2.6.0
[2017.03.15-09.11.54:432][  0]LogSlate: SlateFontCache - WITH_FREETYPE: 1, WITH_HARFBUZZ: 1
[2017.03.15-09.11.54:432][  0]LogSlate: SlateFontCache - WITH_FREETYPE: 1, WITH_HARFBUZZ: 1
[2017.03.15-09.11.54:736][  0]LogInit: Selected Device Profile: [Windows]
[2017.03.15-09.11.54:740][  0]LogContentStreaming: Texture pool size is 0.00 MB
[2017.03.15-09.11.54:999][  0]LogMeshUtilities: Using QuadricMeshReduction for automatic static mesh reduction
[2017.03.15-09.11.55:055][  0]LogSimplygon: Simplygon DLL not present - disabling.
[2017.03.15-09.11.55:124][  0]LogMeshUtilities: Using SimplygonSwarm for distributed automatic mesh merging
[2017.03.15-09.11.55:124][  0]LogMeshUtilities: No automatic skeletal mesh reduction module available
[2017.03.15-09.11.55:124][  0]LogMeshUtilities: No automatic mesh merging module available
[2017.03.15-09.11.55:852][  0]LogNetVersion: GetLocalNetworkVersion: CL: 3299760, ProjectName: nonamed, ProjectVersion: , EngineNetworkVersion: 2, GameNetworkVersion: 0, NetworkChecksum: 1112449053
[2017.03.15-09.11.55:905][  0]LogAssetRegistry: FAssetRegistry took 0.0223 seconds to start up
[2017.03.15-09.11.55:950][  0]LogPackageLocalizationCache: Processed 3 localized package path(s) for 1 prioritized culture(s) in 0.017099 seconds
[2017.03.15-09.11.55:959][  0]LogUObjectArray: 32475 objects as part of root set at end of initial load.
[2017.03.15-09.11.55:959][  0]LogUObjectAllocator: 7073360 out of 0 bytes used by permanent object pool.
[2017.03.15-09.11.55:959][  0]LogUObjectArray: CloseDisregardForGC: 0/0 objects in disregard for GC pool
[2017.03.15-09.11.56:042][  0]LogInit: WinSock: version 1.1 (2.2), MaxSocks=32767, MaxUdp=65467
[2017.03.15-09.11.58:115][  0]LogTcpMessaging: Initializing TcpMessaging bridge
[2017.03.15-09.11.58:162][  0]LogUdpMessaging: Initializing bridge on interface 0.0.0.0:0 to multicast group 230.0.0.1:6666.
[2017.03.15-09.11.58:755][  0]LogMaterial: Uniform references updated for custom material expression Custom.
[2017.03.15-09.11.59:264][  0]SourceControl: Info Source control is disabled
[2017.03.15-09.11.59:264][  0]SourceControl: Info Source control is disabled
[2017.03.15-09.11.59:322][  0]SourceControl: Info Source control is disabled
[2017.03.15-09.11.59:386][  0]SourceControl: Info Source control is disabled
[2017.03.15-09.12.01:057][  0]LogEngine: Initializing Engine...
[2017.03.15-09.12.01:057][  0]LogHMD: Failed to initialize OpenVR with code 110
[2017.03.15-09.12.01:365][  0]LogAIModule: Creating AISystem for world Untitled
[2017.03.15-09.12.01:382][  0]LogInit: XAudio2 using '스피커(Realtek High Definition Audio)' : 2 channels at 48 kHz using 32 bits per sample (channel mask 0x3)
[2017.03.15-09.12.01:397][  0]LogInit: FAudioDevice initialized.
[2017.03.15-09.12.01:437][  0]LogDerivedDataCache: Saved boot cache 0.04s 50MB C:/Users/sh Kim/AppData/Local/UnrealEngine/4.15/DerivedDataCache/Boot.ddc.
[2017.03.15-09.12.01:450][  0]LogInit: Texture streaming: Enabled
[2017.03.15-09.12.01:594][  0]LogEngineSessionManager: EngineSessionManager initialized
[2017.03.15-09.12.01:716][  0]LogInit: Transaction tracking system initialized
[2017.03.15-09.12.02:210][  0]BlueprintLog: New page: Editor Load
[2017.03.15-09.12.03:469][  0]LocalizationService: Info Localization service is disabled
[2017.03.15-09.12.04:402][  0]LogConsoleResponse:Display: 
[2017.03.15-09.12.04:555][  0]LogCook:Display: Max memory allowance for cook 16384mb min free memory 0mb
[2017.03.15-09.12.04:555][  0]LogCook:Display: Mobile HDR setting 1
[2017.03.15-09.12.05:911][  0]LogFileCache: Scanning file cache for directory 'C:/Users/sh Kim/Documents/Unreal Projects/nonamed/Content/' took 0.01s
[2017.03.15-09.12.05:971][  0]SourceControl: Info Source control is disabled
[2017.03.15-09.12.05:971][  0]Cmd: MAP LOAD FILE="../../../Engine/Content/Maps/Templates/Template_Default.umap" TEMPLATE=1 SHOWPROGRESS=1 FEATURELEVEL=3
[2017.03.15-09.12.05:973][  0]LightingResults: New page: Lighting Build
[2017.03.15-09.12.06:028][  0]MapCheck: New page: Map Check
[2017.03.15-09.12.06:028][  0]LightingResults: New page: Lighting Build
[2017.03.15-09.12.06:276][  0]LogAIModule: Creating AISystem for world Untitled_1
[2017.03.15-09.12.06:279][  0]LogActorComponent: RegisterComponentWithWorld: (/Temp/Untitled_1.Untitled_1:PersistentLevel.WorldSettings_1.StaticMeshComponent0) Trying to register component with IsPendingKill() == true. Aborting.
[2017.03.15-09.12.06:284][  0]LogEditorServer: Finished looking for orphan Actors (0.000 secs)
[2017.03.15-09.12.06:289][  0]Cmd: MAP CHECKDEP NOCLEARLOG
[2017.03.15-09.12.06:336][  0]MapCheck: Info Map check complete: 0 Error(s), 0 Warning(s), took 46.413ms to complete.
[2017.03.15-09.12.06:336][  0]LogFileHelpers: Loading map 'Template_Default' took 0.365
[2017.03.15-09.12.06:396][  0]LogWindowsTextInputMethodSystem:Display: IME system now activated using TSF (Microsoft 입력기).
[2017.03.15-09.12.06:567][  0]LogCollectionManager: Loaded 0 collections in 0.001680 seconds
[2017.03.15-09.12.06:678][  0]LogFileCache: Scanning file cache for directory 'C:/Users/sh Kim/Documents/Unreal Projects/nonamed/Saved/Collections/' took 0.01s
[2017.03.15-09.12.06:678][  0]LogFileCache: Scanning file cache for directory 'C:/Users/sh Kim/Documents/Unreal Projects/nonamed/Content/Developers/shKim/Collections/' took 0.01s
[2017.03.15-09.12.06:678][  0]LogFileCache: Scanning file cache for directory 'C:/Users/sh Kim/Documents/Unreal Projects/nonamed/Content/Collections/' took 0.01s
[2017.03.15-09.12.06:678][  0]LogCollectionManager: Rebuilt the GUID cache for 0 collections in 0.000002 seconds
[2017.03.15-09.12.06:690][  0]LogContentBrowser: Native class hierarchy populated in 0.0112 seconds. Added 2244 classes and 450 folders.
[2017.03.15-09.12.06:696][  0]LogStats: UGameplayTagsManager::ConstructGameplayTagTree: Construct from data asset -  0.000 s
[2017.03.15-09.12.06:696][  0]LogStats: UGameplayTagsManager::ConstructGameplayTagTree: GameplayTagTreeChangedEvent.Broadcast -  0.000 s
[2017.03.15-09.12.06:795][  0]LogContentBrowser: Native class hierarchy updated for 'WidgetCarousel' in 0.0005 seconds. Added 0 classes and 0 folders.
[2017.03.15-09.12.06:839][  0]LogContentBrowser: Native class hierarchy updated for 'AddContentDialog' in 0.0005 seconds. Added 0 classes and 0 folders.
[2017.03.15-09.12.06:924][  0]LogContentBrowser: Native class hierarchy updated for 'SceneOutliner' in 0.0007 seconds. Added 1 classes and 2 folders.
[2017.03.15-09.12.07:075][  0]LogCrashTracker: Crashtracker disabled due to settings.
[2017.03.15-09.12.07:086][  0]LogUObjectGlobals:Warning: Failed to find object 'Class None.'
[2017.03.15-09.12.07:164][  0]LogContentBrowser: Native class hierarchy updated for 'HierarchicalLODOutliner' in 0.0004 seconds. Added 1 classes and 2 folders.
[2017.03.15-09.12.07:164][  0]LogLoad: (Engine Initialization) Total time: 20.16 seconds
[2017.03.15-09.12.07:164][  0]LogLoad: (Engine Initialization) Total Blueprint compile time: 0.13 seconds
[2017.03.15-09.12.07:164][  0]LogExternalProfiler: No external profilers were discovered.  External profiling features will not be available.
[2017.03.15-09.12.07:174][  0]LogOcInput: OculusInput pre-init called
[2017.03.15-09.12.07:195][  0]LogContentStreaming: Texture pool size now 1000 MB
[2017.03.15-09.12.07:195][  0]LogSlate: Took 0.000151 seconds to synchronously load lazily loaded font '../../../Engine/Content/Slate/Fonts/Roboto-Regular.ttf' (155K)
[2017.03.15-09.12.07:198][  0]LogSlate: Took 0.000256 seconds to synchronously load lazily loaded font '../../../Engine/Content/Slate/Fonts/Roboto-Bold.ttf' (160K)
[2017.03.15-09.12.07:203][  0]LogSlate: Took 0.000214 seconds to synchronously load lazily loaded font '../../../Engine/Content/Editor/Slate/Fonts/FontAwesome.ttf' (139K)
[2017.03.15-09.12.07:297][  0]LogSlate: Took 0.000163 seconds to synchronously load lazily loaded font '../../../Engine/Content/Slate/Fonts/Roboto-Light.ttf' (159K)
[2017.03.15-09.12.07:345][  0]LogRenderer: Reallocating scene render targets to support 1208x588 NumSamples 1 (Frame:2).
[2017.03.15-09.12.07:437][  1]LogAssetRegistry: Asset discovery search completed in 11.5550 seconds
[2017.03.15-09.12.07:437][  1]LogCollectionManager: Rebuilt the object cache for 0 collections in 0.000005 seconds (found 0 objects)
[2017.03.15-09.12.07:437][  1]LogCollectionManager: Fixed up redirectors for 0 collections in 0.000020 seconds (updated 0 objects)
[2017.03.15-09.12.28:913][327]LogSlate: Took 0.000132 seconds to synchronously load lazily loaded font '../../../Engine/Content/Slate/Fonts/Roboto-Light.ttf' (159K)
[2017.03.15-09.12.29:181][327]LogBlueprint:Warning: [PlayerBP] 'NearestOverlappingActor' variable not found. Base class was probably changed.
[2017.03.15-09.12.29:182][327]LogBlueprint:Warning: [PlayerBP] 'NearestOverlap' variable not found. Base class was probably changed.
[2017.03.15-09.12.29:182][327]LogBlueprint:Warning: [PlayerBP] 'NearestOverlap' variable not found. Base class was probably changed.
[2017.03.15-09.12.29:182][327]LogBlueprint:Warning: [PlayerBP] 'NearestOverlap' variable not found. Base class was probably changed.
[2017.03.15-09.12.29:182][327]LogBlueprint:Warning: [PlayerBP] 'NearestOverlappingActor' variable not found. Base class was probably changed.
[2017.03.15-09.12.29:182][327]LogBlueprint:Warning: [PlayerBP] 'NearestOverlappingActor' variable not found. Base class was probably changed.
[2017.03.15-09.12.29:406][327]LogAIModule: Creating AISystem for world L_Battle_Stage
[2017.03.15-09.12.29:437][327]Cmd: MAP LOAD FILE="../../../../../../Users/sh Kim/Documents/Unreal Projects/nonamed/Content/L_Battle_Stage.umap" TEMPLATE=0 SHOWPROGRESS=1 FEATURELEVEL=3
[2017.03.15-09.12.29:437][327]LightingResults: New page: Lighting Build
[2017.03.15-09.12.29:439][327]LoadErrors: New page: Loading map: L_Battle_Stage.umap
[2017.03.15-09.12.29:439][327]MapCheck: New page: Map Check
[2017.03.15-09.12.29:439][327]LightingResults: New page: Lighting Build
[2017.03.15-09.12.29:516][327]LogEditorServer: Finished looking for orphan Actors (0.000 secs)
[2017.03.15-09.12.29:547][327]Cmd: MAP CHECKDEP NOCLEARLOG
[2017.03.15-09.12.29:585][327]MapCheck: Info Map check complete: 0 Error(s), 0 Warning(s), took 38.657ms to complete.
[2017.03.15-09.12.29:585][327]LogFileHelpers: Loading map 'L_Battle_Stage' took 0.149
[2017.03.15-09.12.31:001][480]LogEditorViewport: Clicking on Actor (LMB): Unit_Deck_BP_C (Player_Deck_Blueprint4)
[2017.03.15-09.12.33:223][659]LogSlate: Took 0.000166 seconds to synchronously load lazily loaded font '../../../Engine/Content/Slate/Fonts/Roboto-Light.ttf' (159K)
[2017.03.15-09.12.44:946][902]LogMaterial: Missing cached shader map for material PP_OutlineColored, compiling. 
[2017.03.15-09.12.44:947][902]LogTemp:Display: Added material ShaderMap 0x000001C6A33D3580 with Material 0x000001C6B5748900 to ShaderMapsBeingCompiled
[2017.03.15-09.12.44:951][902]LogTemp:Display: Kicking off shader compilation for PP_OutlineColored, GameThreadShaderMap 0x000001C6A33D3580
[2017.03.15-09.12.45:044][902]LogMaterial: Missing cached shader map for material PP_OutlineColored, compiling. 
[2017.03.15-09.12.45:045][902]LogTemp:Display: Added material ShaderMap 0x000001C6BAF6A400 with Material 0x000001C6BAC4F380 to ShaderMapsBeingCompiled
[2017.03.15-09.12.45:049][902]LogTemp:Display: Kicking off shader compilation for PP_OutlineColored, GameThreadShaderMap 0x000001C6BAF6A400
[2017.03.15-09.12.45:049][902]LogTemp:Display: Added shader map 0x000001C6A33D3580 from material 0x000001C6B5748900
[2017.03.15-09.12.45:049][902]LogTemp:Display: Found existing compiling shader for material PP_OutlineColored, linking to other GameThreadShaderMap 0x000001C6A33D3580
[2017.03.15-09.12.45:053][902]LogMaterial: 0.00 seconds spent updating 1 materials, 1 interfaces, 0 instances, 0 with static permutations.
[2017.03.15-09.12.45:053][902]MaterialEditorStats: Info Base pass shader without light map: 135 instructions
[2017.03.15-09.12.45:053][902]MaterialEditorStats: Info Vertex shader: 29 instructions
[2017.03.15-09.12.45:053][902]MaterialEditorStats: Info Texture samplers: 3/16
[2017.03.15-09.12.45:053][902]MaterialEditorStats: Info Mobile texture samplers: 4/8
[2017.03.15-09.12.45:059][902]LogMaterial: Missing cached shader map for material PP_OutlineColored, compiling. 
[2017.03.15-09.12.45:061][902]LogTemp:Display: Added material ShaderMap 0x000001C6BB033200 with Material 0x000001C6BAC4F380 to ShaderMapsBeingCompiled
[2017.03.15-09.12.45:062][902]LogTemp:Display: Kicking off shader compilation for PP_OutlineColored, GameThreadShaderMap 0x000001C6BB033200
[2017.03.15-09.12.45:064][902]LogMaterial: Missing cached shader map for material PP_OutlineColored, compiling. 
[2017.03.15-09.12.45:065][902]LogTemp:Display: Added material ShaderMap 0x000001C6D033C480 with Material 0x000001C6B5748900 to ShaderMapsBeingCompiled
[2017.03.15-09.12.45:068][902]LogTemp:Display: Kicking off shader compilation for PP_OutlineColored, GameThreadShaderMap 0x000001C6D033C480
[2017.03.15-09.12.45:068][902]LogMaterial: 0.00 seconds spent updating 1 materials, 1 interfaces, 0 instances, 0 with static permutations.
[2017.03.15-09.12.45:093][902]LogMaterial: Missing cached shader map for material FMatExpressionPreview MaterialExpressionVectorParameter_0, compiling. 
[2017.03.15-09.12.45:094][902]LogTemp:Display: Added material ShaderMap 0x000001C6BAE97580 with Material 0x000001C6A443D300 to ShaderMapsBeingCompiled
[2017.03.15-09.12.45:095][902]LogTemp:Display: Kicking off shader compilation for FMatExpressionPreview MaterialExpressionVectorParameter_0, GameThreadShaderMap 0x000001C6BAE97580
[2017.03.15-09.12.45:096][902]LogMaterial: Missing cached shader map for material FMatExpressionPreview MaterialExpressionVectorParameter_1, compiling. 
[2017.03.15-09.12.45:097][902]LogTemp:Display: Added material ShaderMap 0x000001C6BAE96080 with Material 0x000001C6BAC51900 to ShaderMapsBeingCompiled
[2017.03.15-09.12.45:099][902]LogTemp:Display: Kicking off shader compilation for FMatExpressionPreview MaterialExpressionVectorParameter_1, GameThreadShaderMap 0x000001C6BAE96080
[2017.03.15-09.12.45:100][902]LogMaterial: Missing cached shader map for material FMatExpressionPreview MaterialExpressionVectorParameter_2, compiling. 
[2017.03.15-09.12.45:100][902]LogTemp:Display: Added material ShaderMap 0x000001C6BAE94800 with Material 0x000001C6BAC51300 to ShaderMapsBeingCompiled
[2017.03.15-09.12.45:102][902]LogTemp:Display: Kicking off shader compilation for FMatExpressionPreview MaterialExpressionVectorParameter_2, GameThreadShaderMap 0x000001C6BAE94800
[2017.03.15-09.12.45:103][902]LogMaterial: Missing cached shader map for material FMatExpressionPreview MaterialExpressionVectorParameter_3, compiling. 
[2017.03.15-09.12.45:104][902]LogTemp:Display: Added material ShaderMap 0x000001C6A3B91600 with Material 0x000001C6CF508700 to ShaderMapsBeingCompiled
[2017.03.15-09.12.45:106][902]LogTemp:Display: Kicking off shader compilation for FMatExpressionPreview MaterialExpressionVectorParameter_3, GameThreadShaderMap 0x000001C6A3B91600
[2017.03.15-09.12.45:114][902]LogSlate: Took 0.000189 seconds to synchronously load lazily loaded font '../../../Engine/Content/Editor/Slate/Fonts/Roboto-BoldCondensed.ttf' (158K)
[2017.03.15-09.12.45:490][903]LogSlate: Took 0.000156 seconds to synchronously load lazily loaded font '../../../Engine/Content/Editor/Slate/Fonts/Roboto-Italic.ttf' (157K)
[2017.03.15-09.12.46:898][984]LogTemp:Display: Finished compile of shader map 0x000001C6BAF6A400
[2017.03.15-09.12.46:898][984]LogTemp:Display: Shader map PP_OutlineColored complete, GameThreadShaderMap 0x000001C6BAF6A400, marking material PP_OutlineColored as finished
[2017.03.15-09.12.46:898][984]LogTemp:Display: Marking material as finished 0x000001C6BAC4F380
[2017.03.15-09.12.47:075][990]Cmd: OBJ SAVEPACKAGE PACKAGE="/Game/L_Battle_Stage" FILE="../../../../../../Users/sh Kim/Documents/Unreal Projects/nonamed/Content/L_Battle_Stage.umap" SILENT=true AUTOSAVING=false KEEPDIRTY=false
[2017.03.15-09.12.47:197][990]LogSavePackage: Save=91.26ms
[2017.03.15-09.12.47:197][990]LogSavePackage: Moving '../../../../../../Users/sh Kim/Documents/Unreal Projects/nonamed/Saved/L_Battle_Stage1CBE712D43229879A16C54A831FDAC33.tmp' to '../../../../../../Users/sh Kim/Documents/Unreal Projects/nonamed/Content/L_Battle_Stage.umap'
[2017.03.15-09.12.47:199][990]LogSavePackage:Display: Finished SavePackage ../../../../../../Users/sh Kim/Documents/Unreal Projects/nonamed/Content/L_Battle_Stage.umap
[2017.03.15-09.12.47:230][990]LogFileHelpers: Saving map 'L_Battle_Stage' took 0.199
[2017.03.15-09.12.47:289][992]LogTemp:Display: Finished compile of shader map 0x000001C6BB033200
[2017.03.15-09.12.47:289][992]LogTemp:Display: Shader map PP_OutlineColored complete, GameThreadShaderMap 0x000001C6BB033200, marking material PP_OutlineColored as finished
[2017.03.15-09.12.47:289][992]LogTemp:Display: Marking material as finished 0x000001C6BAC4F380
[2017.03.15-09.12.47:302][993]MaterialEditorStats: Info Mobile texture samplers: 3/8
[2017.03.15-09.12.48:734][ 71]LogTemp:Display: Finished compile of shader map 0x000001C6D033C480
[2017.03.15-09.12.48:734][ 71]LogTemp:Display: Shader map PP_OutlineColored complete, GameThreadShaderMap 0x000001C6D033C480, marking material PP_OutlineColored as finished
[2017.03.15-09.12.48:734][ 71]LogTemp:Display: Marking material as finished 0x000001C6B5748900
[2017.03.15-09.12.48:754][ 72]MaterialEditorStats: Info Base pass shader without light map: 135 instructions
[2017.03.15-09.12.48:754][ 72]MaterialEditorStats: Info Vertex shader: 29 instructions
[2017.03.15-09.12.48:754][ 72]MaterialEditorStats: Info Texture samplers: 2/16
[2017.03.15-09.12.48:754][ 72]MaterialEditorStats: Info Mobile texture samplers: 3/8
[2017.03.15-09.12.49:080][ 90]LogEditorViewport: Clicking on Actor (LMB): U_GiantKnight_C (P_U_GiantNight)
[2017.03.15-09.12.49:181][ 92]LogTemp:Display: Finished compile of shader map 0x000001C6BAE97580
[2017.03.15-09.12.49:181][ 92]LogTemp:Display: Shader map FMatExpressionPreview MaterialExpressionVectorParameter_0 complete, GameThreadShaderMap 0x000001C6BAE97580, marking material FMatExpressionPreview MaterialExpressionVectorParameter_0 as finished
[2017.03.15-09.12.49:181][ 92]LogTemp:Display: Marking material as finished 0x000001C6A443D300
[2017.03.15-09.12.50:007][137]LogTemp:Display: Finished compile of shader map 0x000001C6BAE96080
[2017.03.15-09.12.50:007][137]LogTemp:Display: Shader map FMatExpressionPreview MaterialExpressionVectorParameter_1 complete, GameThreadShaderMap 0x000001C6BAE96080, marking material FMatExpressionPreview MaterialExpressionVectorParameter_1 as finished
[2017.03.15-09.12.50:007][137]LogTemp:Display: Marking material as finished 0x000001C6BAC51900
[2017.03.15-09.12.50:616][168]LogTemp:Display: Finished compile of shader map 0x000001C6BAE94800
[2017.03.15-09.12.50:617][168]LogTemp:Display: Shader map FMatExpressionPreview MaterialExpressionVectorParameter_2 complete, GameThreadShaderMap 0x000001C6BAE94800, marking material FMatExpressionPreview MaterialExpressionVectorParameter_2 as finished
[2017.03.15-09.12.50:617][168]LogTemp:Display: Marking material as finished 0x000001C6BAC51300
[2017.03.15-09.12.51:090][192]LogTemp:Display: Finished compile of shader map 0x000001C6A3B91600
[2017.03.15-09.12.51:090][192]LogTemp:Display: Shader map FMatExpressionPreview MaterialExpressionVectorParameter_3 complete, GameThreadShaderMap 0x000001C6A3B91600, marking material FMatExpressionPreview MaterialExpressionVectorParameter_3 as finished
[2017.03.15-09.12.51:090][192]LogTemp:Display: Marking material as finished 0x000001C6CF508700
[2017.03.15-09.13.08:301][121]LogEditorViewport: Clicking on Actor (LMB): Unit_Deck_BP_C (Player_Deck_Blueprint4)
[2017.03.15-09.13.15:280][500]LogEditorViewport: Clicking on Actor (LMB): Unit_Deck_BP_C (Player_Deck_Blueprint)
[2017.03.15-09.13.15:799][527]LogEditorViewport: Clicking on Actor (LMB): Unit_Deck_BP_C (Player_Deck_Blueprint4)
[2017.03.15-09.13.16:108][538]Cmd: OBJ SAVEPACKAGE PACKAGE="/Game/L_Battle_Stage" FILE="../../../../../../Users/sh Kim/Documents/Unreal Projects/nonamed/Content/L_Battle_Stage.umap" SILENT=true AUTOSAVING=false KEEPDIRTY=false
[2017.03.15-09.13.16:225][538]LogSavePackage: Save=88.03ms
[2017.03.15-09.13.16:225][538]LogSavePackage: Moving '../../../../../../Users/sh Kim/Documents/Unreal Projects/nonamed/Saved/L_Battle_StageF436246D4485A5EBB65CD9A09B787522.tmp' to '../../../../../../Users/sh Kim/Documents/Unreal Projects/nonamed/Content/L_Battle_Stage.umap'
[2017.03.15-09.13.16:228][538]LogSavePackage:Display: Finished SavePackage ../../../../../../Users/sh Kim/Documents/Unreal Projects/nonamed/Content/L_Battle_Stage.umap
[2017.03.15-09.13.16:259][538]LogFileHelpers: Saving map 'L_Battle_Stage' took 0.191
[2017.03.15-09.13.21:432][834]LogEditorViewport: Clicking on Actor (LMB): Unit_Deck_BP_C (Player_Deck_Blueprint5)
[2017.03.15-09.13.35:757][677]LogEditorViewport: Clicking Background
[2017.03.15-09.13.36:243][708]LogEditorViewport: Clicking on Actor (LMB): Unit_Deck_BP_C (Player_Deck_Blueprint5)
[2017.03.15-09.13.43:947][144]LogEditorViewport: Clicking on Actor (LMB): Unit_Deck_BP_C (Player_Deck_Blueprint5)
[2017.03.15-09.13.44:314][164]LogEditorViewport: Clicking Background
[2017.03.15-09.13.44:945][202]LogEditorViewport: Clicking on Actor (LMB): Unit_Deck_BP_C (Player_Deck_Blueprint5)
[2017.03.15-09.13.57:812][927]LogEditorViewport: Clicking Background
[2017.03.15-09.13.58:455][969]LogEditorViewport: Clicking on Actor (LMB): Unit_Deck_BP_C (Player_Deck_Blueprint5)
[2017.03.15-09.14.03:856][265]Cmd: OBJ SAVEPACKAGE PACKAGE="/Game/L_Battle_Stage" FILE="../../../../../../Users/sh Kim/Documents/Unreal Projects/nonamed/Content/L_Battle_Stage.umap" SILENT=true AUTOSAVING=false KEEPDIRTY=false
[2017.03.15-09.14.03:976][265]LogSavePackage: Save=87.25ms
[2017.03.15-09.14.03:976][265]LogSavePackage: Moving '../../../../../../Users/sh Kim/Documents/Unreal Projects/nonamed/Saved/L_Battle_StageA2DB738C408C182464659AA79F5810B0.tmp' to '../../../../../../Users/sh Kim/Documents/Unreal Projects/nonamed/Content/L_Battle_Stage.umap'
[2017.03.15-09.14.03:978][265]LogSavePackage:Display: Finished SavePackage ../../../../../../Users/sh Kim/Documents/Unreal Projects/nonamed/Content/L_Battle_Stage.umap
[2017.03.15-09.14.04:009][265]LogFileHelpers: Saving map 'L_Battle_Stage' took 0.191
[2017.03.15-09.14.04:429][286]LogEditorViewport: Clicking Background
[2017.03.15-09.14.16:110][ 22]LogMaterial: Missing cached shader map for material PP_OutlineColored, compiling. 
[2017.03.15-09.14.16:112][ 22]LogTemp:Display: Added material ShaderMap 0x000001C6DABDD980 with Material 0x000001C6BAC4F380 to ShaderMapsBeingCompiled
[2017.03.15-09.14.16:114][ 22]LogTemp:Display: Kicking off shader compilation for PP_OutlineColored, GameThreadShaderMap 0x000001C6DABDD980
[2017.03.15-09.14.16:115][ 22]LogMaterial: Missing cached shader map for material PP_OutlineColored, compiling. 
[2017.03.15-09.14.16:117][ 22]LogTemp:Display: Added material ShaderMap 0x000001C6D6EA6400 with Material 0x000001C6B5748900 to ShaderMapsBeingCompiled
[2017.03.15-09.14.16:119][ 22]LogTemp:Display: Kicking off shader compilation for PP_OutlineColored, GameThreadShaderMap 0x000001C6D6EA6400
[2017.03.15-09.14.16:119][ 22]LogMaterial: 0.00 seconds spent updating 1 materials, 1 interfaces, 0 instances, 0 with static permutations.
[2017.03.15-09.14.17:625][120]LogMaterialEditor: Applying material PP_OutlineColored
[2017.03.15-09.14.18:111][120]LogMaterial: Missing cached shader map for material PP_OutlineColored, compiling. 
[2017.03.15-09.14.18:113][120]LogTemp:Display: Added material ShaderMap 0x000001C6DA66AE80 with Material 0x000001C6BAC4F380 to ShaderMapsBeingCompiled
[2017.03.15-09.14.18:117][120]LogTemp:Display: Kicking off shader compilation for PP_OutlineColored, GameThreadShaderMap 0x000001C6DA66AE80
[2017.03.15-09.14.18:125][120]LogMaterial: Missing cached shader map for material PP_OutlineColored, compiling. 
[2017.03.15-09.14.18:127][120]LogTemp:Display: Added material ShaderMap 0x000001C6BAF68F00 with Material 0x000001C6B5748900 to ShaderMapsBeingCompiled
[2017.03.15-09.14.18:130][120]LogTemp:Display: Kicking off shader compilation for PP_OutlineColored, GameThreadShaderMap 0x000001C6BAF68F00
[2017.03.15-09.14.18:131][120]LogMaterial: 0.00 seconds spent updating 1 materials, 1 interfaces, 0 instances, 0 with static permutations.
[2017.03.15-09.14.18:152][120]LogMaterial: Missing cached shader map for material PP_OutlineColored, compiling. 
[2017.03.15-09.14.18:153][120]LogTemp:Display: Added material ShaderMap 0x000001C6D033E080 with Material 0x000001C695D6D600 to ShaderMapsBeingCompiled
[2017.03.15-09.14.18:160][120]LogTemp:Display: Kicking off shader compilation for PP_OutlineColored, GameThreadShaderMap 0x000001C6D033E080
[2017.03.15-09.14.18:163][120]LogMaterial: Missing cached shader map for material PP_OutlineColored, compiling. 
[2017.03.15-09.14.18:164][120]LogTemp:Display: Added material ShaderMap 0x000001C6DA293200 with Material 0x000001C6FC4D0880 to ShaderMapsBeingCompiled
[2017.03.15-09.14.18:168][120]LogTemp:Display: Kicking off shader compilation for PP_OutlineColored, GameThreadShaderMap 0x000001C6DA293200
[2017.03.15-09.14.18:169][120]LogMaterial: Missing cached shader map for material PP_OutlineColored, compiling. 
[2017.03.15-09.14.18:171][120]LogTemp:Display: Added material ShaderMap 0x000001C7001EE780 with Material 0x000001C695D6D600 to ShaderMapsBeingCompiled
[2017.03.15-09.14.18:174][120]LogTemp:Display: Kicking off shader compilation for PP_OutlineColored, GameThreadShaderMap 0x000001C7001EE780
[2017.03.15-09.14.18:175][120]LogMaterial: 0.00 seconds spent updating 1 materials, 1 interfaces, 0 instances, 0 with static permutations.
[2017.03.15-09.14.18:182][120]TextureStreamingBuild:Display: Compiling optional shaders took 0.000 seconds.
[2017.03.15-09.14.18:195][120]LogTemp:Display: Finished compile of shader map 0x000001C6DABDD980
[2017.03.15-09.14.18:195][120]LogTemp:Display: Shader map PP_OutlineColored complete, GameThreadShaderMap 0x000001C6DABDD980, marking material PP_OutlineColored as finished
[2017.03.15-09.14.18:195][120]LogTemp:Display: Marking material as finished 0x000001C6BAC4F380
[2017.03.15-09.14.18:367][127]LogTemp:Display: Finished compile of shader map 0x000001C6D6EA6400
[2017.03.15-09.14.18:367][127]LogTemp:Display: Shader map PP_OutlineColored complete, GameThreadShaderMap 0x000001C6D6EA6400, marking material PP_OutlineColored as finished
[2017.03.15-09.14.18:367][127]LogTemp:Display: Marking material as finished 0x000001C6B5748900
[2017.03.15-09.14.19:161][176]LogTemp:Display: Finished compile of shader map 0x000001C6DA66AE80
[2017.03.15-09.14.19:161][176]LogTemp:Display: Shader map PP_OutlineColored complete, GameThreadShaderMap 0x000001C6DA66AE80, marking material PP_OutlineColored as finished
[2017.03.15-09.14.19:161][176]LogTemp:Display: Marking material as finished 0x000001C6BAC4F380
[2017.03.15-09.14.21:142][303]LogTemp:Display: Finished compile of shader map 0x000001C6BAF68F00
[2017.03.15-09.14.21:142][303]LogTemp:Display: Shader map PP_OutlineColored complete, GameThreadShaderMap 0x000001C6BAF68F00, marking material PP_OutlineColored as finished
[2017.03.15-09.14.21:142][303]LogTemp:Display: Marking material as finished 0x000001C6B5748900
[2017.03.15-09.14.24:816][544]LogTemp:Display: Finished compile of shader map 0x000001C7001EE780
[2017.03.15-09.14.24:816][544]LogTemp:Display: Shader map PP_OutlineColored complete, GameThreadShaderMap 0x000001C7001EE780, marking material PP_OutlineColored as finished
[2017.03.15-09.14.24:816][544]LogTemp:Display: Marking material as finished 0x000001C695D6D600
[2017.03.15-09.14.24:820][544]LogTemp:Display: Finished compile of shader map 0x000001C6DA293200
[2017.03.15-09.14.24:820][544]LogTemp:Display: Shader map PP_OutlineColored complete, GameThreadShaderMap 0x000001C6DA293200, marking material PP_OutlineColored as finished
[2017.03.15-09.14.24:820][544]LogTemp:Display: Marking material as finished 0x000001C6FC4D0880
[2017.03.15-09.14.24:832][545]MaterialEditorStats: Info Base pass shader without light map: 135 instructions
[2017.03.15-09.14.24:832][545]MaterialEditorStats: Info Vertex shader: 29 instructions
[2017.03.15-09.14.24:832][545]MaterialEditorStats: Info Texture samplers: 3/16
[2017.03.15-09.14.24:832][545]MaterialEditorStats: Info Mobile texture samplers: 4/8
[2017.03.15-09.14.27:793][729]LogEditorViewport: Clicking on Actor (LMB): Unit_Deck_BP_C (Player_Deck_Blueprint5)
[2017.03.15-09.14.28:594][773]LogEditorViewport: Clicking Background
[2017.03.15-09.14.29:220][811]LogEditorViewport: Clicking on Actor (LMB): Unit_Deck_BP_C (Player_Deck_Blueprint5)
[2017.03.15-09.14.33:430][ 53]LogEditorViewport: Clicking Background
[2017.03.15-09.14.40:028][502]LogMaterial: Missing cached shader map for material PP_OutlineColored, compiling. 
[2017.03.15-09.14.40:030][502]LogTemp:Display: Added material ShaderMap 0x000001C701CAA080 with Material 0x000001C6BAC4F380 to ShaderMapsBeingCompiled
[2017.03.15-09.14.40:032][502]LogTemp:Display: Kicking off shader compilation for PP_OutlineColored, GameThreadShaderMap 0x000001C701CAA080
[2017.03.15-09.14.40:033][502]LogMaterial: Missing cached shader map for material PP_OutlineColored, compiling. 
[2017.03.15-09.14.40:034][502]LogTemp:Display: Added material ShaderMap 0x000001C701CAB900 with Material 0x000001C6B5748900 to ShaderMapsBeingCompiled
[2017.03.15-09.14.40:036][502]LogTemp:Display: Kicking off shader compilation for PP_OutlineColored, GameThreadShaderMap 0x000001C701CAB900
[2017.03.15-09.14.40:037][502]LogMaterial: 0.00 seconds spent updating 1 materials, 1 interfaces, 0 instances, 0 with static permutations.
[2017.03.15-09.14.41:682][615]LogTemp:Display: Finished compile of shader map 0x000001C701CAA080
[2017.03.15-09.14.41:682][615]LogTemp:Display: Shader map PP_OutlineColored complete, GameThreadShaderMap 0x000001C701CAA080, marking material PP_OutlineColored as finished
[2017.03.15-09.14.41:682][615]LogTemp:Display: Marking material as finished 0x000001C6BAC4F380
[2017.03.15-09.14.42:193][653]LogTemp:Display: Finished compile of shader map 0x000001C701CAB900
[2017.03.15-09.14.42:193][653]LogTemp:Display: Shader map PP_OutlineColored complete, GameThreadShaderMap 0x000001C701CAB900, marking material PP_OutlineColored as finished
[2017.03.15-09.14.42:193][653]LogTemp:Display: Marking material as finished 0x000001C6B5748900
[2017.03.15-09.14.44:529][828]MaterialEditorStats: Info Base pass shader without light map: 135 instructions
[2017.03.15-09.14.44:529][828]MaterialEditorStats: Info Vertex shader: 29 instructions
[2017.03.15-09.14.44:529][828]MaterialEditorStats: Info Texture samplers: 2/16
[2017.03.15-09.14.44:529][828]MaterialEditorStats: Info Mobile texture samplers: 3/8
[2017.03.15-09.14.45:180][863]LogEditorViewport: Clicking on Actor (LMB): Unit_Deck_BP_C (Player_Deck_Blueprint5)
[2017.03.15-09.14.51:348][166]LogEditorViewport: Clicking Background
[2017.03.15-09.14.53:617][295]LogEditorViewport: Clicking on Actor (LMB): Unit_Deck_BP_C (Player_Deck_Blueprint5)
[2017.03.15-09.14.58:772][549]Cmd: TRANSACTION UNDO
[2017.03.15-09.14.58:772][549]LogEditorTransaction: Undo Move Actors
[2017.03.15-09.14.58:783][549]LogMaterial: Missing cached shader map for material PP_OutlineColored, compiling. 
[2017.03.15-09.14.58:785][549]LogTemp:Display: Added material ShaderMap 0x000001C6DA66C480 with Material 0x000001C6BAC4F380 to ShaderMapsBeingCompiled
[2017.03.15-09.14.58:787][549]LogTemp:Display: Kicking off shader compilation for PP_OutlineColored, GameThreadShaderMap 0x000001C6DA66C480
[2017.03.15-09.14.58:788][549]LogMaterial: Missing cached shader map for material PP_OutlineColored, compiling. 
[2017.03.15-09.14.58:790][549]LogTemp:Display: Added material ShaderMap 0x000001C6DA4D0800 with Material 0x000001C6B5748900 to ShaderMapsBeingCompiled
[2017.03.15-09.14.58:792][549]LogTemp:Display: Kicking off shader compilation for PP_OutlineColored, GameThreadShaderMap 0x000001C6DA4D0800
[2017.03.15-09.14.58:792][549]LogMaterial: 0.00 seconds spent updating 1 materials, 1 interfaces, 0 instances, 0 with static permutations.
[2017.03.15-09.14.59:297][555]LogTemp:Display: Finished compile of shader map 0x000001C6DA66C480
[2017.03.15-09.14.59:297][555]LogTemp:Display: Shader map PP_OutlineColored complete, GameThreadShaderMap 0x000001C6DA66C480, marking material PP_OutlineColored as finished
[2017.03.15-09.14.59:297][555]LogTemp:Display: Marking material as finished 0x000001C6BAC4F380
[2017.03.15-09.14.59:316][556]MaterialEditorStats: Info Mobile texture samplers: 3/8
[2017.03.15-09.14.59:861][578]LogTemp:Display: Finished compile of shader map 0x000001C6DA4D0800
[2017.03.15-09.14.59:861][578]LogTemp:Display: Shader map PP_OutlineColored complete, GameThreadShaderMap 0x000001C6DA4D0800, marking material PP_OutlineColored as finished
[2017.03.15-09.14.59:861][578]LogTemp:Display: Marking material as finished 0x000001C6B5748900
[2017.03.15-09.14.59:883][579]MaterialEditorStats: Info Base pass shader without light map: 135 instructions
[2017.03.15-09.14.59:883][579]MaterialEditorStats: Info Vertex shader: 29 instructions
[2017.03.15-09.14.59:883][579]MaterialEditorStats: Info Texture samplers: 2/16
[2017.03.15-09.14.59:883][579]MaterialEditorStats: Info Mobile texture samplers: 3/8
[2017.03.15-09.15.09:014][ 18]LogEditorViewport: Clicking Background
[2017.03.15-09.15.10:552][100]LogEditorViewport: Clicking on Actor (LMB): Unit_Deck_BP_C (Player_Deck_Blueprint5)
[2017.03.15-09.15.11:253][131]LogEditorViewport: Clicking Background
[2017.03.15-09.15.12:712][208]LogEditorViewport: Clicking on Actor (LMB): Unit_Deck_BP_C (Player_Deck_Blueprint5)
[2017.03.15-09.15.13:622][248]LogEditorViewport: Clicking Background
[2017.03.15-09.15.27:606][104]LogEditorViewport: Clicking on Actor (LMB): Unit_Deck_BP_C (Player_Deck_Blueprint5)
[2017.03.15-09.19.25:403][151]LogEditorViewport: Clicking on Actor (LMB): Unit_Deck_BP_C (Player_Deck_Blueprint5)
[2017.03.15-09.19.28:051][275]Cmd: OBJ SAVEPACKAGE PACKAGE="/Game/L_Battle_Stage" FILE="../../../../../../Users/sh Kim/Documents/Unreal Projects/nonamed/Content/L_Battle_Stage.umap" SILENT=true AUTOSAVING=false KEEPDIRTY=false
[2017.03.15-09.19.28:175][275]LogSavePackage: Save=88.87ms
[2017.03.15-09.19.28:175][275]LogSavePackage: Moving '../../../../../../Users/sh Kim/Documents/Unreal Projects/nonamed/Saved/L_Battle_Stage9A9DED84483B46BA8A28708A88C9D9C5.tmp' to '../../../../../../Users/sh Kim/Documents/Unreal Projects/nonamed/Content/L_Battle_Stage.umap'
[2017.03.15-09.19.28:178][275]LogSavePackage:Display: Finished SavePackage ../../../../../../Users/sh Kim/Documents/Unreal Projects/nonamed/Content/L_Battle_Stage.umap
[2017.03.15-09.19.28:214][275]LogFileHelpers: Saving map 'L_Battle_Stage' took 0.204
[2017.03.15-09.19.28:230][275]Cmd: OBJ SAVEPACKAGE PACKAGE="/Game/Base/PP_OutlineColored" FILE="../../../../../../Users/sh Kim/Documents/Unreal Projects/nonamed/Content/Base/PP_OutlineColored.uasset" SILENT=true
[2017.03.15-09.19.28:280][275]LogSavePackage: Save=25.50ms
[2017.03.15-09.19.28:280][275]LogSavePackage: Moving '../../../../../../Users/sh Kim/Documents/Unreal Projects/nonamed/Saved/PP_OutlineColored61445EA0419628C150169B93F01C91D1.tmp' to '../../../../../../Users/sh Kim/Documents/Unreal Projects/nonamed/Content/Base/PP_OutlineColored.uasset'
[2017.03.15-09.19.28:282][275]LogSavePackage:Display: Finished SavePackage ../../../../../../Users/sh Kim/Documents/Unreal Projects/nonamed/Content/Base/PP_OutlineColored.uasset
[2017.03.15-09.20.18:450][523]LogWindowsTextInputMethodSystem:Display: IME system now activated using TSF (Microsoft 입력기).
[2017.03.15-09.20.18:643][524]Cmd: QUIT_EDITOR
[2017.03.15-09.20.18:724][524]LogExit: Preparing to exit.
[2017.03.15-09.20.19:395][524]LogDirectoryWatcher: A directory notification for 'C:/Users/sh Kim/Documents/Unreal Projects/nonamed/Content/' was aborted.
[2017.03.15-09.20.19:425][524]LogExit: Editor shut down
[2017.03.15-09.20.19:426][524]LogExit: Transaction tracking system shut down
[2017.03.15-09.20.19:440][524]LogTemp:Display: Removed shader map 0x000001C6A33D3580 from material 0x000001C6B5748900
[2017.03.15-09.20.19:440][524]LogTemp:Display: Removed shader map 0x000001C6D033E080 from material 0x000001C695D6D600
[2017.03.15-09.20.19:555][524]LogObj: Freed 0b from 0 cluster array pools.
[2017.03.15-09.20.19:556][524]LogExit: Object subsystem successfully closed.
[2017.03.15-09.20.19:577][524]LogD3D11RHI: Shutdown
[2017.03.15-09.20.19:577][524]LogD3D11RHI: CleanupD3DDevice
[2017.03.15-09.20.19:720][524]LogD3D11RHI: ~FD3D11DynamicRHI
[2017.03.15-09.20.19:742][524]LogModuleManager: Shutting down and abandoning module MaterialEditor (500)
[2017.03.15-09.20.19:742][524]LogModuleManager: Shutting down and abandoning module HierarchicalLODUtilities (498)
[2017.03.15-09.20.19:742][524]LogModuleManager: Shutting down and abandoning module HierarchicalLODOutliner (496)
[2017.03.15-09.20.19:742][524]LogModuleManager: Shutting down and abandoning module CrashTracker (494)
[2017.03.15-09.20.19:742][524]LogModuleManager: Shutting down and abandoning module SceneOutliner (492)
[2017.03.15-09.20.19:742][524]LogModuleManager: Shutting down and abandoning module AddContentDialog (490)
[2017.03.15-09.20.19:742][524]LogDirectoryWatcher: A directory notification for 'C:/Program Files/Epic Games/UE_4.15/FeaturePacks/' was aborted.
[2017.03.15-09.20.19:743][524]LogModuleManager: Shutting down and abandoning module WidgetCarousel (489)
[2017.03.15-09.20.19:743][524]LogModuleManager: Shutting down and abandoning module EditorWidgets (486)
[2017.03.15-09.20.19:743][524]LogModuleManager: Shutting down and abandoning module CollectionManager (484)
[2017.03.15-09.20.19:743][524]LogDirectoryWatcher: A directory notification for 'C:/Users/sh Kim/Documents/Unreal Projects/nonamed/Content/Collections/' was aborted.
[2017.03.15-09.20.19:743][524]LogDirectoryWatcher: A directory notification for 'C:/Users/sh Kim/Documents/Unreal Projects/nonamed/Content/Developers/shKim/Collections/' was aborted.
[2017.03.15-09.20.19:743][524]LogDirectoryWatcher: A directory notification for 'C:/Users/sh Kim/Documents/Unreal Projects/nonamed/Saved/Collections/' was aborted.
[2017.03.15-09.20.19:744][524]LogModuleManager: Shutting down and abandoning module StatsViewer (482)
[2017.03.15-09.20.19:744][524]LogModuleManager: Shutting down and abandoning module FoliageEdit (480)
[2017.03.15-09.20.19:744][524]LogModuleManager: Shutting down and abandoning module LandscapeEditor (478)
[2017.03.15-09.20.19:744][524]LogModuleManager: Shutting down and abandoning module SceneDepthPickerMode (476)
[2017.03.15-09.20.19:744][524]LogModuleManager: Shutting down and abandoning module ActorPickerMode (474)
[2017.03.15-09.20.19:744][524]LogModuleManager: Shutting down and abandoning module GeometryMode (472)
[2017.03.15-09.20.19:744][524]LogModuleManager: Shutting down and abandoning module TextureAlignMode (470)
[2017.03.15-09.20.19:744][524]LogModuleManager: Shutting down and abandoning module BspMode (468)
[2017.03.15-09.20.19:744][524]LogModuleManager: Shutting down and abandoning module HardwareSurvey (466)
[2017.03.15-09.20.19:744][524]LogModuleManager: Shutting down and abandoning module SequenceRecorderSections (464)
[2017.03.15-09.20.19:744][524]LogModuleManager: Shutting down and abandoning module AutomationWorker (462)
[2017.03.15-09.20.19:744][524]LogModuleManager: Shutting down and abandoning module MatineeToLevelSequence (460)
[2017.03.15-09.20.19:744][524]LogModuleManager: Shutting down and abandoning module LevelSequenceEditor (458)
[2017.03.15-09.20.19:744][524]LogModuleManager: Shutting down and abandoning module PlacementMode (457)
[2017.03.15-09.20.19:744][524]LogModuleManager: Shutting down and abandoning module WmfMediaFactory (454)
[2017.03.15-09.20.19:744][524]LogModuleManager: Shutting down and abandoning module WmfMediaEditor (452)
[2017.03.15-09.20.19:744][524]LogModuleManager: Shutting down and abandoning module MfMediaFactory (450)
[2017.03.15-09.20.19:744][524]LogModuleManager: Shutting down and abandoning module MfMediaEditor (448)
[2017.03.15-09.20.19:744][524]LogModuleManager: Shutting down and abandoning module AvfMediaFactory (446)
[2017.03.15-09.20.19:744][524]LogModuleManager: Shutting down and abandoning module AvfMediaEditor (444)
[2017.03.15-09.20.19:744][524]LogModuleManager: Shutting down and abandoning module AndroidMediaFactory (442)
[2017.03.15-09.20.19:744][524]LogModuleManager: Shutting down and abandoning module Media (441)
[2017.03.15-09.20.19:744][524]LogModuleManager: Shutting down and abandoning module AndroidMediaEditor (438)
[2017.03.15-09.20.19:744][524]LogModuleManager: Shutting down and abandoning module CharacterAI (436)
[2017.03.15-09.20.19:744][524]LogModuleManager: Shutting down and abandoning module AudioCapture (434)
[2017.03.15-09.20.19:744][524]LogModuleManager: Shutting down and abandoning module SequenceRecorder (433)
[2017.03.15-09.20.19:744][524]LogModuleManager: Shutting down and abandoning module SmartSnapping (430)
[2017.03.15-09.20.19:744][524]LogModuleManager: Shutting down and abandoning module SessionServices (428)
[2017.03.15-09.20.19:744][524]LogModuleManager: Shutting down and abandoning module ViewportSnapping (426)
[2017.03.15-09.20.19:744][524]LogModuleManager: Shutting down and abandoning module ViewportInteraction (424)
[2017.03.15-09.20.19:744][524]LogModuleManager: Shutting down and abandoning module LogVisualizer (422)
[2017.03.15-09.20.19:744][524]LogModuleManager: Shutting down and abandoning module IntroTutorials (420)
[2017.03.15-09.20.19:744][524]LogModuleManager: Shutting down and abandoning module GameProjectGeneration (419)
[2017.03.15-09.20.19:744][524]LogModuleManager: Shutting down and abandoning module EditorLiveStreaming (416)
[2017.03.15-09.20.19:744][524]LogModuleManager: Shutting down and abandoning module IOSPlatformEditor (414)
[2017.03.15-09.20.19:744][524]LogModuleManager: Shutting down and abandoning module HTML5PlatformEditor (412)
[2017.03.15-09.20.19:744][524]LogModuleManager: Shutting down and abandoning module AndroidPlatformEditor (410)
[2017.03.15-09.20.19:744][524]LogModuleManager: Shutting down and abandoning module AndroidDeviceDetection (409)
[2017.03.15-09.20.20:098][524]LogModuleManager: Shutting down and abandoning module IOSRuntimeSettings (406)
[2017.03.15-09.20.20:098][524]LogModuleManager: Shutting down and abandoning module AndroidRuntimeSettings (404)
[2017.03.15-09.20.20:098][524]LogModuleManager: Shutting down and abandoning module InputBindingEditor (402)
[2017.03.15-09.20.20:098][524]LogModuleManager: Shutting down and abandoning module NiagaraEditor (400)
[2017.03.15-09.20.20:098][524]LogModuleManager: Shutting down and abandoning module MergeActors (398)
[2017.03.15-09.20.20:098][524]LogModuleManager: Shutting down and abandoning module SizeMap (396)
[2017.03.15-09.20.20:098][524]LogModuleManager: Shutting down and abandoning module TreeMap (394)
[2017.03.15-09.20.20:098][524]LogModuleManager: Shutting down and abandoning module ReferenceViewer (392)
[2017.03.15-09.20.20:098][524]LogModuleManager: Shutting down and abandoning module LocalizationDashboard (390)
[2017.03.15-09.20.20:098][524]LogModuleManager: Shutting down and abandoning module LocalizationService (389)
[2017.03.15-09.20.20:098][524]LogModuleManager: Shutting down and abandoning module HardwareTargeting (386)
[2017.03.15-09.20.20:098][524]LogModuleManager: Shutting down and abandoning module DeviceProfileEditor (384)
[2017.03.15-09.20.20:098][524]LogModuleManager: Shutting down and abandoning module UndoHistory (382)
[2017.03.15-09.20.20:098][524]LogModuleManager: Shutting down and abandoning module UserFeedback (380)
[2017.03.15-09.20.20:098][524]LogModuleManager: Shutting down and abandoning module XmlParser (378)
[2017.03.15-09.20.20:098][524]LogModuleManager: Shutting down and abandoning module Blutility (376)
[2017.03.15-09.20.20:098][524]LogModuleManager: Shutting down and abandoning module ProjectSettingsViewer (374)
[2017.03.15-09.20.20:098][524]LogModuleManager: Shutting down and abandoning module ProjectTargetPlatformEditor (373)
[2017.03.15-09.20.20:098][524]LogModuleManager: Shutting down and abandoning module EditorSettingsViewer (370)
[2017.03.15-09.20.20:098][524]LogModuleManager: Shutting down and abandoning module SettingsEditor (368)
[2017.03.15-09.20.20:099][524]LogModuleManager: Shutting down and abandoning module ProjectLauncher (366)
[2017.03.15-09.20.20:099][524]LogModuleManager: Shutting down and abandoning module SessionFrontend (364)
[2017.03.15-09.20.20:099][524]LogModuleManager: Shutting down and abandoning module ProfilerClient (362)
[2017.03.15-09.20.20:099][524]LogModuleManager: Shutting down and abandoning module DeviceManager (360)
[2017.03.15-09.20.20:099][524]LogModuleManager: Shutting down and abandoning module TargetDeviceServices (359)
[2017.03.15-09.20.20:142][524]LogModuleManager: Shutting down and abandoning module AutomationController (356)
[2017.03.15-09.20.20:142][524]LogModuleManager: Shutting down and abandoning module AutomationWindow (354)
[2017.03.15-09.20.20:142][524]LogModuleManager: Shutting down and abandoning module Layers (352)
[2017.03.15-09.20.20:142][524]LogModuleManager: Shutting down and abandoning module ComponentVisualizers (350)
[2017.03.15-09.20.20:142][524]LogModuleManager: Shutting down and abandoning module DetailCustomizations (348)
[2017.03.15-09.20.20:142][524]LogModuleManager: Shutting down and abandoning module PackagesDialog (346)
[2017.03.15-09.20.20:142][524]LogModuleManager: Shutting down and abandoning module Persona (344)
[2017.03.15-09.20.20:142][524]LogModuleManager: Shutting down and abandoning module AnimGraph (343)
[2017.03.15-09.20.20:142][524]LogModuleManager: Shutting down and abandoning module Kismet (340)
[2017.03.15-09.20.20:145][524]LogModuleManager: Shutting down and abandoning module GraphEditor (338)
[2017.03.15-09.20.20:145][524]LogModuleManager: Shutting down and abandoning module ClassViewer (336)
[2017.03.15-09.20.20:145][524]LogModuleManager: Shutting down and abandoning module Toolbox (334)
[2017.03.15-09.20.20:145][524]LogModuleManager: Shutting down and abandoning module ModuleUI (332)
[2017.03.15-09.20.20:145][524]LogModuleManager: Shutting down and abandoning module MovieSceneTools (330)
[2017.03.15-09.20.20:145][524]LogModuleManager: Shutting down and abandoning module OutputLog (328)
[2017.03.15-09.20.20:145][524]LogModuleManager: Shutting down and abandoning module GammaUI (326)
[2017.03.15-09.20.20:145][524]LogModuleManager: Shutting down and abandoning module Documentation (324)
[2017.03.15-09.20.20:145][524]LogModuleManager: Shutting down and abandoning module Niagara (322)
[2017.03.15-09.20.20:145][524]LogModuleManager: Shutting down and abandoning module StreamingPauseRendering (320)
[2017.03.15-09.20.20:145][524]LogModuleManager: Shutting down and abandoning module AnalyticsET (318)
[2017.03.15-09.20.20:145][524]LogModuleManager: Shutting down and abandoning module PortalServices (316)
[2017.03.15-09.20.20:145][524]LogModuleManager: Shutting down and abandoning module PortalRpc (314)
[2017.03.15-09.20.20:145][524]LogModuleManager: Shutting down and abandoning module MessagingRpc (312)
[2017.03.15-09.20.20:145][524]LogModuleManager: Shutting down and abandoning module AIModule (310)
[2017.03.15-09.20.20:145][524]LogModuleManager: Shutting down and abandoning module GameplayDebugger (309)
[2017.03.15-09.20.20:145][524]LogModuleManager: Shutting down and abandoning module AITestSuite (307)
[2017.03.15-09.20.20:145][524]LogModuleManager: Shutting down and abandoning module ProfilerService (304)
[2017.03.15-09.20.20:359][524]LogModuleManager: Shutting down and abandoning module TaskGraph (302)
[2017.03.15-09.20.20:359][524]LogModuleManager: Shutting down and abandoning module SteamVRController (300)
[2017.03.15-09.20.20:359][524]LogModuleManager: Shutting down and abandoning module SteamVR (298)
[2017.03.15-09.20.20:359][524]LogModuleManager: Shutting down and abandoning module ProceduralMeshComponentEditor (296)
[2017.03.15-09.20.20:359][524]LogModuleManager: Shutting down and abandoning module ProceduralMeshComponent (294)
[2017.03.15-09.20.20:359][524]LogModuleManager: Shutting down and abandoning module OculusLibrary (292)
[2017.03.15-09.20.20:359][524]LogModuleManager: Shutting down and abandoning module OculusInput (290)
[2017.03.15-09.20.20:359][524]LogModuleManager: Shutting down and abandoning module MobilePatchingUtils (288)
[2017.03.15-09.20.20:359][524]LogModuleManager: Shutting down and abandoning module CustomMeshComponent (286)
[2017.03.15-09.20.20:359][524]LogModuleManager: Shutting down and abandoning module CableComponent (284)
[2017.03.15-09.20.20:359][524]LogModuleManager: Shutting down and abandoning module ArchVisCharacter (282)
[2017.03.15-09.20.20:359][524]LogModuleManager: Shutting down and abandoning module MediaPlayerEditor (278)
[2017.03.15-09.20.20:359][524]LogModuleManager: Shutting down and abandoning module HTML5Networking (276)
[2017.03.15-09.20.20:359][524]LogModuleManager: Shutting down and abandoning module AlembicImporter (274)
[2017.03.15-09.20.20:362][524]LogModuleManager: Shutting down and abandoning module AlembicLibrary (273)
[2017.03.15-09.20.20:362][524]LogModuleManager: Shutting down and abandoning module GeometryCache (272)
[2017.03.15-09.20.20:362][524]LogModuleManager: Shutting down and abandoning module GeometryCacheEd (271)
[2017.03.15-09.20.20:362][524]LogModuleManager: Shutting down and abandoning module SuperSearchEditor (266)
[2017.03.15-09.20.20:362][524]LogModuleManager: Shutting down and abandoning module SuperSearch (265)
[2017.03.15-09.20.20:362][524]LogModuleManager: Shutting down and abandoning module SpeedTreeImporter (262)
[2017.03.15-09.20.20:362][524]LogModuleManager: Shutting down and abandoning module PluginBrowser (260)
[2017.03.15-09.20.20:362][524]LogModuleManager: Shutting down and abandoning module MobileLauncherProfileWizard (258)
[2017.03.15-09.20.20:362][524]LogModuleManager: Shutting down and abandoning module EpicSurvey (256)
[2017.03.15-09.20.20:362][524]LogModuleManager: Shutting down and abandoning module VisualStudioSourceCodeAccess (254)
[2017.03.15-09.20.20:362][524]LogModuleManager: Shutting down and abandoning module DesktopPlatform (253)
[2017.03.15-09.20.20:362][524]LogModuleManager: Shutting down and abandoning module UObjectPlugin (250)
[2017.03.15-09.20.20:362][524]LogModuleManager: Shutting down and abandoning module SubversionSourceControl (248)
[2017.03.15-09.20.20:362][524]LogModuleManager: Shutting down and abandoning module PerforceSourceControl (246)
[2017.03.15-09.20.20:362][524]LogModuleManager: Shutting down and abandoning module GitSourceControl (244)
[2017.03.15-09.20.20:362][524]LogModuleManager: Shutting down and abandoning module SourceControl (243)
[2017.03.15-09.20.20:362][524]LogModuleManager: Shutting down and abandoning module LightPropagationVolumeEditor (240)
[2017.03.15-09.20.20:362][524]LogModuleManager: Shutting down and abandoning module PaperTiledImporter (238)
[2017.03.15-09.20.20:362][524]LogModuleManager: Shutting down and abandoning module PaperSpriteSheetImporter (236)
[2017.03.15-09.20.20:362][524]LogModuleManager: Shutting down and abandoning module Paper2DEditor (234)
[2017.03.15-09.20.20:362][524]LogModuleManager: Shutting down and abandoning module MeshPaint (233)
[2017.03.15-09.20.20:362][524]LogModuleManager: Shutting down and abandoning module LevelEditor (231)
[2017.03.15-09.20.20:363][524]LogModuleManager: Shutting down and abandoning module PixelInspectorModule (230)
[2017.03.15-09.20.20:363][524]LogModuleManager: Shutting down and abandoning module MainFrame (228)
[2017.03.15-09.20.20:363][524]LogModuleManager: Shutting down and abandoning module HotReload (227)
[2017.03.15-09.20.20:364][524]LogModuleManager: Shutting down and abandoning module ContentBrowser (223)
[2017.03.15-09.20.20:365][524]LogModuleManager: Shutting down and abandoning module PhysXVehiclesEditor (220)
[2017.03.15-09.20.20:365][524]LogModuleManager: Shutting down and abandoning module PhysXVehicles (218)
[2017.03.15-09.20.20:365][524]LogModuleManager: Shutting down and abandoning module LocationServicesBPLibrary (216)
[2017.03.15-09.20.20:365][524]LogModuleManager: Shutting down and abandoning module UdpMessaging (214)
[2017.03.15-09.20.20:467][524]LogModuleManager: Shutting down and abandoning module TcpMessaging (212)
[2017.03.15-09.20.20:567][524]LogModuleManager: Shutting down and abandoning module GameplayTagsEditor (210)
[2017.03.15-09.20.20:567][524]LogModuleManager: Shutting down and abandoning module FacialAnimationEditor (208)
[2017.03.15-09.20.20:567][524]LogModuleManager: Shutting down and abandoning module FacialAnimation (206)
[2017.03.15-09.20.20:567][524]LogModuleManager: Shutting down and abandoning module LightPropagationVolumeRuntime (204)
[2017.03.15-09.20.20:567][524]LogModuleManager: Shutting down and abandoning module Paper2D (202)
[2017.03.15-09.20.20:567][524]LogModuleManager: Shutting down and abandoning module WindowsMoviePlayer (200)
[2017.03.15-09.20.20:567][524]LogModuleManager: Shutting down and abandoning module WmfMedia (198)
[2017.03.15-09.20.20:567][524]LogModuleManager: Shutting down and abandoning module MfMedia (196)
[2017.03.15-09.20.20:567][524]LogModuleManager: Shutting down and abandoning module MediaAssets (194)
[2017.03.15-09.20.20:567][524]LogModuleManager: Shutting down and abandoning module GameLiveStreaming (192)
[2017.03.15-09.20.20:567][524]LogModuleManager: Shutting down and abandoning module VREditor (190)
[2017.03.15-09.20.20:567][524]LogModuleManager: Shutting down and abandoning module GameplayTasksEditor (188)
[2017.03.15-09.20.20:567][524]LogModuleManager: Shutting down and abandoning module BehaviorTreeEditor (186)
[2017.03.15-09.20.20:567][524]LogModuleManager: Shutting down and abandoning module FunctionalTesting (184)
[2017.03.15-09.20.20:567][524]LogModuleManager: Shutting down and abandoning module CollisionAnalyzer (182)
[2017.03.15-09.20.20:567][524]LogModuleManager: Shutting down and abandoning module UMG (180)
[2017.03.15-09.20.20:567][524]LogModuleManager: Shutting down and abandoning module UMGEditor (179)
[2017.03.15-09.20.20:567][524]LogModuleManager: Shutting down and abandoning module Sequencer (178)
[2017.03.15-09.20.20:567][524]LogModuleManager: Shutting down and abandoning module AssetTools (176)
[2017.03.15-09.20.20:567][524]LogModuleManager: Shutting down and abandoning module MessageLog (175)
[2017.03.15-09.20.20:567][524]LogModuleManager: Shutting down and abandoning module WorkspaceMenuStructure (174)
[2017.03.15-09.20.20:567][524]LogModuleManager: Shutting down and abandoning module SlateReflector (168)
[2017.03.15-09.20.20:567][524]LogModuleManager: Shutting down and abandoning module Slate (166)
[2017.03.15-09.20.20:567][524]LogModuleManager: Shutting down and abandoning module EditorStyle (164)
[2017.03.15-09.20.20:571][524]LogModuleManager: Shutting down and abandoning module SourceCodeAccess (162)
[2017.03.15-09.20.20:571][524]LogModuleManager: Shutting down and abandoning module HeadMountedDisplay (160)
[2017.03.15-09.20.20:571][524]LogModuleManager: Shutting down and abandoning module XAudio2 (158)
[2017.03.15-09.20.20:571][524]LogModuleManager: Shutting down and abandoning module Networking (156)
[2017.03.15-09.20.20:571][524]LogModuleManager: Shutting down and abandoning module Core (152)
[2017.03.15-09.20.20:571][524]LogModuleManager: Shutting down and abandoning module AssetRegistry (150)
[2017.03.15-09.20.20:784][524]LogDirectoryWatcher: A directory notification for '../../../Engine/Content/' was aborted.
[2017.03.15-09.20.20:784][524]LogDirectoryWatcher: A directory notification for '../../../../../../Users/sh Kim/Documents/Unreal Projects/nonamed/Content/' was aborted.
[2017.03.15-09.20.20:784][524]LogDirectoryWatcher: A directory notification for '../../../Engine/Plugins/2D/Paper2D/Content/' was aborted.
[2017.03.15-09.20.20:784][524]LogModuleManager: Shutting down and abandoning module DirectoryWatcher (149)
[2017.03.15-09.20.20:785][524]LogModuleManager: Shutting down and abandoning module KismetCompiler (146)
[2017.03.15-09.20.20:785][524]LogModuleManager: Shutting down and abandoning module PhysXFormats (144)
[2017.03.15-09.20.20:785][524]LogModuleManager: Shutting down and abandoning module MeshUtilities (142)
[2017.03.15-09.20.20:785][524]LogModuleManager: Shutting down and abandoning module SimplygonSwarm (141)
[2017.03.15-09.20.20:785][524]LogModuleManager: Shutting down and abandoning module SimplygonMeshReduction (139)
[2017.03.15-09.20.20:785][524]LogModuleManager: Shutting down and abandoning module QuadricMeshReduction (137)
[2017.03.15-09.20.20:785][524]LogModuleManager: Shutting down and abandoning module PropertyEditor (135)
[2017.03.15-09.20.20:785][524]LogModuleManager: Shutting down and abandoning module DerivedDataCache (132)
[2017.03.15-09.20.20:885][524]LogDerivedDataCache: Shutdown
[2017.03.15-09.20.20:885][524]LogModuleManager: Shutting down and abandoning module TargetPlatform (130)
[2017.03.15-09.20.20:885][524]LogModuleManager: Shutting down and abandoning module VulkanShaderFormat (129)
[2017.03.15-09.20.20:885][524]LogModuleManager: Shutting down and abandoning module ShaderFormatOpenGL (127)
[2017.03.15-09.20.20:885][524]LogModuleManager: Shutting down and abandoning module ShaderFormatD3D (125)
[2017.03.15-09.20.20:885][524]LogModuleManager: Shutting down and abandoning module MetalShaderFormat (123)
[2017.03.15-09.20.20:885][524]LogModuleManager: Shutting down and abandoning module TextureFormatUncompressed (121)
[2017.03.15-09.20.20:885][524]LogModuleManager: Shutting down and abandoning module TextureFormatPVR (119)
[2017.03.15-09.20.20:885][524]LogModuleManager: Shutting down and abandoning module TextureFormatDXT (117)
[2017.03.15-09.20.20:885][524]LogModuleManager: Shutting down and abandoning module TextureFormatIntelISPCTexComp (115)
[2017.03.15-09.20.20:885][524]LogModuleManager: Shutting down and abandoning module TextureFormatASTC (113)
[2017.03.15-09.20.20:885][524]LogModuleManager: Shutting down and abandoning module ImageWrapper (112)
[2017.03.15-09.20.20:885][524]LogModuleManager: Shutting down and abandoning module TextureFormatAndroid (109)
[2017.03.15-09.20.20:885][524]LogModuleManager: Shutting down and abandoning module AudioFormatOpus (107)
[2017.03.15-09.20.20:885][524]LogModuleManager: Shutting down and abandoning module AudioFormatOgg (105)
[2017.03.15-09.20.20:885][524]LogModuleManager: Shutting down and abandoning module AudioFormatADPCM (103)
[2017.03.15-09.20.20:885][524]LogModuleManager: Shutting down and abandoning module LinuxTargetPlatform (101)
[2017.03.15-09.20.20:885][524]LogModuleManager: Shutting down and abandoning module LinuxServerTargetPlatform (99)
[2017.03.15-09.20.20:885][524]LogModuleManager: Shutting down and abandoning module LinuxNoEditorTargetPlatform (97)
[2017.03.15-09.20.20:885][524]LogModuleManager: Shutting down and abandoning module LinuxClientTargetPlatform (95)
[2017.03.15-09.20.20:885][524]LogModuleManager: Shutting down and abandoning module TVOSTargetPlatform (93)
[2017.03.15-09.20.20:885][524]LogModuleManager: Shutting down and abandoning module Messaging (91)
[2017.03.15-09.20.20:885][524]LogModuleManager: Shutting down and abandoning module IOSTargetPlatform (89)
[2017.03.15-09.20.20:885][524]LogModuleManager: Shutting down and abandoning module HTML5TargetPlatform (87)
[2017.03.15-09.20.20:885][524]LogModuleManager: Shutting down and abandoning module Android_PVRTCTargetPlatform (85)
[2017.03.15-09.20.20:885][524]LogModuleManager: Shutting down and abandoning module Android_MultiTargetPlatform (83)
[2017.03.15-09.20.20:885][524]LogModuleManager: Shutting down and abandoning module Android_ETC2TargetPlatform (81)
[2017.03.15-09.20.20:885][524]LogModuleManager: Shutting down and abandoning module Android_ETC1TargetPlatform (79)
[2017.03.15-09.20.20:885][524]LogModuleManager: Shutting down and abandoning module Android_DXTTargetPlatform (77)
[2017.03.15-09.20.20:885][524]LogModuleManager: Shutting down and abandoning module Android_ATCTargetPlatform (75)
[2017.03.15-09.20.20:885][524]LogModuleManager: Shutting down and abandoning module Android_ASTCTargetPlatform (73)
[2017.03.15-09.20.20:885][524]LogModuleManager: Shutting down and abandoning module AndroidTargetPlatform (71)
[2017.03.15-09.20.20:885][524]LogModuleManager: Shutting down and abandoning module WindowsTargetPlatform (69)
[2017.03.15-09.20.20:885][524]LogModuleManager: Shutting down and abandoning module WindowsServerTargetPlatform (67)
[2017.03.15-09.20.20:885][524]LogModuleManager: Shutting down and abandoning module WindowsNoEditorTargetPlatform (65)
[2017.03.15-09.20.20:885][524]LogModuleManager: Shutting down and abandoning module WindowsClientTargetPlatform (63)
[2017.03.15-09.20.20:885][524]LogModuleManager: Shutting down and abandoning module MacTargetPlatform (61)
[2017.03.15-09.20.20:885][524]LogModuleManager: Shutting down and abandoning module MacServerTargetPlatform (59)
[2017.03.15-09.20.20:885][524]LogModuleManager: Shutting down and abandoning module MacNoEditorTargetPlatform (57)
[2017.03.15-09.20.20:885][524]LogModuleManager: Shutting down and abandoning module MacClientTargetPlatform (55)
[2017.03.15-09.20.20:885][524]LogModuleManager: Shutting down and abandoning module AllDesktopTargetPlatform (53)
[2017.03.15-09.20.20:885][524]LogModuleManager: Shutting down and abandoning module InputCore (50)
[2017.03.15-09.20.20:886][524]LogModuleManager: Shutting down and abandoning module Settings (48)
[2017.03.15-09.20.20:886][524]LogModuleManager: Shutting down and abandoning module OculusRift (46)
[2017.03.15-09.20.20:886][524]LogModuleManager: Shutting down and abandoning module ExampleDeviceProfileSelector (44)
[2017.03.15-09.20.20:886][524]LogModuleManager: Shutting down and abandoning module OnlineBlueprintSupport (42)
[2017.03.15-09.20.20:886][524]LogModuleManager: Shutting down and abandoning module OnlineSubsystem (38)
[2017.03.15-09.20.20:886][524]LogOnline:Display: Unloading online subsystem: NULL
[2017.03.15-09.20.20:886][524]LogModuleManager: Shutting down and abandoning module XMPP (37)
[2017.03.15-09.20.20:886][524]LogModuleManager: Shutting down and abandoning module HTTP (35)
[2017.03.15-09.20.20:886][524]LogHttp:Display: Http module shutting down, but needs to wait on 1 outstanding Http requests:
[2017.03.15-09.20.20:886][524]LogHttp:Display: 	verb=[POST] url=[https://datarouter.ol.epicgames.com/datarouter/api/v1/public/data?SessionID=%7BEE94A01B-4F24-EA5F-53D9-788057719F2C%7D&AppID=UEEditor.Rocket.Release&AppVersion=4.15.0-3299760%2B%2B%2BUE4%2BRelease-4.15&UserID=f385f4e446bd6546e1fb2aa8ad4725e8%7C4567b9b9a7b64e6ea7261bdbeb346d2b%7C5929ceb2-a2ca-4ae8-8c3f-420c7735b528&AppEnvironment=datacollector-binary&UploadType=eteventstream] status=Processing
[2017.03.15-09.20.20:908][524]LogModuleManager: Shutting down and abandoning module SSL (34)
[2017.03.15-09.20.20:910][524]LogModuleManager: Shutting down and abandoning module AudioEditor (30)
[2017.03.15-09.20.20:910][524]LogModuleManager: Shutting down and abandoning module TextureCompressor (28)
[2017.03.15-09.20.20:910][524]LogModuleManager: Shutting down and abandoning module ShaderCore (26)
[2017.03.15-09.20.20:910][524]LogModuleManager: Shutting down and abandoning module Landscape (24)
[2017.03.15-09.20.20:910][524]LogModuleManager: Shutting down and abandoning module SlateRHIRenderer (22)
[2017.03.15-09.20.20:913][524]LogModuleManager: Shutting down and abandoning module OpenGLDrv (20)
[2017.03.15-09.20.20:913][524]LogModuleManager: Shutting down and abandoning module D3D11RHI (18)
[2017.03.15-09.20.20:913][524]LogModuleManager: Shutting down and abandoning module AnimGraphRuntime (16)
[2017.03.15-09.20.20:913][524]LogModuleManager: Shutting down and abandoning module Renderer (14)
[2017.03.15-09.20.20:913][524]LogModuleManager: Shutting down and abandoning module Engine (12)
[2017.03.15-09.20.20:913][524]LogModuleManager: Shutting down and abandoning module CoreUObject (10)
[2017.03.15-09.20.20:913][524]LogModuleManager: Shutting down and abandoning module NetworkFile (8)
[2017.03.15-09.20.20:913][524]LogModuleManager: Shutting down and abandoning module StreamingFile (6)
[2017.03.15-09.20.20:913][524]LogModuleManager: Shutting down and abandoning module SandboxFile (4)
[2017.03.15-09.20.20:913][524]LogModuleManager: Shutting down and abandoning module PakFile (2)
[2017.03.15-09.20.20:916][524]LogExit: Exiting.
[2017.03.15-09.20.20:918][524]Log file closed, 03/15/17 18:20:20
