Log file open, 03/18/17 18:57:51
LogInit:Display: Running engine for game: nonamed
LogPlatformFile: Not using cached read wrapper
LogInit:Display: RandInit(688207354) SRandInit(688207354).
LogTaskGraph: Started task graph with 5 named threads and 8 total threads with 1 sets of task threads.
LogStats: Stats thread started at 0.073395
LogInit: Using libcurl 7.47.1
LogInit:  - built for x86_64-pc-win32
LogInit:  - supports SSL with OpenSSL/1.0.2g
LogInit:  - supports HTTP deflate (compression) using libz 1.2.8
LogInit:  - other features:
LogInit:      CURL_VERSION_SSL
LogInit:      CURL_VERSION_LIBZ
LogInit:      CURL_VERSION_IPV6
LogInit:      CURL_VERSION_ASYNCHDNS
LogInit:      CURL_VERSION_LARGEFILE
LogInit:      CURL_VERSION_IDN
LogInit:  CurlRequestOptions (configurable via config and command line):
LogInit:  - bVerifyPeer = false  - Libcurl will NOT verify peer certificate
LogInit:  - bUseHttpProxy = false  - Libcurl will NOT use HTTP proxy
LogInit:  - bDontReuseConnections = false  - Libcurl will reuse connections
LogInit:  - CertBundlePath = nullptr  - Libcurl will use whatever was configured at build time.
LogInit: Build: ++UE4+Release-4.15-CL-3299760
LogInit: Engine Version: 4.15.0-3299760+++UE4+Release-4.15
LogInit: Compatible Engine Version: 4.15.0-3299760+++UE4+Release-4.15
LogInit: Net CL: 3299760
LogDevObjectVersion: Number of dev versions registered: 14
LogDevObjectVersion:   Dev-Blueprints (B0D832E4-1F89-4F0D-ACCF-7EB736FD4AA2): 8
LogDevObjectVersion:   Dev-Build (E1C64328-A22C-4D53-A36C-8E866417BD8C): 0
LogDevObjectVersion:   Dev-Core (375EC13C-06E4-48FB-B500-84F0262A717E): 2
LogDevObjectVersion:   Dev-Editor (E4B068ED-F494-42E9-A231-DA0B2E46BB41): 14
LogDevObjectVersion:   Dev-Framework (CFFC743F-43B0-4480-9391-14DF171D2073): 22
LogDevObjectVersion:   Dev-Mobile (B02B49B5-BB20-44E9-A304-32B752E40360): 0
LogDevObjectVersion:   Dev-Networking (A4E4105C-59A1-49B5-A7C5-40C4547EDFEE): 0
LogDevObjectVersion:   Dev-Online (39C831C9-5AE6-47DC-9A44-9C173E1C8E7C): 0
LogDevObjectVersion:   Dev-Physics (78F01B33-EBEA-4F98-B9B4-84EACCB95AA2): 0
LogDevObjectVersion:   Dev-Platform (6631380F-2D4D-43E0-8009-CF276956A95A): 0
LogDevObjectVersion:   Dev-Rendering (12F88B9F-8875-4AFC-A67C-D90C383ABD29): 12
LogDevObjectVersion:   Dev-Sequencer (7B5AE74C-D270-4C10-A958-57980B212A5A): 3
LogDevObjectVersion:   Dev-VR (D7296918-1DD6-4BDD-9DE2-64A83CC13884): 0
LogDevObjectVersion:   Dev-LoadTimes (C2A15278-BFE7-4AFE-6C17-90FF531DF755): 1
LogInit: Compiled (64-bit): Feb 14 2017 02:04:14
LogInit: Compiled with Visual C++: 19.00.23026.00
LogInit: Build Configuration: Development
LogInit: Branch Name: ++UE4+Release-4.15
LogInit: Command line:  
LogInit: Base directory: C:/Program Files/Epic Games/UE_4.15/Engine/Binaries/Win64/
LogInit: Installed Engine Build: 1
LogInit: Presizing for max 8388607 objects, including 0 objects not considered by GC, pre-allocating 0 bytes for permanent pool.
LogInit: Object subsystem initialized
[2017.03.18-09.57.51:957][  0]LogInit: Selected Device Profile: [Windows]
[2017.03.18-09.57.51:957][  0]LogInit: Applying CVar settings loaded from the selected device profile: [Windows]
[2017.03.18-09.57.51:967][  0]LogInit: Computer: DESKTOP-73DD3NB
[2017.03.18-09.57.51:967][  0]LogInit: User: shKim
[2017.03.18-09.57.51:967][  0]LogInit: CPU Page size=65536, Cores=4
[2017.03.18-09.57.51:967][  0]LogInit: High frequency timer resolution =3.328127 MHz
[2017.03.18-09.57.51:967][  0]LogMemory: Memory total: Physical=31.9GB (32GB approx)
[2017.03.18-09.57.51:967][  0]LogMemory: Platform Memory Stats for Windows
[2017.03.18-09.57.51:967][  0]LogMemory: Process Physical Memory: 263.93 MB used, 263.93 MB peak
[2017.03.18-09.57.51:967][  0]LogMemory: Process Virtual Memory: 262.42 MB used, 262.42 MB peak
[2017.03.18-09.57.51:967][  0]LogMemory: Physical Memory: 6328.73 MB used,  26301.98 MB free, 32630.71 MB total
[2017.03.18-09.57.51:967][  0]LogMemory: Virtual Memory: 643.05 MB used,  26301.98 MB free, 134217728.00 MB total
[2017.03.18-09.57.52:035][  0]LogInit: Overriding culture en with editor configuration.
[2017.03.18-09.57.52:590][  0]LogD3D11RHI: D3D11 adapters:
[2017.03.18-09.57.52:596][  0]LogD3D11RHI:    0. 'Intel(R) HD Graphics 630' (Feature Level 11_0)
[2017.03.18-09.57.52:596][  0]LogD3D11RHI:       128/0/16315 MB DedicatedVideo/DedicatedSystem/SharedSystem, Outputs:1, VendorId:0x8086
[2017.03.18-09.57.52:622][  0]LogD3D11RHI:    1. 'NVIDIA GeForce GTX 1070' (Feature Level 11_0)
[2017.03.18-09.57.52:622][  0]LogD3D11RHI:       8145/0/16315 MB DedicatedVideo/DedicatedSystem/SharedSystem, Outputs:1, VendorId:0x10de
[2017.03.18-09.57.52:623][  0]LogD3D11RHI:    2. 'Microsoft Basic Render Driver' (Feature Level 11_0)
[2017.03.18-09.57.52:623][  0]LogD3D11RHI:       0/0/16315 MB DedicatedVideo/DedicatedSystem/SharedSystem, Outputs:0, VendorId:0x1414
[2017.03.18-09.57.52:623][  0]LogD3D11RHI: Chosen D3D11 Adapter: 1
[2017.03.18-09.57.52:626][  0]LogD3D11RHI: Creating new Direct3DDevice
[2017.03.18-09.57.52:626][  0]LogD3D11RHI:     GPU DeviceId: 0x1b81 (for the marketing name, search the web for "GPU Device Id")
[2017.03.18-09.57.52:626][  0]LogWindows: EnumDisplayDevices:
[2017.03.18-09.57.52:626][  0]LogWindows:    0. 'Intel(R) HD Graphics 630' (P:1 D:1)
[2017.03.18-09.57.52:627][  0]LogWindows:    1. 'Intel(R) HD Graphics 630' (P:0 D:0)
[2017.03.18-09.57.52:627][  0]LogWindows:    2. 'Intel(R) HD Graphics 630' (P:0 D:0)
[2017.03.18-09.57.52:627][  0]LogWindows:    3. 'NVIDIA GeForce GTX 1070' (P:0 D:1)
[2017.03.18-09.57.52:627][  0]LogWindows:    4. 'NVIDIA GeForce GTX 1070' (P:0 D:0)
[2017.03.18-09.57.52:627][  0]LogWindows:    5. 'NVIDIA GeForce GTX 1070' (P:0 D:0)
[2017.03.18-09.57.52:627][  0]LogWindows:    6. 'NVIDIA GeForce GTX 1070' (P:0 D:0)
[2017.03.18-09.57.52:627][  0]LogWindows: DebugString: PrimaryIsNotTheChoosenAdapter PrimaryIsNotTheChoosenAdapter PrimaryIsNotTheChoosenAdapter FoundDriverCount:4 
[2017.03.18-09.57.52:627][  0]LogD3D11RHI:     Adapter Name: NVIDIA GeForce GTX 1070
[2017.03.18-09.57.52:627][  0]LogD3D11RHI:   Driver Version: 376.53 (internal:21.21.13.7653, unified:376.53)
[2017.03.18-09.57.52:627][  0]LogD3D11RHI:      Driver Date: 12-29-2016
[2017.03.18-09.57.52:627][  0]LogRHI: Texture pool is 1361 MB (70% of 1945 MB)
[2017.03.18-09.57.52:641][  0]LogD3D11RHI: Async texture creation enabled
[2017.03.18-09.57.52:650][  0]LogD3D11RHI: GPU Timing Frequency: 1000.000000 (Debug: 2 1)
[2017.03.18-09.57.52:700][  0]LogShaderCompilers: Guid format shader working directory is -26 characters bigger than the processId version (../../../../../../Users/sh Kim/Documents/GitHub/PrototypingBackup/nonamed/Intermediate/Shaders/WorkingDirectory/3632/).
[2017.03.18-09.57.52:700][  0]LogShaderCompilers: Cleaned the shader compiler working directory 'C:/Users/sh Kim/AppData/Local/Temp/UnrealShaderWorkingDir/110C263048A5EF617EC584A139C0530C/'.
[2017.03.18-09.57.52:700][  0]LogShaderCompilers:Display: Using Local Shader Compiler.
[2017.03.18-09.57.53:590][  0]LogTemp:Display: Loaded TP AllDesktopTargetPlatform
[2017.03.18-09.57.53:641][  0]LogTemp:Display: Loaded TP MacClientTargetPlatform
[2017.03.18-09.57.53:688][  0]LogTemp:Display: Loaded TP MacNoEditorTargetPlatform
[2017.03.18-09.57.53:738][  0]LogTemp:Display: Loaded TP MacServerTargetPlatform
[2017.03.18-09.57.53:789][  0]LogTemp:Display: Loaded TP MacTargetPlatform
[2017.03.18-09.57.53:843][  0]LogTemp:Display: Loaded TP WindowsClientTargetPlatform
[2017.03.18-09.57.53:891][  0]LogTemp:Display: Loaded TP WindowsNoEditorTargetPlatform
[2017.03.18-09.57.53:939][  0]LogTemp:Display: Loaded TP WindowsServerTargetPlatform
[2017.03.18-09.57.53:977][  0]LogTemp:Display: Loaded TP WindowsTargetPlatform
[2017.03.18-09.57.54:024][  0]LogTemp:Display: Loaded TP AndroidTargetPlatform
[2017.03.18-09.57.54:072][  0]LogTemp:Display: Loaded TP Android_ASTCTargetPlatform
[2017.03.18-09.57.54:121][  0]LogTemp:Display: Loaded TP Android_ATCTargetPlatform
[2017.03.18-09.57.54:170][  0]LogTemp:Display: Loaded TP Android_DXTTargetPlatform
[2017.03.18-09.57.54:217][  0]LogTemp:Display: Loaded TP Android_ETC1TargetPlatform
[2017.03.18-09.57.54:265][  0]LogTemp:Display: Loaded TP Android_ETC2TargetPlatform
[2017.03.18-09.57.54:358][  0]LogTemp:Display: Loaded TP Android_MultiTargetPlatform
[2017.03.18-09.57.54:358][  0]LogTemp:Display: Loaded TP Android_PVRTCTargetPlatform
[2017.03.18-09.57.54:390][  0]LogTemp:Display: Loaded TP HTML5TargetPlatform
[2017.03.18-09.57.54:478][  0]LogTemp:Display: Loaded TP IOSTargetPlatform
[2017.03.18-09.57.54:509][  0]LogTemp:Display: Loaded TP TVOSTargetPlatform
[2017.03.18-09.57.54:563][  0]LogTemp:Display: Loaded TP LinuxClientTargetPlatform
[2017.03.18-09.57.54:608][  0]LogTemp:Display: Loaded TP LinuxNoEditorTargetPlatform
[2017.03.18-09.57.54:656][  0]LogTemp:Display: Loaded TP LinuxServerTargetPlatform
[2017.03.18-09.57.54:704][  0]LogTemp:Display: Loaded TP LinuxTargetPlatform
[2017.03.18-09.57.54:704][  0]LogTargetPlatformManager:Display: Building Assets For Windows
[2017.03.18-09.57.55:078][  0]LogDerivedDataCache:Display: Max Cache Size: 512 MB
[2017.03.18-09.57.55:120][  0]LogDerivedDataCache: Loaded boot cache 0.04s 50MB C:/Users/sh Kim/AppData/Local/UnrealEngine/4.15/DerivedDataCache/Boot.ddc.
[2017.03.18-09.57.55:120][  0]LogDerivedDataCache:Display: Loaded Boot cache: C:/Users/sh Kim/AppData/Local/UnrealEngine/4.15/DerivedDataCache/Boot.ddc
[2017.03.18-09.57.55:120][  0]LogDerivedDataCache: FDerivedDataBackendGraph:  Pak pak cache file ../../../../../../Users/sh Kim/Documents/GitHub/PrototypingBackup/nonamed/DerivedDataCache/DDC.ddp not found, will not use a pak cache.
[2017.03.18-09.57.55:120][  0]LogDerivedDataCache: Unable to find inner node Pak for hierarchical cache Hierarchy.
[2017.03.18-09.57.55:120][  0]LogDerivedDataCache: FDerivedDataBackendGraph:  CompressedPak pak cache file ../../../../../../Users/sh Kim/Documents/GitHub/PrototypingBackup/nonamed/DerivedDataCache/Compressed.ddp not found, will not use a pak cache.
[2017.03.18-09.57.55:120][  0]LogDerivedDataCache: Unable to find inner node CompressedPak for hierarchical cache Hierarchy.
[2017.03.18-09.57.55:136][  0]LogDerivedDataCache:Display: Pak cache opened for reading ../../../Engine/DerivedDataCache/Compressed.ddp.
[2017.03.18-09.57.55:148][  0]LogDerivedDataCache: Using Local data cache path C:/Users/sh Kim/AppData/Local/UnrealEngine/Common/DerivedDataCache: Writable
[2017.03.18-09.57.55:155][  0]LogSlate: Using Freetype 2.6.0
[2017.03.18-09.57.55:156][  0]LogSlate: SlateFontCache - WITH_FREETYPE: 1, WITH_HARFBUZZ: 1
[2017.03.18-09.57.55:156][  0]LogSlate: SlateFontCache - WITH_FREETYPE: 1, WITH_HARFBUZZ: 1
[2017.03.18-09.57.55:412][  0]LogInit: Selected Device Profile: [Windows]
[2017.03.18-09.57.55:414][  0]LogContentStreaming: Texture pool size is 0.00 MB
[2017.03.18-09.57.55:599][  0]LogMeshUtilities: Using QuadricMeshReduction for automatic static mesh reduction
[2017.03.18-09.57.55:638][  0]LogSimplygon: Simplygon DLL not present - disabling.
[2017.03.18-09.57.55:680][  0]LogMeshUtilities: Using SimplygonSwarm for distributed automatic mesh merging
[2017.03.18-09.57.55:680][  0]LogMeshUtilities: No automatic skeletal mesh reduction module available
[2017.03.18-09.57.55:680][  0]LogMeshUtilities: No automatic mesh merging module available
[2017.03.18-09.57.56:153][  0]LogNetVersion: GetLocalNetworkVersion: CL: 3299760, ProjectName: nonamed, ProjectVersion: , EngineNetworkVersion: 2, GameNetworkVersion: 0, NetworkChecksum: 1112449053
[2017.03.18-09.57.56:196][  0]LogAssetRegistry: FAssetRegistry took 0.0224 seconds to start up
[2017.03.18-09.57.56:228][  0]LogPackageLocalizationCache: Processed 3 localized package path(s) for 1 prioritized culture(s) in 0.011870 seconds
[2017.03.18-09.57.56:232][  0]LogUObjectArray: 32475 objects as part of root set at end of initial load.
[2017.03.18-09.57.56:232][  0]LogUObjectAllocator: 7073360 out of 0 bytes used by permanent object pool.
[2017.03.18-09.57.56:232][  0]LogUObjectArray: CloseDisregardForGC: 0/0 objects in disregard for GC pool
[2017.03.18-09.57.56:286][  0]LogInit: WinSock: version 1.1 (2.2), MaxSocks=32767, MaxUdp=65467
[2017.03.18-09.57.57:691][  0]LogTcpMessaging: Initializing TcpMessaging bridge
[2017.03.18-09.57.57:726][  0]LogUdpMessaging: Initializing bridge on interface 0.0.0.0:0 to multicast group 230.0.0.1:6666.
[2017.03.18-09.57.58:125][  0]LogMaterial: Uniform references updated for custom material expression Custom.
[2017.03.18-09.57.58:453][  0]SourceControl: Info Source control is disabled
[2017.03.18-09.57.58:454][  0]SourceControl: Info Source control is disabled
[2017.03.18-09.57.58:493][  0]SourceControl: Info Source control is disabled
[2017.03.18-09.57.58:533][  0]SourceControl: Info Source control is disabled
[2017.03.18-09.57.59:601][  0]LogEngine: Initializing Engine...
[2017.03.18-09.57.59:601][  0]LogHMD: Failed to initialize OpenVR with code 110
[2017.03.18-09.57.59:802][  0]LogAIModule: Creating AISystem for world Untitled
[2017.03.18-09.57.59:811][  0]LogInit: XAudio2 using '스피커(Realtek High Definition Audio)' : 2 channels at 48 kHz using 32 bits per sample (channel mask 0x3)
[2017.03.18-09.57.59:835][  0]LogInit: FAudioDevice initialized.
[2017.03.18-09.57.59:857][  0]LogDerivedDataCache: Saved boot cache 0.02s 50MB C:/Users/sh Kim/AppData/Local/UnrealEngine/4.15/DerivedDataCache/Boot.ddc.
[2017.03.18-09.57.59:861][  0]LogInit: Texture streaming: Enabled
[2017.03.18-09.57.59:940][  0]LogEngineSessionManager: EngineSessionManager initialized
[2017.03.18-09.58.00:011][  0]LogInit: Transaction tracking system initialized
[2017.03.18-09.58.00:302][  0]BlueprintLog: New page: Editor Load
[2017.03.18-09.58.01:051][  0]LocalizationService: Info Localization service is disabled
[2017.03.18-09.58.01:646][  0]LogConsoleResponse:Display: 
[2017.03.18-09.58.01:768][  0]LogCook:Display: Max memory allowance for cook 16384mb min free memory 0mb
[2017.03.18-09.58.01:768][  0]LogCook:Display: Mobile HDR setting 1
[2017.03.18-09.58.02:687][  0]LogFileCache: Scanning file cache for directory 'C:/Users/sh Kim/Documents/GitHub/PrototypingBackup/nonamed/Content/' took 0.01s
[2017.03.18-09.58.02:727][  0]SourceControl: Info Source control is disabled
[2017.03.18-09.58.02:727][  0]Cmd: MAP LOAD FILE="../../../Engine/Content/Maps/Templates/Template_Default.umap" TEMPLATE=1 SHOWPROGRESS=1 FEATURELEVEL=3
[2017.03.18-09.58.02:727][  0]LightingResults: New page: Lighting Build
[2017.03.18-09.58.02:765][  0]MapCheck: New page: Map Check
[2017.03.18-09.58.02:765][  0]LightingResults: New page: Lighting Build
[2017.03.18-09.58.02:939][  0]LogAIModule: Creating AISystem for world Untitled_1
[2017.03.18-09.58.02:940][  0]LogActorComponent: RegisterComponentWithWorld: (/Temp/Untitled_1.Untitled_1:PersistentLevel.WorldSettings_1.StaticMeshComponent0) Trying to register component with IsPendingKill() == true. Aborting.
[2017.03.18-09.58.02:944][  0]LogEditorServer: Finished looking for orphan Actors (0.000 secs)
[2017.03.18-09.58.02:947][  0]Cmd: MAP CHECKDEP NOCLEARLOG
[2017.03.18-09.58.02:983][  0]MapCheck: Info Map check complete: 0 Error(s), 0 Warning(s), took 35.373ms to complete.
[2017.03.18-09.58.02:983][  0]LogFileHelpers: Loading map 'Template_Default' took 0.256
[2017.03.18-09.58.03:181][  0]LogCollectionManager: Loaded 0 collections in 0.002151 seconds
[2017.03.18-09.58.03:259][  0]LogFileCache: Scanning file cache for directory 'C:/Users/sh Kim/Documents/GitHub/PrototypingBackup/nonamed/Saved/Collections/' took 0.01s
[2017.03.18-09.58.03:259][  0]LogFileCache: Scanning file cache for directory 'C:/Users/sh Kim/Documents/GitHub/PrototypingBackup/nonamed/Content/Developers/shKim/Collections/' took 0.01s
[2017.03.18-09.58.03:259][  0]LogFileCache: Scanning file cache for directory 'C:/Users/sh Kim/Documents/GitHub/PrototypingBackup/nonamed/Content/Collections/' took 0.01s
[2017.03.18-09.58.03:259][  0]LogCollectionManager: Rebuilt the GUID cache for 0 collections in 0.000005 seconds
[2017.03.18-09.58.03:267][  0]LogContentBrowser: Native class hierarchy populated in 0.0079 seconds. Added 2244 classes and 450 folders.
[2017.03.18-09.58.03:271][  0]LogStats: UGameplayTagsManager::ConstructGameplayTagTree: Construct from data asset -  0.000 s
[2017.03.18-09.58.03:271][  0]LogStats: UGameplayTagsManager::ConstructGameplayTagTree: GameplayTagTreeChangedEvent.Broadcast -  0.000 s
[2017.03.18-09.58.03:328][  0]LogContentBrowser: Native class hierarchy updated for 'WidgetCarousel' in 0.0004 seconds. Added 0 classes and 0 folders.
[2017.03.18-09.58.03:357][  0]LogContentBrowser: Native class hierarchy updated for 'AddContentDialog' in 0.0004 seconds. Added 0 classes and 0 folders.
[2017.03.18-09.58.03:405][  0]LogContentBrowser: Native class hierarchy updated for 'SceneOutliner' in 0.0004 seconds. Added 1 classes and 2 folders.
[2017.03.18-09.58.03:501][  0]LogCrashTracker: Crashtracker disabled due to settings.
[2017.03.18-09.58.03:508][  0]LogUObjectGlobals:Warning: Failed to find object 'Class None.'
[2017.03.18-09.58.03:571][  0]LogContentBrowser: Native class hierarchy updated for 'HierarchicalLODOutliner' in 0.0005 seconds. Added 1 classes and 2 folders.
[2017.03.18-09.58.03:571][  0]LogLoad: (Engine Initialization) Total time: 13.26 seconds
[2017.03.18-09.58.03:571][  0]LogLoad: (Engine Initialization) Total Blueprint compile time: 0.08 seconds
[2017.03.18-09.58.03:571][  0]LogExternalProfiler: No external profilers were discovered.  External profiling features will not be available.
[2017.03.18-09.58.03:920][  0]LogOcInput: OculusInput pre-init called
[2017.03.18-09.58.03:949][  0]LogContentStreaming: Texture pool size now 1000 MB
[2017.03.18-09.58.03:950][  0]LogSlate: Took 0.000248 seconds to synchronously load lazily loaded font '../../../Engine/Content/Slate/Fonts/Roboto-Regular.ttf' (155K)
[2017.03.18-09.58.03:954][  0]LogSlate: Took 0.000253 seconds to synchronously load lazily loaded font '../../../Engine/Content/Slate/Fonts/Roboto-Bold.ttf' (160K)
[2017.03.18-09.58.03:960][  0]LogSlate: Took 0.000225 seconds to synchronously load lazily loaded font '../../../Engine/Content/Editor/Slate/Fonts/FontAwesome.ttf' (139K)
[2017.03.18-09.58.04:135][  0]LogRenderer: Reallocating scene render targets to support 1208x564 NumSamples 1 (Frame:2).
[2017.03.18-09.58.04:594][  2]LogAssetRegistry: Asset discovery search completed in 8.4212 seconds
[2017.03.18-09.58.04:595][  2]LogCollectionManager: Rebuilt the object cache for 0 collections in 0.000010 seconds (found 0 objects)
[2017.03.18-09.58.04:595][  2]LogCollectionManager: Fixed up redirectors for 0 collections in 0.000051 seconds (updated 0 objects)
[2017.03.18-09.58.08:596][ 14]LogSlate: Took 0.000476 seconds to synchronously load lazily loaded font '../../../Engine/Content/Slate/Fonts/Roboto-Light.ttf' (159K)
[2017.03.18-09.58.22:229][128]LogSlate: Took 0.000149 seconds to synchronously load lazily loaded font '../../../Engine/Content/Slate/Fonts/Roboto-Light.ttf' (159K)
[2017.03.18-09.58.22:616][128]LogBlueprint:Warning: [PlayerBP] 'NearestOverlap' variable not found. Base class was probably changed.
[2017.03.18-09.58.22:616][128]LogBlueprint:Warning: [PlayerBP] 'NearestOverlappingActor' variable not found. Base class was probably changed.
[2017.03.18-09.58.22:616][128]LogBlueprint:Warning: [PlayerBP] 'NearestOverlap' variable not found. Base class was probably changed.
[2017.03.18-09.58.22:617][128]LogBlueprint:Warning: [PlayerBP] 'NearestOverlap' variable not found. Base class was probably changed.
[2017.03.18-09.58.22:617][128]LogBlueprint:Warning: [PlayerBP] 'NearestOverlappingActor' variable not found. Base class was probably changed.
[2017.03.18-09.58.22:617][128]LogBlueprint:Warning: [PlayerBP] 'NearestOverlappingActor' variable not found. Base class was probably changed.
[2017.03.18-09.58.23:165][128]LogAIModule: Creating AISystem for world L_Battle_Stage
[2017.03.18-09.58.23:217][128]Cmd: MAP LOAD FILE="../../../../../../Users/sh Kim/Documents/GitHub/PrototypingBackup/nonamed/Content/L_Battle_Stage.umap" TEMPLATE=0 SHOWPROGRESS=1 FEATURELEVEL=3
[2017.03.18-09.58.23:217][128]LightingResults: New page: Lighting Build
[2017.03.18-09.58.23:218][128]LoadErrors: New page: Loading map: L_Battle_Stage.umap
[2017.03.18-09.58.23:219][128]MapCheck: New page: Map Check
[2017.03.18-09.58.23:219][128]LightingResults: New page: Lighting Build
[2017.03.18-09.58.23:317][128]LogEditorServer: Finished looking for orphan Actors (0.000 secs)
[2017.03.18-09.58.23:351][128]Cmd: MAP CHECKDEP NOCLEARLOG
[2017.03.18-09.58.23:392][128]MapCheck: Info Map check complete: 0 Error(s), 0 Warning(s), took 40.941ms to complete.
[2017.03.18-09.58.23:393][128]LogFileHelpers: Loading map 'L_Battle_Stage' took 0.178
[2017.03.18-09.58.24:860][223]LogClass:Warning: Enum '/Game/KY_MagicEffects02/DemoRoomData/Blueprints/BP_DemoDisplay_Enum.BP_DemoDisplay_Enum' was upgraded to use FText to store its display name data. Please re-save this asset to avoid issues with localization and determinstic cooking.
[2017.03.18-09.58.24:863][223]LogEnum:Warning: Enum name collision: 'BP_DemoDisplay_Enum::ROund' is in both '/Game/KY_MagicEffects03/DemoRoomData/Blueprints/BP_DemoDisplay_Enum.BP_DemoDisplay_Enum' and '/Game/KY_MagicEffects02/DemoRoomData/Blueprints/BP_DemoDisplay_Enum.BP_DemoDisplay_Enum'
[2017.03.18-09.58.24:863][223]LogEnum:Warning: Enum name collision: 'BP_DemoDisplay_Enum::SquareL' is in both '/Game/KY_MagicEffects03/DemoRoomData/Blueprints/BP_DemoDisplay_Enum.BP_DemoDisplay_Enum' and '/Game/KY_MagicEffects02/DemoRoomData/Blueprints/BP_DemoDisplay_Enum.BP_DemoDisplay_Enum'
[2017.03.18-09.58.24:863][223]LogEnum:Warning: Enum name collision: 'BP_DemoDisplay_Enum::RoomL' is in both '/Game/KY_MagicEffects03/DemoRoomData/Blueprints/BP_DemoDisplay_Enum.BP_DemoDisplay_Enum' and '/Game/KY_MagicEffects02/DemoRoomData/Blueprints/BP_DemoDisplay_Enum.BP_DemoDisplay_Enum'
[2017.03.18-09.58.24:863][223]LogEnum:Warning: Enum name collision: 'BP_DemoDisplay_Enum::DescriptionOnly' is in both '/Game/KY_MagicEffects03/DemoRoomData/Blueprints/BP_DemoDisplay_Enum.BP_DemoDisplay_Enum' and '/Game/KY_MagicEffects02/DemoRoomData/Blueprints/BP_DemoDisplay_Enum.BP_DemoDisplay_Enum'
[2017.03.18-09.58.24:863][223]LogEnum:Warning: Enum name collision: 'BP_DemoDisplay_Enum::NewEnumerator0' is in both '/Game/KY_MagicEffects03/DemoRoomData/Blueprints/BP_DemoDisplay_Enum.BP_DemoDisplay_Enum' and '/Game/KY_MagicEffects02/DemoRoomData/Blueprints/BP_DemoDisplay_Enum.BP_DemoDisplay_Enum'
[2017.03.18-09.58.24:863][223]LogEnum:Warning: Enum name collision: 'BP_DemoDisplay_Enum::BP_DemoDisplay_MAX' is in both '/Game/KY_MagicEffects03/DemoRoomData/Blueprints/BP_DemoDisplay_Enum.BP_DemoDisplay_Enum' and '/Game/KY_MagicEffects02/DemoRoomData/Blueprints/BP_DemoDisplay_Enum.BP_DemoDisplay_Enum'
[2017.03.18-09.58.24:863][223]LogEnum:Warning: Enum name collision: 'BP_DemoDisplay_Enum::ROund' is in both '/Game/KY_MagicEffects03/DemoRoomData/Blueprints/BP_DemoDisplay_Enum.BP_DemoDisplay_Enum' and '/Game/KY_MagicEffects02/DemoRoomData/Blueprints/BP_DemoDisplay_Enum.BP_DemoDisplay_Enum'
[2017.03.18-09.58.24:863][223]LogEnum:Warning: Enum name collision: 'BP_DemoDisplay_Enum::SquareL' is in both '/Game/KY_MagicEffects03/DemoRoomData/Blueprints/BP_DemoDisplay_Enum.BP_DemoDisplay_Enum' and '/Game/KY_MagicEffects02/DemoRoomData/Blueprints/BP_DemoDisplay_Enum.BP_DemoDisplay_Enum'
[2017.03.18-09.58.24:863][223]LogEnum:Warning: Enum name collision: 'BP_DemoDisplay_Enum::RoomL' is in both '/Game/KY_MagicEffects03/DemoRoomData/Blueprints/BP_DemoDisplay_Enum.BP_DemoDisplay_Enum' and '/Game/KY_MagicEffects02/DemoRoomData/Blueprints/BP_DemoDisplay_Enum.BP_DemoDisplay_Enum'
[2017.03.18-09.58.24:863][223]LogEnum:Warning: Enum name collision: 'BP_DemoDisplay_Enum::DescriptionOnly' is in both '/Game/KY_MagicEffects03/DemoRoomData/Blueprints/BP_DemoDisplay_Enum.BP_DemoDisplay_Enum' and '/Game/KY_MagicEffects02/DemoRoomData/Blueprints/BP_DemoDisplay_Enum.BP_DemoDisplay_Enum'
[2017.03.18-09.58.24:863][223]LogEnum:Warning: Enum name collision: 'BP_DemoDisplay_Enum::NewEnumerator0' is in both '/Game/KY_MagicEffects03/DemoRoomData/Blueprints/BP_DemoDisplay_Enum.BP_DemoDisplay_Enum' and '/Game/KY_MagicEffects02/DemoRoomData/Blueprints/BP_DemoDisplay_Enum.BP_DemoDisplay_Enum'
[2017.03.18-09.58.24:863][223]LogClass:Warning: Enum '/Game/KY_MagicEffects03/DemoRoomData/Blueprints/BP_DemoDisplay_Enum.BP_DemoDisplay_Enum' was upgraded to use FText to store its display name data. Please re-save this asset to avoid issues with localization and determinstic cooking.
[2017.03.18-09.58.24:865][223]LogEnum:Warning: Enum name collision: 'BP_DemoRoom_Enum::Standard' is in both '/Game/KY_MagicEffects03/DemoRoomData/Blueprints/BP_DemoRoom_Enum.BP_DemoRoom_Enum' and '/Game/KY_MagicEffects02/DemoRoomData/Blueprints/BP_DemoRoom_Enum.BP_DemoRoom_Enum'
[2017.03.18-09.58.24:865][223]LogEnum:Warning: Enum name collision: 'BP_DemoRoom_Enum::RoofwithHole' is in both '/Game/KY_MagicEffects03/DemoRoomData/Blueprints/BP_DemoRoom_Enum.BP_DemoRoom_Enum' and '/Game/KY_MagicEffects02/DemoRoomData/Blueprints/BP_DemoRoom_Enum.BP_DemoRoom_Enum'
[2017.03.18-09.58.24:865][223]LogEnum:Warning: Enum name collision: 'BP_DemoRoom_Enum::RoofOpen' is in both '/Game/KY_MagicEffects03/DemoRoomData/Blueprints/BP_DemoRoom_Enum.BP_DemoRoom_Enum' and '/Game/KY_MagicEffects02/DemoRoomData/Blueprints/BP_DemoRoom_Enum.BP_DemoRoom_Enum'
[2017.03.18-09.58.24:865][223]LogEnum:Warning: Enum name collision: 'BP_DemoRoom_Enum::BP_DemoRoom_MAX' is in both '/Game/KY_MagicEffects03/DemoRoomData/Blueprints/BP_DemoRoom_Enum.BP_DemoRoom_Enum' and '/Game/KY_MagicEffects02/DemoRoomData/Blueprints/BP_DemoRoom_Enum.BP_DemoRoom_Enum'
[2017.03.18-09.58.24:865][223]LogEnum:Warning: Enum name collision: 'BP_DemoRoom_Enum::Standard' is in both '/Game/KY_MagicEffects03/DemoRoomData/Blueprints/BP_DemoRoom_Enum.BP_DemoRoom_Enum' and '/Game/KY_MagicEffects02/DemoRoomData/Blueprints/BP_DemoRoom_Enum.BP_DemoRoom_Enum'
[2017.03.18-09.58.24:865][223]LogEnum:Warning: Enum name collision: 'BP_DemoRoom_Enum::RoofwithHole' is in both '/Game/KY_MagicEffects03/DemoRoomData/Blueprints/BP_DemoRoom_Enum.BP_DemoRoom_Enum' and '/Game/KY_MagicEffects02/DemoRoomData/Blueprints/BP_DemoRoom_Enum.BP_DemoRoom_Enum'
[2017.03.18-09.58.24:865][223]LogEnum:Warning: Enum name collision: 'BP_DemoRoom_Enum::RoofOpen' is in both '/Game/KY_MagicEffects03/DemoRoomData/Blueprints/BP_DemoRoom_Enum.BP_DemoRoom_Enum' and '/Game/KY_MagicEffects02/DemoRoomData/Blueprints/BP_DemoRoom_Enum.BP_DemoRoom_Enum'
[2017.03.18-09.58.24:947][223]LogContentBrowser: Native class hierarchy updated for 'BlueprintGraph' in 0.0010 seconds. Added 112 classes and 0 folders.
[2017.03.18-09.58.25:555][223]LogSlate: Took 0.000160 seconds to synchronously load lazily loaded font '../../../Engine/Content/Slate/Fonts/Roboto-Light.ttf' (159K)
[2017.03.18-09.58.25:556][223]LogSlate: Took 0.000150 seconds to synchronously load lazily loaded font '../../../Engine/Content/Editor/Slate/Fonts/Roboto-BoldCondensed.ttf' (158K)
[2017.03.18-09.58.32:377][765]LogSlate: Took 0.000137 seconds to synchronously load lazily loaded font '../../../Engine/Content/Editor/Slate/Fonts/Roboto-Italic.ttf' (157K)
[2017.03.18-09.58.38:773][421]Cmd: OBJ SAVEPACKAGE PACKAGE="/Game/Widget/W_OpponentDeploy" FILE="../../../../../../Users/sh Kim/Documents/GitHub/PrototypingBackup/nonamed/Content/Widget/W_OpponentDeploy.uasset" SILENT=true
[2017.03.18-09.58.38:816][421]LogSavePackage: Save=8.36ms
[2017.03.18-09.58.38:817][421]LogSavePackage: Moving '../../../../../../Users/sh Kim/Documents/GitHub/PrototypingBackup/nonamed/Saved/W_OpponentDeploy40A7770544131BA8EDAD038349988514.tmp' to '../../../../../../Users/sh Kim/Documents/GitHub/PrototypingBackup/nonamed/Content/Widget/W_OpponentDeploy.uasset'
[2017.03.18-09.58.38:819][421]LogSavePackage:Display: Finished SavePackage ../../../../../../Users/sh Kim/Documents/GitHub/PrototypingBackup/nonamed/Content/Widget/W_OpponentDeploy.uasset
[2017.03.18-09.58.41:068][656]LogTemp: Repeting last play command: Selected Viewport
[2017.03.18-09.58.41:099][656]LogBlueprintUserMessages: Early PlayInEditor Detection: Level '/Game/L_Battle_Stage.L_Battle_Stage:PersistentLevel' has LevelScriptBlueprint '/Game/L_Battle_Stage.L_Battle_Stage:PersistentLevel.L_Battle_Stage' with GeneratedClass '/Game/L_Battle_Stage.L_Battle_Stage_C' with ClassGeneratedBy '/Game/L_Battle_Stage.L_Battle_Stage:PersistentLevel.L_Battle_Stage'
[2017.03.18-09.58.41:100][656]BlueprintLog: New page: Pre-Play auto-recompile
[2017.03.18-09.58.41:100][656]LogPlayLevel: [PlayLevel] Compiling W_OpponentDeploy before play...
[2017.03.18-09.58.41:238][656]LogPlayLevel: PlayLevel: Blueprint regeneration took 138 ms (1 blueprints)
[2017.03.18-09.58.41:238][656]PIE: New page: PIE session: L_Battle_Stage (Mar 19, 2017, 3:58:41 AM)
[2017.03.18-09.58.41:238][656]LogPlayLevel: Creating play world package: /Game/UEDPIE_0_L_Battle_Stage
[2017.03.18-09.58.41:243][656]LogPlayLevel: PIE: StaticDuplicateObject took: (0.005341s)
[2017.03.18-09.58.41:244][656]LogAIModule: Creating AISystem for world L_Battle_Stage
[2017.03.18-09.58.41:244][656]LogPlayLevel: PIE: World Init took: (0.000762s)
[2017.03.18-09.58.41:244][656]LogPlayLevel: PIE: Created PIE world by copying editor world from /Game/L_Battle_Stage.L_Battle_Stage to /Game/UEDPIE_0_L_Battle_Stage.L_Battle_Stage (0.006376s)
[2017.03.18-09.58.41:261][656]LogInit: XAudio2 using '스피커(Realtek High Definition Audio)' : 2 channels at 48 kHz using 32 bits per sample (channel mask 0x3)
[2017.03.18-09.58.41:268][656]LogInit: FAudioDevice initialized.
[2017.03.18-09.58.41:318][656]LogLoad: Game class is 'MyGameMode_C'
[2017.03.18-09.58.41:325][656]LogWorld: Bringing World /Game/UEDPIE_0_L_Battle_Stage.L_Battle_Stage up for play (max tick rate 0) at 2017.03.18-18.58.41
[2017.03.18-09.58.41:325][656]LogWorld: Bringing up level for play took: 0.004600
[2017.03.18-09.58.41:384][656]LogContentBrowser: Native class hierarchy updated for 'MovieSceneCapture' in 0.0006 seconds. Added 11 classes and 0 folders.
[2017.03.18-09.58.41:387][656]PIE: Info Play in editor start time for /Game/UEDPIE_0_L_Battle_Stage 0.851
[2017.03.18-09.58.41:388][656]LogBlueprintUserMessages: Late PlayInEditor Detection: Level '/Game/L_Battle_Stage.L_Battle_Stage:PersistentLevel' has LevelScriptBlueprint '/Game/L_Battle_Stage.L_Battle_Stage:PersistentLevel.L_Battle_Stage' with GeneratedClass '/Game/L_Battle_Stage.L_Battle_Stage_C' with ClassGeneratedBy '/Game/L_Battle_Stage.L_Battle_Stage:PersistentLevel.L_Battle_Stage'
[2017.03.18-09.58.41:405][656]LogSlate: Took 0.002033 seconds to synchronously load lazily loaded font '../../../Engine/Content/Slate/Fonts/DroidSansFallback.ttf' (3848K)
[2017.03.18-09.58.44:747][  1]LogBlueprintUserMessages: Early EndPlayMap Detection: Level '/Game/L_Battle_Stage.L_Battle_Stage:PersistentLevel' has LevelScriptBlueprint '/Game/L_Battle_Stage.L_Battle_Stage:PersistentLevel.L_Battle_Stage' with GeneratedClass '/Game/L_Battle_Stage.L_Battle_Stage_C' with ClassGeneratedBy '/Game/L_Battle_Stage.L_Battle_Stage:PersistentLevel.L_Battle_Stage'
[2017.03.18-09.58.44:786][  1]LogBlueprintUserMessages: Late EndPlayMap Detection: Level '/Game/L_Battle_Stage.L_Battle_Stage:PersistentLevel' has LevelScriptBlueprint '/Game/L_Battle_Stage.L_Battle_Stage:PersistentLevel.L_Battle_Stage' with GeneratedClass '/Game/L_Battle_Stage.L_Battle_Stage_C' with ClassGeneratedBy '/Game/L_Battle_Stage.L_Battle_Stage:PersistentLevel.L_Battle_Stage'
[2017.03.18-09.58.45:752][100]LogEditorViewport: Clicking on Actor (LMB): U_Knight_C (O_U_Nights2)
[2017.03.18-09.58.58:071][113]LogSavePackage: Save=138.16ms
[2017.03.18-09.58.58:071][113]LogSavePackage: Moving '../../../../../../Users/sh Kim/Documents/GitHub/PrototypingBackup/nonamed/Saved/L_Battle_StageA4E608F84F72F805B6B09B834EB9C88B.tmp' to '../../../../../../Users/sh Kim/Documents/GitHub/PrototypingBackup/nonamed/Content/L_Battle_Stage.umap'
[2017.03.18-09.58.58:074][113]LogSavePackage:Display: Finished SavePackage ../../../../../../Users/sh Kim/Documents/GitHub/PrototypingBackup/nonamed/Content/L_Battle_Stage.umap
[2017.03.18-09.58.58:110][113]LogFileHelpers: Saving map 'L_Battle_Stage' took 0.272
[2017.03.18-09.59.05:486][780]LogEditorViewport: Clicking Background
[2017.03.18-09.59.06:605][877]LogSavePackage: Save=136.87ms
[2017.03.18-09.59.06:605][877]LogSavePackage: Moving '../../../../../../Users/sh Kim/Documents/GitHub/PrototypingBackup/nonamed/Saved/L_Battle_Stage16F41D2D419C85E2F3A8219E7161989F.tmp' to '../../../../../../Users/sh Kim/Documents/GitHub/PrototypingBackup/nonamed/Content/L_Battle_Stage.umap'
[2017.03.18-09.59.06:606][877]LogSavePackage:Display: Finished SavePackage ../../../../../../Users/sh Kim/Documents/GitHub/PrototypingBackup/nonamed/Content/L_Battle_Stage.umap
[2017.03.18-09.59.06:645][877]Cmd: OBJ SAVEPACKAGE PACKAGE="/Game/L_Battle_Stage_BuiltData" FILE="../../../../../../Users/sh Kim/Documents/GitHub/PrototypingBackup/nonamed/Content/L_Battle_Stage_BuiltData.uasset" SILENT=true
[2017.03.18-09.59.06:752][877]LogSavePackage: Save=66.82ms
[2017.03.18-09.59.06:752][877]LogSavePackage: Moving '../../../../../../Users/sh Kim/Documents/GitHub/PrototypingBackup/nonamed/Saved/L_Battle_Stage_BuiltData0D452ADC4C40B01C7F77F2B3C0A68C9A.tmp' to '../../../../../../Users/sh Kim/Documents/GitHub/PrototypingBackup/nonamed/Content/L_Battle_Stage_BuiltData.uasset'
[2017.03.18-09.59.06:753][877]LogSavePackage:Display: Finished SavePackage ../../../../../../Users/sh Kim/Documents/GitHub/PrototypingBackup/nonamed/Content/L_Battle_Stage_BuiltData.uasset
[2017.03.18-10.01.43:804][981]LogTemp: Repeting last play command: Selected Viewport
[2017.03.18-10.01.43:829][981]LogBlueprintUserMessages: Early PlayInEditor Detection: Level '/Game/L_Battle_Stage.L_Battle_Stage:PersistentLevel' has LevelScriptBlueprint '/Game/L_Battle_Stage.L_Battle_Stage:PersistentLevel.L_Battle_Stage' with GeneratedClass '/Game/L_Battle_Stage.L_Battle_Stage_C' with ClassGeneratedBy '/Game/L_Battle_Stage.L_Battle_Stage:PersistentLevel.L_Battle_Stage'
[2017.03.18-10.01.43:829][981]LogPlayLevel: PlayLevel: No blueprints needed recompiling
[2017.03.18-10.01.43:829][981]PIE: New page: PIE session: L_Battle_Stage (Mar 19, 2017, 4:01:43 AM)
[2017.03.18-10.01.43:830][981]LogPlayLevel: Creating play world package: /Game/UEDPIE_0_L_Battle_Stage
[2017.03.18-10.01.43:836][981]LogPlayLevel: PIE: StaticDuplicateObject took: (0.006606s)
[2017.03.18-10.01.43:837][981]LogAIModule: Creating AISystem for world L_Battle_Stage
[2017.03.18-10.01.43:837][981]LogPlayLevel: PIE: World Init took: (0.000781s)
[2017.03.18-10.01.43:837][981]LogPlayLevel: PIE: Created PIE world by copying editor world from /Game/L_Battle_Stage.L_Battle_Stage to /Game/UEDPIE_0_L_Battle_Stage.L_Battle_Stage (0.007620s)
[2017.03.18-10.01.43:855][981]LogInit: XAudio2 using '스피커(Realtek High Definition Audio)' : 2 channels at 48 kHz using 32 bits per sample (channel mask 0x3)
[2017.03.18-10.01.43:863][981]LogInit: FAudioDevice initialized.
[2017.03.18-10.01.43:891][981]LogLoad: Game class is 'MyGameMode_C'
[2017.03.18-10.01.43:894][981]LogWorld: Bringing World /Game/UEDPIE_0_L_Battle_Stage.L_Battle_Stage up for play (max tick rate 0) at 2017.03.18-19.01.43
[2017.03.18-10.01.43:894][981]LogWorld: Bringing up level for play took: 0.002163
[2017.03.18-10.01.43:897][981]PIE: Info Play in editor start time for /Game/UEDPIE_0_L_Battle_Stage -0.64
[2017.03.18-10.01.43:897][981]LogBlueprintUserMessages: Late PlayInEditor Detection: Level '/Game/L_Battle_Stage.L_Battle_Stage:PersistentLevel' has LevelScriptBlueprint '/Game/L_Battle_Stage.L_Battle_Stage:PersistentLevel.L_Battle_Stage' with GeneratedClass '/Game/L_Battle_Stage.L_Battle_Stage_C' with ClassGeneratedBy '/Game/L_Battle_Stage.L_Battle_Stage:PersistentLevel.L_Battle_Stage'
[2017.03.18-10.01.47:186][333]LogScript:Warning: Accessed None trying to read property CallFunc_Create_ReturnValue2
	PlayerBP_C /Game/UEDPIE_0_L_Battle_Stage.L_Battle_Stage:PersistentLevel.Player_Blueprint
	Function /Game/PlayerBP.PlayerBP_C:GoNextGameSteb:0283
[2017.03.18-10.01.47:186][333]LogScript:Warning: Accessed None trying to read property CallFunc_Create_ReturnValue3
	PlayerBP_C /Game/UEDPIE_0_L_Battle_Stage.L_Battle_Stage:PersistentLevel.Player_Blueprint
	Function /Game/PlayerBP.PlayerBP_C:GoNextGameSteb:02A8
[2017.03.18-10.01.47:186][333]LogScript:Warning: Accessed None trying to read property CallFunc_Create_ReturnValue4
	PlayerBP_C /Game/UEDPIE_0_L_Battle_Stage.L_Battle_Stage:PersistentLevel.Player_Blueprint
	Function /Game/PlayerBP.PlayerBP_C:GoNextGameSteb:02CD
[2017.03.18-10.01.47:186][333]LogScript:Warning: Accessed None trying to read property CallFunc_Create_ReturnValue5
	PlayerBP_C /Game/UEDPIE_0_L_Battle_Stage.L_Battle_Stage:PersistentLevel.Player_Blueprint
	Function /Game/PlayerBP.PlayerBP_C:GoNextGameSteb:02F2
[2017.03.18-10.01.47:187][333]LogScript:Warning: Accessed None trying to read property CallFunc_Create_ReturnValue6
	PlayerBP_C /Game/UEDPIE_0_L_Battle_Stage.L_Battle_Stage:PersistentLevel.Player_Blueprint
	Function /Game/PlayerBP.PlayerBP_C:GoNextGameSteb:0317
[2017.03.18-10.01.47:187][333]LogScript:Warning: Accessed None trying to read property CallFunc_Create_ReturnValue7
	PlayerBP_C /Game/UEDPIE_0_L_Battle_Stage.L_Battle_Stage:PersistentLevel.Player_Blueprint
	Function /Game/PlayerBP.PlayerBP_C:GoNextGameSteb:033C
[2017.03.18-10.01.47:187][333]LogScript:Warning: Accessed None trying to read property CallFunc_Create_ReturnValue8
	PlayerBP_C /Game/UEDPIE_0_L_Battle_Stage.L_Battle_Stage:PersistentLevel.Player_Blueprint
	Function /Game/PlayerBP.PlayerBP_C:GoNextGameSteb:0361
[2017.03.18-10.01.51:787][821]LogScript:Warning: Attempted to access Head via property K2Node_DynamicCast_AsStatic_Mesh_Component, but Head is pending kill
	U_Knight_C /Game/UEDPIE_0_L_Battle_Stage.L_Battle_Stage:PersistentLevel.O_U_Nights2
	Function /Game/Blueprint/Unit/Unit.Unit_C:SetMaterial:01B2
[2017.03.18-10.01.51:787][821]PIE:Error: Error Blueprint Runtime Error: Attempted to access Head via property K2Node_DynamicCast_AsStatic_Mesh_Component, but Head is pending kill from function: 'SetMaterial' from node: Set Material in graph: SetMaterial in object: Unit with description: Attempted to access Head via property K2Node_DynamicCast_AsStatic_Mesh_Component, but Head is pending kill
[2017.03.18-10.01.51:793][821]LogBlueprintUserMessages: [Player_Blueprint] Owner::NewEnumerator2 Damaged: 3 !
[2017.03.18-10.01.51:793][821]LogScript:Warning: Accessed None trying to read property CallFunc_Create_ReturnValue
	PlayerBP_C /Game/UEDPIE_0_L_Battle_Stage.L_Battle_Stage:PersistentLevel.Player_Blueprint
	Function /Game/PlayerBP.PlayerBP_C:GoNextGameSteb:025E
[2017.03.18-10.01.51:794][821]LogScript:Warning: Accessed None trying to read property CallFunc_Create_ReturnValue3
	PlayerBP_C /Game/UEDPIE_0_L_Battle_Stage.L_Battle_Stage:PersistentLevel.Player_Blueprint
	Function /Game/PlayerBP.PlayerBP_C:GoNextGameSteb:02A8
[2017.03.18-10.01.51:794][821]LogScript:Warning: Accessed None trying to read property CallFunc_Create_ReturnValue4
	PlayerBP_C /Game/UEDPIE_0_L_Battle_Stage.L_Battle_Stage:PersistentLevel.Player_Blueprint
	Function /Game/PlayerBP.PlayerBP_C:GoNextGameSteb:02CD
[2017.03.18-10.01.51:794][821]LogScript:Warning: Accessed None trying to read property CallFunc_Create_ReturnValue5
	PlayerBP_C /Game/UEDPIE_0_L_Battle_Stage.L_Battle_Stage:PersistentLevel.Player_Blueprint
	Function /Game/PlayerBP.PlayerBP_C:GoNextGameSteb:02F2
[2017.03.18-10.01.51:794][821]LogScript:Warning: Accessed None trying to read property CallFunc_Create_ReturnValue6
	PlayerBP_C /Game/UEDPIE_0_L_Battle_Stage.L_Battle_Stage:PersistentLevel.Player_Blueprint
	Function /Game/PlayerBP.PlayerBP_C:GoNextGameSteb:0317
[2017.03.18-10.01.51:794][821]LogScript:Warning: Accessed None trying to read property CallFunc_Create_ReturnValue7
	PlayerBP_C /Game/UEDPIE_0_L_Battle_Stage.L_Battle_Stage:PersistentLevel.Player_Blueprint
	Function /Game/PlayerBP.PlayerBP_C:GoNextGameSteb:033C
[2017.03.18-10.01.51:794][821]LogScript:Warning: Accessed None trying to read property CallFunc_Create_ReturnValue8
	PlayerBP_C /Game/UEDPIE_0_L_Battle_Stage.L_Battle_Stage:PersistentLevel.Player_Blueprint
	Function /Game/PlayerBP.PlayerBP_C:GoNextGameSteb:0361
[2017.03.18-10.01.53:790][ 39]LogBlueprintUserMessages: [W_BattleResult_C_0] 1
[2017.03.18-10.01.54:543][121]LogBlueprintUserMessages: [W_BattleResult_C_0] 1
[2017.03.18-10.01.55:294][203]LogBlueprintUserMessages: [W_BattleResult_C_0] 1
[2017.03.18-10.02.13:549][ 44]LogBlueprintUserMessages: Early EndPlayMap Detection: Level '/Game/L_Battle_Stage.L_Battle_Stage:PersistentLevel' has LevelScriptBlueprint '/Game/L_Battle_Stage.L_Battle_Stage:PersistentLevel.L_Battle_Stage' with GeneratedClass '/Game/L_Battle_Stage.L_Battle_Stage_C' with ClassGeneratedBy '/Game/L_Battle_Stage.L_Battle_Stage:PersistentLevel.L_Battle_Stage'
[2017.03.18-10.02.13:580][ 44]LogBlueprintUserMessages: Late EndPlayMap Detection: Level '/Game/L_Battle_Stage.L_Battle_Stage:PersistentLevel' has LevelScriptBlueprint '/Game/L_Battle_Stage.L_Battle_Stage:PersistentLevel.L_Battle_Stage' with GeneratedClass '/Game/L_Battle_Stage.L_Battle_Stage_C' with ClassGeneratedBy '/Game/L_Battle_Stage.L_Battle_Stage:PersistentLevel.L_Battle_Stage'
[2017.03.18-10.02.48:991][576]Cmd: OBJ SAVEPACKAGE PACKAGE="/Game/Widget/W_OpponentDeploy" FILE="../../../../../../Users/sh Kim/Documents/GitHub/PrototypingBackup/nonamed/Content/Widget/W_OpponentDeploy.uasset" SILENT=true
[2017.03.18-10.02.49:039][576]LogSavePackage: Save=9.02ms
[2017.03.18-10.02.49:039][576]LogSavePackage: Moving '../../../../../../Users/sh Kim/Documents/GitHub/PrototypingBackup/nonamed/Saved/W_OpponentDeploy18EDFF544FF245A6CAD5B089B3B9D54F.tmp' to '../../../../../../Users/sh Kim/Documents/GitHub/PrototypingBackup/nonamed/Content/Widget/W_OpponentDeploy.uasset'
[2017.03.18-10.02.49:042][576]LogSavePackage:Display: Finished SavePackage ../../../../../../Users/sh Kim/Documents/GitHub/PrototypingBackup/nonamed/Content/Widget/W_OpponentDeploy.uasset
[2017.03.18-10.02.49:044][576]Cmd: OBJ SAVEPACKAGE PACKAGE="/Game/Widget/W_OpponentSelection" FILE="../../../../../../Users/sh Kim/Documents/GitHub/PrototypingBackup/nonamed/Content/Widget/W_OpponentSelection.uasset" SILENT=true
[2017.03.18-10.02.49:091][576]LogSavePackage: Save=9.17ms
[2017.03.18-10.02.49:091][576]LogSavePackage: Moving '../../../../../../Users/sh Kim/Documents/GitHub/PrototypingBackup/nonamed/Saved/W_OpponentSelectionED73B613405D29CA4D771C99BC9A80A9.tmp' to '../../../../../../Users/sh Kim/Documents/GitHub/PrototypingBackup/nonamed/Content/Widget/W_OpponentSelection.uasset'
[2017.03.18-10.02.49:093][576]LogSavePackage:Display: Finished SavePackage ../../../../../../Users/sh Kim/Documents/GitHub/PrototypingBackup/nonamed/Content/Widget/W_OpponentSelection.uasset
