Log file open, 03/19/17 23:19:53
LogInit:Display: Running engine for game: nonamed
LogPlatformFile: Not using cached read wrapper
LogInit:Display: RandInit(1266959818) SRandInit(1266959818).
LogTaskGraph: Started task graph with 5 named threads and 8 total threads with 1 sets of task threads.
LogStats: Stats thread started at 0.072506
LogInit: Using libcurl 7.47.1
LogInit:  - built for x86_64-pc-win32
LogInit:  - supports SSL with OpenSSL/1.0.2g
LogInit:  - supports HTTP deflate (compression) using libz 1.2.8
LogInit:  - other features:
LogInit:      CURL_VERSION_SSL
LogInit:      CURL_VERSION_LIBZ
LogInit:      CURL_VERSION_IPV6
LogInit:      CURL_VERSION_ASYNCHDNS
LogInit:      CURL_VERSION_LARGEFILE
LogInit:      CURL_VERSION_IDN
LogInit:  CurlRequestOptions (configurable via config and command line):
LogInit:  - bVerifyPeer = false  - Libcurl will NOT verify peer certificate
LogInit:  - bUseHttpProxy = false  - Libcurl will NOT use HTTP proxy
LogInit:  - bDontReuseConnections = false  - Libcurl will reuse connections
LogInit:  - CertBundlePath = nullptr  - Libcurl will use whatever was configured at build time.
LogInit: Build: ++UE4+Release-4.15-CL-3299760
LogInit: Engine Version: 4.15.0-3299760+++UE4+Release-4.15
LogInit: Compatible Engine Version: 4.15.0-3299760+++UE4+Release-4.15
LogInit: Net CL: 3299760
LogDevObjectVersion: Number of dev versions registered: 14
LogDevObjectVersion:   Dev-Blueprints (B0D832E4-1F89-4F0D-ACCF-7EB736FD4AA2): 8
LogDevObjectVersion:   Dev-Build (E1C64328-A22C-4D53-A36C-8E866417BD8C): 0
LogDevObjectVersion:   Dev-Core (375EC13C-06E4-48FB-B500-84F0262A717E): 2
LogDevObjectVersion:   Dev-Editor (E4B068ED-F494-42E9-A231-DA0B2E46BB41): 14
LogDevObjectVersion:   Dev-Framework (CFFC743F-43B0-4480-9391-14DF171D2073): 22
LogDevObjectVersion:   Dev-Mobile (B02B49B5-BB20-44E9-A304-32B752E40360): 0
LogDevObjectVersion:   Dev-Networking (A4E4105C-59A1-49B5-A7C5-40C4547EDFEE): 0
LogDevObjectVersion:   Dev-Online (39C831C9-5AE6-47DC-9A44-9C173E1C8E7C): 0
LogDevObjectVersion:   Dev-Physics (78F01B33-EBEA-4F98-B9B4-84EACCB95AA2): 0
LogDevObjectVersion:   Dev-Platform (6631380F-2D4D-43E0-8009-CF276956A95A): 0
LogDevObjectVersion:   Dev-Rendering (12F88B9F-8875-4AFC-A67C-D90C383ABD29): 12
LogDevObjectVersion:   Dev-Sequencer (7B5AE74C-D270-4C10-A958-57980B212A5A): 3
LogDevObjectVersion:   Dev-VR (D7296918-1DD6-4BDD-9DE2-64A83CC13884): 0
LogDevObjectVersion:   Dev-LoadTimes (C2A15278-BFE7-4AFE-6C17-90FF531DF755): 1
LogInit: Compiled (64-bit): Feb 14 2017 02:04:14
LogInit: Compiled with Visual C++: 19.00.23026.00
LogInit: Build Configuration: Development
LogInit: Branch Name: ++UE4+Release-4.15
LogInit: Command line:  
LogInit: Base directory: C:/Program Files/Epic Games/UE_4.15/Engine/Binaries/Win64/
LogInit: Installed Engine Build: 1
LogInit: Presizing for max 8388607 objects, including 0 objects not considered by GC, pre-allocating 0 bytes for permanent pool.
LogInit: Object subsystem initialized
[2017.03.19-14.19.53:971][  0]LogInit: Selected Device Profile: [Windows]
[2017.03.19-14.19.53:971][  0]LogInit: Applying CVar settings loaded from the selected device profile: [Windows]
[2017.03.19-14.19.53:980][  0]LogInit: Computer: DESKTOP-73DD3NB
[2017.03.19-14.19.53:981][  0]LogInit: User: shKim
[2017.03.19-14.19.53:981][  0]LogInit: CPU Page size=65536, Cores=4
[2017.03.19-14.19.53:981][  0]LogInit: High frequency timer resolution =3.328127 MHz
[2017.03.19-14.19.53:981][  0]LogMemory: Memory total: Physical=31.9GB (32GB approx)
[2017.03.19-14.19.53:981][  0]LogMemory: Platform Memory Stats for Windows
[2017.03.19-14.19.53:981][  0]LogMemory: Process Physical Memory: 262.99 MB used, 262.99 MB peak
[2017.03.19-14.19.53:981][  0]LogMemory: Process Virtual Memory: 262.39 MB used, 262.39 MB peak
[2017.03.19-14.19.53:981][  0]LogMemory: Physical Memory: 7461.77 MB used,  25168.94 MB free, 32630.71 MB total
[2017.03.19-14.19.53:981][  0]LogMemory: Virtual Memory: 643.05 MB used,  25168.94 MB free, 134217728.00 MB total
[2017.03.19-14.19.54:047][  0]LogInit: Overriding culture en with editor configuration.
[2017.03.19-14.19.54:577][  0]LogD3D11RHI: D3D11 adapters:
[2017.03.19-14.19.54:583][  0]LogD3D11RHI:    0. 'Intel(R) HD Graphics 630' (Feature Level 11_0)
[2017.03.19-14.19.54:583][  0]LogD3D11RHI:       128/0/16315 MB DedicatedVideo/DedicatedSystem/SharedSystem, Outputs:1, VendorId:0x8086
[2017.03.19-14.19.54:607][  0]LogD3D11RHI:    1. 'NVIDIA GeForce GTX 1070' (Feature Level 11_0)
[2017.03.19-14.19.54:607][  0]LogD3D11RHI:       8145/0/16315 MB DedicatedVideo/DedicatedSystem/SharedSystem, Outputs:1, VendorId:0x10de
[2017.03.19-14.19.54:608][  0]LogD3D11RHI:    2. 'Microsoft Basic Render Driver' (Feature Level 11_0)
[2017.03.19-14.19.54:608][  0]LogD3D11RHI:       0/0/16315 MB DedicatedVideo/DedicatedSystem/SharedSystem, Outputs:0, VendorId:0x1414
[2017.03.19-14.19.54:608][  0]LogD3D11RHI: Chosen D3D11 Adapter: 1
[2017.03.19-14.19.54:611][  0]LogD3D11RHI: Creating new Direct3DDevice
[2017.03.19-14.19.54:611][  0]LogD3D11RHI:     GPU DeviceId: 0x1b81 (for the marketing name, search the web for "GPU Device Id")
[2017.03.19-14.19.54:611][  0]LogWindows: EnumDisplayDevices:
[2017.03.19-14.19.54:611][  0]LogWindows:    0. 'Intel(R) HD Graphics 630' (P:1 D:1)
[2017.03.19-14.19.54:611][  0]LogWindows:    1. 'Intel(R) HD Graphics 630' (P:0 D:0)
[2017.03.19-14.19.54:612][  0]LogWindows:    2. 'Intel(R) HD Graphics 630' (P:0 D:0)
[2017.03.19-14.19.54:612][  0]LogWindows:    3. 'NVIDIA GeForce GTX 1070' (P:0 D:1)
[2017.03.19-14.19.54:612][  0]LogWindows:    4. 'NVIDIA GeForce GTX 1070' (P:0 D:0)
[2017.03.19-14.19.54:612][  0]LogWindows:    5. 'NVIDIA GeForce GTX 1070' (P:0 D:0)
[2017.03.19-14.19.54:612][  0]LogWindows:    6. 'NVIDIA GeForce GTX 1070' (P:0 D:0)
[2017.03.19-14.19.54:612][  0]LogWindows: DebugString: PrimaryIsNotTheChoosenAdapter PrimaryIsNotTheChoosenAdapter PrimaryIsNotTheChoosenAdapter FoundDriverCount:4 
[2017.03.19-14.19.54:612][  0]LogD3D11RHI:     Adapter Name: NVIDIA GeForce GTX 1070
[2017.03.19-14.19.54:612][  0]LogD3D11RHI:   Driver Version: 376.53 (internal:21.21.13.7653, unified:376.53)
[2017.03.19-14.19.54:612][  0]LogD3D11RHI:      Driver Date: 12-29-2016
[2017.03.19-14.19.54:612][  0]LogRHI: Texture pool is 1361 MB (70% of 1945 MB)
[2017.03.19-14.19.54:623][  0]LogD3D11RHI: Async texture creation enabled
[2017.03.19-14.19.54:632][  0]LogD3D11RHI: GPU Timing Frequency: 1000.000000 (Debug: 2 1)
[2017.03.19-14.19.54:681][  0]LogShaderCompilers: Guid format shader working directory is -26 characters bigger than the processId version (../../../../../../Users/sh Kim/Documents/GitHub/PrototypingBackup/nonamed/Intermediate/Shaders/WorkingDirectory/7332/).
[2017.03.19-14.19.54:681][  0]LogShaderCompilers: Cleaned the shader compiler working directory 'C:/Users/sh Kim/AppData/Local/Temp/UnrealShaderWorkingDir/018D6E5C4C73B5DA36FDA999047969A2/'.
[2017.03.19-14.19.54:681][  0]LogShaderCompilers:Display: Using Local Shader Compiler.
[2017.03.19-14.19.55:555][  0]LogTemp:Display: Loaded TP AllDesktopTargetPlatform
[2017.03.19-14.19.55:602][  0]LogTemp:Display: Loaded TP MacClientTargetPlatform
[2017.03.19-14.19.55:651][  0]LogTemp:Display: Loaded TP MacNoEditorTargetPlatform
[2017.03.19-14.19.55:700][  0]LogTemp:Display: Loaded TP MacServerTargetPlatform
[2017.03.19-14.19.55:750][  0]LogTemp:Display: Loaded TP MacTargetPlatform
[2017.03.19-14.19.55:799][  0]LogTemp:Display: Loaded TP WindowsClientTargetPlatform
[2017.03.19-14.19.55:849][  0]LogTemp:Display: Loaded TP WindowsNoEditorTargetPlatform
[2017.03.19-14.19.55:898][  0]LogTemp:Display: Loaded TP WindowsServerTargetPlatform
[2017.03.19-14.19.55:938][  0]LogTemp:Display: Loaded TP WindowsTargetPlatform
[2017.03.19-14.19.55:986][  0]LogTemp:Display: Loaded TP AndroidTargetPlatform
[2017.03.19-14.19.56:034][  0]LogTemp:Display: Loaded TP Android_ASTCTargetPlatform
[2017.03.19-14.19.56:083][  0]LogTemp:Display: Loaded TP Android_ATCTargetPlatform
[2017.03.19-14.19.56:131][  0]LogTemp:Display: Loaded TP Android_DXTTargetPlatform
[2017.03.19-14.19.56:180][  0]LogTemp:Display: Loaded TP Android_ETC1TargetPlatform
[2017.03.19-14.19.56:228][  0]LogTemp:Display: Loaded TP Android_ETC2TargetPlatform
[2017.03.19-14.19.56:324][  0]LogTemp:Display: Loaded TP Android_MultiTargetPlatform
[2017.03.19-14.19.56:324][  0]LogTemp:Display: Loaded TP Android_PVRTCTargetPlatform
[2017.03.19-14.19.56:357][  0]LogTemp:Display: Loaded TP HTML5TargetPlatform
[2017.03.19-14.19.56:446][  0]LogTemp:Display: Loaded TP IOSTargetPlatform
[2017.03.19-14.19.56:478][  0]LogTemp:Display: Loaded TP TVOSTargetPlatform
[2017.03.19-14.19.56:526][  0]LogTemp:Display: Loaded TP LinuxClientTargetPlatform
[2017.03.19-14.19.56:573][  0]LogTemp:Display: Loaded TP LinuxNoEditorTargetPlatform
[2017.03.19-14.19.56:622][  0]LogTemp:Display: Loaded TP LinuxServerTargetPlatform
[2017.03.19-14.19.56:670][  0]LogTemp:Display: Loaded TP LinuxTargetPlatform
[2017.03.19-14.19.56:670][  0]LogTargetPlatformManager:Display: Building Assets For Windows
[2017.03.19-14.19.57:053][  0]LogDerivedDataCache:Display: Max Cache Size: 512 MB
[2017.03.19-14.19.57:097][  0]LogDerivedDataCache: Loaded boot cache 0.04s 50MB C:/Users/sh Kim/AppData/Local/UnrealEngine/4.15/DerivedDataCache/Boot.ddc.
[2017.03.19-14.19.57:097][  0]LogDerivedDataCache:Display: Loaded Boot cache: C:/Users/sh Kim/AppData/Local/UnrealEngine/4.15/DerivedDataCache/Boot.ddc
[2017.03.19-14.19.57:097][  0]LogDerivedDataCache: FDerivedDataBackendGraph:  Pak pak cache file ../../../../../../Users/sh Kim/Documents/GitHub/PrototypingBackup/nonamed/DerivedDataCache/DDC.ddp not found, will not use a pak cache.
[2017.03.19-14.19.57:097][  0]LogDerivedDataCache: Unable to find inner node Pak for hierarchical cache Hierarchy.
[2017.03.19-14.19.57:097][  0]LogDerivedDataCache: FDerivedDataBackendGraph:  CompressedPak pak cache file ../../../../../../Users/sh Kim/Documents/GitHub/PrototypingBackup/nonamed/DerivedDataCache/Compressed.ddp not found, will not use a pak cache.
[2017.03.19-14.19.57:097][  0]LogDerivedDataCache: Unable to find inner node CompressedPak for hierarchical cache Hierarchy.
[2017.03.19-14.19.57:113][  0]LogDerivedDataCache:Display: Pak cache opened for reading ../../../Engine/DerivedDataCache/Compressed.ddp.
[2017.03.19-14.19.57:125][  0]LogDerivedDataCache: Using Local data cache path C:/Users/sh Kim/AppData/Local/UnrealEngine/Common/DerivedDataCache: Writable
[2017.03.19-14.19.57:132][  0]LogSlate: Using Freetype 2.6.0
[2017.03.19-14.19.57:133][  0]LogSlate: SlateFontCache - WITH_FREETYPE: 1, WITH_HARFBUZZ: 1
[2017.03.19-14.19.57:133][  0]LogSlate: SlateFontCache - WITH_FREETYPE: 1, WITH_HARFBUZZ: 1
[2017.03.19-14.19.57:346][  0]LogInit: Selected Device Profile: [Windows]
[2017.03.19-14.19.57:348][  0]LogContentStreaming: Texture pool size is 0.00 MB
[2017.03.19-14.19.57:526][  0]LogMeshUtilities: Using QuadricMeshReduction for automatic static mesh reduction
[2017.03.19-14.19.57:563][  0]LogSimplygon: Simplygon DLL not present - disabling.
[2017.03.19-14.19.57:604][  0]LogMeshUtilities: Using SimplygonSwarm for distributed automatic mesh merging
[2017.03.19-14.19.57:604][  0]LogMeshUtilities: No automatic skeletal mesh reduction module available
[2017.03.19-14.19.57:604][  0]LogMeshUtilities: No automatic mesh merging module available
[2017.03.19-14.19.58:074][  0]LogNetVersion: GetLocalNetworkVersion: CL: 3299760, ProjectName: nonamed, ProjectVersion: , EngineNetworkVersion: 2, GameNetworkVersion: 0, NetworkChecksum: 1112449053
[2017.03.19-14.19.58:118][  0]LogAssetRegistry: FAssetRegistry took 0.0214 seconds to start up
[2017.03.19-14.19.58:148][  0]LogPackageLocalizationCache: Processed 3 localized package path(s) for 1 prioritized culture(s) in 0.010877 seconds
[2017.03.19-14.19.58:154][  0]LogUObjectArray: 32475 objects as part of root set at end of initial load.
[2017.03.19-14.19.58:154][  0]LogUObjectAllocator: 7073368 out of 0 bytes used by permanent object pool.
[2017.03.19-14.19.58:154][  0]LogUObjectArray: CloseDisregardForGC: 0/0 objects in disregard for GC pool
[2017.03.19-14.19.58:210][  0]LogInit: WinSock: version 1.1 (2.2), MaxSocks=32767, MaxUdp=65467
[2017.03.19-14.19.59:585][  0]LogTcpMessaging: Initializing TcpMessaging bridge
[2017.03.19-14.19.59:621][  0]LogUdpMessaging: Initializing bridge on interface 0.0.0.0:0 to multicast group 230.0.0.1:6666.
[2017.03.19-14.20.00:018][  0]LogMaterial: Uniform references updated for custom material expression Custom.
[2017.03.19-14.20.00:338][  0]SourceControl: Info Source control is disabled
[2017.03.19-14.20.00:339][  0]SourceControl: Info Source control is disabled
[2017.03.19-14.20.00:381][  0]SourceControl: Info Source control is disabled
[2017.03.19-14.20.00:417][  0]SourceControl: Info Source control is disabled
[2017.03.19-14.20.01:485][  0]LogEngine: Initializing Engine...
[2017.03.19-14.20.01:486][  0]LogHMD: Failed to initialize OpenVR with code 110
[2017.03.19-14.20.01:700][  0]LogAIModule: Creating AISystem for world Untitled
[2017.03.19-14.20.01:709][  0]LogInit: XAudio2 using '스피커(Realtek High Definition Audio)' : 2 channels at 48 kHz using 32 bits per sample (channel mask 0x3)
[2017.03.19-14.20.01:719][  0]LogInit: FAudioDevice initialized.
[2017.03.19-14.20.01:740][  0]LogDerivedDataCache: Saved boot cache 0.02s 50MB C:/Users/sh Kim/AppData/Local/UnrealEngine/4.15/DerivedDataCache/Boot.ddc.
[2017.03.19-14.20.01:745][  0]LogInit: Texture streaming: Enabled
[2017.03.19-14.20.01:824][  0]LogEngineSessionManager: EngineSessionManager initialized
[2017.03.19-14.20.01:895][  0]LogInit: Transaction tracking system initialized
[2017.03.19-14.20.02:182][  0]BlueprintLog: New page: Editor Load
[2017.03.19-14.20.02:904][  0]LocalizationService: Info Localization service is disabled
[2017.03.19-14.20.03:451][  0]LogConsoleResponse:Display: 
[2017.03.19-14.20.03:562][  0]LogCook:Display: Max memory allowance for cook 16384mb min free memory 0mb
[2017.03.19-14.20.03:562][  0]LogCook:Display: Mobile HDR setting 1
[2017.03.19-14.20.03:583][  0]LogFileCache: Scanning file cache for directory 'C:/Users/sh Kim/Documents/GitHub/PrototypingBackup/nonamed/Content/' took 0.01s
[2017.03.19-14.20.04:452][  0]SourceControl: Info Source control is disabled
[2017.03.19-14.20.04:452][  0]Cmd: MAP LOAD FILE="../../../Engine/Content/Maps/Templates/Template_Default.umap" TEMPLATE=1 SHOWPROGRESS=1 FEATURELEVEL=3
[2017.03.19-14.20.04:453][  0]LightingResults: New page: Lighting Build
[2017.03.19-14.20.04:495][  0]MapCheck: New page: Map Check
[2017.03.19-14.20.04:495][  0]LightingResults: New page: Lighting Build
[2017.03.19-14.20.04:666][  0]LogAIModule: Creating AISystem for world Untitled_1
[2017.03.19-14.20.04:666][  0]LogActorComponent: RegisterComponentWithWorld: (/Temp/Untitled_1.Untitled_1:PersistentLevel.WorldSettings_1.StaticMeshComponent0) Trying to register component with IsPendingKill() == true. Aborting.
[2017.03.19-14.20.04:670][  0]LogEditorServer: Finished looking for orphan Actors (0.000 secs)
[2017.03.19-14.20.04:673][  0]Cmd: MAP CHECKDEP NOCLEARLOG
[2017.03.19-14.20.04:707][  0]MapCheck: Info Map check complete: 0 Error(s), 0 Warning(s), took 33.727ms to complete.
[2017.03.19-14.20.04:707][  0]LogFileHelpers: Loading map 'Template_Default' took 0.255
[2017.03.19-14.20.04:779][  0]LogWindowsTextInputMethodSystem:Display: IME system now activated using TSF (Microsoft 입력기).
[2017.03.19-14.20.04:889][  0]LogCollectionManager: Loaded 0 collections in 0.001277 seconds
[2017.03.19-14.20.04:963][  0]LogFileCache: Scanning file cache for directory 'C:/Users/sh Kim/Documents/GitHub/PrototypingBackup/nonamed/Saved/Collections/' took 0.01s
[2017.03.19-14.20.04:963][  0]LogFileCache: Scanning file cache for directory 'C:/Users/sh Kim/Documents/GitHub/PrototypingBackup/nonamed/Content/Developers/shKim/Collections/' took 0.01s
[2017.03.19-14.20.04:963][  0]LogFileCache: Scanning file cache for directory 'C:/Users/sh Kim/Documents/GitHub/PrototypingBackup/nonamed/Content/Collections/' took 0.01s
[2017.03.19-14.20.04:963][  0]LogCollectionManager: Rebuilt the GUID cache for 0 collections in 0.000002 seconds
[2017.03.19-14.20.04:971][  0]LogContentBrowser: Native class hierarchy populated in 0.0078 seconds. Added 2244 classes and 450 folders.
[2017.03.19-14.20.04:975][  0]LogStats: UGameplayTagsManager::ConstructGameplayTagTree: Construct from data asset -  0.000 s
[2017.03.19-14.20.04:975][  0]LogStats: UGameplayTagsManager::ConstructGameplayTagTree: GameplayTagTreeChangedEvent.Broadcast -  0.000 s
[2017.03.19-14.20.05:029][  0]LogContentBrowser: Native class hierarchy updated for 'WidgetCarousel' in 0.0004 seconds. Added 0 classes and 0 folders.
[2017.03.19-14.20.05:059][  0]LogContentBrowser: Native class hierarchy updated for 'AddContentDialog' in 0.0004 seconds. Added 0 classes and 0 folders.
[2017.03.19-14.20.05:109][  0]LogContentBrowser: Native class hierarchy updated for 'SceneOutliner' in 0.0004 seconds. Added 1 classes and 2 folders.
[2017.03.19-14.20.05:206][  0]LogCrashTracker: Crashtracker disabled due to settings.
[2017.03.19-14.20.05:212][  0]LogUObjectGlobals:Warning: Failed to find object 'Class None.'
[2017.03.19-14.20.05:273][  0]LogContentBrowser: Native class hierarchy updated for 'HierarchicalLODOutliner' in 0.0006 seconds. Added 1 classes and 2 folders.
[2017.03.19-14.20.05:273][  0]LogLoad: (Engine Initialization) Total time: 12.85 seconds
[2017.03.19-14.20.05:273][  0]LogLoad: (Engine Initialization) Total Blueprint compile time: 0.08 seconds
[2017.03.19-14.20.05:273][  0]LogExternalProfiler: No external profilers were discovered.  External profiling features will not be available.
[2017.03.19-14.20.05:285][  0]LogOcInput: OculusInput pre-init called
[2017.03.19-14.20.05:306][  0]LogContentStreaming: Texture pool size now 1000 MB
[2017.03.19-14.20.05:307][  0]LogSlate: Took 0.000165 seconds to synchronously load lazily loaded font '../../../Engine/Content/Slate/Fonts/Roboto-Regular.ttf' (155K)
[2017.03.19-14.20.05:310][  0]LogSlate: Took 0.000219 seconds to synchronously load lazily loaded font '../../../Engine/Content/Slate/Fonts/Roboto-Bold.ttf' (160K)
[2017.03.19-14.20.05:314][  0]LogSlate: Took 0.000226 seconds to synchronously load lazily loaded font '../../../Engine/Content/Editor/Slate/Fonts/FontAwesome.ttf' (139K)
[2017.03.19-14.20.05:417][  0]LogSlate: Took 0.000148 seconds to synchronously load lazily loaded font '../../../Engine/Content/Slate/Fonts/Roboto-Light.ttf' (159K)
[2017.03.19-14.20.05:459][  0]LogRenderer: Reallocating scene render targets to support 1208x564 NumSamples 1 (Frame:2).
[2017.03.19-14.20.05:524][  1]LogAssetRegistry: Asset discovery search completed in 7.4271 seconds
[2017.03.19-14.20.05:524][  1]LogCollectionManager: Rebuilt the object cache for 0 collections in 0.000006 seconds (found 0 objects)
[2017.03.19-14.20.05:524][  1]LogCollectionManager: Fixed up redirectors for 0 collections in 0.000022 seconds (updated 0 objects)
[2017.03.19-14.20.06:310][ 84]LogSlate: Took 0.000186 seconds to synchronously load lazily loaded font '../../../Engine/Content/Slate/Fonts/Roboto-Light.ttf' (159K)
[2017.03.19-14.20.08:785][242]LogSlate: Took 0.000161 seconds to synchronously load lazily loaded font '../../../Engine/Content/Slate/Fonts/Roboto-Light.ttf' (159K)
[2017.03.19-14.20.08:818][242]LogAIModule: Creating AISystem for world NewWorld
[2017.03.19-14.20.08:833][242]Cmd: MAP LOAD FILE="../../../../../../Users/sh Kim/Documents/GitHub/PrototypingBackup/nonamed/Content/NewWorld.umap" TEMPLATE=0 SHOWPROGRESS=1 FEATURELEVEL=3
[2017.03.19-14.20.08:833][242]LightingResults: New page: Lighting Build
[2017.03.19-14.20.08:834][242]LoadErrors: New page: Loading map: NewWorld.umap
[2017.03.19-14.20.08:835][242]MapCheck: New page: Map Check
[2017.03.19-14.20.08:835][242]LightingResults: New page: Lighting Build
[2017.03.19-14.20.08:897][242]LogEditorServer: Finished looking for orphan Actors (0.000 secs)
[2017.03.19-14.20.08:932][242]Cmd: MAP CHECKDEP NOCLEARLOG
[2017.03.19-14.20.08:965][242]MapCheck: Info Map check complete: 0 Error(s), 0 Warning(s), took 33.019ms to complete.
[2017.03.19-14.20.08:965][242]LogFileHelpers: Loading map 'NewWorld' took 0.133
[2017.03.19-14.20.33:209][825]Cmd: MAP LOAD FILE="../../../../../../Users/sh Kim/Documents/GitHub/PrototypingBackup/nonamed/Content/NewWorld.umap" TEMPLATE=0 SHOWPROGRESS=1 FEATURELEVEL=3
[2017.03.19-14.20.33:209][825]LightingResults: New page: Lighting Build
[2017.03.19-14.20.33:210][825]LoadErrors: New page: Loading map: NewWorld.umap
[2017.03.19-14.20.33:211][825]MapCheck: New page: Map Check
[2017.03.19-14.20.33:211][825]LightingResults: New page: Lighting Build
[2017.03.19-14.20.33:222][825]LogAIModule: Creating AISystem for world NewWorld
[2017.03.19-14.20.33:278][825]LogEditorServer: Finished looking for orphan Actors (0.000 secs)
[2017.03.19-14.20.33:314][825]Cmd: MAP CHECKDEP NOCLEARLOG
[2017.03.19-14.20.33:347][825]MapCheck: Info Map check complete: 0 Error(s), 0 Warning(s), took 32.703ms to complete.
[2017.03.19-14.20.33:347][825]LogFileHelpers: Loading map 'NewWorld' took 0.140
[2017.03.19-14.20.35:358][903]LogBlueprint:Warning: [PlayerBP] 'NearestOverlappingActor' variable not found. Base class was probably changed.
[2017.03.19-14.20.35:358][903]LogBlueprint:Warning: [PlayerBP] 'NearestOverlap' variable not found. Base class was probably changed.
[2017.03.19-14.20.35:358][903]LogBlueprint:Warning: [PlayerBP] 'NearestOverlap' variable not found. Base class was probably changed.
[2017.03.19-14.20.35:358][903]LogBlueprint:Warning: [PlayerBP] 'NearestOverlap' variable not found. Base class was probably changed.
[2017.03.19-14.20.35:358][903]LogBlueprint:Warning: [PlayerBP] 'NearestOverlappingActor' variable not found. Base class was probably changed.
[2017.03.19-14.20.35:358][903]LogBlueprint:Warning: [PlayerBP] 'NearestOverlappingActor' variable not found. Base class was probably changed.
[2017.03.19-14.20.35:849][903]LogSlate: Took 0.000114 seconds to synchronously load lazily loaded font '../../../Engine/Content/Slate/Fonts/Roboto-Regular.ttf' (155K)
[2017.03.19-14.20.36:049][903]LogAIModule: Creating AISystem for world L_Battle_Stage
[2017.03.19-14.20.36:103][903]Cmd: MAP LOAD FILE="../../../../../../Users/sh Kim/Documents/GitHub/PrototypingBackup/nonamed/Content/L_Battle_Stage.umap" TEMPLATE=0 SHOWPROGRESS=1 FEATURELEVEL=3
[2017.03.19-14.20.36:103][903]LightingResults: New page: Lighting Build
[2017.03.19-14.20.36:105][903]LoadErrors: New page: Loading map: L_Battle_Stage.umap
[2017.03.19-14.20.36:105][903]MapCheck: New page: Map Check
[2017.03.19-14.20.36:105][903]LightingResults: New page: Lighting Build
[2017.03.19-14.20.36:262][903]LogEditorServer: Finished looking for orphan Actors (0.000 secs)
[2017.03.19-14.20.36:299][903]Cmd: MAP CHECKDEP NOCLEARLOG
[2017.03.19-14.20.36:344][903]MapCheck: Info Map check complete: 0 Error(s), 0 Warning(s), took 44.312ms to complete.
[2017.03.19-14.20.36:344][903]LogFileHelpers: Loading map 'L_Battle_Stage' took 0.241
[2017.03.19-14.20.36:985][947]LogTemp: Repeting last play command: Selected Viewport
[2017.03.19-14.20.37:004][947]LogBlueprintUserMessages: Early PlayInEditor Detection: Level '/Game/L_Battle_Stage.L_Battle_Stage:PersistentLevel' has LevelScriptBlueprint '/Game/L_Battle_Stage.L_Battle_Stage:PersistentLevel.L_Battle_Stage' with GeneratedClass '/Game/L_Battle_Stage.L_Battle_Stage_C' with ClassGeneratedBy '/Game/L_Battle_Stage.L_Battle_Stage:PersistentLevel.L_Battle_Stage'
[2017.03.19-14.20.37:004][947]LogPlayLevel: PlayLevel: No blueprints needed recompiling
[2017.03.19-14.20.37:005][947]PIE: New page: PIE session: L_Battle_Stage (Mar 20, 2017, 8:20:37 AM)
[2017.03.19-14.20.37:005][947]LogPlayLevel: Creating play world package: /Game/UEDPIE_0_L_Battle_Stage
[2017.03.19-14.20.37:011][947]LogPlayLevel: PIE: StaticDuplicateObject took: (0.006264s)
[2017.03.19-14.20.37:012][947]LogAIModule: Creating AISystem for world L_Battle_Stage
[2017.03.19-14.20.37:012][947]LogPlayLevel: PIE: World Init took: (0.000650s)
[2017.03.19-14.20.37:012][947]LogPlayLevel: PIE: Created PIE world by copying editor world from /Game/L_Battle_Stage.L_Battle_Stage to /Game/UEDPIE_0_L_Battle_Stage.L_Battle_Stage (0.007117s)
[2017.03.19-14.20.37:024][947]LogInit: XAudio2 using '스피커(Realtek High Definition Audio)' : 2 channels at 48 kHz using 32 bits per sample (channel mask 0x3)
[2017.03.19-14.20.37:031][947]LogInit: FAudioDevice initialized.
[2017.03.19-14.20.37:083][947]LogLoad: Game class is 'MyGameMode_C'
[2017.03.19-14.20.37:096][947]LogWorld: Bringing World /Game/UEDPIE_0_L_Battle_Stage.L_Battle_Stage up for play (max tick rate 0) at 2017.03.19-23.20.37
[2017.03.19-14.20.37:098][947]LogWorld: Bringing up level for play took: 0.010613
[2017.03.19-14.20.37:202][947]LogContentBrowser: Native class hierarchy updated for 'MovieSceneCapture' in 0.0010 seconds. Added 11 classes and 0 folders.
[2017.03.19-14.20.37:207][947]PIE: Info Play in editor start time for /Game/UEDPIE_0_L_Battle_Stage 0.413
[2017.03.19-14.20.37:208][947]LogBlueprintUserMessages: Late PlayInEditor Detection: Level '/Game/L_Battle_Stage.L_Battle_Stage:PersistentLevel' has LevelScriptBlueprint '/Game/L_Battle_Stage.L_Battle_Stage:PersistentLevel.L_Battle_Stage' with GeneratedClass '/Game/L_Battle_Stage.L_Battle_Stage_C' with ClassGeneratedBy '/Game/L_Battle_Stage.L_Battle_Stage:PersistentLevel.L_Battle_Stage'
[2017.03.19-14.20.37:247][947]LogSlate: Took 0.002820 seconds to synchronously load lazily loaded font '../../../Engine/Content/Slate/Fonts/DroidSansFallback.ttf' (3848K)
[2017.03.19-14.20.37:484][968]LogBlueprintUserMessages: [Enemy_Blueprint] Enemy Deploy Start
[2017.03.19-14.20.37:485][968]LogBlueprintUserMessages: [Enemy_Blueprint] Get Deployable Unit Fail.
[2017.03.19-14.20.37:485][968]LogBlueprintUserMessages: [Enemy_Blueprint] Enemy Deploy End
[2017.03.19-14.20.38:184][ 44]LogBlueprintUserMessages: Early EndPlayMap Detection: Level '/Game/L_Battle_Stage.L_Battle_Stage:PersistentLevel' has LevelScriptBlueprint '/Game/L_Battle_Stage.L_Battle_Stage:PersistentLevel.L_Battle_Stage' with GeneratedClass '/Game/L_Battle_Stage.L_Battle_Stage_C' with ClassGeneratedBy '/Game/L_Battle_Stage.L_Battle_Stage:PersistentLevel.L_Battle_Stage'
[2017.03.19-14.20.38:219][ 44]LogBlueprintUserMessages: Late EndPlayMap Detection: Level '/Game/L_Battle_Stage.L_Battle_Stage:PersistentLevel' has LevelScriptBlueprint '/Game/L_Battle_Stage.L_Battle_Stage:PersistentLevel.L_Battle_Stage' with GeneratedClass '/Game/L_Battle_Stage.L_Battle_Stage_C' with ClassGeneratedBy '/Game/L_Battle_Stage.L_Battle_Stage:PersistentLevel.L_Battle_Stage'
[2017.03.19-14.20.39:249][110]LogAIModule: Creating AISystem for world NewWorld
[2017.03.19-14.20.39:261][110]Cmd: MAP LOAD FILE="../../../../../../Users/sh Kim/Documents/GitHub/PrototypingBackup/nonamed/Content/NewWorld.umap" TEMPLATE=0 SHOWPROGRESS=1 FEATURELEVEL=3
[2017.03.19-14.20.39:261][110]LightingResults: New page: Lighting Build
[2017.03.19-14.20.39:263][110]LoadErrors: New page: Loading map: NewWorld.umap
[2017.03.19-14.20.39:264][110]MapCheck: New page: Map Check
[2017.03.19-14.20.39:264][110]LightingResults: New page: Lighting Build
[2017.03.19-14.20.39:356][110]LogEditorServer: Finished looking for orphan Actors (0.000 secs)
[2017.03.19-14.20.39:391][110]Cmd: MAP CHECKDEP NOCLEARLOG
[2017.03.19-14.20.39:434][110]MapCheck: Info Map check complete: 0 Error(s), 0 Warning(s), took 42.612ms to complete.
[2017.03.19-14.20.39:434][110]LogFileHelpers: Loading map 'NewWorld' took 0.174
[2017.03.19-14.20.40:259][196]LogTemp: Repeting last play command: Selected Viewport
[2017.03.19-14.20.40:278][196]LogPlayLevel: PlayLevel: No blueprints needed recompiling
[2017.03.19-14.20.40:278][196]PIE: New page: PIE session: NewWorld (Mar 20, 2017, 8:20:40 AM)
[2017.03.19-14.20.40:278][196]LogPlayLevel: Creating play world package: /Game/UEDPIE_0_NewWorld
[2017.03.19-14.20.40:279][196]LogPlayLevel: PIE: StaticDuplicateObject took: (0.000549s)
[2017.03.19-14.20.40:279][196]LogAIModule: Creating AISystem for world NewWorld
[2017.03.19-14.20.40:279][196]LogPlayLevel: PIE: World Init took: (0.000654s)
[2017.03.19-14.20.40:279][196]LogPlayLevel: PIE: Created PIE world by copying editor world from /Game/NewWorld.NewWorld to /Game/UEDPIE_0_NewWorld.NewWorld (0.001387s)
[2017.03.19-14.20.40:294][196]LogInit: XAudio2 using '스피커(Realtek High Definition Audio)' : 2 channels at 48 kHz using 32 bits per sample (channel mask 0x3)
[2017.03.19-14.20.40:301][196]LogInit: FAudioDevice initialized.
[2017.03.19-14.20.40:329][196]LogLoad: Game class is 'GameModeBase'
[2017.03.19-14.20.40:330][196]LogWorld: Bringing World /Game/UEDPIE_0_NewWorld.NewWorld up for play (max tick rate 0) at 2017.03.19-23.20.40
[2017.03.19-14.20.40:330][196]LogWorld: Bringing up level for play took: 0.000684
[2017.03.19-14.20.40:332][196]LogBlueprintUserMessages: [Actor_Blueprint] 0
[2017.03.19-14.20.40:332][196]LogBlueprintUserMessages: [Actor_Blueprint] 0
[2017.03.19-14.20.40:332][196]LogBlueprintUserMessages: [Actor_Blueprint] 0
[2017.03.19-14.20.40:332][196]LogBlueprintUserMessages: [Actor_Blueprint] 0
[2017.03.19-14.20.40:332][196]LogBlueprintUserMessages: [Actor_Blueprint] 0
[2017.03.19-14.20.40:332][196]PIE: Info Play in editor start time for /Game/UEDPIE_0_NewWorld -0.463
