Log file open, 03/24/17 14:04:23
LogInit:Display: Running engine for game: nonamed
LogPlatformFile: Not using cached read wrapper
LogInit:Display: RandInit(1563119980) SRandInit(1563119980).
LogTaskGraph: Started task graph with 5 named threads and 8 total threads with 1 sets of task threads.
LogStats: Stats thread started at 0.071380
LogInit: Using libcurl 7.47.1
LogInit:  - built for x86_64-pc-win32
LogInit:  - supports SSL with OpenSSL/1.0.2g
LogInit:  - supports HTTP deflate (compression) using libz 1.2.8
LogInit:  - other features:
LogInit:      CURL_VERSION_SSL
LogInit:      CURL_VERSION_LIBZ
LogInit:      CURL_VERSION_IPV6
LogInit:      CURL_VERSION_ASYNCHDNS
LogInit:      CURL_VERSION_LARGEFILE
LogInit:      CURL_VERSION_IDN
LogInit:  CurlRequestOptions (configurable via config and command line):
LogInit:  - bVerifyPeer = false  - Libcurl will NOT verify peer certificate
LogInit:  - bUseHttpProxy = false  - Libcurl will NOT use HTTP proxy
LogInit:  - bDontReuseConnections = false  - Libcurl will reuse connections
LogInit:  - CertBundlePath = nullptr  - Libcurl will use whatever was configured at build time.
OCULUS: Info: [CAPI] LibOVR module is located at C:\Program Files\Oculus\Support\oculus-runtime\LibOVRRT64_1.dll
OCULUS: Debug: Connected to the server running version (prod = 1).1.12.0(build = 347531) feature version = 0. Client runs version (prod = 1).1.12.0(build = 347531) feature version = 0
OCULUS: Debug: [HMDState] Using default profile default
OCULUS: Info: IAD changed to 65.0mm
OCULUS: Debug: [SharedMemory] Creating factory
LogHMD: GearVR: Emulating GearVR using Oculus Rift!
LogInit: Build: ++UE4+Release-4.15-CL-3348071
LogInit: Engine Version: 4.15.1-3348071+++UE4+Release-4.15
LogInit: Compatible Engine Version: 4.15.0-3299760+++UE4+Release-4.15
LogInit: Net CL: 3299760
LogDevObjectVersion: Number of dev versions registered: 14
LogDevObjectVersion:   Dev-Blueprints (B0D832E4-1F89-4F0D-ACCF-7EB736FD4AA2): 8
LogDevObjectVersion:   Dev-Build (E1C64328-A22C-4D53-A36C-8E866417BD8C): 0
LogDevObjectVersion:   Dev-Core (375EC13C-06E4-48FB-B500-84F0262A717E): 2
LogDevObjectVersion:   Dev-Editor (E4B068ED-F494-42E9-A231-DA0B2E46BB41): 14
LogDevObjectVersion:   Dev-Framework (CFFC743F-43B0-4480-9391-14DF171D2073): 22
LogDevObjectVersion:   Dev-Mobile (B02B49B5-BB20-44E9-A304-32B752E40360): 0
LogDevObjectVersion:   Dev-Networking (A4E4105C-59A1-49B5-A7C5-40C4547EDFEE): 0
LogDevObjectVersion:   Dev-Online (39C831C9-5AE6-47DC-9A44-9C173E1C8E7C): 0
LogDevObjectVersion:   Dev-Physics (78F01B33-EBEA-4F98-B9B4-84EACCB95AA2): 0
LogDevObjectVersion:   Dev-Platform (6631380F-2D4D-43E0-8009-CF276956A95A): 0
LogDevObjectVersion:   Dev-Rendering (12F88B9F-8875-4AFC-A67C-D90C383ABD29): 12
LogDevObjectVersion:   Dev-Sequencer (7B5AE74C-D270-4C10-A958-57980B212A5A): 3
LogDevObjectVersion:   Dev-VR (D7296918-1DD6-4BDD-9DE2-64A83CC13884): 0
LogDevObjectVersion:   Dev-LoadTimes (C2A15278-BFE7-4AFE-6C17-90FF531DF755): 1
LogInit: Compiled (64-bit): Mar 15 2017 16:52:47
LogInit: Compiled with Visual C++: 19.00.23026.00
LogInit: Build Configuration: Development
LogInit: Branch Name: ++UE4+Release-4.15
LogInit: Command line: -EpicPortal 
LogInit: Base directory: C:/Program Files/Epic Games/UE_4.15/Engine/Binaries/Win64/
LogInit: Installed Engine Build: 1
LogInit: Presizing for max 8388607 objects, including 0 objects not considered by GC, pre-allocating 0 bytes for permanent pool.
LogInit: Object subsystem initialized
[2017.03.24-05.04.24:749][  0]LogInit: Selected Device Profile: [Windows]
[2017.03.24-05.04.24:749][  0]LogInit: Applying CVar settings loaded from the selected device profile: [Windows]
[2017.03.24-05.04.24:761][  0]LogInit: Computer: DESKTOP-HM7CSNG
[2017.03.24-05.04.24:761][  0]LogInit: User: thtjd
[2017.03.24-05.04.24:761][  0]LogInit: CPU Page size=65536, Cores=4
[2017.03.24-05.04.24:761][  0]LogInit: High frequency timer resolution =3.328128 MHz
[2017.03.24-05.04.24:761][  0]LogMemory: Memory total: Physical=31.9GB (32GB approx)
[2017.03.24-05.04.24:761][  0]LogMemory: Platform Memory Stats for Windows
[2017.03.24-05.04.24:761][  0]LogMemory: Process Physical Memory: 269.27 MB used, 269.27 MB peak
[2017.03.24-05.04.24:761][  0]LogMemory: Process Virtual Memory: 265.46 MB used, 265.46 MB peak
[2017.03.24-05.04.24:761][  0]LogMemory: Physical Memory: 6738.82 MB used,  25963.89 MB free, 32702.71 MB total
[2017.03.24-05.04.24:761][  0]LogMemory: Virtual Memory: 680.35 MB used,  25963.89 MB free, 134217728.00 MB total
[2017.03.24-05.04.24:825][  0]LogInit: Overriding culture en with editor configuration.
[2017.03.24-05.04.25:421][  0]LogD3D11RHI: D3D11 adapters:
[2017.03.24-05.04.25:946][  0]LogD3D11RHI:    0. 'NVIDIA GeForce GTX 1070' (Feature Level 11_0)
[2017.03.24-05.04.25:946][  0]LogD3D11RHI:       8119/0/16351 MB DedicatedVideo/DedicatedSystem/SharedSystem, Outputs:2, VendorId:0x10de
[2017.03.24-05.04.25:947][  0]LogD3D11RHI:    1. 'Microsoft Basic Render Driver' (Feature Level 11_0)
[2017.03.24-05.04.25:947][  0]LogD3D11RHI:       0/0/16351 MB DedicatedVideo/DedicatedSystem/SharedSystem, Outputs:0, VendorId:0x1414
[2017.03.24-05.04.25:947][  0]LogD3D11RHI: Chosen D3D11 Adapter: 0
[2017.03.24-05.04.25:951][  0]LogD3D11RHI: Creating new Direct3DDevice
[2017.03.24-05.04.25:951][  0]LogD3D11RHI:     GPU DeviceId: 0x1b81 (for the marketing name, search the web for "GPU Device Id")
[2017.03.24-05.04.25:951][  0]LogWindows: EnumDisplayDevices:
[2017.03.24-05.04.25:951][  0]LogWindows:    0. 'NVIDIA GeForce GTX 1070' (P:0 D:1)
[2017.03.24-05.04.25:951][  0]LogWindows:    1. 'NVIDIA GeForce GTX 1070' (P:1 D:1)
[2017.03.24-05.04.25:951][  0]LogWindows:    2. 'NVIDIA GeForce GTX 1070' (P:0 D:0)
[2017.03.24-05.04.25:951][  0]LogWindows:    3. 'NVIDIA GeForce GTX 1070' (P:0 D:0)
[2017.03.24-05.04.25:952][  0]LogWindows: DebugString: FoundDriverCount:4 
[2017.03.24-05.04.25:952][  0]LogD3D11RHI:     Adapter Name: NVIDIA GeForce GTX 1070
[2017.03.24-05.04.25:952][  0]LogD3D11RHI:   Driver Version: 378.92 (internal:21.21.13.7892, unified:378.92)
[2017.03.24-05.04.25:952][  0]LogD3D11RHI:      Driver Date: 3-16-2017
[2017.03.24-05.04.25:952][  0]LogRHI: Texture pool is 1361 MB (70% of 1945 MB)
[2017.03.24-05.04.26:420][  0]LogD3D11RHI: Async texture creation enabled
[2017.03.24-05.04.26:445][  0]LogD3D11RHI: GPU Timing Frequency: 1000.000000 (Debug: 2 1)
[2017.03.24-05.04.26:535][  0]LogShaderCompilers: Guid format shader working directory is 1 characters bigger than the processId version (D:/UnrealProjects/PrototypingBackupp/nonamed/Intermediate/Shaders/WorkingDirectory/11040/).
[2017.03.24-05.04.26:535][  0]LogShaderCompilers: Cleaned the shader compiler working directory 'C:/Users/thtjd/AppData/Local/Temp/UnrealShaderWorkingDir/EB8087E34EE27834E15F2FADD3816718/'.
[2017.03.24-05.04.26:535][  0]LogShaderCompilers:Display: Using Local Shader Compiler.
[2017.03.24-05.04.27:415][  0]LogTemp:Display: Loaded TP AllDesktopTargetPlatform
[2017.03.24-05.04.27:460][  0]LogTemp:Display: Loaded TP MacClientTargetPlatform
[2017.03.24-05.04.27:506][  0]LogTemp:Display: Loaded TP MacNoEditorTargetPlatform
[2017.03.24-05.04.27:553][  0]LogTemp:Display: Loaded TP MacServerTargetPlatform
[2017.03.24-05.04.27:600][  0]LogTemp:Display: Loaded TP MacTargetPlatform
[2017.03.24-05.04.27:646][  0]LogTemp:Display: Loaded TP WindowsClientTargetPlatform
[2017.03.24-05.04.27:690][  0]LogTemp:Display: Loaded TP WindowsNoEditorTargetPlatform
[2017.03.24-05.04.27:735][  0]LogTemp:Display: Loaded TP WindowsServerTargetPlatform
[2017.03.24-05.04.27:771][  0]LogTemp:Display: Loaded TP WindowsTargetPlatform
[2017.03.24-05.04.27:819][  0]LogTemp:Display: Loaded TP AndroidTargetPlatform
[2017.03.24-05.04.27:864][  0]LogTemp:Display: Loaded TP Android_ASTCTargetPlatform
[2017.03.24-05.04.27:908][  0]LogTemp:Display: Loaded TP Android_ATCTargetPlatform
[2017.03.24-05.04.27:953][  0]LogTemp:Display: Loaded TP Android_DXTTargetPlatform
[2017.03.24-05.04.27:998][  0]LogTemp:Display: Loaded TP Android_ETC1TargetPlatform
[2017.03.24-05.04.28:042][  0]LogTemp:Display: Loaded TP Android_ETC2TargetPlatform
[2017.03.24-05.04.28:129][  0]LogTemp:Display: Loaded TP Android_MultiTargetPlatform
[2017.03.24-05.04.28:129][  0]LogTemp:Display: Loaded TP Android_PVRTCTargetPlatform
[2017.03.24-05.04.28:159][  0]LogTemp:Display: Loaded TP HTML5TargetPlatform
[2017.03.24-05.04.28:243][  0]LogTemp:Display: Loaded TP IOSTargetPlatform
[2017.03.24-05.04.28:272][  0]LogTemp:Display: Loaded TP TVOSTargetPlatform
[2017.03.24-05.04.28:317][  0]LogTemp:Display: Loaded TP LinuxClientTargetPlatform
[2017.03.24-05.04.28:360][  0]LogTemp:Display: Loaded TP LinuxNoEditorTargetPlatform
[2017.03.24-05.04.28:403][  0]LogTemp:Display: Loaded TP LinuxServerTargetPlatform
[2017.03.24-05.04.28:446][  0]LogTemp:Display: Loaded TP LinuxTargetPlatform
[2017.03.24-05.04.28:446][  0]LogTargetPlatformManager:Display: Building Assets For Windows
[2017.03.24-05.04.28:799][  0]LogDerivedDataCache:Display: Max Cache Size: 512 MB
[2017.03.24-05.04.28:839][  0]LogDerivedDataCache: Loaded boot cache 0.04s 50MB C:/Users/thtjd/AppData/Local/UnrealEngine/4.15/DerivedDataCache/Boot.ddc.
[2017.03.24-05.04.28:839][  0]LogDerivedDataCache:Display: Loaded Boot cache: C:/Users/thtjd/AppData/Local/UnrealEngine/4.15/DerivedDataCache/Boot.ddc
[2017.03.24-05.04.28:839][  0]LogDerivedDataCache: FDerivedDataBackendGraph:  Pak pak cache file D:/UnrealProjects/PrototypingBackupp/nonamed/DerivedDataCache/DDC.ddp not found, will not use a pak cache.
[2017.03.24-05.04.28:839][  0]LogDerivedDataCache: Unable to find inner node Pak for hierarchical cache Hierarchy.
[2017.03.24-05.04.28:839][  0]LogDerivedDataCache: FDerivedDataBackendGraph:  CompressedPak pak cache file D:/UnrealProjects/PrototypingBackupp/nonamed/DerivedDataCache/Compressed.ddp not found, will not use a pak cache.
[2017.03.24-05.04.28:839][  0]LogDerivedDataCache: Unable to find inner node CompressedPak for hierarchical cache Hierarchy.
[2017.03.24-05.04.28:854][  0]LogDerivedDataCache:Display: Pak cache opened for reading ../../../Engine/DerivedDataCache/Compressed.ddp.
[2017.03.24-05.04.28:866][  0]LogDerivedDataCache: Using Local data cache path C:/Users/thtjd/AppData/Local/UnrealEngine/Common/DerivedDataCache: Writable
[2017.03.24-05.04.28:875][  0]LogSlate: Using Freetype 2.6.0
[2017.03.24-05.04.28:875][  0]LogSlate: SlateFontCache - WITH_FREETYPE: 1, WITH_HARFBUZZ: 1
[2017.03.24-05.04.28:875][  0]LogSlate: SlateFontCache - WITH_FREETYPE: 1, WITH_HARFBUZZ: 1
[2017.03.24-05.04.29:085][  0]LogInit: Selected Device Profile: [Windows]
[2017.03.24-05.04.29:087][  0]LogContentStreaming: Texture pool size is 0.00 MB
[2017.03.24-05.04.29:254][  0]LogMeshUtilities: Using QuadricMeshReduction for automatic static mesh reduction
[2017.03.24-05.04.29:287][  0]LogSimplygon: Simplygon DLL not present - disabling.
[2017.03.24-05.04.29:323][  0]LogMeshUtilities: Using SimplygonSwarm for distributed automatic mesh merging
[2017.03.24-05.04.29:323][  0]LogMeshUtilities: No automatic skeletal mesh reduction module available
[2017.03.24-05.04.29:323][  0]LogMeshUtilities: No automatic mesh merging module available
[2017.03.24-05.04.29:810][  0]LogNetVersion: GetLocalNetworkVersion: CL: 3299760, ProjectName: nonamed, ProjectVersion: , EngineNetworkVersion: 2, GameNetworkVersion: 0, NetworkChecksum: 1112449053
[2017.03.24-05.04.29:851][  0]LogAssetRegistry: FAssetRegistry took 0.0213 seconds to start up
[2017.03.24-05.04.29:887][  0]LogPackageLocalizationCache: Processed 3 localized package path(s) for 1 prioritized culture(s) in 0.016170 seconds
[2017.03.24-05.04.29:892][  0]LogUObjectArray: 32493 objects as part of root set at end of initial load.
[2017.03.24-05.04.29:892][  0]LogUObjectAllocator: 7077032 out of 0 bytes used by permanent object pool.
[2017.03.24-05.04.29:892][  0]LogUObjectArray: CloseDisregardForGC: 0/0 objects in disregard for GC pool
[2017.03.24-05.04.29:942][  0]LogInit: WinSock: version 1.1 (2.2), MaxSocks=32767, MaxUdp=65467
[2017.03.24-05.04.31:221][  0]LogTcpMessaging: Initializing TcpMessaging bridge
[2017.03.24-05.04.31:254][  0]LogUdpMessaging: Initializing bridge on interface 0.0.0.0:0 to multicast group 230.0.0.1:6666.
[2017.03.24-05.04.31:624][  0]LogMaterial: Uniform references updated for custom material expression Custom.
[2017.03.24-05.04.31:934][  0]SourceControl: Info Source control is disabled
[2017.03.24-05.04.31:935][  0]SourceControl: Info Source control is disabled
[2017.03.24-05.04.31:971][  0]SourceControl: Info Source control is disabled
[2017.03.24-05.04.32:007][  0]SourceControl: Info Source control is disabled
[2017.03.24-05.04.33:051][  0]LogEngine: Initializing Engine...
[2017.03.24-05.04.33:051][  0]LogHMD: Oculus plugin initialized. Version: 4.15.1-3348071+++UE4+Release-4.15, LibOVR: 1.12.0, SDK: 1.10.0, built Mar 15 2017, 16:59:09
[2017.03.24-05.04.33:150][  0]OCULUS: Debug: [HMDState] Using default profile default
[2017.03.24-05.04.33:150][  0]OCULUS: Info: IAD changed to 65.0mm
[2017.03.24-05.04.33:250][  0]LogAIModule: Creating AISystem for world Untitled
[2017.03.24-05.04.33:264][  0]LogInit: XAudio2 using '헤드폰(Rift Audio)' : 2 channels at 48 kHz using 16 bits per sample (channel mask 0x3)
[2017.03.24-05.04.33:272][  0]LogInit: FAudioDevice initialized.
[2017.03.24-05.04.33:293][  0]LogDerivedDataCache: Saved boot cache 0.02s 50MB C:/Users/thtjd/AppData/Local/UnrealEngine/4.15/DerivedDataCache/Boot.ddc.
[2017.03.24-05.04.33:298][  0]LogInit: Texture streaming: Enabled
[2017.03.24-05.04.33:374][  0]LogEngineSessionManager: EngineSessionManager initialized
[2017.03.24-05.04.33:444][  0]LogInit: Transaction tracking system initialized
[2017.03.24-05.04.33:724][  0]BlueprintLog: New page: Editor Load
[2017.03.24-05.04.34:469][  0]LocalizationService: Info Localization service is disabled
[2017.03.24-05.04.35:056][  0]LogConsoleResponse:Display: 
[2017.03.24-05.04.35:199][  0]LogCook:Display: Max memory allowance for cook 16384mb min free memory 0mb
[2017.03.24-05.04.35:199][  0]LogCook:Display: Mobile HDR setting 1
[2017.03.24-05.04.35:421][  0]LogFileCache: Scanning file cache for directory 'D:/UnrealProjects/PrototypingBackupp/nonamed/Content/' took 0.02s
[2017.03.24-05.04.36:062][  0]SourceControl: Info Source control is disabled
[2017.03.24-05.04.36:062][  0]Cmd: MAP LOAD FILE="../../../Engine/Content/Maps/Templates/Template_Default.umap" TEMPLATE=1 SHOWPROGRESS=1 FEATURELEVEL=3
[2017.03.24-05.04.36:063][  0]LightingResults: New page: Lighting Build
[2017.03.24-05.04.36:098][  0]MapCheck: New page: Map Check
[2017.03.24-05.04.36:098][  0]LightingResults: New page: Lighting Build
[2017.03.24-05.04.36:278][  0]LogAIModule: Creating AISystem for world Untitled_1
[2017.03.24-05.04.36:294][  0]LogActorComponent: RegisterComponentWithWorld: (/Temp/Untitled_1.Untitled_1:PersistentLevel.WorldSettings_1.StaticMeshComponent0) Trying to register component with IsPendingKill() == true. Aborting.
[2017.03.24-05.04.36:297][  0]LogEditorServer: Finished looking for orphan Actors (0.000 secs)
[2017.03.24-05.04.36:300][  0]Cmd: MAP CHECKDEP NOCLEARLOG
[2017.03.24-05.04.36:330][  0]MapCheck: Info Map check complete: 0 Error(s), 0 Warning(s), took 30.273ms to complete.
[2017.03.24-05.04.36:330][  0]LogFileHelpers: Loading map 'Template_Default' took 0.268
[2017.03.24-05.04.36:412][  0]LogWindowsTextInputMethodSystem:Display: IME system now activated using TSF (Microsoft 입력기).
[2017.03.24-05.04.36:558][  0]LogCollectionManager: Loaded 0 collections in 0.001255 seconds
[2017.03.24-05.04.36:652][  0]LogFileCache: Scanning file cache for directory 'D:/UnrealProjects/PrototypingBackupp/nonamed/Saved/Collections/' took 0.01s
[2017.03.24-05.04.36:652][  0]LogFileCache: Scanning file cache for directory 'D:/UnrealProjects/PrototypingBackupp/nonamed/Content/Developers/thtjd/Collections/' took 0.01s
[2017.03.24-05.04.36:652][  0]LogFileCache: Scanning file cache for directory 'D:/UnrealProjects/PrototypingBackupp/nonamed/Content/Collections/' took 0.01s
[2017.03.24-05.04.36:652][  0]LogCollectionManager: Rebuilt the GUID cache for 0 collections in 0.000001 seconds
[2017.03.24-05.04.36:661][  0]LogContentBrowser: Native class hierarchy populated in 0.0078 seconds. Added 2245 classes and 453 folders.
[2017.03.24-05.04.36:668][  0]LogStats: UGameplayTagsManager::ConstructGameplayTagTree: Construct from data asset -  0.000 s
[2017.03.24-05.04.36:668][  0]LogStats: UGameplayTagsManager::ConstructGameplayTagTree: GameplayTagTreeChangedEvent.Broadcast -  0.000 s
[2017.03.24-05.04.36:722][  0]LogContentBrowser: Native class hierarchy updated for 'WidgetCarousel' in 0.0004 seconds. Added 0 classes and 0 folders.
[2017.03.24-05.04.37:018][  0]LogContentBrowser: Native class hierarchy updated for 'AddContentDialog' in 0.0005 seconds. Added 0 classes and 0 folders.
[2017.03.24-05.04.37:080][  0]LogContentBrowser: Native class hierarchy updated for 'SceneOutliner' in 0.0004 seconds. Added 1 classes and 2 folders.
[2017.03.24-05.04.37:153][  0]LogCrashTracker: Crashtracker disabled due to settings.
[2017.03.24-05.04.37:162][  0]LogUObjectGlobals:Warning: Failed to find object 'Class None.'
[2017.03.24-05.04.37:223][  0]LogContentBrowser: Native class hierarchy updated for 'HierarchicalLODOutliner' in 0.0004 seconds. Added 1 classes and 2 folders.
[2017.03.24-05.04.37:223][  0]LogLoad: (Engine Initialization) Total time: 14.59 seconds
[2017.03.24-05.04.37:223][  0]LogLoad: (Engine Initialization) Total Blueprint compile time: 0.08 seconds
[2017.03.24-05.04.37:223][  0]LogExternalProfiler: Found external profiler: VSPerf
[2017.03.24-05.04.37:223][  0]LogExternalProfiler: Using external profiler: VSPerf
[2017.03.24-05.04.37:234][  0]LogOcInput: OculusInput pre-init called
[2017.03.24-05.04.37:246][  0]LogOcInput: OculusInput is initialized. Init status 0. Runtime version: 1.12.0
[2017.03.24-05.04.37:267][  0]LogContentStreaming: Texture pool size now 1000 MB
[2017.03.24-05.04.37:268][  0]LogSlate: Took 0.000255 seconds to synchronously load lazily loaded font '../../../Engine/Content/Slate/Fonts/Roboto-Regular.ttf' (155K)
[2017.03.24-05.04.37:271][  0]LogSlate: Took 0.000202 seconds to synchronously load lazily loaded font '../../../Engine/Content/Slate/Fonts/Roboto-Bold.ttf' (160K)
[2017.03.24-05.04.37:282][  0]LogSlate: Took 0.004308 seconds to synchronously load lazily loaded font '../../../Engine/Content/Editor/Slate/Fonts/FontAwesome.ttf' (139K)
[2017.03.24-05.04.37:482][  0]LogRenderer: Reallocating scene render targets to support 1208x576 NumSamples 1 (Frame:2).
[2017.03.24-05.04.37:554][  1]LogAssetRegistry: Asset discovery search completed in 7.7241 seconds
[2017.03.24-05.04.37:554][  1]LogCollectionManager: Rebuilt the object cache for 0 collections in 0.000004 seconds (found 0 objects)
[2017.03.24-05.04.37:554][  1]LogCollectionManager: Fixed up redirectors for 0 collections in 0.000021 seconds (updated 0 objects)
[2017.03.24-05.04.38:262][ 80]LogSlate: Took 0.003536 seconds to synchronously load lazily loaded font '../../../Engine/Content/Slate/Fonts/Roboto-Light.ttf' (159K)
[2017.03.24-05.04.41:480][462]LogSlate: Took 0.000119 seconds to synchronously load lazily loaded font '../../../Engine/Content/Slate/Fonts/Roboto-Light.ttf' (159K)
[2017.03.24-05.05.07:983][518]LogSlate: Took 0.000122 seconds to synchronously load lazily loaded font '../../../Engine/Content/Slate/Fonts/Roboto-Light.ttf' (159K)
[2017.03.24-05.05.08:279][518]LogLinker:Warning: Can't find file '/Engine/EditorSounds/GamePreview/S_BasicAttackSound'
[2017.03.24-05.05.08:280][518]LogLinker:Warning: Can't find file for asset '/Engine/EditorSounds/GamePreview/S_BasicAttackSound' while loading D:/UnrealProjects/PrototypingBackupp/nonamed/Content/Widget/W_BattleResult.uasset.
[2017.03.24-05.05.08:280][518]LoadErrors:Error: Error /Game/Widget/W_BattleResult : Can't find file for asset. /Engine/EditorSounds/GamePreview/S_BasicAttackSound
[2017.03.24-05.05.08:460][518]LogLinker:Warning: Can't find file '/Engine/EditorSounds/GamePreview/S_BasicAttackSound'
[2017.03.24-05.05.08:461][518]LogLinker:Warning: Can't find file for asset '/Engine/EditorSounds/GamePreview/S_BasicAttackSound' while loading D:/UnrealProjects/PrototypingBackupp/nonamed/Content/Widget/W_BattleResult.uasset.
[2017.03.24-05.05.08:510][518]LogLinker:Warning: Can't find file '/Engine/EditorSounds/GamePreview/S_BasicAttackSound'
[2017.03.24-05.05.08:510][518]LogLinker:Warning: Can't find file for asset '/Engine/EditorSounds/GamePreview/S_BasicAttackSound' while loading D:/UnrealProjects/PrototypingBackupp/nonamed/Content/Battle_Zone_Blueprint.uasset.
[2017.03.24-05.05.08:510][518]LoadErrors:Error: Error /Game/Battle_Zone_Blueprint : Can't find file for asset. /Engine/EditorSounds/GamePreview/S_BasicAttackSound
[2017.03.24-05.05.08:510][518]LogLinker:Warning: Can't find file '/Engine/EditorSounds/GamePreview/S_BasicAttackSound'
[2017.03.24-05.05.08:510][518]LogLinker:Warning: Can't find file for asset '/Engine/EditorSounds/GamePreview/S_BasicAttackSound' while loading D:/UnrealProjects/PrototypingBackupp/nonamed/Content/Battle_Zone_Blueprint.uasset.
[2017.03.24-05.05.08:511][518]LogLinker:Warning: Can't find file '/Engine/EditorSounds/GamePreview/S_BasicAttackSound'
[2017.03.24-05.05.08:511][518]LoadErrors: Info Failed to load /Engine/EditorSounds/GamePreview/S_BasicAttackSound.S_BasicAttackSound Referenced by K2Node_CallFunction_154
[2017.03.24-05.05.08:511][518]LogLinker:Warning: Can't find file for asset '/Engine/EditorSounds/GamePreview/S_BasicAttackSound' while loading D:/UnrealProjects/PrototypingBackupp/nonamed/Content/Battle_Zone_Blueprint.uasset.
[2017.03.24-05.05.08:787][518]LogLinker:Warning: Can't find file '/Engine/EditorSounds/GamePreview/S_BasicAttackSound'
[2017.03.24-05.05.08:788][518]LogLinker:Warning: Can't find file for asset '/Engine/EditorSounds/GamePreview/S_BasicAttackSound' while loading D:/UnrealProjects/PrototypingBackupp/nonamed/Content/Blueprint/Projectile/Pr_Arrow_Blueprint.uasset.
[2017.03.24-05.05.08:788][518]LoadErrors:Error: Error /Game/Blueprint/Projectile/Pr_Arrow_Blueprint : Can't find file for asset. /Engine/EditorSounds/GamePreview/S_BasicAttackSound
[2017.03.24-05.05.08:879][518]LogLinker:Warning: Can't find file '/Engine/EditorSounds/GamePreview/S_BasicAttackSound'
[2017.03.24-05.05.08:879][518]LogLinker:Warning: Can't find file for asset '/Engine/EditorSounds/GamePreview/S_BasicAttackSound' while loading D:/UnrealProjects/PrototypingBackupp/nonamed/Content/Blueprint/Projectile/Pr_Arrow_Blueprint.uasset.
[2017.03.24-05.05.08:881][518]LogLinker:Warning: Can't find file '/Engine/EditorSounds/GamePreview/S_BasicAttackSound'
[2017.03.24-05.05.08:881][518]LogLinker:Warning: Can't find file for asset '/Engine/EditorSounds/GamePreview/S_BasicAttackSound' while loading D:/UnrealProjects/PrototypingBackupp/nonamed/Content/Blueprint/Unit/U_MiniArcher.uasset.
[2017.03.24-05.05.08:881][518]LoadErrors:Error: Error /Game/Blueprint/Unit/U_MiniArcher : Can't find file for asset. /Engine/EditorSounds/GamePreview/S_BasicAttackSound
[2017.03.24-05.05.08:881][518]LogLinker:Warning: Can't find file '/Engine/EditorSounds/GamePreview/S_BasicAttackSound'
[2017.03.24-05.05.08:881][518]LogLinker:Warning: Can't find file for asset '/Engine/EditorSounds/GamePreview/S_BasicAttackSound' while loading D:/UnrealProjects/PrototypingBackupp/nonamed/Content/Blueprint/Unit/U_MiniArcher.uasset.
[2017.03.24-05.05.08:883][518]LogLinker:Warning: Can't find file '/Engine/EditorSounds/GamePreview/S_BasicAttackSound'
[2017.03.24-05.05.08:883][518]LoadErrors: Info Failed to load /Engine/EditorSounds/GamePreview/S_BasicAttackSound.S_BasicAttackSound Referenced by K2Node_CallFunction_49
[2017.03.24-05.05.08:883][518]LogLinker:Warning: Can't find file for asset '/Engine/EditorSounds/GamePreview/S_BasicAttackSound' while loading D:/UnrealProjects/PrototypingBackupp/nonamed/Content/Blueprint/Unit/U_MiniArcher.uasset.
[2017.03.24-05.05.08:894][518]LogClass:Warning: Type mismatch in ProjectileDamage of Pr_Arrow_Blueprint_C - Previous (FloatProperty) Current(IntProperty) for package:  FObjectReader
[2017.03.24-05.05.08:896][518]LogLinker:Warning: Can't find file '/Engine/EditorSounds/GamePreview/S_ProjectileAttackSound'
[2017.03.24-05.05.08:896][518]LogLinker:Warning: Can't find file for asset '/Engine/EditorSounds/GamePreview/S_ProjectileAttackSound' while loading D:/UnrealProjects/PrototypingBackupp/nonamed/Content/Blueprint/Unit/U_MiniArcher.uasset.
[2017.03.24-05.05.08:897][518]LoadErrors:Error: Error /Game/Blueprint/Unit/U_MiniArcher : Can't find file for asset. /Engine/EditorSounds/GamePreview/S_ProjectileAttackSound
[2017.03.24-05.05.08:897][518]LogLinker:Warning: Can't find file '/Engine/EditorSounds/GamePreview/S_ProjectileAttackSound'
[2017.03.24-05.05.08:897][518]LogLinker:Warning: Can't find file for asset '/Engine/EditorSounds/GamePreview/S_ProjectileAttackSound' while loading D:/UnrealProjects/PrototypingBackupp/nonamed/Content/Blueprint/Unit/U_MiniArcher.uasset.
[2017.03.24-05.05.08:910][518]LogLinker:Warning: Can't find file '/Engine/EditorSounds/GamePreview/S_BasicAttackSound'
[2017.03.24-05.05.08:911][518]LogLinker:Warning: Can't find file for asset '/Engine/EditorSounds/GamePreview/S_BasicAttackSound' while loading D:/UnrealProjects/PrototypingBackupp/nonamed/Content/Core/MyGameBase.uasset.
[2017.03.24-05.05.08:911][518]LoadErrors:Error: Error /Game/Core/MyGameBase : Can't find file for asset. /Engine/EditorSounds/GamePreview/S_BasicAttackSound
[2017.03.24-05.05.08:911][518]LogLinker:Warning: Can't find file '/Engine/EditorSounds/GamePreview/S_BasicAttackSound'
[2017.03.24-05.05.08:911][518]LogLinker:Warning: Can't find file for asset '/Engine/EditorSounds/GamePreview/S_BasicAttackSound' while loading D:/UnrealProjects/PrototypingBackupp/nonamed/Content/Core/MyGameBase.uasset.
[2017.03.24-05.05.08:937][518]LogLinker:Warning: Can't find file '/Engine/EditorSounds/GamePreview/S_BasicAttackSound'
[2017.03.24-05.05.08:937][518]LoadErrors: Info Failed to load /Engine/EditorSounds/GamePreview/S_BasicAttackSound.S_BasicAttackSound Referenced by K2Node_CallFunction_225
[2017.03.24-05.05.08:937][518]LogLinker:Warning: Can't find file for asset '/Engine/EditorSounds/GamePreview/S_BasicAttackSound' while loading D:/UnrealProjects/PrototypingBackupp/nonamed/Content/Core/MyGameBase.uasset.
[2017.03.24-05.05.09:037][518]LogSlate: Took 0.000150 seconds to synchronously load lazily loaded font '../../../Engine/Content/Slate/Fonts/Roboto-Regular.ttf' (155K)
[2017.03.24-05.05.09:041][518]LogLinker:Warning: Can't find file '/Engine/EditorSounds/GamePreview/S_ProjectileAttackSound'
[2017.03.24-05.05.09:041][518]LogLinker:Warning: Can't find file for asset '/Engine/EditorSounds/GamePreview/S_ProjectileAttackSound' while loading D:/UnrealProjects/PrototypingBackupp/nonamed/Content/Core/MyGameBase.uasset.
[2017.03.24-05.05.09:041][518]LoadErrors:Error: Error /Game/Core/MyGameBase : Can't find file for asset. /Engine/EditorSounds/GamePreview/S_ProjectileAttackSound
[2017.03.24-05.05.09:041][518]LogLinker:Warning: Can't find file '/Engine/EditorSounds/GamePreview/S_ProjectileAttackSound'
[2017.03.24-05.05.09:041][518]LogLinker:Warning: Can't find file for asset '/Engine/EditorSounds/GamePreview/S_ProjectileAttackSound' while loading D:/UnrealProjects/PrototypingBackupp/nonamed/Content/Core/MyGameBase.uasset.
[2017.03.24-05.05.09:043][518]LogLinker:Warning: Can't find file '/Engine/EditorSounds/GamePreview/S_ProjectileAttackSound'
[2017.03.24-05.05.09:043][518]LoadErrors: Info Failed to load /Engine/EditorSounds/GamePreview/S_ProjectileAttackSound.S_ProjectileAttackSound Referenced by K2Node_CallFunction_324
[2017.03.24-05.05.09:044][518]LogLinker:Warning: Can't find file for asset '/Engine/EditorSounds/GamePreview/S_ProjectileAttackSound' while loading D:/UnrealProjects/PrototypingBackupp/nonamed/Content/Core/MyGameBase.uasset.
[2017.03.24-05.05.09:115][518]LogLinker:Warning: Can't find file '/Engine/EditorSounds/GamePreview/S_ProjectileAttackSound'
[2017.03.24-05.05.09:115][518]LogLinker:Warning: Can't find file for asset '/Engine/EditorSounds/GamePreview/S_ProjectileAttackSound' while loading D:/UnrealProjects/PrototypingBackupp/nonamed/Content/Blueprint/Unit/U_Archer.uasset.
[2017.03.24-05.05.09:115][518]LoadErrors:Error: Error /Game/Blueprint/Unit/U_Archer : Can't find file for asset. /Engine/EditorSounds/GamePreview/S_ProjectileAttackSound
[2017.03.24-05.05.09:116][518]LogLinker:Warning: Can't find file '/Engine/EditorSounds/GamePreview/S_ProjectileAttackSound'
[2017.03.24-05.05.09:116][518]LogLinker:Warning: Can't find file for asset '/Engine/EditorSounds/GamePreview/S_ProjectileAttackSound' while loading D:/UnrealProjects/PrototypingBackupp/nonamed/Content/Blueprint/Unit/U_Archer.uasset.
[2017.03.24-05.05.09:117][518]LogLinker:Warning: Can't find file '/Engine/EditorSounds/GamePreview/S_ProjectileAttackSound'
[2017.03.24-05.05.09:117][518]LogLinker:Warning: Can't find file for asset '/Engine/EditorSounds/GamePreview/S_ProjectileAttackSound' while loading D:/UnrealProjects/PrototypingBackupp/nonamed/Content/Blueprint/Unit/Unit.uasset.
[2017.03.24-05.05.09:117][518]LoadErrors:Error: Error /Game/Blueprint/Unit/Unit : Can't find file for asset. /Engine/EditorSounds/GamePreview/S_ProjectileAttackSound
[2017.03.24-05.05.09:117][518]LogLinker:Warning: Can't find file '/Engine/EditorSounds/GamePreview/S_ProjectileAttackSound'
[2017.03.24-05.05.09:118][518]LogLinker:Warning: Can't find file for asset '/Engine/EditorSounds/GamePreview/S_ProjectileAttackSound' while loading D:/UnrealProjects/PrototypingBackupp/nonamed/Content/Blueprint/Unit/Unit.uasset.
[2017.03.24-05.05.09:119][518]LogLinker:Warning: Can't find file '/Engine/EditorSounds/GamePreview/S_ProjectileAttackSound'
[2017.03.24-05.05.09:119][518]LogLinker:Warning: Can't find file for asset '/Engine/EditorSounds/GamePreview/S_ProjectileAttackSound' while loading D:/UnrealProjects/PrototypingBackupp/nonamed/Content/Blueprint/Unit/Unit.uasset.
[2017.03.24-05.05.09:135][518]LogLinker:Warning: Can't find file '/Engine/EditorSounds/GamePreview/S_BasicAttackSound'
[2017.03.24-05.05.09:135][518]LogLinker:Warning: Can't find file for asset '/Engine/EditorSounds/GamePreview/S_BasicAttackSound' while loading D:/UnrealProjects/PrototypingBackupp/nonamed/Content/Blueprint/Unit/U_Bomber.uasset.
[2017.03.24-05.05.09:135][518]LoadErrors:Error: Error /Game/Blueprint/Unit/U_Bomber : Can't find file for asset. /Engine/EditorSounds/GamePreview/S_BasicAttackSound
[2017.03.24-05.05.09:234][518]LogLinker:Warning: Can't find file '/Engine/EditorSounds/GamePreview/S_BasicAttackSound'
[2017.03.24-05.05.09:234][518]LogLinker:Warning: Can't find file for asset '/Engine/EditorSounds/GamePreview/S_BasicAttackSound' while loading D:/UnrealProjects/PrototypingBackupp/nonamed/Content/Blueprint/Unit/U_Bomber.uasset.
[2017.03.24-05.05.09:236][518]LogLinker:Warning: Can't find file '/Engine/EditorSounds/GamePreview/S_BasicAttackSound'
[2017.03.24-05.05.09:236][518]LogLinker:Warning: Can't find file for asset '/Engine/EditorSounds/GamePreview/S_BasicAttackSound' while loading D:/UnrealProjects/PrototypingBackupp/nonamed/Content/Blueprint/Unit/Unit.uasset.
[2017.03.24-05.05.09:236][518]LoadErrors:Error: Error /Game/Blueprint/Unit/Unit : Can't find file for asset. /Engine/EditorSounds/GamePreview/S_BasicAttackSound
[2017.03.24-05.05.09:237][518]LogLinker:Warning: Can't find file '/Engine/EditorSounds/GamePreview/S_BasicAttackSound'
[2017.03.24-05.05.09:237][518]LogLinker:Warning: Can't find file for asset '/Engine/EditorSounds/GamePreview/S_BasicAttackSound' while loading D:/UnrealProjects/PrototypingBackupp/nonamed/Content/Blueprint/Unit/Unit.uasset.
[2017.03.24-05.05.09:239][518]LogLinker:Warning: Can't find file '/Engine/EditorSounds/GamePreview/S_BasicAttackSound'
[2017.03.24-05.05.09:240][518]LoadErrors: Info Failed to load /Engine/EditorSounds/GamePreview/S_BasicAttackSound.S_BasicAttackSound Referenced by K2Node_CallFunction_18
[2017.03.24-05.05.09:240][518]LogLinker:Warning: Can't find file for asset '/Engine/EditorSounds/GamePreview/S_BasicAttackSound' while loading D:/UnrealProjects/PrototypingBackupp/nonamed/Content/Blueprint/Unit/Unit.uasset.
[2017.03.24-05.05.09:393][518]LogBlueprint:Warning: [PlayerBP] 'NearestOverlappingActor' variable not found. Base class was probably changed.
[2017.03.24-05.05.09:393][518]LogBlueprint:Warning: [PlayerBP] 'NearestOverlap' variable not found. Base class was probably changed.
[2017.03.24-05.05.09:394][518]LogBlueprint:Warning: [PlayerBP] 'NearestOverlap' variable not found. Base class was probably changed.
[2017.03.24-05.05.09:394][518]LogBlueprint:Warning: [PlayerBP] 'NearestOverlap' variable not found. Base class was probably changed.
[2017.03.24-05.05.09:394][518]LogBlueprint:Warning: [PlayerBP] 'NearestOverlappingActor' variable not found. Base class was probably changed.
[2017.03.24-05.05.09:394][518]LogBlueprint:Warning: [PlayerBP] 'NearestOverlappingActor' variable not found. Base class was probably changed.
[2017.03.24-05.05.09:697][518]LogLinker:Warning: Can't find file '/Engine/EditorSounds/GamePreview/S_BasicAttackSound'
[2017.03.24-05.05.09:697][518]LogLinker:Warning: Can't find file for asset '/Engine/EditorSounds/GamePreview/S_BasicAttackSound' while loading D:/UnrealProjects/PrototypingBackupp/nonamed/Content/Blueprint/Unit/Unit.uasset.
[2017.03.24-05.05.09:698][518]LogLinker:Warning: Can't find file '/Engine/EditorSounds/GamePreview/S_BasicAttackSound'
[2017.03.24-05.05.09:698][518]LogLinker:Warning: Can't find file for asset '/Engine/EditorSounds/GamePreview/S_BasicAttackSound' while loading D:/UnrealProjects/PrototypingBackupp/nonamed/Content/Blueprint/Unit/Unit.uasset.
[2017.03.24-05.05.10:416][518]LogAIModule: Creating AISystem for world L_Battle_Stage
[2017.03.24-05.05.10:478][518]Cmd: MAP LOAD FILE="D:/UnrealProjects/PrototypingBackupp/nonamed/Content/L_Battle_Stage.umap" TEMPLATE=0 SHOWPROGRESS=1 FEATURELEVEL=3
[2017.03.24-05.05.10:478][518]LightingResults: New page: Lighting Build
[2017.03.24-05.05.10:479][518]LoadErrors: New page: Loading map: L_Battle_Stage.umap
[2017.03.24-05.05.10:480][518]MapCheck: New page: Map Check
[2017.03.24-05.05.10:480][518]LightingResults: New page: Lighting Build
[2017.03.24-05.05.10:519][518]LogEditorServer: Finished looking for orphan Actors (0.000 secs)
[2017.03.24-05.05.10:550][518]Cmd: MAP CHECKDEP NOCLEARLOG
[2017.03.24-05.05.10:587][518]MapCheck: Info Map check complete: 0 Error(s), 0 Warning(s), took 37.691ms to complete.
[2017.03.24-05.05.10:588][518]LogFileHelpers: Loading map 'L_Battle_Stage' took 0.110
[2017.03.24-05.05.39:795][128]LogBlueprintUserMessages: Early PlayInEditor Detection: Level '/Game/L_Battle_Stage.L_Battle_Stage:PersistentLevel' has LevelScriptBlueprint '/Game/L_Battle_Stage.L_Battle_Stage:PersistentLevel.L_Battle_Stage' with GeneratedClass '/Game/L_Battle_Stage.L_Battle_Stage_C' with ClassGeneratedBy '/Game/L_Battle_Stage.L_Battle_Stage:PersistentLevel.L_Battle_Stage'
[2017.03.24-05.05.39:795][128]LogPlayLevel: PlayLevel: No blueprints needed recompiling
[2017.03.24-05.05.39:800][128]OCULUS: Debug: [HMDState] Using default profile default
[2017.03.24-05.05.39:800][128]OCULUS: Info: IAD changed to 65.0mm
[2017.03.24-05.05.39:800][128]LogHMD: New ovr session is created
[2017.03.24-05.05.39:800][128]LogHMD: HMD Oculus Rift CV1, res = 2160 x 1200
[2017.03.24-05.05.39:801][128]PIE: New page: PIE session: L_Battle_Stage (Mar 24, 2017, 11:05:39 PM)
[2017.03.24-05.05.39:801][128]LogPlayLevel: Creating play world package: /Game/UEDPIE_0_L_Battle_Stage
[2017.03.24-05.05.39:808][128]LogPlayLevel: PIE: StaticDuplicateObject took: (0.006440s)
[2017.03.24-05.05.39:809][128]LogAIModule: Creating AISystem for world L_Battle_Stage
[2017.03.24-05.05.39:809][128]LogPlayLevel: PIE: World Init took: (0.000809s)
[2017.03.24-05.05.39:809][128]LogPlayLevel: PIE: Created PIE world by copying editor world from /Game/L_Battle_Stage.L_Battle_Stage to /Game/UEDPIE_0_L_Battle_Stage.L_Battle_Stage (0.007723s)
[2017.03.24-05.05.39:818][128]LogHMD: Vision Tracking Acquired
[2017.03.24-05.05.39:824][128]LogInit: XAudio2 using '헤드폰(Rift Audio)' : 2 channels at 48 kHz using 16 bits per sample (channel mask 0x3)
[2017.03.24-05.05.39:830][128]LogInit: FAudioDevice initialized.
[2017.03.24-05.05.39:967][128]LogLoad: Game class is 'MyGameMode_C'
[2017.03.24-05.05.39:972][128]LogWorld: Bringing World /Game/UEDPIE_0_L_Battle_Stage.L_Battle_Stage up for play (max tick rate 0) at 2017.03.24-14.05.39
[2017.03.24-05.05.39:973][128]LogWorld: Bringing up level for play took: 0.003056
[2017.03.24-05.05.40:014][128]LogContentBrowser: Native class hierarchy updated for 'MovieSceneCapture' in 0.0005 seconds. Added 11 classes and 0 folders.
[2017.03.24-05.05.40:030][128]PIE: Info Play in editor start time for /Game/UEDPIE_0_L_Battle_Stage 1.04
[2017.03.24-05.05.40:030][128]LogBlueprintUserMessages: Late PlayInEditor Detection: Level '/Game/L_Battle_Stage.L_Battle_Stage:PersistentLevel' has LevelScriptBlueprint '/Game/L_Battle_Stage.L_Battle_Stage:PersistentLevel.L_Battle_Stage' with GeneratedClass '/Game/L_Battle_Stage.L_Battle_Stage_C' with ClassGeneratedBy '/Game/L_Battle_Stage.L_Battle_Stage:PersistentLevel.L_Battle_Stage'
[2017.03.24-05.05.40:040][128]LogHMD: Reallocation of eye buffer was requested
[2017.03.24-05.05.40:042][128]LogHMD: Allocated a new swap texture set (size 2720 x 1600, mipcount = 1), 0x00000211C74A07B0
[2017.03.24-05.05.40:096][128]LogHMD: Allocated a new mirror texture (size 1280 x 720)
[2017.03.24-05.05.40:096][128]LogRenderer: Reallocating scene render targets to support 2720x1600 NumSamples 1 (Frame:3879).
[2017.03.24-05.05.40:096][128]LogSlate: Took 0.020251 seconds to synchronously load lazily loaded font '../../../Engine/Content/Slate/Fonts/DroidSansFallback.ttf' (3848K)
[2017.03.24-05.05.40:278][151]LogBlueprintUserMessages: [Enemy_Blueprint] Enemy Deploy Start
[2017.03.24-05.05.46:799][749]OCULUS: Info: [HMDState] Requested to SetForegroundWindow(305c2ll)
[2017.03.24-05.05.57:244][690]LogBlueprintUserMessages: Early EndPlayMap Detection: Level '/Game/L_Battle_Stage.L_Battle_Stage:PersistentLevel' has LevelScriptBlueprint '/Game/L_Battle_Stage.L_Battle_Stage:PersistentLevel.L_Battle_Stage' with GeneratedClass '/Game/L_Battle_Stage.L_Battle_Stage_C' with ClassGeneratedBy '/Game/L_Battle_Stage.L_Battle_Stage:PersistentLevel.L_Battle_Stage'
[2017.03.24-05.05.57:261][690]LogHMD: Destroying ovr session
[2017.03.24-05.05.57:261][690]LogHMD: Freeing textureSet 0x00000211C74A07B0
[2017.03.24-05.05.57:267][690]OCULUS: Info: [HMDState] Requested to SetForegroundWindow(305c2ll)
[2017.03.24-05.05.57:384][690]LogBlueprintUserMessages: Late EndPlayMap Detection: Level '/Game/L_Battle_Stage.L_Battle_Stage:PersistentLevel' has LevelScriptBlueprint '/Game/L_Battle_Stage.L_Battle_Stage:PersistentLevel.L_Battle_Stage' with GeneratedClass '/Game/L_Battle_Stage.L_Battle_Stage_C' with ClassGeneratedBy '/Game/L_Battle_Stage.L_Battle_Stage:PersistentLevel.L_Battle_Stage'
[2017.03.24-05.06.22:975][645]OCULUS: Info: [HMDState] Requested to SetForegroundWindow(305c2ll)
[2017.03.24-05.07.07:805][631]OCULUS: Info: [HMDState] Requested to SetForegroundWindow(305c2ll)
[2017.03.24-05.07.39:942][680]LogWindowsTextInputMethodSystem:Display: IME system now activated using TSF (Microsoft 입력기).
[2017.03.24-05.07.40:105][681]Cmd: QUIT_EDITOR
[2017.03.24-05.07.40:851][681]LogExit: Preparing to exit.
[2017.03.24-05.07.41:443][681]LogExit: Editor shut down
[2017.03.24-05.07.41:443][681]LogExit: Transaction tracking system shut down
[2017.03.24-05.07.41:494][681]LogObj: Freed 0b from 0 cluster array pools.
[2017.03.24-05.07.41:494][681]LogExit: Object subsystem successfully closed.
[2017.03.24-05.07.41:514][681]LogD3D11RHI: Shutdown
[2017.03.24-05.07.41:514][681]LogD3D11RHI: CleanupD3DDevice
[2017.03.24-05.07.41:582][681]LogD3D11RHI: ~FD3D11DynamicRHI
[2017.03.24-05.07.41:598][681]LogModuleManager: Shutting down and abandoning module MovieSceneCapture (500)
[2017.03.24-05.07.41:598][681]LogModuleManager: Shutting down and abandoning module HierarchicalLODOutliner (498)
[2017.03.24-05.07.41:598][681]LogModuleManager: Shutting down and abandoning module CrashTracker (496)
[2017.03.24-05.07.41:598][681]LogModuleManager: Shutting down and abandoning module SceneOutliner (494)
[2017.03.24-05.07.41:598][681]LogModuleManager: Shutting down and abandoning module AddContentDialog (492)
[2017.03.24-05.07.41:598][681]LogDirectoryWatcher: A directory notification for 'C:/Program Files/Epic Games/UE_4.15/FeaturePacks/' was aborted.
[2017.03.24-05.07.41:599][681]LogModuleManager: Shutting down and abandoning module WidgetCarousel (491)
[2017.03.24-05.07.41:599][681]LogModuleManager: Shutting down and abandoning module EditorWidgets (488)
[2017.03.24-05.07.41:599][681]LogModuleManager: Shutting down and abandoning module CollectionManager (486)
[2017.03.24-05.07.41:599][681]LogDirectoryWatcher: A directory notification for 'D:/UnrealProjects/PrototypingBackupp/nonamed/Content/Collections/' was aborted.
[2017.03.24-05.07.41:599][681]LogDirectoryWatcher: A directory notification for 'D:/UnrealProjects/PrototypingBackupp/nonamed/Content/Developers/thtjd/Collections/' was aborted.
[2017.03.24-05.07.41:599][681]LogDirectoryWatcher: A directory notification for 'D:/UnrealProjects/PrototypingBackupp/nonamed/Saved/Collections/' was aborted.
[2017.03.24-05.07.41:599][681]LogModuleManager: Shutting down and abandoning module StatsViewer (484)
[2017.03.24-05.07.41:599][681]LogModuleManager: Shutting down and abandoning module FoliageEdit (482)
[2017.03.24-05.07.41:599][681]LogModuleManager: Shutting down and abandoning module LandscapeEditor (480)
[2017.03.24-05.07.41:599][681]LogModuleManager: Shutting down and abandoning module SceneDepthPickerMode (478)
[2017.03.24-05.07.41:599][681]LogModuleManager: Shutting down and abandoning module ActorPickerMode (476)
[2017.03.24-05.07.41:599][681]LogModuleManager: Shutting down and abandoning module GeometryMode (474)
[2017.03.24-05.07.41:599][681]LogModuleManager: Shutting down and abandoning module TextureAlignMode (472)
[2017.03.24-05.07.41:599][681]LogModuleManager: Shutting down and abandoning module BspMode (470)
[2017.03.24-05.07.41:599][681]LogModuleManager: Shutting down and abandoning module HardwareSurvey (468)
[2017.03.24-05.07.41:599][681]LogModuleManager: Shutting down and abandoning module SequenceRecorderSections (466)
[2017.03.24-05.07.41:599][681]LogModuleManager: Shutting down and abandoning module AutomationWorker (464)
[2017.03.24-05.07.41:599][681]LogModuleManager: Shutting down and abandoning module MatineeToLevelSequence (462)
[2017.03.24-05.07.41:599][681]LogModuleManager: Shutting down and abandoning module LevelSequenceEditor (460)
[2017.03.24-05.07.41:599][681]LogModuleManager: Shutting down and abandoning module PlacementMode (459)
[2017.03.24-05.07.41:599][681]LogModuleManager: Shutting down and abandoning module WmfMediaFactory (456)
[2017.03.24-05.07.41:599][681]LogModuleManager: Shutting down and abandoning module WmfMediaEditor (454)
[2017.03.24-05.07.41:599][681]LogModuleManager: Shutting down and abandoning module MfMediaFactory (452)
[2017.03.24-05.07.41:599][681]LogModuleManager: Shutting down and abandoning module MfMediaEditor (450)
[2017.03.24-05.07.41:599][681]LogModuleManager: Shutting down and abandoning module AvfMediaFactory (448)
[2017.03.24-05.07.41:599][681]LogModuleManager: Shutting down and abandoning module AvfMediaEditor (446)
[2017.03.24-05.07.41:599][681]LogModuleManager: Shutting down and abandoning module AndroidMediaFactory (444)
[2017.03.24-05.07.41:599][681]LogModuleManager: Shutting down and abandoning module Media (443)
[2017.03.24-05.07.41:599][681]LogModuleManager: Shutting down and abandoning module AndroidMediaEditor (440)
[2017.03.24-05.07.41:599][681]LogModuleManager: Shutting down and abandoning module CharacterAI (438)
[2017.03.24-05.07.41:599][681]LogModuleManager: Shutting down and abandoning module AudioCapture (436)
[2017.03.24-05.07.41:599][681]LogModuleManager: Shutting down and abandoning module SequenceRecorder (435)
[2017.03.24-05.07.41:599][681]LogModuleManager: Shutting down and abandoning module SmartSnapping (432)
[2017.03.24-05.07.41:599][681]LogModuleManager: Shutting down and abandoning module SessionServices (430)
[2017.03.24-05.07.41:599][681]LogModuleManager: Shutting down and abandoning module ViewportSnapping (428)
[2017.03.24-05.07.41:599][681]LogModuleManager: Shutting down and abandoning module ViewportInteraction (426)
[2017.03.24-05.07.41:599][681]LogModuleManager: Shutting down and abandoning module LogVisualizer (424)
[2017.03.24-05.07.41:599][681]LogModuleManager: Shutting down and abandoning module IntroTutorials (422)
[2017.03.24-05.07.41:600][681]LogModuleManager: Shutting down and abandoning module GameProjectGeneration (421)
[2017.03.24-05.07.41:600][681]LogModuleManager: Shutting down and abandoning module EditorLiveStreaming (418)
[2017.03.24-05.07.41:600][681]LogModuleManager: Shutting down and abandoning module IOSPlatformEditor (416)
[2017.03.24-05.07.41:600][681]LogModuleManager: Shutting down and abandoning module HTML5PlatformEditor (414)
[2017.03.24-05.07.41:600][681]LogModuleManager: Shutting down and abandoning module AndroidPlatformEditor (412)
[2017.03.24-05.07.41:600][681]LogModuleManager: Shutting down and abandoning module AndroidDeviceDetection (411)
[2017.03.24-05.07.41:844][681]LogModuleManager: Shutting down and abandoning module IOSRuntimeSettings (408)
[2017.03.24-05.07.41:844][681]LogModuleManager: Shutting down and abandoning module AndroidRuntimeSettings (406)
[2017.03.24-05.07.41:844][681]LogModuleManager: Shutting down and abandoning module InputBindingEditor (404)
[2017.03.24-05.07.41:844][681]LogModuleManager: Shutting down and abandoning module NiagaraEditor (402)
[2017.03.24-05.07.41:844][681]LogModuleManager: Shutting down and abandoning module MergeActors (400)
[2017.03.24-05.07.41:844][681]LogModuleManager: Shutting down and abandoning module SizeMap (398)
[2017.03.24-05.07.41:844][681]LogModuleManager: Shutting down and abandoning module TreeMap (396)
[2017.03.24-05.07.41:844][681]LogModuleManager: Shutting down and abandoning module ReferenceViewer (394)
[2017.03.24-05.07.41:844][681]LogModuleManager: Shutting down and abandoning module LocalizationDashboard (392)
[2017.03.24-05.07.41:844][681]LogModuleManager: Shutting down and abandoning module LocalizationService (391)
[2017.03.24-05.07.41:844][681]LogModuleManager: Shutting down and abandoning module HardwareTargeting (388)
[2017.03.24-05.07.41:844][681]LogModuleManager: Shutting down and abandoning module DeviceProfileEditor (386)
[2017.03.24-05.07.41:844][681]LogModuleManager: Shutting down and abandoning module UndoHistory (384)
[2017.03.24-05.07.41:844][681]LogModuleManager: Shutting down and abandoning module UserFeedback (382)
[2017.03.24-05.07.41:844][681]LogModuleManager: Shutting down and abandoning module XmlParser (380)
[2017.03.24-05.07.41:844][681]LogModuleManager: Shutting down and abandoning module Blutility (378)
[2017.03.24-05.07.41:844][681]LogModuleManager: Shutting down and abandoning module ProjectSettingsViewer (376)
[2017.03.24-05.07.41:844][681]LogModuleManager: Shutting down and abandoning module ProjectTargetPlatformEditor (375)
[2017.03.24-05.07.41:844][681]LogModuleManager: Shutting down and abandoning module EditorSettingsViewer (372)
[2017.03.24-05.07.41:844][681]LogModuleManager: Shutting down and abandoning module SettingsEditor (370)
[2017.03.24-05.07.41:844][681]LogModuleManager: Shutting down and abandoning module ProjectLauncher (368)
[2017.03.24-05.07.41:844][681]LogModuleManager: Shutting down and abandoning module SessionFrontend (366)
[2017.03.24-05.07.41:844][681]LogModuleManager: Shutting down and abandoning module ProfilerClient (364)
[2017.03.24-05.07.41:844][681]LogModuleManager: Shutting down and abandoning module DeviceManager (362)
[2017.03.24-05.07.41:844][681]LogModuleManager: Shutting down and abandoning module TargetDeviceServices (361)
[2017.03.24-05.07.41:886][681]LogModuleManager: Shutting down and abandoning module AutomationController (358)
[2017.03.24-05.07.41:886][681]LogModuleManager: Shutting down and abandoning module AutomationWindow (356)
[2017.03.24-05.07.41:886][681]LogModuleManager: Shutting down and abandoning module Layers (354)
[2017.03.24-05.07.41:886][681]LogModuleManager: Shutting down and abandoning module ComponentVisualizers (352)
[2017.03.24-05.07.41:886][681]LogModuleManager: Shutting down and abandoning module DetailCustomizations (350)
[2017.03.24-05.07.41:886][681]LogModuleManager: Shutting down and abandoning module PackagesDialog (348)
[2017.03.24-05.07.41:886][681]LogModuleManager: Shutting down and abandoning module Persona (346)
[2017.03.24-05.07.41:886][681]LogModuleManager: Shutting down and abandoning module AnimGraph (345)
[2017.03.24-05.07.41:886][681]LogModuleManager: Shutting down and abandoning module Kismet (342)
[2017.03.24-05.07.41:888][681]LogModuleManager: Shutting down and abandoning module GraphEditor (340)
[2017.03.24-05.07.41:888][681]LogModuleManager: Shutting down and abandoning module ClassViewer (338)
[2017.03.24-05.07.41:888][681]LogModuleManager: Shutting down and abandoning module Toolbox (336)
[2017.03.24-05.07.41:888][681]LogModuleManager: Shutting down and abandoning module ModuleUI (334)
[2017.03.24-05.07.41:888][681]LogModuleManager: Shutting down and abandoning module MovieSceneTools (332)
[2017.03.24-05.07.41:888][681]LogModuleManager: Shutting down and abandoning module OutputLog (330)
[2017.03.24-05.07.41:888][681]LogModuleManager: Shutting down and abandoning module GammaUI (328)
[2017.03.24-05.07.41:888][681]LogModuleManager: Shutting down and abandoning module Documentation (326)
[2017.03.24-05.07.41:888][681]LogModuleManager: Shutting down and abandoning module Niagara (324)
[2017.03.24-05.07.41:888][681]LogModuleManager: Shutting down and abandoning module StreamingPauseRendering (322)
[2017.03.24-05.07.41:888][681]LogModuleManager: Shutting down and abandoning module AnalyticsET (320)
[2017.03.24-05.07.41:888][681]LogModuleManager: Shutting down and abandoning module PortalServices (318)
[2017.03.24-05.07.41:888][681]LogModuleManager: Shutting down and abandoning module PortalRpc (316)
[2017.03.24-05.07.41:888][681]LogModuleManager: Shutting down and abandoning module MessagingRpc (314)
[2017.03.24-05.07.41:888][681]LogModuleManager: Shutting down and abandoning module AIModule (312)
[2017.03.24-05.07.41:888][681]LogModuleManager: Shutting down and abandoning module GameplayDebugger (311)
[2017.03.24-05.07.41:888][681]LogModuleManager: Shutting down and abandoning module AITestSuite (309)
[2017.03.24-05.07.41:888][681]LogModuleManager: Shutting down and abandoning module ProfilerService (306)
[2017.03.24-05.07.41:984][681]LogModuleManager: Shutting down and abandoning module TaskGraph (304)
[2017.03.24-05.07.41:985][681]LogModuleManager: Shutting down and abandoning module SteamVRController (302)
[2017.03.24-05.07.41:985][681]LogModuleManager: Shutting down and abandoning module SteamVR (300)
[2017.03.24-05.07.41:985][681]LogModuleManager: Shutting down and abandoning module ProceduralMeshComponentEditor (298)
[2017.03.24-05.07.41:985][681]LogModuleManager: Shutting down and abandoning module ProceduralMeshComponent (296)
[2017.03.24-05.07.41:985][681]LogModuleManager: Shutting down and abandoning module OculusLibrary (294)
[2017.03.24-05.07.41:985][681]LogModuleManager: Shutting down and abandoning module OculusInput (292)
[2017.03.24-05.07.41:985][681]LogModuleManager: Shutting down and abandoning module MobilePatchingUtils (290)
[2017.03.24-05.07.41:985][681]LogModuleManager: Shutting down and abandoning module CustomMeshComponent (288)
[2017.03.24-05.07.41:985][681]LogModuleManager: Shutting down and abandoning module CableComponent (286)
[2017.03.24-05.07.41:985][681]LogModuleManager: Shutting down and abandoning module ArchVisCharacter (284)
[2017.03.24-05.07.41:985][681]LogModuleManager: Shutting down and abandoning module MediaPlayerEditor (280)
[2017.03.24-05.07.41:985][681]LogModuleManager: Shutting down and abandoning module HTML5Networking (278)
[2017.03.24-05.07.41:985][681]LogModuleManager: Shutting down and abandoning module AlembicImporter (276)
[2017.03.24-05.07.41:985][681]LogModuleManager: Shutting down and abandoning module AlembicLibrary (275)
[2017.03.24-05.07.41:985][681]LogModuleManager: Shutting down and abandoning module GeometryCache (274)
[2017.03.24-05.07.41:985][681]LogModuleManager: Shutting down and abandoning module GeometryCacheEd (273)
[2017.03.24-05.07.41:985][681]LogModuleManager: Shutting down and abandoning module SuperSearchEditor (268)
[2017.03.24-05.07.41:985][681]LogModuleManager: Shutting down and abandoning module SuperSearch (267)
[2017.03.24-05.07.41:985][681]LogModuleManager: Shutting down and abandoning module SpeedTreeImporter (264)
[2017.03.24-05.07.41:985][681]LogModuleManager: Shutting down and abandoning module PluginBrowser (262)
[2017.03.24-05.07.41:985][681]LogModuleManager: Shutting down and abandoning module MobileLauncherProfileWizard (260)
[2017.03.24-05.07.41:985][681]LogModuleManager: Shutting down and abandoning module EpicSurvey (258)
[2017.03.24-05.07.41:985][681]LogModuleManager: Shutting down and abandoning module VisualStudioSourceCodeAccess (256)
[2017.03.24-05.07.41:985][681]LogModuleManager: Shutting down and abandoning module DesktopPlatform (255)
[2017.03.24-05.07.41:985][681]LogModuleManager: Shutting down and abandoning module UObjectPlugin (252)
[2017.03.24-05.07.41:985][681]LogModuleManager: Shutting down and abandoning module SubversionSourceControl (250)
[2017.03.24-05.07.41:985][681]LogModuleManager: Shutting down and abandoning module PerforceSourceControl (248)
[2017.03.24-05.07.41:985][681]LogModuleManager: Shutting down and abandoning module GitSourceControl (246)
[2017.03.24-05.07.41:985][681]LogModuleManager: Shutting down and abandoning module SourceControl (245)
[2017.03.24-05.07.41:985][681]LogModuleManager: Shutting down and abandoning module LightPropagationVolumeEditor (242)
[2017.03.24-05.07.41:985][681]LogModuleManager: Shutting down and abandoning module PaperTiledImporter (240)
[2017.03.24-05.07.41:985][681]LogModuleManager: Shutting down and abandoning module PaperSpriteSheetImporter (238)
[2017.03.24-05.07.41:985][681]LogModuleManager: Shutting down and abandoning module Paper2DEditor (236)
[2017.03.24-05.07.41:985][681]LogModuleManager: Shutting down and abandoning module MeshPaint (235)
[2017.03.24-05.07.41:985][681]LogModuleManager: Shutting down and abandoning module LevelEditor (233)
[2017.03.24-05.07.41:985][681]LogModuleManager: Shutting down and abandoning module PixelInspectorModule (232)
[2017.03.24-05.07.41:985][681]LogModuleManager: Shutting down and abandoning module MainFrame (230)
[2017.03.24-05.07.41:985][681]LogModuleManager: Shutting down and abandoning module HotReload (229)
[2017.03.24-05.07.41:986][681]LogModuleManager: Shutting down and abandoning module ContentBrowser (225)
[2017.03.24-05.07.41:986][681]LogModuleManager: Shutting down and abandoning module PhysXVehiclesEditor (222)
[2017.03.24-05.07.41:987][681]LogModuleManager: Shutting down and abandoning module PhysXVehicles (220)
[2017.03.24-05.07.41:987][681]LogModuleManager: Shutting down and abandoning module LocationServicesBPLibrary (218)
[2017.03.24-05.07.41:987][681]LogModuleManager: Shutting down and abandoning module UdpMessaging (216)
[2017.03.24-05.07.42:088][681]LogModuleManager: Shutting down and abandoning module TcpMessaging (214)
[2017.03.24-05.07.42:282][681]LogModuleManager: Shutting down and abandoning module GameplayTagsEditor (212)
[2017.03.24-05.07.42:282][681]LogModuleManager: Shutting down and abandoning module FacialAnimationEditor (210)
[2017.03.24-05.07.42:282][681]LogModuleManager: Shutting down and abandoning module FacialAnimation (208)
[2017.03.24-05.07.42:282][681]LogModuleManager: Shutting down and abandoning module LightPropagationVolumeRuntime (206)
[2017.03.24-05.07.42:283][681]LogModuleManager: Shutting down and abandoning module Paper2D (204)
[2017.03.24-05.07.42:283][681]LogModuleManager: Shutting down and abandoning module WindowsMoviePlayer (202)
[2017.03.24-05.07.42:283][681]LogModuleManager: Shutting down and abandoning module WmfMedia (200)
[2017.03.24-05.07.42:283][681]LogModuleManager: Shutting down and abandoning module MfMedia (198)
[2017.03.24-05.07.42:283][681]LogModuleManager: Shutting down and abandoning module MediaAssets (196)
[2017.03.24-05.07.42:283][681]LogModuleManager: Shutting down and abandoning module GameLiveStreaming (194)
[2017.03.24-05.07.42:283][681]LogModuleManager: Shutting down and abandoning module VREditor (192)
[2017.03.24-05.07.42:283][681]LogModuleManager: Shutting down and abandoning module GameplayTasksEditor (190)
[2017.03.24-05.07.42:283][681]LogModuleManager: Shutting down and abandoning module BehaviorTreeEditor (188)
[2017.03.24-05.07.42:283][681]LogModuleManager: Shutting down and abandoning module FunctionalTesting (186)
[2017.03.24-05.07.42:283][681]LogModuleManager: Shutting down and abandoning module CollisionAnalyzer (184)
[2017.03.24-05.07.42:283][681]LogModuleManager: Shutting down and abandoning module UMG (182)
[2017.03.24-05.07.42:283][681]LogModuleManager: Shutting down and abandoning module UMGEditor (181)
[2017.03.24-05.07.42:283][681]LogModuleManager: Shutting down and abandoning module Sequencer (180)
[2017.03.24-05.07.42:283][681]LogModuleManager: Shutting down and abandoning module AssetTools (178)
[2017.03.24-05.07.42:283][681]LogModuleManager: Shutting down and abandoning module MessageLog (177)
[2017.03.24-05.07.42:283][681]LogModuleManager: Shutting down and abandoning module WorkspaceMenuStructure (176)
[2017.03.24-05.07.42:283][681]LogModuleManager: Shutting down and abandoning module SlateReflector (170)
[2017.03.24-05.07.42:283][681]LogModuleManager: Shutting down and abandoning module Slate (168)
[2017.03.24-05.07.42:283][681]LogModuleManager: Shutting down and abandoning module EditorStyle (166)
[2017.03.24-05.07.42:285][681]LogModuleManager: Shutting down and abandoning module SourceCodeAccess (164)
[2017.03.24-05.07.42:285][681]LogModuleManager: Shutting down and abandoning module HeadMountedDisplay (162)
[2017.03.24-05.07.42:285][681]LogModuleManager: Shutting down and abandoning module XAudio2 (160)
[2017.03.24-05.07.42:285][681]LogModuleManager: Shutting down and abandoning module Networking (158)
[2017.03.24-05.07.42:285][681]LogModuleManager: Shutting down and abandoning module Core (154)
[2017.03.24-05.07.42:285][681]LogModuleManager: Shutting down and abandoning module AssetRegistry (152)
[2017.03.24-05.07.42:398][681]LogDirectoryWatcher: A directory notification for '../../../Engine/Content/' was aborted.
[2017.03.24-05.07.42:398][681]LogDirectoryWatcher: A directory notification for 'D:/UnrealProjects/PrototypingBackupp/nonamed/Content/' was aborted.
[2017.03.24-05.07.42:398][681]LogDirectoryWatcher: A directory notification for '../../../Engine/Plugins/2D/Paper2D/Content/' was aborted.
[2017.03.24-05.07.42:398][681]LogModuleManager: Shutting down and abandoning module DirectoryWatcher (151)
[2017.03.24-05.07.42:398][681]LogModuleManager: Shutting down and abandoning module KismetCompiler (148)
[2017.03.24-05.07.42:398][681]LogModuleManager: Shutting down and abandoning module PhysXFormats (146)
[2017.03.24-05.07.42:398][681]LogModuleManager: Shutting down and abandoning module MeshUtilities (144)
[2017.03.24-05.07.42:398][681]LogModuleManager: Shutting down and abandoning module SimplygonSwarm (143)
[2017.03.24-05.07.42:398][681]LogModuleManager: Shutting down and abandoning module SimplygonMeshReduction (141)
[2017.03.24-05.07.42:398][681]LogModuleManager: Shutting down and abandoning module QuadricMeshReduction (139)
[2017.03.24-05.07.42:398][681]LogModuleManager: Shutting down and abandoning module PropertyEditor (137)
[2017.03.24-05.07.42:398][681]LogModuleManager: Shutting down and abandoning module DerivedDataCache (134)
[2017.03.24-05.07.42:415][681]LogDerivedDataCache: Shutdown
[2017.03.24-05.07.42:416][681]LogModuleManager: Shutting down and abandoning module TargetPlatform (132)
[2017.03.24-05.07.42:416][681]LogModuleManager: Shutting down and abandoning module VulkanShaderFormat (131)
[2017.03.24-05.07.42:416][681]LogModuleManager: Shutting down and abandoning module ShaderFormatOpenGL (129)
[2017.03.24-05.07.42:416][681]LogModuleManager: Shutting down and abandoning module ShaderFormatD3D (127)
[2017.03.24-05.07.42:416][681]LogModuleManager: Shutting down and abandoning module MetalShaderFormat (125)
[2017.03.24-05.07.42:416][681]LogModuleManager: Shutting down and abandoning module TextureFormatUncompressed (123)
[2017.03.24-05.07.42:416][681]LogModuleManager: Shutting down and abandoning module TextureFormatPVR (121)
[2017.03.24-05.07.42:416][681]LogModuleManager: Shutting down and abandoning module TextureFormatDXT (119)
[2017.03.24-05.07.42:416][681]LogModuleManager: Shutting down and abandoning module TextureFormatIntelISPCTexComp (117)
[2017.03.24-05.07.42:416][681]LogModuleManager: Shutting down and abandoning module TextureFormatASTC (115)
[2017.03.24-05.07.42:416][681]LogModuleManager: Shutting down and abandoning module ImageWrapper (114)
[2017.03.24-05.07.42:416][681]LogModuleManager: Shutting down and abandoning module TextureFormatAndroid (111)
[2017.03.24-05.07.42:416][681]LogModuleManager: Shutting down and abandoning module AudioFormatOpus (109)
[2017.03.24-05.07.42:416][681]LogModuleManager: Shutting down and abandoning module AudioFormatOgg (107)
[2017.03.24-05.07.42:416][681]LogModuleManager: Shutting down and abandoning module AudioFormatADPCM (105)
[2017.03.24-05.07.42:416][681]LogModuleManager: Shutting down and abandoning module LinuxTargetPlatform (103)
[2017.03.24-05.07.42:416][681]LogModuleManager: Shutting down and abandoning module LinuxServerTargetPlatform (101)
[2017.03.24-05.07.42:416][681]LogModuleManager: Shutting down and abandoning module LinuxNoEditorTargetPlatform (99)
[2017.03.24-05.07.42:416][681]LogModuleManager: Shutting down and abandoning module LinuxClientTargetPlatform (97)
[2017.03.24-05.07.42:416][681]LogModuleManager: Shutting down and abandoning module TVOSTargetPlatform (95)
[2017.03.24-05.07.42:416][681]LogModuleManager: Shutting down and abandoning module Messaging (93)
[2017.03.24-05.07.42:416][681]LogModuleManager: Shutting down and abandoning module IOSTargetPlatform (91)
[2017.03.24-05.07.42:416][681]LogModuleManager: Shutting down and abandoning module HTML5TargetPlatform (89)
[2017.03.24-05.07.42:416][681]LogModuleManager: Shutting down and abandoning module Android_PVRTCTargetPlatform (87)
[2017.03.24-05.07.42:416][681]LogModuleManager: Shutting down and abandoning module Android_MultiTargetPlatform (85)
[2017.03.24-05.07.42:416][681]LogModuleManager: Shutting down and abandoning module Android_ETC2TargetPlatform (83)
[2017.03.24-05.07.42:416][681]LogModuleManager: Shutting down and abandoning module Android_ETC1TargetPlatform (81)
[2017.03.24-05.07.42:416][681]LogModuleManager: Shutting down and abandoning module Android_DXTTargetPlatform (79)
[2017.03.24-05.07.42:416][681]LogModuleManager: Shutting down and abandoning module Android_ATCTargetPlatform (77)
[2017.03.24-05.07.42:416][681]LogModuleManager: Shutting down and abandoning module Android_ASTCTargetPlatform (75)
[2017.03.24-05.07.42:416][681]LogModuleManager: Shutting down and abandoning module AndroidTargetPlatform (73)
[2017.03.24-05.07.42:416][681]LogModuleManager: Shutting down and abandoning module WindowsTargetPlatform (71)
[2017.03.24-05.07.42:416][681]LogModuleManager: Shutting down and abandoning module WindowsServerTargetPlatform (69)
[2017.03.24-05.07.42:416][681]LogModuleManager: Shutting down and abandoning module WindowsNoEditorTargetPlatform (67)
[2017.03.24-05.07.42:416][681]LogModuleManager: Shutting down and abandoning module WindowsClientTargetPlatform (65)
[2017.03.24-05.07.42:416][681]LogModuleManager: Shutting down and abandoning module MacTargetPlatform (63)
[2017.03.24-05.07.42:416][681]LogModuleManager: Shutting down and abandoning module MacServerTargetPlatform (61)
[2017.03.24-05.07.42:416][681]LogModuleManager: Shutting down and abandoning module MacNoEditorTargetPlatform (59)
[2017.03.24-05.07.42:416][681]LogModuleManager: Shutting down and abandoning module MacClientTargetPlatform (57)
[2017.03.24-05.07.42:416][681]LogModuleManager: Shutting down and abandoning module AllDesktopTargetPlatform (55)
[2017.03.24-05.07.42:416][681]LogModuleManager: Shutting down and abandoning module InputCore (52)
[2017.03.24-05.07.42:416][681]LogModuleManager: Shutting down and abandoning module Settings (50)
[2017.03.24-05.07.42:416][681]LogModuleManager: Shutting down and abandoning module OculusRift (48)
[2017.03.24-05.07.42:417][681]LogHMD: Oculus shutdown.
[2017.03.24-05.07.42:417][681]LogModuleManager: Shutting down and abandoning module GearVR (46)
[2017.03.24-05.07.42:417][681]LogModuleManager: Shutting down and abandoning module ExampleDeviceProfileSelector (44)
[2017.03.24-05.07.42:417][681]LogModuleManager: Shutting down and abandoning module OnlineBlueprintSupport (42)
[2017.03.24-05.07.42:417][681]LogModuleManager: Shutting down and abandoning module OnlineSubsystem (38)
[2017.03.24-05.07.42:417][681]LogOnline:Display: Unloading online subsystem: NULL
[2017.03.24-05.07.42:417][681]LogModuleManager: Shutting down and abandoning module XMPP (37)
[2017.03.24-05.07.42:417][681]LogModuleManager: Shutting down and abandoning module HTTP (35)
[2017.03.24-05.07.42:417][681]LogHttp:Display: Http module shutting down, but needs to wait on 1 outstanding Http requests:
[2017.03.24-05.07.42:417][681]LogHttp:Display: 	verb=[POST] url=[https://datarouter.ol.epicgames.com/datarouter/api/v1/public/data?SessionID=%7B60D94DB9-4F83-A90E-31BF-A4AFC2D89579%7D&AppID=UEEditor.Rocket.Release&AppVersion=4.15.1-3348071%2B%2B%2BUE4%2BRelease-4.15&UserID=e676a11046bff81e7c020db26fb775a3%7C4567b9b9a7b64e6ea7261bdbeb346d2b%7Cc0aaa3d9-c42f-4e06-a30c-667eede2d1a5&AppEnvironment=datacollector-binary&UploadType=eteventstream] status=Processing
[2017.03.24-05.07.42:421][681]LogModuleManager: Shutting down and abandoning module SSL (34)
[2017.03.24-05.07.42:423][681]LogModuleManager: Shutting down and abandoning module AudioEditor (30)
[2017.03.24-05.07.42:423][681]LogModuleManager: Shutting down and abandoning module TextureCompressor (28)
[2017.03.24-05.07.42:423][681]LogModuleManager: Shutting down and abandoning module ShaderCore (26)
[2017.03.24-05.07.42:423][681]LogModuleManager: Shutting down and abandoning module Landscape (24)
[2017.03.24-05.07.42:423][681]LogModuleManager: Shutting down and abandoning module SlateRHIRenderer (22)
[2017.03.24-05.07.42:424][681]LogModuleManager: Shutting down and abandoning module OpenGLDrv (20)
[2017.03.24-05.07.42:425][681]LogModuleManager: Shutting down and abandoning module D3D11RHI (18)
[2017.03.24-05.07.42:425][681]LogModuleManager: Shutting down and abandoning module AnimGraphRuntime (16)
[2017.03.24-05.07.42:425][681]LogModuleManager: Shutting down and abandoning module Renderer (14)
[2017.03.24-05.07.42:425][681]LogModuleManager: Shutting down and abandoning module Engine (12)
[2017.03.24-05.07.42:425][681]LogModuleManager: Shutting down and abandoning module CoreUObject (10)
[2017.03.24-05.07.42:425][681]LogModuleManager: Shutting down and abandoning module NetworkFile (8)
[2017.03.24-05.07.42:425][681]LogModuleManager: Shutting down and abandoning module StreamingFile (6)
[2017.03.24-05.07.42:425][681]LogModuleManager: Shutting down and abandoning module SandboxFile (4)
[2017.03.24-05.07.42:425][681]LogModuleManager: Shutting down and abandoning module PakFile (2)
[2017.03.24-05.07.42:426][681]LogExit: Exiting.
[2017.03.24-05.07.42:428][681]Log file closed, 03/24/17 14:07:42
